misc/
misc/4.1.01.tiff
misc/4.1.02.tiff
misc/4.1.03.tiff
misc/4.1.04.tiff
misc/4.1.05.tiff
misc/4.1.06.tiff
misc/4.1.07.tiff
misc/4.1.08.tiff
misc/4.2.01.tiff
misc/4.2.03.tiff
misc/4.2.05.tiff
misc/4.2.06.tiff
misc/4.2.07.tiff
misc/5.1.09.tiff
misc/5.1.10.tiff
misc/5.1.11.tiff
misc/5.1.12.tiff
misc/5.1.13.tiff
misc/5.1.14.tiff
misc/5.2.08.tiff
misc/5.2.09.tiff
misc/5.2.10.tiff
misc/5.3.01.tiff
misc/5.3.02.tiff
misc/7.1.01.tiff
misc/7.1.02.tiff
misc/7.1.03.tiff
misc/7.1.04.tiff
misc/7.1.05.tiff
misc/7.1.06.tiff
misc/7.1.07.tiff
misc/7.1.08.tiff
misc/7.1.09.tiff
misc/7.1.10.tiff
misc/7.2.01.tiff
misc/boat.512.tiff
misc/gray21.512.tiff
misc/house.tiff
misc/ruler.512.tiff
