autoreconf: export WARNINGS=
autoreconf: Entering directory '.'
autoreconf: configure.ac: not using Gettext
autoreconf: running: aclocal --force 
autoreconf: configure.ac: tracing
autoreconf: running: libtoolize --copy --force
libtoolize: putting auxiliary files in '.'.
libtoolize: copying file './ltmain.sh'
libtoolize: Consider adding 'AC_CONFIG_MACRO_DIRS([m4])' to configure.ac,
libtoolize: and rerunning libtoolize and aclocal.
libtoolize: Consider adding '-I m4' to ACLOCAL_AMFLAGS in Makefile.am.
autoreconf: configure.ac: not using Intltool
autoreconf: configure.ac: not using Gtkdoc
autoreconf: running: aclocal --force 
autoreconf: running: /usr/bin/autoconf --force
configure.ac:21: warning: The macro `AC_CONFIG_HEADER' is obsolete.
configure.ac:21: You should run autoupdate.
./lib/autoconf/status.m4:719: AC_CONFIG_HEADER is expanded from...
configure.ac:21: the top level
configure.ac:32: warning: The macro `AC_HEADER_STDC' is obsolete.
configure.ac:32: You should run autoupdate.
./lib/autoconf/headers.m4:704: AC_HEADER_STDC is expanded from...
configure.ac:32: the top level
autoreconf: running: /usr/bin/autoheader --force
autoreconf: running: automake --add-missing --copy --force-missing
configure.ac:24: installing './compile'
configure.ac:24: installing './config.guess'
configure.ac:24: installing './config.sub'
configure.ac:22: installing './install-sh'
configure.ac:22: installing './missing'
Makefile.am: installing './depcomp'
autoreconf: Leaving directory '.'
checking for a BSD-compatible install... /usr/bin/install -c
checking whether build environment is sane... yes
checking for a race-free mkdir -p... /usr/bin/mkdir -p
checking for gawk... gawk
checking whether make sets $(MAKE)... yes
checking whether make supports nested variables... yes
checking whether make supports nested variables... (cached) yes
checking build system type... x86_64-pc-linux-gnu
checking host system type... x86_64-pc-linux-gnu
checking how to print strings... printf
checking whether make supports the include directive... yes (GNU style)
checking for gcc... gcc
checking whether the C compiler works... yes
checking for C compiler default output file name... a.out
checking for suffix of executables... 
checking whether we are cross compiling... no
checking for suffix of object files... o
checking whether the compiler supports GNU C... yes
checking whether gcc accepts -g... yes
checking for gcc option to enable C11 features... none needed
checking whether gcc understands -c and -o together... yes
checking dependency style of gcc... gcc3
checking for a sed that does not truncate output... /usr/bin/sed
checking for grep that handles long lines and -e... /usr/bin/grep
checking for egrep... /usr/bin/grep -E
checking for fgrep... /usr/bin/grep -F
checking for ld used by gcc... /usr/bin/gcc-13 -fno-omit-frame-pointer -print-prog-name=ld
ld
checking if the linker (/usr/bin/gcc-13 -fno-omit-frame-pointer -print-prog-name=ld
ld) is GNU ld... no
checking for BSD- or MS-compatible name lister (nm)... /usr/bin/nm -B
checking the name lister (/usr/bin/nm -B) interface... BSD nm
checking whether ln -s works... yes
checking the maximum length of command line arguments... 1572864
checking how to convert x86_64-pc-linux-gnu file names to x86_64-pc-linux-gnu format... func_convert_file_noop
checking how to convert x86_64-pc-linux-gnu file names to toolchain format... func_convert_file_noop
checking for /usr/bin/gcc-13 -fno-omit-frame-pointer -print-prog-name=ld
ld option to reload object files... -r
checking for file... file
checking for objdump... objdump
checking how to recognize dependent libraries... pass_all
checking for dlltool... no
checking how to associate runtime and link libraries... printf %s\n
checking for ar... ar
checking for archiver @FILE support... @
checking for strip... strip
checking for ranlib... ranlib
checking command to parse /usr/bin/nm -B output from gcc object... ok
checking for sysroot... no
checking for a working dd... /usr/bin/dd
checking how to truncate binary pipes... /usr/bin/dd bs=4096 count=1
checking for mt... mt
checking if mt is a manifest tool... no
checking for stdio.h... yes
checking for stdlib.h... yes
checking for string.h... yes
checking for inttypes.h... yes
checking for stdint.h... yes
checking for strings.h... yes
checking for sys/stat.h... yes
checking for sys/types.h... yes
checking for unistd.h... yes
checking for dlfcn.h... yes
checking for objdir... .libs
checking if gcc supports -fno-rtti -fno-exceptions... no
checking for gcc option to produce PIC... -fPIC -DPIC
checking if gcc PIC flag -fPIC -DPIC works... yes
checking if gcc static flag -static works... yes
checking if gcc supports -c -o file.o... yes
checking if gcc supports -c -o file.o... (cached) yes
checking whether the gcc linker (/usr/bin/gcc-13 -fno-omit-frame-pointer -print-prog-name=ld
ld -m elf_x86_64) supports shared libraries... yes
checking dynamic linker characteristics... GNU/Linux ld.so
checking how to hardcode library paths into programs... unsupported
checking whether stripping libraries is possible... yes
checking if libtool supports shared libraries... yes
checking whether to build shared libraries... yes
checking whether to build static libraries... yes
checking for g++... g++
checking whether the compiler supports GNU C++... yes
checking whether g++ accepts -g... yes
checking for g++ option to enable C++11 features... none needed
checking dependency style of g++... gcc3
checking how to run the C++ preprocessor... g++ -E
checking for ld used by g++... /usr/bin/gcc-13 -fno-omit-frame-pointer -print-prog-name=ld
ld -m elf_x86_64
checking if the linker (/usr/bin/gcc-13 -fno-omit-frame-pointer -print-prog-name=ld
ld -m elf_x86_64) is GNU ld... no
checking whether the g++ linker (/usr/bin/gcc-13 -fno-omit-frame-pointer -print-prog-name=ld
ld -m elf_x86_64) supports shared libraries... yes
checking for g++ option to produce PIC... -fPIC -DPIC
checking if g++ PIC flag -fPIC -DPIC works... yes
checking if g++ static flag -static works... yes
checking if g++ supports -c -o file.o... yes
checking if g++ supports -c -o file.o... (cached) yes
checking whether the g++ linker (/usr/bin/gcc-13 -fno-omit-frame-pointer -print-prog-name=ld
ld -m elf_x86_64) supports shared libraries... yes
checking dynamic linker characteristics... (cached) GNU/Linux ld.so
checking how to hardcode library paths into programs... unsupported
checking for egrep... (cached) /usr/bin/grep -E
checking for dirent.h that defines DIR... yes
checking for library containing opendir... none required
checking for stdlib.h... (cached) yes
checking for string.h... (cached) yes
checking for sys/time.h... yes
checking for getopt.h... yes
checking for limits.h... yes
checking for malloc.h... yes
checking for stdlib.h... (cached) yes
checking for unistd.h... (cached) yes
checking for utime.h... yes
checking for assert.h... yes
checking for sys/socket.h... yes
checking for sys/types.h... (cached) yes
checking for fcntl.h... yes
checking for netinet/tcp.h... yes
checking for pthread.h... yes
checking for pcre.h... yes
checking for zlib.h... yes
checking for event2/event.h... yes
checking whether stat file-mode macros are broken... no
checking for size_t... yes
checking for GNU libc compatible malloc... yes
checking for working memcmp... yes
checking for gettimeofday... yes
checking for memchr... yes
checking for memset... yes
checking for socket... yes
checking for strerror... yes
checking for random_r... yes
checking for drand48... yes
checking for pkg-config... /usr/bin/pkg-config
checking pkg-config is at least version 0.9.0... yes
checking for libevent_openssl >= 2.0.10... yes
checking for libssl... yes
checking for libcrypto... yes
checking for library containing clock_gettime... none required
checking for pcre_compile in -lpcre... yes
checking for deflateInit_ in -lz... yes
checking for pthread_create in -lpthread... yes
checking for gai_strerror in -lsocket... no
checking for libevent >= 2.0.10... yes
checking for bash-completion >= 2.0... yes
configure: WARNING: cache variable lt_cv_path_LD contains a newline
configure: WARNING: cache variable lt_cv_path_LDCXX contains a newline
checking that generated files are newer than configure... done
configure: creating ./config.status
config.status: creating Makefile
config.status: creating config.h
config.status: executing depfiles commands
config.status: error: in `/home/ubuntu/.phoronix-test-suite/installed-tests/system/redis-1.1.1/memtier_benchmark-1.3.0':
config.status: error: Something went wrong bootstrapping makefile fragments
    for automatic dependency tracking.  If GNU make was not used, consider
    re-running the configure script with MAKE="gmake" (or whatever is
    necessary).  You can also try re-running configure with the
    '--disable-dependency-tracking' option to at least be able to build
    the package (albeit without support for automatic dependency tracking).
See `config.log' for more details
configure: WARNING: cache variable lt_cv_path_LD contains a newline
configure: WARNING: cache variable lt_cv_path_LDCXX contains a newline
Makefile:333: *** missing separator.  Stop.
