
X.Org X Server 1.21.1.7
X Protocol Version 11, Revision 0
Current Operating System: Linux baseline 6.5.0-9-generic #9-Ubuntu SMP PREEMPT_DYNAMIC Sat Oct  7 01:35:40 UTC 2023 x86_64
Kernel command line: BOOT_IMAGE=/vmlinuz-6.5.0-9-generic root=UUID=be256117-9d49-4e7b-852d-44e441263484 ro
xorg-server 2:21.1.7-3ubuntu2 (For technical support please see http://www.ubuntu.com/support) 
Current version of pixman: 0.42.2
	Before reporting problems, check http://wiki.x.org
	to make sure that you have the latest version.
Markers: (--) probed, (**) from config file, (==) default setting,
	(++) from command line, (!!) notice, (II) informational,
	(WW) warning, (EE) error, (NI) not implemented, (??) unknown.
(==) Log file: "/var/log/Xorg.0.log", Time: Thu Feb 15 07:35:04 2024
(==) Using system config directory "/usr/share/X11/xorg.conf.d"
(==) No Layout section.  Using the first Screen section.
(==) No screen section available. Using defaults.
(**) |-->Screen "Default Screen Section" (0)
(**) |   |-->Monitor "<default monitor>"
(==) No monitor specified for screen "Default Screen Section".
	Using a default monitor configuration.
(==) Automatically adding devices
(==) Automatically enabling devices
(==) Automatically adding GPU devices
(==) Automatically binding GPU devices
(==) Max clients allowed: 256, resource mask: 0x1fffff
(WW) The directory "/usr/share/fonts/X11/cyrillic" does not exist.
	Entry deleted from font path.
(WW) The directory "/usr/share/fonts/X11/100dpi/" does not exist.
	Entry deleted from font path.
(WW) The directory "/usr/share/fonts/X11/75dpi/" does not exist.
	Entry deleted from font path.
(WW) The directory "/usr/share/fonts/X11/100dpi" does not exist.
	Entry deleted from font path.
(WW) The directory "/usr/share/fonts/X11/75dpi" does not exist.
	Entry deleted from font path.
(==) FontPath set to:
	/usr/share/fonts/X11/misc,
	/usr/share/fonts/X11/Type1,
	built-ins
(==) ModulePath set to "/usr/lib/xorg/modules"
(II) The server relies on udev to provide the list of input devices.
	If no devices become available, reconfigure udev or disable AutoAddDevices.
(II) Loader magic: 0x558d1572b020
(II) Module ABI versions:
	X.Org ANSI C Emulation: 0.4
	X.Org Video Driver: 25.2
	X.Org XInput driver : 24.4
	X.Org Server Extension : 10.0
(++) using VT number 7

(II) systemd-logind: logind integration requires -keeptty and -keeptty was not provided, disabling logind integration
(II) xfree86: Adding drm device (/dev/dri/card0)
(II) Platform probe for /sys/devices/pci0000:00/0000:00:02.0/drm/card0
(--) PCI:*(0@0:2:0) 8086:9a49:17aa:3f9c rev 1, Mem @ 0x6002000000/16777216, 0x4000000000/268435456, I/O @ 0x00004000/64, BIOS @ 0x????????/131072
(II) LoadModule: "glx"
(II) Loading /usr/lib/xorg/modules/extensions/libglx.so
(II) Module glx: vendor="X.Org Foundation"
	compiled for 1.21.1.7, module version = 1.0.0
	ABI class: X.Org Server Extension, version 10.0
(==) Matched modesetting as autoconfigured driver 0
(==) Matched fbdev as autoconfigured driver 1
(==) Matched vesa as autoconfigured driver 2
(==) Assigned the driver to the xf86ConfigLayout
(II) LoadModule: "modesetting"
(II) Loading /usr/lib/xorg/modules/drivers/modesetting_drv.so
(II) Module modesetting: vendor="X.Org Foundation"
	compiled for 1.21.1.7, module version = 1.21.1
	Module class: X.Org Video Driver
	ABI class: X.Org Video Driver, version 25.2
(II) LoadModule: "fbdev"
(II) Loading /usr/lib/xorg/modules/drivers/fbdev_drv.so
(II) Module fbdev: vendor="X.Org Foundation"
	compiled for 1.21.1.3, module version = 0.5.0
	Module class: X.Org Video Driver
	ABI class: X.Org Video Driver, version 25.2
(II) LoadModule: "vesa"
(II) Loading /usr/lib/xorg/modules/drivers/vesa_drv.so
(II) Module vesa: vendor="X.Org Foundation"
	compiled for 1.21.1.3, module version = 2.5.0
	Module class: X.Org Video Driver
	ABI class: X.Org Video Driver, version 25.2
(II) modesetting: Driver for Modesetting Kernel Drivers: kms
(II) FBDEV: driver for framebuffer: fbdev
(II) VESA: driver for VESA chipsets: vesa
(II) modeset(0): using drv /dev/dri/card0
(WW) Falling back to old probe method for fbdev
(II) Loading sub module "fbdevhw"
(II) LoadModule: "fbdevhw"
(II) Loading /usr/lib/xorg/modules/libfbdevhw.so
(II) Module fbdevhw: vendor="X.Org Foundation"
	compiled for 1.21.1.7, module version = 0.0.2
	ABI class: X.Org Video Driver, version 25.2
(II) modeset(0): Creating default Display subsection in Screen section
	"Default Screen Section" for depth/fbbpp 24/32
(==) modeset(0): Depth 24, (==) framebuffer bpp 32
(==) modeset(0): RGB weight 888
(==) modeset(0): Default visual is TrueColor
(II) Loading sub module "glamoregl"
(II) LoadModule: "glamoregl"
(II) Loading /usr/lib/xorg/modules/libglamoregl.so
(II) Module glamoregl: vendor="X.Org Foundation"
	compiled for 1.21.1.7, module version = 1.0.1
	ABI class: X.Org ANSI C Emulation, version 0.4
(II) modeset(0): glamor X acceleration enabled on Mesa Intel(R) Xe Graphics (TGL GT2)
(II) modeset(0): glamor initialized
(==) modeset(0): VariableRefresh: disabled
(==) modeset(0): AsyncFlipSecondaries: disabled
(II) modeset(0): Output eDP-1 has no monitor section
(II) modeset(0): Output HDMI-1 has no monitor section
(II) modeset(0): EDID for output eDP-1
(II) modeset(0): Manufacturer: BOE  Model: 8d5  Serial#: 0
(II) modeset(0): Year: 2019  Week: 35
(II) modeset(0): EDID Version: 1.4
(II) modeset(0): Digital Display Input
(II) modeset(0): 8 bits per channel
(II) modeset(0): Digital interface is DisplayPort
(II) modeset(0): Max Image Size [cm]: horiz.: 34  vert.: 19
(II) modeset(0): Gamma: 2.20
(II) modeset(0): No DPMS capabilities specified
(II) modeset(0): Supported color encodings: RGB 4:4:4 
(II) modeset(0): First detailed timing is preferred mode
(II) modeset(0): Preferred mode is native pixel format and refresh rate
(II) modeset(0): Display is continuous-frequency
(II) modeset(0): redX: 0.574 redY: 0.359   greenX: 0.350 greenY: 0.577
(II) modeset(0): blueX: 0.166 blueY: 0.126   whiteX: 0.313 whiteY: 0.329
(II) modeset(0): Manufacturer's mask: 0
(II) modeset(0): Supported detailed timing:
(II) modeset(0): clock: 148.5 MHz   Image Size:  344 x 194 mm
(II) modeset(0): h_active: 1920  h_sync: 1968  h_sync_end 2000 h_blank_end 2230 h_border: 0
(II) modeset(0): v_active: 1080  v_sync: 1083  v_sync_end 1089 v_blanking: 1110 v_border: 0
(II) modeset(0):  BOE CQ
(II) modeset(0):  NT156FHM-N43
(II) modeset(0): EDID (in hex):
(II) modeset(0): 	00ffffffffffff0009e5d50800000000
(II) modeset(0): 	231d0104a5221378030b95935c59932a
(II) modeset(0): 	20505400000001010101010101010101
(II) modeset(0): 	010101010101043a803671381e403020
(II) modeset(0): 	360058c21000001a0000000000000000
(II) modeset(0): 	00000000000000000000000000fe0042
(II) modeset(0): 	4f452043510a202020202020000000fe
(II) modeset(0): 	004e5431353646484d2d4e34330a000e
(II) modeset(0): Printing probed modes for output eDP-1
(II) modeset(0): Modeline "1920x1080"x60.0  148.52  1920 1968 2000 2230  1080 1083 1089 1110 +hsync -vsync (66.6 kHz eP)
(II) modeset(0): Modeline "1920x1080"x60.0  138.65  1920 1968 2000 2080  1080 1083 1088 1111 +hsync -vsync (66.7 kHz d)
(II) modeset(0): Modeline "1680x1050"x60.0  119.23  1680 1728 1760 1840  1050 1053 1059 1080 +hsync -vsync (64.8 kHz d)
(II) modeset(0): Modeline "1400x1050"x60.0  122.05  1400 1488 1640 1880  1050 1052 1064 1082 +hsync +vsync (64.9 kHz d)
(II) modeset(0): Modeline "1600x900"x60.0   97.79  1600 1648 1680 1760  900 903 908 926 +hsync -vsync (55.6 kHz d)
(II) modeset(0): Modeline "1280x1024"x60.0  107.97  1280 1328 1440 1688  1024 1025 1028 1066 +hsync +vsync (64.0 kHz d)
(II) modeset(0): Modeline "1400x900"x60.0   86.67  1400 1448 1480 1560  900 903 913 926 +hsync -vsync (55.6 kHz d)
(II) modeset(0): Modeline "1280x960"x60.0  108.00  1280 1376 1488 1800  960 961 964 1000 +hsync +vsync (60.0 kHz d)
(II) modeset(0): Modeline "1440x810"x60.0  151.94  1440 1464 1480 1520  810 811 814 833 doublescan +hsync -vsync (100.0 kHz d)
(II) modeset(0): Modeline "1368x768"x60.0   72.43  1368 1416 1448 1528  768 771 781 790 +hsync -vsync (47.4 kHz d)
(II) modeset(0): Modeline "1280x800"x60.0   71.11  1280 1328 1360 1440  800 803 809 823 +hsync -vsync (49.4 kHz d)
(II) modeset(0): Modeline "1280x720"x60.0   64.02  1280 1328 1360 1440  720 723 728 741 +hsync -vsync (44.5 kHz d)
(II) modeset(0): Modeline "1024x768"x60.0   65.00  1024 1048 1184 1344  768 771 777 806 -hsync -vsync (48.4 kHz d)
(II) modeset(0): Modeline "960x720"x60.0  117.00  960 1024 1128 1300  720 720 722 750 doublescan -hsync +vsync (90.0 kHz d)
(II) modeset(0): Modeline "928x696"x60.0  109.06  928 976 1088 1264  696 696 698 719 doublescan -hsync +vsync (86.3 kHz d)
(II) modeset(0): Modeline "896x672"x60.0  102.38  896 960 1060 1224  672 672 674 697 doublescan -hsync +vsync (83.6 kHz d)
(II) modeset(0): Modeline "1024x576"x60.0   42.13  1024 1072 1104 1184  576 579 584 593 +hsync -vsync (35.6 kHz d)
(II) modeset(0): Modeline "960x600"x60.0   77.00  960 984 1000 1040  600 601 604 617 doublescan +hsync -vsync (74.0 kHz d)
(II) modeset(0): Modeline "960x540"x60.0   37.36  960 1008 1040 1120  540 543 548 556 +hsync -vsync (33.4 kHz d)
(II) modeset(0): Modeline "800x600"x60.0   38.40  800 824 896 1024  600 601 603 625 +hsync +vsync (37.5 kHz d)
(II) modeset(0): Modeline "840x525"x60.0   59.62  840 864 880 920  525 526 529 540 doublescan +hsync -vsync (64.8 kHz d)
(II) modeset(0): Modeline "864x486"x60.0   30.72  864 912 944 1024  486 489 494 500 +hsync -vsync (30.0 kHz d)
(II) modeset(0): Modeline "700x525"x60.0   61.02  700 744 820 940  525 526 532 541 doublescan +hsync +vsync (64.9 kHz d)
(II) modeset(0): Modeline "800x450"x60.0   48.89  800 824 840 880  450 451 454 463 doublescan +hsync -vsync (55.6 kHz d)
(II) modeset(0): Modeline "640x512"x60.0   53.98  640 664 720 844  512 512 514 533 doublescan +hsync +vsync (64.0 kHz d)
(II) modeset(0): Modeline "700x450"x60.0   43.34  700 724 740 780  450 451 456 463 doublescan +hsync -vsync (55.6 kHz d)
(II) modeset(0): Modeline "640x480"x60.0   25.20  640 656 752 800  480 490 492 525 -hsync -vsync (31.5 kHz d)
(II) modeset(0): Modeline "720x405"x60.0   22.12  720 768 800 880  405 408 413 419 +hsync -vsync (25.1 kHz d)
(II) modeset(0): Modeline "684x384"x60.0   36.21  684 708 724 764  384 385 390 395 doublescan +hsync -vsync (47.4 kHz d)
(II) modeset(0): Modeline "640x360"x60.0   17.95  640 688 720 800  360 363 368 374 +hsync -vsync (22.4 kHz d)
(II) modeset(0): Modeline "512x384"x60.0   32.50  512 524 592 672  384 385 388 403 doublescan -hsync -vsync (48.4 kHz d)
(II) modeset(0): Modeline "512x288"x60.0   21.03  512 536 552 592  288 289 292 296 doublescan +hsync -vsync (35.5 kHz d)
(II) modeset(0): Modeline "480x270"x60.0   18.68  480 504 520 560  270 271 274 278 doublescan +hsync -vsync (33.4 kHz d)
(II) modeset(0): Modeline "400x300"x60.0   19.17  400 412 448 512  300 300 301 312 doublescan +hsync +vsync (37.4 kHz d)
(II) modeset(0): Modeline "432x243"x60.0   15.36  432 456 472 512  243 244 247 250 doublescan +hsync -vsync (30.0 kHz d)
(II) modeset(0): Modeline "320x240"x60.0   12.58  320 328 376 400  240 245 246 262 doublescan -hsync -vsync (31.4 kHz d)
(II) modeset(0): Modeline "360x202"x60.0   11.04  360 384 400 440  202 204 206 209 doublescan +hsync -vsync (25.1 kHz d)
(II) modeset(0): Modeline "320x180"x60.0    8.98  320 344 360 400  180 181 184 187 doublescan +hsync -vsync (22.4 kHz d)
(II) modeset(0): EDID for output HDMI-1
(II) modeset(0): Output eDP-1 connected
(II) modeset(0): Output HDMI-1 disconnected
(II) modeset(0): Using exact sizes for initial modes
(II) modeset(0): Output eDP-1 using initial mode 1920x1080 +0+0
(==) modeset(0): Using gamma correction (1.0, 1.0, 1.0)
(==) modeset(0): DPI set to (96, 96)
(II) Loading sub module "fb"
(II) LoadModule: "fb"
(II) Module "fb" already built-in
(II) UnloadModule: "fbdev"
(II) Unloading fbdev
(II) UnloadSubModule: "fbdevhw"
(II) Unloading fbdevhw
(II) UnloadModule: "vesa"
(II) Unloading vesa
(==) modeset(0): Backing store enabled
(==) modeset(0): Silken mouse enabled
(II) modeset(0): Initializing kms color map for depth 24, 8 bpc.
(==) modeset(0): DPMS enabled
(II) modeset(0): [DRI2] Setup complete
(II) modeset(0): [DRI2]   DRI driver: iris
(II) modeset(0): [DRI2]   VDPAU driver: va_gl
(II) Initializing extension Generic Event Extension
(II) Initializing extension SHAPE
(II) Initializing extension MIT-SHM
(II) Initializing extension XInputExtension
(II) Initializing extension XTEST
(II) Initializing extension BIG-REQUESTS
(II) Initializing extension SYNC
(II) Initializing extension XKEYBOARD
(II) Initializing extension XC-MISC
(II) Initializing extension SECURITY
(II) Initializing extension XFIXES
(II) Initializing extension RENDER
(II) Initializing extension RANDR
(II) Initializing extension COMPOSITE
(II) Initializing extension DAMAGE
(II) Initializing extension MIT-SCREEN-SAVER
(II) Initializing extension DOUBLE-BUFFER
(II) Initializing extension RECORD
(II) Initializing extension DPMS
(II) Initializing extension Present
(II) Initializing extension DRI3
(II) Initializing extension X-Resource
(II) Initializing extension XVideo
(II) Initializing extension XVideo-MotionCompensation
(II) Initializing extension SELinux
(II) SELinux: Disabled on system
(II) Initializing extension GLX
(II) AIGLX: Loaded and initialized iris
(II) GLX: Initialized DRI2 GL provider for screen 0
(II) Initializing extension XFree86-VidModeExtension
(II) Initializing extension XFree86-DGA
(II) Initializing extension XFree86-DRI
(II) Initializing extension DRI2
(II) modeset(0): Damage tracking initialized
(II) modeset(0): Setting screen physical size to 508 x 285
(II) config/udev: Adding input device Video Bus (/dev/input/event3)
(**) Video Bus: Applying InputClass "libinput keyboard catchall"
(II) LoadModule: "libinput"
(II) Loading /usr/lib/xorg/modules/input/libinput_drv.so
(II) Module libinput: vendor="X.Org Foundation"
	compiled for 1.21.1.7, module version = 1.3.0
	Module class: X.Org XInput Driver
	ABI class: X.Org XInput driver, version 24.4
(II) Using input driver 'libinput' for 'Video Bus'
(**) Video Bus: always reports core events
(**) Option "Device" "/dev/input/event3"
(II) event3  - Video Bus: is tagged by udev as: Keyboard
(II) event3  - Video Bus: device is a keyboard
(II) event3  - Video Bus: device removed
(**) Option "config_info" "udev:/sys/devices/LNXSYSTM:00/LNXSYBUS:00/PNP0A08:00/LNXVIDEO:00/input/input3/event3"
(II) XINPUT: Adding extended input device "Video Bus" (type: KEYBOARD, id 6)
(**) Option "xkb_model" "pc105"
(**) Option "xkb_layout" "us"
(II) event3  - Video Bus: is tagged by udev as: Keyboard
(II) event3  - Video Bus: device is a keyboard
(II) config/udev: Adding input device Power Button (/dev/input/event1)
(**) Power Button: Applying InputClass "libinput keyboard catchall"
(II) Using input driver 'libinput' for 'Power Button'
(**) Power Button: always reports core events
(**) Option "Device" "/dev/input/event1"
(II) event1  - Power Button: is tagged by udev as: Keyboard
(II) event1  - Power Button: device is a keyboard
(II) event1  - Power Button: device removed
(**) Option "config_info" "udev:/sys/devices/LNXSYSTM:00/LNXSYBUS:00/PNP0C0C:00/input/input1/event1"
(II) XINPUT: Adding extended input device "Power Button" (type: KEYBOARD, id 7)
(**) Option "xkb_model" "pc105"
(**) Option "xkb_layout" "us"
(II) event1  - Power Button: is tagged by udev as: Keyboard
(II) event1  - Power Button: device is a keyboard
(II) config/udev: Adding input device Lid Switch (/dev/input/event0)
(II) No input driver specified, ignoring this device.
(II) This device may have been added with another device file.
(II) config/udev: Adding input device MSFT0001:01 04F3:31BE Touchpad (/dev/input/event6)
(**) MSFT0001:01 04F3:31BE Touchpad: Applying InputClass "libinput touchpad catchall"
(II) Using input driver 'libinput' for 'MSFT0001:01 04F3:31BE Touchpad'
(**) MSFT0001:01 04F3:31BE Touchpad: always reports core events
(**) Option "Device" "/dev/input/event6"
(II) event6  - MSFT0001:01 04F3:31BE Touchpad: is tagged by udev as: Touchpad
(II) event6  - MSFT0001:01 04F3:31BE Touchpad: device is a touchpad
(II) event6  - MSFT0001:01 04F3:31BE Touchpad: device removed
(II) libinput: MSFT0001:01 04F3:31BE Touchpad: Step value 0 was provided, libinput Fallback acceleration function is used.
(II) libinput: MSFT0001:01 04F3:31BE Touchpad: Step value 0 was provided, libinput Fallback acceleration function is used.
(II) libinput: MSFT0001:01 04F3:31BE Touchpad: Step value 0 was provided, libinput Fallback acceleration function is used.
(**) Option "config_info" "udev:/sys/devices/pci0000:00/0000:00:15.1/i2c_designware.1/i2c-12/i2c-MSFT0001:01/0018:04F3:31BE.0001/input/input10/event6"
(II) XINPUT: Adding extended input device "MSFT0001:01 04F3:31BE Touchpad" (type: TOUCHPAD, id 8)
(**) Option "AccelerationScheme" "none"
(**) MSFT0001:01 04F3:31BE Touchpad: (accel) selected scheme none/0
(**) MSFT0001:01 04F3:31BE Touchpad: (accel) acceleration factor: 2.000
(**) MSFT0001:01 04F3:31BE Touchpad: (accel) acceleration threshold: 4
(II) event6  - MSFT0001:01 04F3:31BE Touchpad: is tagged by udev as: Touchpad
(II) event6  - MSFT0001:01 04F3:31BE Touchpad: device is a touchpad
(II) config/udev: Adding input device MSFT0001:01 04F3:31BE Touchpad (/dev/input/mouse1)
(II) No input driver specified, ignoring this device.
(II) This device may have been added with another device file.
(II) config/udev: Adding input device MSFT0001:01 04F3:31BE Mouse (/dev/input/event5)
(**) MSFT0001:01 04F3:31BE Mouse: Applying InputClass "libinput pointer catchall"
(II) Using input driver 'libinput' for 'MSFT0001:01 04F3:31BE Mouse'
(**) MSFT0001:01 04F3:31BE Mouse: always reports core events
(**) Option "Device" "/dev/input/event5"
(II) event5  - MSFT0001:01 04F3:31BE Mouse: is tagged by udev as: Mouse Pointingstick
(II) event5  - MSFT0001:01 04F3:31BE Mouse: device is a pointer
(II) event5  - MSFT0001:01 04F3:31BE Mouse: device removed
(II) libinput: MSFT0001:01 04F3:31BE Mouse: Step value 0 was provided, libinput Fallback acceleration function is used.
(II) libinput: MSFT0001:01 04F3:31BE Mouse: Step value 0 was provided, libinput Fallback acceleration function is used.
(II) libinput: MSFT0001:01 04F3:31BE Mouse: Step value 0 was provided, libinput Fallback acceleration function is used.
(**) Option "config_info" "udev:/sys/devices/pci0000:00/0000:00:15.1/i2c_designware.1/i2c-12/i2c-MSFT0001:01/0018:04F3:31BE.0001/input/input8/event5"
(II) XINPUT: Adding extended input device "MSFT0001:01 04F3:31BE Mouse" (type: MOUSE, id 9)
(**) Option "AccelerationScheme" "none"
(**) MSFT0001:01 04F3:31BE Mouse: (accel) selected scheme none/0
(**) MSFT0001:01 04F3:31BE Mouse: (accel) acceleration factor: 2.000
(**) MSFT0001:01 04F3:31BE Mouse: (accel) acceleration threshold: 4
(II) event5  - MSFT0001:01 04F3:31BE Mouse: is tagged by udev as: Mouse Pointingstick
(II) event5  - MSFT0001:01 04F3:31BE Mouse: device is a pointer
(II) config/udev: Adding input device MSFT0001:01 04F3:31BE Mouse (/dev/input/mouse0)
(II) No input driver specified, ignoring this device.
(II) This device may have been added with another device file.
(II) config/udev: Adding input device Ideapad extra buttons (/dev/input/event4)
(**) Ideapad extra buttons: Applying InputClass "libinput keyboard catchall"
(II) Using input driver 'libinput' for 'Ideapad extra buttons'
(**) Ideapad extra buttons: always reports core events
(**) Option "Device" "/dev/input/event4"
(II) event4  - Ideapad extra buttons: is tagged by udev as: Keyboard
(II) event4  - Ideapad extra buttons: device is a keyboard
(II) event4  - Ideapad extra buttons: device removed
(**) Option "config_info" "udev:/sys/devices/pci0000:00/0000:00:1f.0/PNP0C09:00/VPC2004:00/input/input4/event4"
(II) XINPUT: Adding extended input device "Ideapad extra buttons" (type: KEYBOARD, id 10)
(**) Option "xkb_model" "pc105"
(**) Option "xkb_layout" "us"
(II) event4  - Ideapad extra buttons: is tagged by udev as: Keyboard
(II) event4  - Ideapad extra buttons: device is a keyboard
(II) config/udev: Adding input device sof-hda-dsp Mic (/dev/input/event7)
(II) No input driver specified, ignoring this device.
(II) This device may have been added with another device file.
(II) config/udev: Adding input device sof-hda-dsp Headphone (/dev/input/event8)
(II) No input driver specified, ignoring this device.
(II) This device may have been added with another device file.
(II) config/udev: Adding input device sof-hda-dsp HDMI/DP,pcm=3 (/dev/input/event9)
(II) No input driver specified, ignoring this device.
(II) This device may have been added with another device file.
(II) config/udev: Adding input device sof-hda-dsp HDMI/DP,pcm=4 (/dev/input/event10)
(II) No input driver specified, ignoring this device.
(II) This device may have been added with another device file.
(II) config/udev: Adding input device sof-hda-dsp HDMI/DP,pcm=5 (/dev/input/event11)
(II) No input driver specified, ignoring this device.
(II) This device may have been added with another device file.
(II) config/udev: Adding input device AT Translated Set 2 keyboard (/dev/input/event2)
(**) AT Translated Set 2 keyboard: Applying InputClass "libinput keyboard catchall"
(II) Using input driver 'libinput' for 'AT Translated Set 2 keyboard'
(**) AT Translated Set 2 keyboard: always reports core events
(**) Option "Device" "/dev/input/event2"
(II) event2  - AT Translated Set 2 keyboard: is tagged by udev as: Keyboard
(II) event2  - AT Translated Set 2 keyboard: device is a keyboard
(II) event2  - AT Translated Set 2 keyboard: device removed
(**) Option "config_info" "udev:/sys/devices/platform/i8042/serio0/input/input2/event2"
(II) XINPUT: Adding extended input device "AT Translated Set 2 keyboard" (type: KEYBOARD, id 11)
(**) Option "xkb_model" "pc105"
(**) Option "xkb_layout" "us"
(II) event2  - AT Translated Set 2 keyboard: is tagged by udev as: Keyboard
(II) event2  - AT Translated Set 2 keyboard: device is a keyboard
(II) modeset(0): EDID vendor "BOE", prod id 2261
(II) modeset(0): Printing DDC gathered Modelines:
(II) modeset(0): Modeline "1920x1080"x0.0  148.52  1920 1968 2000 2230  1080 1083 1089 1110 +hsync -vsync (66.6 kHz eP)
(II) modeset(0): EDID vendor "BOE", prod id 2261
(II) modeset(0): Printing DDC gathered Modelines:
(II) modeset(0): Modeline "1920x1080"x0.0  148.52  1920 1968 2000 2230  1080 1083 1089 1110 +hsync -vsync (66.6 kHz eP)
(II) event3  - Video Bus: device removed
(II) event1  - Power Button: device removed
(II) event6  - MSFT0001:01 04F3:31BE Touchpad: device removed
(II) event5  - MSFT0001:01 04F3:31BE Mouse: device removed
(II) event4  - Ideapad extra buttons: device removed
(II) event2  - AT Translated Set 2 keyboard: device removed
(II) AIGLX: Suspending AIGLX clients for VT switch
