Requirement already satisfied: scipy in /usr/lib/python3/dist-packages (1.10.1)
Requirement already satisfied: numpy in /usr/lib/python3/dist-packages (1.24.2)
numpy-benchmarks-master/
numpy-benchmarks-master/benchit.py
numpy-benchmarks-master/np-bench
numpy-benchmarks-master/benchmarks/
numpy-benchmarks-master/benchmarks/log_likelihood.py
numpy-benchmarks-master/benchmarks/periodic_dist.py
numpy-benchmarks-master/benchmarks/reverse_cumsum.py
numpy-benchmarks-master/benchmarks/pairwise.py
numpy-benchmarks-master/benchmarks/l2norm.py
numpy-benchmarks-master/benchmarks/normalize_complex_arr.py
numpy-benchmarks-master/benchmarks/local_maxima.py
numpy-benchmarks-master/benchmarks/multiple_sum.py
numpy-benchmarks-master/benchmarks/check_mask.py
numpy-benchmarks-master/benchmarks/specialconvolve.py
numpy-benchmarks-master/benchmarks/wdist.py
numpy-benchmarks-master/benchmarks/create_grid.py
numpy-benchmarks-master/benchmarks/vibr_energy.py
numpy-benchmarks-master/benchmarks/l1norm.py
numpy-benchmarks-master/benchmarks/repeating.py
numpy-benchmarks-master/benchmarks/diffusion.py
numpy-benchmarks-master/benchmarks/hasting.py
numpy-benchmarks-master/benchmarks/grayscott.py
numpy-benchmarks-master/benchmarks/cronbach.py
numpy-benchmarks-master/benchmarks/slowparts.py
numpy-benchmarks-master/benchmarks/rosen.py
numpy-benchmarks-master/benchmarks/make_decision.py
numpy-benchmarks-master/benchmarks/laplacien.py
numpy-benchmarks-master/benchmarks/harris.py
numpy-benchmarks-master/benchmarks/wave.py
numpy-benchmarks-master/benchmarks/euclidean_distance_square.py
numpy-benchmarks-master/benchmarks/evolve.py
numpy-benchmarks-master/benchmarks/arc_distance.py
numpy-benchmarks-master/benchmarks/lstsqr.py
numpy-benchmarks-master/benchmarks/grouping.py
numpy-benchmarks-master/run.py
numpy-benchmarks-master/.travis.yml
numpy-benchmarks-master/README.rst
