NAMD_2.14_Linux-x86_64-multicore/
NAMD_2.14_Linux-x86_64-multicore/namd2
NAMD_2.14_Linux-x86_64-multicore/charmrun
NAMD_2.14_Linux-x86_64-multicore/psfgen
NAMD_2.14_Linux-x86_64-multicore/lib/
NAMD_2.14_Linux-x86_64-multicore/lib/abf/
NAMD_2.14_Linux-x86_64-multicore/lib/abf/zCoord-1atom.tcl
NAMD_2.14_Linux-x86_64-multicore/lib/abf/xyDistance.tcl
NAMD_2.14_Linux-x86_64-multicore/lib/abf/abscissa.tcl
NAMD_2.14_Linux-x86_64-multicore/lib/abf/distance.tcl
NAMD_2.14_Linux-x86_64-multicore/lib/abf/abf.tcl
NAMD_2.14_Linux-x86_64-multicore/lib/abf/abf_script.tcl
NAMD_2.14_Linux-x86_64-multicore/lib/abf/pkgIndex.tcl
NAMD_2.14_Linux-x86_64-multicore/lib/abf/vectors.tcl
NAMD_2.14_Linux-x86_64-multicore/lib/abf/distance-com.tcl
NAMD_2.14_Linux-x86_64-multicore/lib/abf/zCoord.tcl
NAMD_2.14_Linux-x86_64-multicore/lib/ramd-4.1/
NAMD_2.14_Linux-x86_64-multicore/lib/ramd-4.1/scripts/
NAMD_2.14_Linux-x86_64-multicore/lib/ramd-4.1/scripts/ramd-4.1.tcl
NAMD_2.14_Linux-x86_64-multicore/lib/ramd-4.1/scripts/ramd-4.1_script.tcl
NAMD_2.14_Linux-x86_64-multicore/lib/ramd-4.1/scripts/vectors.tcl
NAMD_2.14_Linux-x86_64-multicore/lib/ramd-4.1/README
NAMD_2.14_Linux-x86_64-multicore/lib/ramd-4.1/examples/
NAMD_2.14_Linux-x86_64-multicore/lib/ramd-4.1/examples/example_ramd_output/
NAMD_2.14_Linux-x86_64-multicore/lib/ramd-4.1/examples/example_ramd_output/example_ramd.namdout
NAMD_2.14_Linux-x86_64-multicore/lib/ramd-4.1/examples/run_ramd_example.sh
NAMD_2.14_Linux-x86_64-multicore/lib/ramd-4.1/examples/example_ramd-md_output/
NAMD_2.14_Linux-x86_64-multicore/lib/ramd-4.1/examples/example_ramd-md_output/example_ramd-md.namdout
NAMD_2.14_Linux-x86_64-multicore/lib/ramd-4.1/examples/run_ramd-md_example.sh
NAMD_2.14_Linux-x86_64-multicore/lib/ramd-4.1/examples/README.examples
NAMD_2.14_Linux-x86_64-multicore/lib/eabf/
NAMD_2.14_Linux-x86_64-multicore/lib/eabf/example/
NAMD_2.14_Linux-x86_64-multicore/lib/eabf/example/CH_final.psf
NAMD_2.14_Linux-x86_64-multicore/lib/eabf/example/co.in
NAMD_2.14_Linux-x86_64-multicore/lib/eabf/example/CH_final.pdb
NAMD_2.14_Linux-x86_64-multicore/lib/eabf/example/abf.namd
NAMD_2.14_Linux-x86_64-multicore/lib/eabf/example/CH_cgenff.prm
NAMD_2.14_Linux-x86_64-multicore/lib/eabf/eabf.tcl
NAMD_2.14_Linux-x86_64-multicore/lib/alch/
NAMD_2.14_Linux-x86_64-multicore/lib/alch/fep.tcl
NAMD_2.14_Linux-x86_64-multicore/lib/alch/deinterleave_idws.py
NAMD_2.14_Linux-x86_64-multicore/lib/alch/README.txt
NAMD_2.14_Linux-x86_64-multicore/lib/qmmm/
NAMD_2.14_Linux-x86_64-multicore/lib/qmmm/orcaviewer.tcl
NAMD_2.14_Linux-x86_64-multicore/lib/qmmm/saveDipole.sh
NAMD_2.14_Linux-x86_64-multicore/lib/qmmm/runORCA.py
NAMD_2.14_Linux-x86_64-multicore/lib/qmmm/cleanFolder.sh
NAMD_2.14_Linux-x86_64-multicore/lib/qmmm/run_qchem.py
NAMD_2.14_Linux-x86_64-multicore/lib/qmmm/run_terachem.py
NAMD_2.14_Linux-x86_64-multicore/lib/qmmm/run_gaussian.py
NAMD_2.14_Linux-x86_64-multicore/lib/namdcph/
NAMD_2.14_Linux-x86_64-multicore/lib/namdcph/toppar/
NAMD_2.14_Linux-x86_64-multicore/lib/namdcph/toppar/toppar_water_ions.str
NAMD_2.14_Linux-x86_64-multicore/lib/namdcph/toppar/top_cph36_prot.rtf
NAMD_2.14_Linux-x86_64-multicore/lib/namdcph/toppar/par_cph36_cgenff.prm
NAMD_2.14_Linux-x86_64-multicore/lib/namdcph/toppar/par_all36_prot.prm
NAMD_2.14_Linux-x86_64-multicore/lib/namdcph/toppar/par_cph36_prot.prm
NAMD_2.14_Linux-x86_64-multicore/lib/namdcph/toppar/conf_cph36_cgenff.json
NAMD_2.14_Linux-x86_64-multicore/lib/namdcph/toppar/top_cph36_cgenff.rtf
NAMD_2.14_Linux-x86_64-multicore/lib/namdcph/toppar/conf_cph36_prot.json
NAMD_2.14_Linux-x86_64-multicore/lib/namdcph/namdcph/
NAMD_2.14_Linux-x86_64-multicore/lib/namdcph/namdcph/cphtoppar.tcl
NAMD_2.14_Linux-x86_64-multicore/lib/namdcph/namdcph/namdtcl.tcl
NAMD_2.14_Linux-x86_64-multicore/lib/namdcph/namdcph/json.tcl
NAMD_2.14_Linux-x86_64-multicore/lib/namdcph/namdcph/cphpsfgen.tcl
NAMD_2.14_Linux-x86_64-multicore/lib/namdcph/namdcph/namdmcmc.tcl
NAMD_2.14_Linux-x86_64-multicore/lib/namdcph/namdcph/cphphsampler.tcl
NAMD_2.14_Linux-x86_64-multicore/lib/namdcph/namdcph/namdcph.core.tcl
NAMD_2.14_Linux-x86_64-multicore/lib/namdcph/namdcph/numtcl.tcl
NAMD_2.14_Linux-x86_64-multicore/lib/namdcph/namdcph/cphtitrator.tcl
NAMD_2.14_Linux-x86_64-multicore/lib/namdcph/examples/
NAMD_2.14_Linux-x86_64-multicore/lib/namdcph/examples/ace/
NAMD_2.14_Linux-x86_64-multicore/lib/namdcph/examples/ace/ace.namd
NAMD_2.14_Linux-x86_64-multicore/lib/namdcph/examples/ace/topology/
NAMD_2.14_Linux-x86_64-multicore/lib/namdcph/examples/ace/topology/ace.pdb
NAMD_2.14_Linux-x86_64-multicore/lib/namdcph/examples/ace/topology/ace.xsc
NAMD_2.14_Linux-x86_64-multicore/lib/namdcph/examples/ace/topology/ace.psf
NAMD_2.14_Linux-x86_64-multicore/lib/namdcph/examples/ace/ace_restart.namd
NAMD_2.14_Linux-x86_64-multicore/lib/namdcph/examples/bbl/
NAMD_2.14_Linux-x86_64-multicore/lib/namdcph/examples/bbl/topology/
NAMD_2.14_Linux-x86_64-multicore/lib/namdcph/examples/bbl/topology/bbl.psf
NAMD_2.14_Linux-x86_64-multicore/lib/namdcph/examples/bbl/topology/bbl.xsc
NAMD_2.14_Linux-x86_64-multicore/lib/namdcph/examples/bbl/topology/bbl.pdb
NAMD_2.14_Linux-x86_64-multicore/lib/namdcph/examples/bbl/bbl.namd
NAMD_2.14_Linux-x86_64-multicore/lib/namdcph/namdcph.tcl
NAMD_2.14_Linux-x86_64-multicore/lib/init.tcl
NAMD_2.14_Linux-x86_64-multicore/lib/abf_integrate/
NAMD_2.14_Linux-x86_64-multicore/lib/abf_integrate/abf_data.cpp
NAMD_2.14_Linux-x86_64-multicore/lib/abf_integrate/abf_integrate.cpp
NAMD_2.14_Linux-x86_64-multicore/lib/abf_integrate/Makefile
NAMD_2.14_Linux-x86_64-multicore/lib/abf_integrate/abf_data.h
NAMD_2.14_Linux-x86_64-multicore/lib/colvars/
NAMD_2.14_Linux-x86_64-multicore/lib/colvars/pathCV.tcl
NAMD_2.14_Linux-x86_64-multicore/lib/colvars/test_scripted_gradients.tcl
NAMD_2.14_Linux-x86_64-multicore/lib/replica/
NAMD_2.14_Linux-x86_64-multicore/lib/replica/umbrella.namd
NAMD_2.14_Linux-x86_64-multicore/lib/replica/FEP_wca/
NAMD_2.14_Linux-x86_64-multicore/lib/replica/FEP_wca/solv_benz.fep
NAMD_2.14_Linux-x86_64-multicore/lib/replica/FEP_wca/fep_solv.conf
NAMD_2.14_Linux-x86_64-multicore/lib/replica/FEP_wca/fep_solv_base.namd
NAMD_2.14_Linux-x86_64-multicore/lib/replica/FEP_wca/readme.txt
NAMD_2.14_Linux-x86_64-multicore/lib/replica/FEP_wca/solv_benz_namd.pdb
NAMD_2.14_Linux-x86_64-multicore/lib/replica/FEP_wca/solv_benz_namd.psf
NAMD_2.14_Linux-x86_64-multicore/lib/replica/FEP_wca/wham/
NAMD_2.14_Linux-x86_64-multicore/lib/replica/FEP_wca/wham/sort-data-fe.cpp
NAMD_2.14_Linux-x86_64-multicore/lib/replica/FEP_wca/wham/get_fe.sh
NAMD_2.14_Linux-x86_64-multicore/lib/replica/FEP_wca/wham/fep_solv.conf
NAMD_2.14_Linux-x86_64-multicore/lib/replica/FEP_wca/wham/wham_data_solv.sh
NAMD_2.14_Linux-x86_64-multicore/lib/replica/FEP_wca/wham/wham_fe.sh
NAMD_2.14_Linux-x86_64-multicore/lib/replica/FEP_wca/wham/wham-fep.cpp
NAMD_2.14_Linux-x86_64-multicore/lib/replica/FEP_wca/wham/extract-repul.cpp
NAMD_2.14_Linux-x86_64-multicore/lib/replica/FEP_wca/wham/sum_fe.pl
NAMD_2.14_Linux-x86_64-multicore/lib/replica/FEP_wca/par_all22_prot_cmap.inp
NAMD_2.14_Linux-x86_64-multicore/lib/replica/make_output_dirs.sh
NAMD_2.14_Linux-x86_64-multicore/lib/replica/replica.namd
NAMD_2.14_Linux-x86_64-multicore/lib/replica/clone_reps.vmd
NAMD_2.14_Linux-x86_64-multicore/lib/replica/example/
NAMD_2.14_Linux-x86_64-multicore/lib/replica/example/load_all.vmd
NAMD_2.14_Linux-x86_64-multicore/lib/replica/example/alanin.psf
NAMD_2.14_Linux-x86_64-multicore/lib/replica/example/alanin.pdb
NAMD_2.14_Linux-x86_64-multicore/lib/replica/example/job1.conf
NAMD_2.14_Linux-x86_64-multicore/lib/replica/example/unfolded.pdb
NAMD_2.14_Linux-x86_64-multicore/lib/replica/example/fold_alanin.conf
NAMD_2.14_Linux-x86_64-multicore/lib/replica/example/alanin_base.namd
NAMD_2.14_Linux-x86_64-multicore/lib/replica/example/alanin.params
NAMD_2.14_Linux-x86_64-multicore/lib/replica/example/mplexjob1.conf
NAMD_2.14_Linux-x86_64-multicore/lib/replica/example/job0.conf
NAMD_2.14_Linux-x86_64-multicore/lib/replica/example/mplexjob0.conf
NAMD_2.14_Linux-x86_64-multicore/lib/replica/umbrella2d/
NAMD_2.14_Linux-x86_64-multicore/lib/replica/umbrella2d/stretch_alanin.conf
NAMD_2.14_Linux-x86_64-multicore/lib/replica/umbrella2d/alanin.psf
NAMD_2.14_Linux-x86_64-multicore/lib/replica/umbrella2d/alanin.pdb
NAMD_2.14_Linux-x86_64-multicore/lib/replica/umbrella2d/job1.conf
NAMD_2.14_Linux-x86_64-multicore/lib/replica/umbrella2d/colvars.conf
NAMD_2.14_Linux-x86_64-multicore/lib/replica/umbrella2d/alanin_base.namd
NAMD_2.14_Linux-x86_64-multicore/lib/replica/umbrella2d/alanin.params
NAMD_2.14_Linux-x86_64-multicore/lib/replica/umbrella2d/mplexjob1.conf
NAMD_2.14_Linux-x86_64-multicore/lib/replica/umbrella2d/job0.conf
NAMD_2.14_Linux-x86_64-multicore/lib/replica/umbrella2d/mplexjob0.conf
NAMD_2.14_Linux-x86_64-multicore/lib/replica/umbrella_mplex.namd
NAMD_2.14_Linux-x86_64-multicore/lib/replica/umbrella/
NAMD_2.14_Linux-x86_64-multicore/lib/replica/umbrella/stretch_alanin.conf
NAMD_2.14_Linux-x86_64-multicore/lib/replica/umbrella/input/
NAMD_2.14_Linux-x86_64-multicore/lib/replica/umbrella/input/alanin.initial.2.xsc
NAMD_2.14_Linux-x86_64-multicore/lib/replica/umbrella/input/alanin.initial.8.xsc
NAMD_2.14_Linux-x86_64-multicore/lib/replica/umbrella/input/alanin.initial.1.xsc
NAMD_2.14_Linux-x86_64-multicore/lib/replica/umbrella/input/alanin.initial.7.coor
NAMD_2.14_Linux-x86_64-multicore/lib/replica/umbrella/input/alanin.initial.10.xsc
NAMD_2.14_Linux-x86_64-multicore/lib/replica/umbrella/input/alanin.initial.14.xsc
NAMD_2.14_Linux-x86_64-multicore/lib/replica/umbrella/input/alanin.initial.14.coor
NAMD_2.14_Linux-x86_64-multicore/lib/replica/umbrella/input/alanin.initial.5.xsc
NAMD_2.14_Linux-x86_64-multicore/lib/replica/umbrella/input/alanin.initial.3.xsc
NAMD_2.14_Linux-x86_64-multicore/lib/replica/umbrella/input/alanin.initial.0.coor
NAMD_2.14_Linux-x86_64-multicore/lib/replica/umbrella/input/alanin.initial.1.vel
NAMD_2.14_Linux-x86_64-multicore/lib/replica/umbrella/input/alanin.initial.0.xsc
NAMD_2.14_Linux-x86_64-multicore/lib/replica/umbrella/input/alanin.initial.4.xsc
NAMD_2.14_Linux-x86_64-multicore/lib/replica/umbrella/input/alanin.initial.2.coor
NAMD_2.14_Linux-x86_64-multicore/lib/replica/umbrella/input/alanin.initial.2.vel
NAMD_2.14_Linux-x86_64-multicore/lib/replica/umbrella/input/alanin.initial.1.coor
NAMD_2.14_Linux-x86_64-multicore/lib/replica/umbrella/input/alanin.initial.8.vel
NAMD_2.14_Linux-x86_64-multicore/lib/replica/umbrella/input/alanin.initial.3.vel
NAMD_2.14_Linux-x86_64-multicore/lib/replica/umbrella/input/alanin.initial.7.vel
NAMD_2.14_Linux-x86_64-multicore/lib/replica/umbrella/input/alanin.initial.6.vel
NAMD_2.14_Linux-x86_64-multicore/lib/replica/umbrella/input/alanin.initial.8.coor
NAMD_2.14_Linux-x86_64-multicore/lib/replica/umbrella/input/alanin.initial.15.coor
NAMD_2.14_Linux-x86_64-multicore/lib/replica/umbrella/input/alanin.initial.9.vel
NAMD_2.14_Linux-x86_64-multicore/lib/replica/umbrella/input/alanin.initial.15.xsc
NAMD_2.14_Linux-x86_64-multicore/lib/replica/umbrella/input/alanin.initial.12.vel
NAMD_2.14_Linux-x86_64-multicore/lib/replica/umbrella/input/alanin.initial.4.coor
NAMD_2.14_Linux-x86_64-multicore/lib/replica/umbrella/input/alanin.initial.11.xsc
NAMD_2.14_Linux-x86_64-multicore/lib/replica/umbrella/input/alanin.initial.14.vel
NAMD_2.14_Linux-x86_64-multicore/lib/replica/umbrella/input/alanin.initial.7.xsc
NAMD_2.14_Linux-x86_64-multicore/lib/replica/umbrella/input/alanin.initial.13.vel
NAMD_2.14_Linux-x86_64-multicore/lib/replica/umbrella/input/alanin.initial.6.xsc
NAMD_2.14_Linux-x86_64-multicore/lib/replica/umbrella/input/alanin.initial.13.coor
NAMD_2.14_Linux-x86_64-multicore/lib/replica/umbrella/input/alanin.initial.4.vel
NAMD_2.14_Linux-x86_64-multicore/lib/replica/umbrella/input/alanin.initial.6.coor
NAMD_2.14_Linux-x86_64-multicore/lib/replica/umbrella/input/alanin.initial.12.coor
NAMD_2.14_Linux-x86_64-multicore/lib/replica/umbrella/input/alanin.initial.11.vel
NAMD_2.14_Linux-x86_64-multicore/lib/replica/umbrella/input/alanin.initial.0.vel
NAMD_2.14_Linux-x86_64-multicore/lib/replica/umbrella/input/alanin.initial.11.coor
NAMD_2.14_Linux-x86_64-multicore/lib/replica/umbrella/input/alanin.initial.3.coor
NAMD_2.14_Linux-x86_64-multicore/lib/replica/umbrella/input/alanin.initial.15.vel
NAMD_2.14_Linux-x86_64-multicore/lib/replica/umbrella/input/alanin.initial.9.xsc
NAMD_2.14_Linux-x86_64-multicore/lib/replica/umbrella/input/alanin.initial.10.vel
NAMD_2.14_Linux-x86_64-multicore/lib/replica/umbrella/input/alanin.initial.9.coor
NAMD_2.14_Linux-x86_64-multicore/lib/replica/umbrella/input/alanin.initial.10.coor
NAMD_2.14_Linux-x86_64-multicore/lib/replica/umbrella/input/alanin.initial.5.coor
NAMD_2.14_Linux-x86_64-multicore/lib/replica/umbrella/input/alanin.initial.5.vel
NAMD_2.14_Linux-x86_64-multicore/lib/replica/umbrella/input/alanin.initial.12.xsc
NAMD_2.14_Linux-x86_64-multicore/lib/replica/umbrella/input/alanin.initial.13.xsc
NAMD_2.14_Linux-x86_64-multicore/lib/replica/umbrella/alanin.psf
NAMD_2.14_Linux-x86_64-multicore/lib/replica/umbrella/alanin.pdb
NAMD_2.14_Linux-x86_64-multicore/lib/replica/umbrella/job1.conf
NAMD_2.14_Linux-x86_64-multicore/lib/replica/umbrella/colvars.conf
NAMD_2.14_Linux-x86_64-multicore/lib/replica/umbrella/alanin_base.namd
NAMD_2.14_Linux-x86_64-multicore/lib/replica/umbrella/alanin.params
NAMD_2.14_Linux-x86_64-multicore/lib/replica/umbrella/mplexjob1.conf
NAMD_2.14_Linux-x86_64-multicore/lib/replica/umbrella/job0.conf
NAMD_2.14_Linux-x86_64-multicore/lib/replica/umbrella/mplexjob0.conf
NAMD_2.14_Linux-x86_64-multicore/lib/replica/REST2/
NAMD_2.14_Linux-x86_64-multicore/lib/replica/REST2/rest2_remd.namd
NAMD_2.14_Linux-x86_64-multicore/lib/replica/REST2/aaqaa3.spt
NAMD_2.14_Linux-x86_64-multicore/lib/replica/REST2/aaqaa3_rest2_test.namd
NAMD_2.14_Linux-x86_64-multicore/lib/replica/REST2/equinpt.xsc
NAMD_2.14_Linux-x86_64-multicore/lib/replica/REST2/init.conf
NAMD_2.14_Linux-x86_64-multicore/lib/replica/REST2/README
NAMD_2.14_Linux-x86_64-multicore/lib/replica/REST2/equinpt.coor
NAMD_2.14_Linux-x86_64-multicore/lib/replica/REST2/aaqaa3_solvate.pdb
NAMD_2.14_Linux-x86_64-multicore/lib/replica/REST2/restart_1.conf
NAMD_2.14_Linux-x86_64-multicore/lib/replica/REST2/par_all36_prot_tip3.prm
NAMD_2.14_Linux-x86_64-multicore/lib/replica/REST2/aaqaa3_1_xplor.psf
NAMD_2.14_Linux-x86_64-multicore/lib/replica/REST2/aaqaa3_rest2_base.namd
NAMD_2.14_Linux-x86_64-multicore/lib/replica/README.txt
NAMD_2.14_Linux-x86_64-multicore/lib/replica/FEP_wca.namd
NAMD_2.14_Linux-x86_64-multicore/lib/replica/multiplex.namd
NAMD_2.14_Linux-x86_64-multicore/lib/replica/show_replicas.vmd
NAMD_2.14_Linux-x86_64-multicore/lib/replica/replica_util.namd
NAMD_2.14_Linux-x86_64-multicore/lib/ramd-5/
NAMD_2.14_Linux-x86_64-multicore/lib/ramd-5/scripts/
NAMD_2.14_Linux-x86_64-multicore/lib/ramd-5/scripts/ramd-5.tcl
NAMD_2.14_Linux-x86_64-multicore/lib/ramd-5/scripts/testRand.dat
NAMD_2.14_Linux-x86_64-multicore/lib/ramd-5/scripts/ramd-5_script.tcl
NAMD_2.14_Linux-x86_64-multicore/lib/ramd-5/scripts/testRand.tcl
NAMD_2.14_Linux-x86_64-multicore/lib/ramd-5/scripts/README
NAMD_2.14_Linux-x86_64-multicore/lib/ramd-5/README
NAMD_2.14_Linux-x86_64-multicore/lib/ramd-5/examples/
NAMD_2.14_Linux-x86_64-multicore/lib/ramd-5/examples/1WDHI/
NAMD_2.14_Linux-x86_64-multicore/lib/ramd-5/examples/1WDHI/RAMD-force.sh
NAMD_2.14_Linux-x86_64-multicore/lib/ramd-5/examples/DCL/
NAMD_2.14_Linux-x86_64-multicore/lib/ramd-5/examples/DCL/RAMD-force.sh
NAMD_2.14_Linux-x86_64-multicore/lib/ramd-5/examples/DCL/README.examples
NAMD_2.14_Linux-x86_64-multicore/lib/ramd-5/examples/README
NAMD_2.14_Linux-x86_64-multicore/flipdcd
NAMD_2.14_Linux-x86_64-multicore/notes.txt
NAMD_2.14_Linux-x86_64-multicore/README.txt
NAMD_2.14_Linux-x86_64-multicore/flipbinpdb
NAMD_2.14_Linux-x86_64-multicore/license.txt
NAMD_2.14_Linux-x86_64-multicore/sortreplicas
NAMD_2.14_Linux-x86_64-multicore/announce.txt
Archive:  f1atpase.zip
   creating: f1atpase/
  inflating: f1atpase/t_1ns_notcl.conf  
  inflating: f1atpase/f1wations_xplor.pdb  
  inflating: f1atpase/f1atpase.namd  
  inflating: f1atpase/f1wations_xplor.psf  
  inflating: f1atpase/f1wations-pme-nve-200ps.coor  
  inflating: f1atpase/f1wations-pme-nve-200ps.vel  
  inflating: f1atpase/f1wations-pme-nve-200ps.xsc  
  inflating: f1atpase/IONS27_par_all22_prot_na.inp  
  inflating: f1atpase/f1_pme_fixed_3.pdb  
  inflating: f1atpase/titania.log    
