Compiler Version is 13
   =========================================
   =      NAS Parallel Benchmarks 3.4      =
   =      MPI/Fortran/C                    =
   =========================================

cd BT; make CLASS=A SUBTYPE= VERSION=
make[1]: Entering directory '/home/ubuntu/.phoronix-test-suite/installed-tests/pts/npb-1.4.5/NPB3.4.1/NPB3.4-MPI/BT'
make[2]: Entering directory '/home/ubuntu/.phoronix-test-suite/installed-tests/pts/npb-1.4.5/NPB3.4.1/NPB3.4-MPI/sys'
cc -g  -o setparams setparams.c
make[2]: Leaving directory '/home/ubuntu/.phoronix-test-suite/installed-tests/pts/npb-1.4.5/NPB3.4.1/NPB3.4-MPI/sys'
../sys/setparams bt A 
mpif90 -c -I/usr/include/ -frecord-gcc-switches -O2 -fallow-argument-mismatch mpinpb.f90
mpif90 -c -I/usr/include/ -frecord-gcc-switches -O2 -fallow-argument-mismatch bt_data.f90
mpif90 -c -I/usr/include/ -frecord-gcc-switches -O2 -fallow-argument-mismatch bt.f90
bt.f90:151:22:

  148 |        call mpi_bcast(niter, 1, MPI_INTEGER,  &
      |                      2
......
  151 |        call mpi_bcast(dt, 1, dp_type,  &
      |                      1
Warning: Type mismatch between actual argument at (1) and actual argument at (2) (REAL(8)/INTEGER(4)).
bt.f90:306:23:

  250 |        call mpi_reduce(t, tmax, 1,  &
      |                       2
......
  306 |        call MPI_Reduce(t1, tsum,  t_last+2, dp_type, MPI_SUM,  &
      |                       1
Warning: Rank mismatch between actual argument at (1) and actual argument at (2) (scalar and rank-1)
bt.f90:306:27:

  250 |        call mpi_reduce(t, tmax, 1,  &
      |                          2 
......
  306 |        call MPI_Reduce(t1, tsum,  t_last+2, dp_type, MPI_SUM,  &
      |                           1
Warning: Rank mismatch between actual argument at (1) and actual argument at (2) (scalar and rank-1)
bt.f90:308:23:

  250 |        call mpi_reduce(t, tmax, 1,  &
      |                       2
......
  308 |        call MPI_Reduce(t1, tming, t_last+2, dp_type, MPI_MIN,  &
      |                       1
Warning: Rank mismatch between actual argument at (1) and actual argument at (2) (scalar and rank-1)
bt.f90:308:27:

  250 |        call mpi_reduce(t, tmax, 1,  &
      |                          2 
......
  308 |        call MPI_Reduce(t1, tming, t_last+2, dp_type, MPI_MIN,  &
      |                           1
Warning: Rank mismatch between actual argument at (1) and actual argument at (2) (scalar and rank-1)
bt.f90:310:23:

  250 |        call mpi_reduce(t, tmax, 1,  &
      |                       2
......
  310 |        call MPI_Reduce(t1, tmaxg, t_last+2, dp_type, MPI_MAX,  &
      |                       1
Warning: Rank mismatch between actual argument at (1) and actual argument at (2) (scalar and rank-1)
bt.f90:310:27:

  250 |        call mpi_reduce(t, tmax, 1,  &
      |                          2 
......
  310 |        call MPI_Reduce(t1, tmaxg, t_last+2, dp_type, MPI_MAX,  &
      |                           1
Warning: Rank mismatch between actual argument at (1) and actual argument at (2) (scalar and rank-1)
mpif90 -c -I/usr/include/ -frecord-gcc-switches -O2 -fallow-argument-mismatch make_set.f90
mpif90 -c -I/usr/include/ -frecord-gcc-switches -O2 -fallow-argument-mismatch initialize.f90
mpif90 -c -I/usr/include/ -frecord-gcc-switches -O2 -fallow-argument-mismatch exact_solution.f90
mpif90 -c -I/usr/include/ -frecord-gcc-switches -O2 -fallow-argument-mismatch exact_rhs.f90
mpif90 -c -I/usr/include/ -frecord-gcc-switches -O2 -fallow-argument-mismatch set_constants.f90
mpif90 -c -I/usr/include/ -frecord-gcc-switches -O2 -fallow-argument-mismatch adi.f90
mpif90 -c -I/usr/include/ -frecord-gcc-switches -O2 -fallow-argument-mismatch define.f90
mpif90 -c -I/usr/include/ -frecord-gcc-switches -O2 -fallow-argument-mismatch copy_faces.f90
mpif90 -c -I/usr/include/ -frecord-gcc-switches -O2 -fallow-argument-mismatch rhs.f90
mpif90 -c -I/usr/include/ -frecord-gcc-switches -O2 -fallow-argument-mismatch solve_subs.f90
mpif90 -c -I/usr/include/ -frecord-gcc-switches -O2 -fallow-argument-mismatch x_solve.f90
mpif90 -c -I/usr/include/ -frecord-gcc-switches -O2 -fallow-argument-mismatch y_solve.f90
mpif90 -c -I/usr/include/ -frecord-gcc-switches -O2 -fallow-argument-mismatch z_solve.f90
mpif90 -c -I/usr/include/ -frecord-gcc-switches -O2 -fallow-argument-mismatch add.f90
mpif90 -c -I/usr/include/ -frecord-gcc-switches -O2 -fallow-argument-mismatch error.f90
mpif90 -c -I/usr/include/ -frecord-gcc-switches -O2 -fallow-argument-mismatch verify.f90
mpif90 -c -I/usr/include/ -frecord-gcc-switches -O2 -fallow-argument-mismatch setup_mpi.f90
cd ../common; mpif90 -c -I/usr/include/ -frecord-gcc-switches -O2 -fallow-argument-mismatch get_active_nprocs.f90
cd ../common; mpif90 -c -I/usr/include/ -frecord-gcc-switches -O2 -fallow-argument-mismatch print_results.f90
cd ../common; mpif90 -c -I/usr/include/ -frecord-gcc-switches -O2 -fallow-argument-mismatch timers.f90
make[2]: Entering directory '/home/ubuntu/.phoronix-test-suite/installed-tests/pts/npb-1.4.5/NPB3.4.1/NPB3.4-MPI/BT'
mpif90 -c -I/usr/include/ -frecord-gcc-switches -O2 -fallow-argument-mismatch btio.f90
mpif77 -frecord-gcc-switches -O2 -fallow-argument-mismatch -o ../bin/bt.A.x bt.o bt_data.o make_set.o initialize.o exact_solution.o exact_rhs.o set_constants.o adi.o define.o copy_faces.o rhs.o solve_subs.o x_solve.o y_solve.o z_solve.o add.o error.o verify.o setup_mpi.o mpinpb.o ../common/get_active_nprocs.o ../common/print_results.o ../common/timers.o btio.o -L/usr/lib/x86_64-linux-gnu/libmpi.so
make[2]: Leaving directory '/home/ubuntu/.phoronix-test-suite/installed-tests/pts/npb-1.4.5/NPB3.4.1/NPB3.4-MPI/BT'
make[1]: Leaving directory '/home/ubuntu/.phoronix-test-suite/installed-tests/pts/npb-1.4.5/NPB3.4.1/NPB3.4-MPI/BT'
   =========================================
   =      NAS Parallel Benchmarks 3.4      =
   =      MPI/Fortran/C                    =
   =========================================

cd BT; make CLASS=C SUBTYPE= VERSION=
make[1]: Entering directory '/home/ubuntu/.phoronix-test-suite/installed-tests/pts/npb-1.4.5/NPB3.4.1/NPB3.4-MPI/BT'
make[2]: Entering directory '/home/ubuntu/.phoronix-test-suite/installed-tests/pts/npb-1.4.5/NPB3.4.1/NPB3.4-MPI/sys'
make[2]: Nothing to be done for 'all'.
make[2]: Leaving directory '/home/ubuntu/.phoronix-test-suite/installed-tests/pts/npb-1.4.5/NPB3.4.1/NPB3.4-MPI/sys'
../sys/setparams bt C 
mpif90 -c -I/usr/include/ -frecord-gcc-switches -O2 -fallow-argument-mismatch bt_data.f90
mpif90 -c -I/usr/include/ -frecord-gcc-switches -O2 -fallow-argument-mismatch bt.f90
bt.f90:151:22:

  148 |        call mpi_bcast(niter, 1, MPI_INTEGER,  &
      |                      2
......
  151 |        call mpi_bcast(dt, 1, dp_type,  &
      |                      1
Warning: Type mismatch between actual argument at (1) and actual argument at (2) (REAL(8)/INTEGER(4)).
bt.f90:306:23:

  250 |        call mpi_reduce(t, tmax, 1,  &
      |                       2
......
  306 |        call MPI_Reduce(t1, tsum,  t_last+2, dp_type, MPI_SUM,  &
      |                       1
Warning: Rank mismatch between actual argument at (1) and actual argument at (2) (scalar and rank-1)
bt.f90:306:27:

  250 |        call mpi_reduce(t, tmax, 1,  &
      |                          2 
......
  306 |        call MPI_Reduce(t1, tsum,  t_last+2, dp_type, MPI_SUM,  &
      |                           1
Warning: Rank mismatch between actual argument at (1) and actual argument at (2) (scalar and rank-1)
bt.f90:308:23:

  250 |        call mpi_reduce(t, tmax, 1,  &
      |                       2
......
  308 |        call MPI_Reduce(t1, tming, t_last+2, dp_type, MPI_MIN,  &
      |                       1
Warning: Rank mismatch between actual argument at (1) and actual argument at (2) (scalar and rank-1)
bt.f90:308:27:

  250 |        call mpi_reduce(t, tmax, 1,  &
      |                          2 
......
  308 |        call MPI_Reduce(t1, tming, t_last+2, dp_type, MPI_MIN,  &
      |                           1
Warning: Rank mismatch between actual argument at (1) and actual argument at (2) (scalar and rank-1)
bt.f90:310:23:

  250 |        call mpi_reduce(t, tmax, 1,  &
      |                       2
......
  310 |        call MPI_Reduce(t1, tmaxg, t_last+2, dp_type, MPI_MAX,  &
      |                       1
Warning: Rank mismatch between actual argument at (1) and actual argument at (2) (scalar and rank-1)
bt.f90:310:27:

  250 |        call mpi_reduce(t, tmax, 1,  &
      |                          2 
......
  310 |        call MPI_Reduce(t1, tmaxg, t_last+2, dp_type, MPI_MAX,  &
      |                           1
Warning: Rank mismatch between actual argument at (1) and actual argument at (2) (scalar and rank-1)
mpif90 -c -I/usr/include/ -frecord-gcc-switches -O2 -fallow-argument-mismatch make_set.f90
mpif90 -c -I/usr/include/ -frecord-gcc-switches -O2 -fallow-argument-mismatch initialize.f90
mpif90 -c -I/usr/include/ -frecord-gcc-switches -O2 -fallow-argument-mismatch exact_solution.f90
mpif90 -c -I/usr/include/ -frecord-gcc-switches -O2 -fallow-argument-mismatch exact_rhs.f90
mpif90 -c -I/usr/include/ -frecord-gcc-switches -O2 -fallow-argument-mismatch set_constants.f90
mpif90 -c -I/usr/include/ -frecord-gcc-switches -O2 -fallow-argument-mismatch adi.f90
mpif90 -c -I/usr/include/ -frecord-gcc-switches -O2 -fallow-argument-mismatch define.f90
mpif90 -c -I/usr/include/ -frecord-gcc-switches -O2 -fallow-argument-mismatch copy_faces.f90
mpif90 -c -I/usr/include/ -frecord-gcc-switches -O2 -fallow-argument-mismatch rhs.f90
mpif90 -c -I/usr/include/ -frecord-gcc-switches -O2 -fallow-argument-mismatch x_solve.f90
mpif90 -c -I/usr/include/ -frecord-gcc-switches -O2 -fallow-argument-mismatch y_solve.f90
mpif90 -c -I/usr/include/ -frecord-gcc-switches -O2 -fallow-argument-mismatch z_solve.f90
mpif90 -c -I/usr/include/ -frecord-gcc-switches -O2 -fallow-argument-mismatch add.f90
mpif90 -c -I/usr/include/ -frecord-gcc-switches -O2 -fallow-argument-mismatch error.f90
mpif90 -c -I/usr/include/ -frecord-gcc-switches -O2 -fallow-argument-mismatch verify.f90
mpif90 -c -I/usr/include/ -frecord-gcc-switches -O2 -fallow-argument-mismatch setup_mpi.f90
make[2]: Entering directory '/home/ubuntu/.phoronix-test-suite/installed-tests/pts/npb-1.4.5/NPB3.4.1/NPB3.4-MPI/BT'
mpif90 -c -I/usr/include/ -frecord-gcc-switches -O2 -fallow-argument-mismatch btio.f90
mpif77 -frecord-gcc-switches -O2 -fallow-argument-mismatch -o ../bin/bt.C.x bt.o bt_data.o make_set.o initialize.o exact_solution.o exact_rhs.o set_constants.o adi.o define.o copy_faces.o rhs.o solve_subs.o x_solve.o y_solve.o z_solve.o add.o error.o verify.o setup_mpi.o mpinpb.o ../common/get_active_nprocs.o ../common/print_results.o ../common/timers.o btio.o -L/usr/lib/x86_64-linux-gnu/libmpi.so
make[2]: Leaving directory '/home/ubuntu/.phoronix-test-suite/installed-tests/pts/npb-1.4.5/NPB3.4.1/NPB3.4-MPI/BT'
make[1]: Leaving directory '/home/ubuntu/.phoronix-test-suite/installed-tests/pts/npb-1.4.5/NPB3.4.1/NPB3.4-MPI/BT'
   =========================================
   =      NAS Parallel Benchmarks 3.4      =
   =      MPI/Fortran/C                    =
   =========================================

cd EP; make CLASS=C
make[1]: Entering directory '/home/ubuntu/.phoronix-test-suite/installed-tests/pts/npb-1.4.5/NPB3.4.1/NPB3.4-MPI/EP'
make[2]: Entering directory '/home/ubuntu/.phoronix-test-suite/installed-tests/pts/npb-1.4.5/NPB3.4.1/NPB3.4-MPI/sys'
make[2]: Nothing to be done for 'all'.
make[2]: Leaving directory '/home/ubuntu/.phoronix-test-suite/installed-tests/pts/npb-1.4.5/NPB3.4.1/NPB3.4-MPI/sys'
../sys/setparams ep C 
mpif90 -c -I/usr/include/ -frecord-gcc-switches -O2 -fallow-argument-mismatch ep_data.f90
mpif90 -c -I/usr/include/ -frecord-gcc-switches -O2 -fallow-argument-mismatch mpinpb.f90
mpif90 -c -I/usr/include/ -frecord-gcc-switches -O2 -fallow-argument-mismatch ep.f90
ep.f90:254:25:

  248 |       call mpi_allreduce(sx, x, 1, dp_type,  &
      |                         2
......
  254 |       call mpi_allreduce(q, x, nq, dp_type,  &
      |                         1
Warning: Rank mismatch between actual argument at (1) and actual argument at (2) (scalar and rank-1)
cd ../common; mpif90 -c -I/usr/include/ -frecord-gcc-switches -O2 -fallow-argument-mismatch randi8.f90
mpif77 -frecord-gcc-switches -O2 -fallow-argument-mismatch -o ../bin/ep.C.x ep.o ep_data.o mpinpb.o ../common/print_results.o ../common/randi8.o ../common/timers.o -L/usr/lib/x86_64-linux-gnu/libmpi.so
make[1]: Leaving directory '/home/ubuntu/.phoronix-test-suite/installed-tests/pts/npb-1.4.5/NPB3.4.1/NPB3.4-MPI/EP'
   =========================================
   =      NAS Parallel Benchmarks 3.4      =
   =      MPI/Fortran/C                    =
   =========================================

cd EP; make CLASS=D
make[1]: Entering directory '/home/ubuntu/.phoronix-test-suite/installed-tests/pts/npb-1.4.5/NPB3.4.1/NPB3.4-MPI/EP'
make[2]: Entering directory '/home/ubuntu/.phoronix-test-suite/installed-tests/pts/npb-1.4.5/NPB3.4.1/NPB3.4-MPI/sys'
make[2]: Nothing to be done for 'all'.
make[2]: Leaving directory '/home/ubuntu/.phoronix-test-suite/installed-tests/pts/npb-1.4.5/NPB3.4.1/NPB3.4-MPI/sys'
../sys/setparams ep D 
mpif90 -c -I/usr/include/ -frecord-gcc-switches -O2 -fallow-argument-mismatch ep_data.f90
mpif90 -c -I/usr/include/ -frecord-gcc-switches -O2 -fallow-argument-mismatch ep.f90
ep.f90:254:25:

  248 |       call mpi_allreduce(sx, x, 1, dp_type,  &
      |                         2
......
  254 |       call mpi_allreduce(q, x, nq, dp_type,  &
      |                         1
Warning: Rank mismatch between actual argument at (1) and actual argument at (2) (scalar and rank-1)
mpif77 -frecord-gcc-switches -O2 -fallow-argument-mismatch -o ../bin/ep.D.x ep.o ep_data.o mpinpb.o ../common/print_results.o ../common/randi8.o ../common/timers.o -L/usr/lib/x86_64-linux-gnu/libmpi.so
make[1]: Leaving directory '/home/ubuntu/.phoronix-test-suite/installed-tests/pts/npb-1.4.5/NPB3.4.1/NPB3.4-MPI/EP'
   =========================================
   =      NAS Parallel Benchmarks 3.4      =
   =      MPI/Fortran/C                    =
   =========================================

cd FT; make CLASS=A
make[1]: Entering directory '/home/ubuntu/.phoronix-test-suite/installed-tests/pts/npb-1.4.5/NPB3.4.1/NPB3.4-MPI/FT'
make[2]: Entering directory '/home/ubuntu/.phoronix-test-suite/installed-tests/pts/npb-1.4.5/NPB3.4.1/NPB3.4-MPI/sys'
make[2]: Nothing to be done for 'all'.
make[2]: Leaving directory '/home/ubuntu/.phoronix-test-suite/installed-tests/pts/npb-1.4.5/NPB3.4.1/NPB3.4-MPI/sys'
../sys/setparams ft A 
mpif90 -c -I/usr/include/ -frecord-gcc-switches -O2 -fallow-argument-mismatch mpinpb.f90
mpif90 -c -I/usr/include/ -frecord-gcc-switches -O2 -fallow-argument-mismatch ft_data.f90
mpif90 -c -I/usr/include/ -frecord-gcc-switches -O2 -fallow-argument-mismatch ft.f90
ft.f90:1767:22:

  776 |       call MPI_Reduce(t1, tsum,  t_max+2, MPI_DOUBLE_PRECISION,  &
      |                      2
......
 1767 |       call MPI_Reduce(chk, allchk, 1, dc_type, MPI_SUM,  &
      |                      1
Warning: Type mismatch between actual argument at (1) and actual argument at (2) (COMPLEX(8)/REAL(8)).
ft.f90:1767:27:

  776 |       call MPI_Reduce(t1, tsum,  t_max+2, MPI_DOUBLE_PRECISION,  &
      |                          2 
......
 1767 |       call MPI_Reduce(chk, allchk, 1, dc_type, MPI_SUM,  &
      |                           1
Warning: Type mismatch between actual argument at (1) and actual argument at (2) (COMPLEX(8)/REAL(8)).
ft.f90:485:21:

  480 |       call MPI_BCAST(np1, 1, MPI_INTEGER, 0, comm_solve, ierr)
      |                     2
......
  485 |       call MPI_BCAST(timers_enabled, 1, MPI_LOGICAL, 0, comm_solve,  &
      |                     1
Warning: Type mismatch between actual argument at (1) and actual argument at (2) (LOGICAL(4)/INTEGER(4)).
mpif77 -frecord-gcc-switches -O2 -fallow-argument-mismatch -o ../bin/ft.A.x ft.o ft_data.o mpinpb.o ../common/get_active_nprocs.o ../common/randi8.o ../common/print_results.o ../common/timers.o -L/usr/lib/x86_64-linux-gnu/libmpi.so
make[1]: Leaving directory '/home/ubuntu/.phoronix-test-suite/installed-tests/pts/npb-1.4.5/NPB3.4.1/NPB3.4-MPI/FT'
   =========================================
   =      NAS Parallel Benchmarks 3.4      =
   =      MPI/Fortran/C                    =
   =========================================

cd FT; make CLASS=B
make[1]: Entering directory '/home/ubuntu/.phoronix-test-suite/installed-tests/pts/npb-1.4.5/NPB3.4.1/NPB3.4-MPI/FT'
make[2]: Entering directory '/home/ubuntu/.phoronix-test-suite/installed-tests/pts/npb-1.4.5/NPB3.4.1/NPB3.4-MPI/sys'
make[2]: Nothing to be done for 'all'.
make[2]: Leaving directory '/home/ubuntu/.phoronix-test-suite/installed-tests/pts/npb-1.4.5/NPB3.4.1/NPB3.4-MPI/sys'
../sys/setparams ft B 
mpif90 -c -I/usr/include/ -frecord-gcc-switches -O2 -fallow-argument-mismatch ft_data.f90
mpif90 -c -I/usr/include/ -frecord-gcc-switches -O2 -fallow-argument-mismatch ft.f90
ft.f90:1767:22:

  776 |       call MPI_Reduce(t1, tsum,  t_max+2, MPI_DOUBLE_PRECISION,  &
      |                      2
......
 1767 |       call MPI_Reduce(chk, allchk, 1, dc_type, MPI_SUM,  &
      |                      1
Warning: Type mismatch between actual argument at (1) and actual argument at (2) (COMPLEX(8)/REAL(8)).
ft.f90:1767:27:

  776 |       call MPI_Reduce(t1, tsum,  t_max+2, MPI_DOUBLE_PRECISION,  &
      |                          2 
......
 1767 |       call MPI_Reduce(chk, allchk, 1, dc_type, MPI_SUM,  &
      |                           1
Warning: Type mismatch between actual argument at (1) and actual argument at (2) (COMPLEX(8)/REAL(8)).
ft.f90:485:21:

  480 |       call MPI_BCAST(np1, 1, MPI_INTEGER, 0, comm_solve, ierr)
      |                     2
......
  485 |       call MPI_BCAST(timers_enabled, 1, MPI_LOGICAL, 0, comm_solve,  &
      |                     1
Warning: Type mismatch between actual argument at (1) and actual argument at (2) (LOGICAL(4)/INTEGER(4)).
mpif77 -frecord-gcc-switches -O2 -fallow-argument-mismatch -o ../bin/ft.B.x ft.o ft_data.o mpinpb.o ../common/get_active_nprocs.o ../common/randi8.o ../common/print_results.o ../common/timers.o -L/usr/lib/x86_64-linux-gnu/libmpi.so
make[1]: Leaving directory '/home/ubuntu/.phoronix-test-suite/installed-tests/pts/npb-1.4.5/NPB3.4.1/NPB3.4-MPI/FT'
   =========================================
   =      NAS Parallel Benchmarks 3.4      =
   =      MPI/Fortran/C                    =
   =========================================

cd FT; make CLASS=C
make[1]: Entering directory '/home/ubuntu/.phoronix-test-suite/installed-tests/pts/npb-1.4.5/NPB3.4.1/NPB3.4-MPI/FT'
make[2]: Entering directory '/home/ubuntu/.phoronix-test-suite/installed-tests/pts/npb-1.4.5/NPB3.4.1/NPB3.4-MPI/sys'
make[2]: Nothing to be done for 'all'.
make[2]: Leaving directory '/home/ubuntu/.phoronix-test-suite/installed-tests/pts/npb-1.4.5/NPB3.4.1/NPB3.4-MPI/sys'
../sys/setparams ft C 
mpif90 -c -I/usr/include/ -frecord-gcc-switches -O2 -fallow-argument-mismatch ft_data.f90
mpif90 -c -I/usr/include/ -frecord-gcc-switches -O2 -fallow-argument-mismatch ft.f90
ft.f90:1767:22:

  776 |       call MPI_Reduce(t1, tsum,  t_max+2, MPI_DOUBLE_PRECISION,  &
      |                      2
......
 1767 |       call MPI_Reduce(chk, allchk, 1, dc_type, MPI_SUM,  &
      |                      1
Warning: Type mismatch between actual argument at (1) and actual argument at (2) (COMPLEX(8)/REAL(8)).
ft.f90:1767:27:

  776 |       call MPI_Reduce(t1, tsum,  t_max+2, MPI_DOUBLE_PRECISION,  &
      |                          2 
......
 1767 |       call MPI_Reduce(chk, allchk, 1, dc_type, MPI_SUM,  &
      |                           1
Warning: Type mismatch between actual argument at (1) and actual argument at (2) (COMPLEX(8)/REAL(8)).
ft.f90:485:21:

  480 |       call MPI_BCAST(np1, 1, MPI_INTEGER, 0, comm_solve, ierr)
      |                     2
......
  485 |       call MPI_BCAST(timers_enabled, 1, MPI_LOGICAL, 0, comm_solve,  &
      |                     1
Warning: Type mismatch between actual argument at (1) and actual argument at (2) (LOGICAL(4)/INTEGER(4)).
mpif77 -frecord-gcc-switches -O2 -fallow-argument-mismatch -o ../bin/ft.C.x ft.o ft_data.o mpinpb.o ../common/get_active_nprocs.o ../common/randi8.o ../common/print_results.o ../common/timers.o -L/usr/lib/x86_64-linux-gnu/libmpi.so
make[1]: Leaving directory '/home/ubuntu/.phoronix-test-suite/installed-tests/pts/npb-1.4.5/NPB3.4.1/NPB3.4-MPI/FT'
   =========================================
   =      NAS Parallel Benchmarks 3.4      =
   =      MPI/Fortran/C                    =
   =========================================

cd LU; make CLASS=A VERSION=
make[1]: Entering directory '/home/ubuntu/.phoronix-test-suite/installed-tests/pts/npb-1.4.5/NPB3.4.1/NPB3.4-MPI/LU'
make[2]: Entering directory '/home/ubuntu/.phoronix-test-suite/installed-tests/pts/npb-1.4.5/NPB3.4.1/NPB3.4-MPI/sys'
make[2]: Nothing to be done for 'all'.
make[2]: Leaving directory '/home/ubuntu/.phoronix-test-suite/installed-tests/pts/npb-1.4.5/NPB3.4.1/NPB3.4-MPI/sys'
../sys/setparams lu A 
mpif90 -c -I/usr/include/ -frecord-gcc-switches -O2 -fallow-argument-mismatch mpinpb.f90
mpif90 -c -I/usr/include/ -frecord-gcc-switches -O2 -fallow-argument-mismatch lu_data.f90
mpif90 -c -I/usr/include/ -frecord-gcc-switches -O2 -fallow-argument-mismatch lu.f90
mpif90 -c -I/usr/include/ -frecord-gcc-switches -O2 -fallow-argument-mismatch init_comm.f90
mpif90 -c -I/usr/include/ -frecord-gcc-switches -O2 -fallow-argument-mismatch read_input.f90
mpif90 -c -I/usr/include/ -frecord-gcc-switches -O2 -fallow-argument-mismatch bcast_inputs.f90
bcast_inputs.f90:32:21:

   29 |       call MPI_BCAST(ipr, 1, MPI_INTEGER, root, comm_solve, ierr)
      |                     2
......
   32 |       call MPI_BCAST(dt, 1, dp_type, root, comm_solve, ierr)
      |                     1
Warning: Type mismatch between actual argument at (1) and actual argument at (2) (REAL(8)/INTEGER(4)).
mpif90 -c -I/usr/include/ -frecord-gcc-switches -O2 -fallow-argument-mismatch proc_grid.f90
mpif90 -c -I/usr/include/ -frecord-gcc-switches -O2 -fallow-argument-mismatch neighbors.f90
mpif90 -c -I/usr/include/ -frecord-gcc-switches -O2 -fallow-argument-mismatch nodedim.f90
mpif90 -c -I/usr/include/ -frecord-gcc-switches -O2 -fallow-argument-mismatch subdomain.f90
mpif90 -c -I/usr/include/ -frecord-gcc-switches -O2 -fallow-argument-mismatch setcoeff.f90
mpif90 -c -I/usr/include/ -frecord-gcc-switches -O2 -fallow-argument-mismatch setbv.f90
mpif90 -c -I/usr/include/ -frecord-gcc-switches -O2 -fallow-argument-mismatch exact.f90
mpif90 -c -I/usr/include/ -frecord-gcc-switches -O2 -fallow-argument-mismatch setiv.f90
mpif90 -c -I/usr/include/ -frecord-gcc-switches -O2 -fallow-argument-mismatch erhs.f90
mpif90 -c -I/usr/include/ -frecord-gcc-switches -O2 -fallow-argument-mismatch ssor.f90
mpif90 -c -I/usr/include/ -frecord-gcc-switches -O2 -fallow-argument-mismatch exchange_1.f90
mpif90 -c -I/usr/include/ -frecord-gcc-switches -O2 -fallow-argument-mismatch exchange_3.f90
mpif90 -c -I/usr/include/ -frecord-gcc-switches -O2 -fallow-argument-mismatch exchange_4.f90
mpif90 -c -I/usr/include/ -frecord-gcc-switches -O2 -fallow-argument-mismatch exchange_5.f90
mpif90 -c -I/usr/include/ -frecord-gcc-switches -O2 -fallow-argument-mismatch exchange_6.f90
mpif90 -c -I/usr/include/ -frecord-gcc-switches -O2 -fallow-argument-mismatch rhs.f90
mpif90 -c -I/usr/include/ -frecord-gcc-switches -O2 -fallow-argument-mismatch l2norm.f90
mpif90 -c -I/usr/include/ -frecord-gcc-switches -O2 -fallow-argument-mismatch jacld.f90
mpif90 -c -I/usr/include/ -frecord-gcc-switches -O2 -fallow-argument-mismatch blts.f90
mpif90 -c -I/usr/include/ -frecord-gcc-switches -O2 -fallow-argument-mismatch jacu.f90
mpif90 -c -I/usr/include/ -frecord-gcc-switches -O2 -fallow-argument-mismatch buts.f90
mpif90 -c -I/usr/include/ -frecord-gcc-switches -O2 -fallow-argument-mismatch error.f90
mpif90 -c -I/usr/include/ -frecord-gcc-switches -O2 -fallow-argument-mismatch pintgr.f90
mpif90 -c -I/usr/include/ -frecord-gcc-switches -O2 -fallow-argument-mismatch verify.f90
mpif77 -frecord-gcc-switches -O2 -fallow-argument-mismatch -o ../bin/lu.A.x lu.o lu_data.o init_comm.o read_input.o bcast_inputs.o proc_grid.o neighbors.o nodedim.o subdomain.o setcoeff.o setbv.o exact.o setiv.o erhs.o ssor.o exchange_1.o exchange_3.o exchange_4.o exchange_5.o exchange_6.o rhs.o l2norm.o jacld.o blts.o jacu.o buts.o mpinpb.o error.o pintgr.o verify.o ../common/get_active_nprocs.o ../common/print_results.o ../common/timers.o -L/usr/lib/x86_64-linux-gnu/libmpi.so
make[1]: Leaving directory '/home/ubuntu/.phoronix-test-suite/installed-tests/pts/npb-1.4.5/NPB3.4.1/NPB3.4-MPI/LU'
   =========================================
   =      NAS Parallel Benchmarks 3.4      =
   =      MPI/Fortran/C                    =
   =========================================

cd LU; make CLASS=C VERSION=
make[1]: Entering directory '/home/ubuntu/.phoronix-test-suite/installed-tests/pts/npb-1.4.5/NPB3.4.1/NPB3.4-MPI/LU'
make[2]: Entering directory '/home/ubuntu/.phoronix-test-suite/installed-tests/pts/npb-1.4.5/NPB3.4.1/NPB3.4-MPI/sys'
make[2]: Nothing to be done for 'all'.
make[2]: Leaving directory '/home/ubuntu/.phoronix-test-suite/installed-tests/pts/npb-1.4.5/NPB3.4.1/NPB3.4-MPI/sys'
../sys/setparams lu C 
mpif90 -c -I/usr/include/ -frecord-gcc-switches -O2 -fallow-argument-mismatch lu_data.f90
mpif90 -c -I/usr/include/ -frecord-gcc-switches -O2 -fallow-argument-mismatch lu.f90
mpif90 -c -I/usr/include/ -frecord-gcc-switches -O2 -fallow-argument-mismatch init_comm.f90
mpif90 -c -I/usr/include/ -frecord-gcc-switches -O2 -fallow-argument-mismatch read_input.f90
mpif90 -c -I/usr/include/ -frecord-gcc-switches -O2 -fallow-argument-mismatch bcast_inputs.f90
bcast_inputs.f90:32:21:

   29 |       call MPI_BCAST(ipr, 1, MPI_INTEGER, root, comm_solve, ierr)
      |                     2
......
   32 |       call MPI_BCAST(dt, 1, dp_type, root, comm_solve, ierr)
      |                     1
Warning: Type mismatch between actual argument at (1) and actual argument at (2) (REAL(8)/INTEGER(4)).
mpif90 -c -I/usr/include/ -frecord-gcc-switches -O2 -fallow-argument-mismatch proc_grid.f90
mpif90 -c -I/usr/include/ -frecord-gcc-switches -O2 -fallow-argument-mismatch neighbors.f90
mpif90 -c -I/usr/include/ -frecord-gcc-switches -O2 -fallow-argument-mismatch subdomain.f90
mpif90 -c -I/usr/include/ -frecord-gcc-switches -O2 -fallow-argument-mismatch setcoeff.f90
mpif90 -c -I/usr/include/ -frecord-gcc-switches -O2 -fallow-argument-mismatch setbv.f90
mpif90 -c -I/usr/include/ -frecord-gcc-switches -O2 -fallow-argument-mismatch exact.f90
mpif90 -c -I/usr/include/ -frecord-gcc-switches -O2 -fallow-argument-mismatch setiv.f90
mpif90 -c -I/usr/include/ -frecord-gcc-switches -O2 -fallow-argument-mismatch erhs.f90
mpif90 -c -I/usr/include/ -frecord-gcc-switches -O2 -fallow-argument-mismatch ssor.f90
mpif90 -c -I/usr/include/ -frecord-gcc-switches -O2 -fallow-argument-mismatch exchange_1.f90
mpif90 -c -I/usr/include/ -frecord-gcc-switches -O2 -fallow-argument-mismatch exchange_3.f90
mpif90 -c -I/usr/include/ -frecord-gcc-switches -O2 -fallow-argument-mismatch exchange_4.f90
mpif90 -c -I/usr/include/ -frecord-gcc-switches -O2 -fallow-argument-mismatch exchange_5.f90
mpif90 -c -I/usr/include/ -frecord-gcc-switches -O2 -fallow-argument-mismatch exchange_6.f90
mpif90 -c -I/usr/include/ -frecord-gcc-switches -O2 -fallow-argument-mismatch rhs.f90
mpif90 -c -I/usr/include/ -frecord-gcc-switches -O2 -fallow-argument-mismatch l2norm.f90
mpif90 -c -I/usr/include/ -frecord-gcc-switches -O2 -fallow-argument-mismatch jacld.f90
mpif90 -c -I/usr/include/ -frecord-gcc-switches -O2 -fallow-argument-mismatch blts.f90
mpif90 -c -I/usr/include/ -frecord-gcc-switches -O2 -fallow-argument-mismatch jacu.f90
mpif90 -c -I/usr/include/ -frecord-gcc-switches -O2 -fallow-argument-mismatch buts.f90
mpif90 -c -I/usr/include/ -frecord-gcc-switches -O2 -fallow-argument-mismatch error.f90
mpif90 -c -I/usr/include/ -frecord-gcc-switches -O2 -fallow-argument-mismatch pintgr.f90
mpif90 -c -I/usr/include/ -frecord-gcc-switches -O2 -fallow-argument-mismatch verify.f90
mpif77 -frecord-gcc-switches -O2 -fallow-argument-mismatch -o ../bin/lu.C.x lu.o lu_data.o init_comm.o read_input.o bcast_inputs.o proc_grid.o neighbors.o nodedim.o subdomain.o setcoeff.o setbv.o exact.o setiv.o erhs.o ssor.o exchange_1.o exchange_3.o exchange_4.o exchange_5.o exchange_6.o rhs.o l2norm.o jacld.o blts.o jacu.o buts.o mpinpb.o error.o pintgr.o verify.o ../common/get_active_nprocs.o ../common/print_results.o ../common/timers.o -L/usr/lib/x86_64-linux-gnu/libmpi.so
make[1]: Leaving directory '/home/ubuntu/.phoronix-test-suite/installed-tests/pts/npb-1.4.5/NPB3.4.1/NPB3.4-MPI/LU'
   =========================================
   =      NAS Parallel Benchmarks 3.4      =
   =      MPI/Fortran/C                    =
   =========================================

cd SP; make CLASS=A
make[1]: Entering directory '/home/ubuntu/.phoronix-test-suite/installed-tests/pts/npb-1.4.5/NPB3.4.1/NPB3.4-MPI/SP'
make[2]: Entering directory '/home/ubuntu/.phoronix-test-suite/installed-tests/pts/npb-1.4.5/NPB3.4.1/NPB3.4-MPI/sys'
make[2]: Nothing to be done for 'all'.
make[2]: Leaving directory '/home/ubuntu/.phoronix-test-suite/installed-tests/pts/npb-1.4.5/NPB3.4.1/NPB3.4-MPI/sys'
../sys/setparams sp A 
mpif90 -c -I/usr/include/ -frecord-gcc-switches -O2 -fallow-argument-mismatch mpinpb.f90
mpif90 -c -I/usr/include/ -frecord-gcc-switches -O2 -fallow-argument-mismatch sp_data.f90
mpif90 -c -I/usr/include/ -frecord-gcc-switches -O2 -fallow-argument-mismatch sp.f90
sp.f90:118:22:

  115 |        call mpi_bcast(niter, 1, MPI_INTEGER,  &
      |                      2
......
  118 |        call mpi_bcast(dt, 1, dp_type,  &
      |                      1
Warning: Type mismatch between actual argument at (1) and actual argument at (2) (REAL(8)/INTEGER(4)).
sp.f90:226:23:

  192 |        call mpi_reduce(t, tmax, 1,  &
      |                       2
......
  226 |        call MPI_Reduce(t1, tsum,  t_last+2, dp_type, MPI_SUM,  &
      |                       1
Warning: Rank mismatch between actual argument at (1) and actual argument at (2) (scalar and rank-1)
sp.f90:226:27:

  192 |        call mpi_reduce(t, tmax, 1,  &
      |                          2 
......
  226 |        call MPI_Reduce(t1, tsum,  t_last+2, dp_type, MPI_SUM,  &
      |                           1
Warning: Rank mismatch between actual argument at (1) and actual argument at (2) (scalar and rank-1)
sp.f90:228:23:

  192 |        call mpi_reduce(t, tmax, 1,  &
      |                       2
......
  228 |        call MPI_Reduce(t1, tming, t_last+2, dp_type, MPI_MIN,  &
      |                       1
Warning: Rank mismatch between actual argument at (1) and actual argument at (2) (scalar and rank-1)
sp.f90:228:27:

  192 |        call mpi_reduce(t, tmax, 1,  &
      |                          2 
......
  228 |        call MPI_Reduce(t1, tming, t_last+2, dp_type, MPI_MIN,  &
      |                           1
Warning: Rank mismatch between actual argument at (1) and actual argument at (2) (scalar and rank-1)
sp.f90:230:23:

  192 |        call mpi_reduce(t, tmax, 1,  &
      |                       2
......
  230 |        call MPI_Reduce(t1, tmaxg, t_last+2, dp_type, MPI_MAX,  &
      |                       1
Warning: Rank mismatch between actual argument at (1) and actual argument at (2) (scalar and rank-1)
sp.f90:230:27:

  192 |        call mpi_reduce(t, tmax, 1,  &
      |                          2 
......
  230 |        call MPI_Reduce(t1, tmaxg, t_last+2, dp_type, MPI_MAX,  &
      |                           1
Warning: Rank mismatch between actual argument at (1) and actual argument at (2) (scalar and rank-1)
mpif90 -c -I/usr/include/ -frecord-gcc-switches -O2 -fallow-argument-mismatch make_set.f90
mpif90 -c -I/usr/include/ -frecord-gcc-switches -O2 -fallow-argument-mismatch initialize.f90
mpif90 -c -I/usr/include/ -frecord-gcc-switches -O2 -fallow-argument-mismatch exact_solution.f90
mpif90 -c -I/usr/include/ -frecord-gcc-switches -O2 -fallow-argument-mismatch exact_rhs.f90
mpif90 -c -I/usr/include/ -frecord-gcc-switches -O2 -fallow-argument-mismatch set_constants.f90
mpif90 -c -I/usr/include/ -frecord-gcc-switches -O2 -fallow-argument-mismatch adi.f90
mpif90 -c -I/usr/include/ -frecord-gcc-switches -O2 -fallow-argument-mismatch define.f90
mpif90 -c -I/usr/include/ -frecord-gcc-switches -O2 -fallow-argument-mismatch copy_faces.f90
mpif90 -c -I/usr/include/ -frecord-gcc-switches -O2 -fallow-argument-mismatch rhs.f90
mpif90 -c -I/usr/include/ -frecord-gcc-switches -O2 -fallow-argument-mismatch lhsx.f90
mpif90 -c -I/usr/include/ -frecord-gcc-switches -O2 -fallow-argument-mismatch lhsy.f90
mpif90 -c -I/usr/include/ -frecord-gcc-switches -O2 -fallow-argument-mismatch lhsz.f90
mpif90 -c -I/usr/include/ -frecord-gcc-switches -O2 -fallow-argument-mismatch x_solve.f90
mpif90 -c -I/usr/include/ -frecord-gcc-switches -O2 -fallow-argument-mismatch ninvr.f90
mpif90 -c -I/usr/include/ -frecord-gcc-switches -O2 -fallow-argument-mismatch y_solve.f90
mpif90 -c -I/usr/include/ -frecord-gcc-switches -O2 -fallow-argument-mismatch pinvr.f90
mpif90 -c -I/usr/include/ -frecord-gcc-switches -O2 -fallow-argument-mismatch z_solve.f90
mpif90 -c -I/usr/include/ -frecord-gcc-switches -O2 -fallow-argument-mismatch tzetar.f90
mpif90 -c -I/usr/include/ -frecord-gcc-switches -O2 -fallow-argument-mismatch add.f90
mpif90 -c -I/usr/include/ -frecord-gcc-switches -O2 -fallow-argument-mismatch txinvr.f90
mpif90 -c -I/usr/include/ -frecord-gcc-switches -O2 -fallow-argument-mismatch error.f90
mpif90 -c -I/usr/include/ -frecord-gcc-switches -O2 -fallow-argument-mismatch verify.f90
mpif90 -c -I/usr/include/ -frecord-gcc-switches -O2 -fallow-argument-mismatch setup_mpi.f90
mpif77 -frecord-gcc-switches -O2 -fallow-argument-mismatch -o ../bin/sp.A.x sp.o sp_data.o make_set.o initialize.o exact_solution.o exact_rhs.o set_constants.o adi.o define.o copy_faces.o rhs.o lhsx.o lhsy.o lhsz.o x_solve.o ninvr.o y_solve.o pinvr.o z_solve.o tzetar.o add.o txinvr.o error.o verify.o setup_mpi.o mpinpb.o ../common/get_active_nprocs.o ../common/print_results.o ../common/timers.o -L/usr/lib/x86_64-linux-gnu/libmpi.so
make[1]: Leaving directory '/home/ubuntu/.phoronix-test-suite/installed-tests/pts/npb-1.4.5/NPB3.4.1/NPB3.4-MPI/SP'
   =========================================
   =      NAS Parallel Benchmarks 3.4      =
   =      MPI/Fortran/C                    =
   =========================================

cd SP; make CLASS=B
make[1]: Entering directory '/home/ubuntu/.phoronix-test-suite/installed-tests/pts/npb-1.4.5/NPB3.4.1/NPB3.4-MPI/SP'
make[2]: Entering directory '/home/ubuntu/.phoronix-test-suite/installed-tests/pts/npb-1.4.5/NPB3.4.1/NPB3.4-MPI/sys'
make[2]: Nothing to be done for 'all'.
make[2]: Leaving directory '/home/ubuntu/.phoronix-test-suite/installed-tests/pts/npb-1.4.5/NPB3.4.1/NPB3.4-MPI/sys'
../sys/setparams sp B 
mpif90 -c -I/usr/include/ -frecord-gcc-switches -O2 -fallow-argument-mismatch sp_data.f90
mpif90 -c -I/usr/include/ -frecord-gcc-switches -O2 -fallow-argument-mismatch sp.f90
sp.f90:118:22:

  115 |        call mpi_bcast(niter, 1, MPI_INTEGER,  &
      |                      2
......
  118 |        call mpi_bcast(dt, 1, dp_type,  &
      |                      1
Warning: Type mismatch between actual argument at (1) and actual argument at (2) (REAL(8)/INTEGER(4)).
sp.f90:226:23:

  192 |        call mpi_reduce(t, tmax, 1,  &
      |                       2
......
  226 |        call MPI_Reduce(t1, tsum,  t_last+2, dp_type, MPI_SUM,  &
      |                       1
Warning: Rank mismatch between actual argument at (1) and actual argument at (2) (scalar and rank-1)
sp.f90:226:27:

  192 |        call mpi_reduce(t, tmax, 1,  &
      |                          2 
......
  226 |        call MPI_Reduce(t1, tsum,  t_last+2, dp_type, MPI_SUM,  &
      |                           1
Warning: Rank mismatch between actual argument at (1) and actual argument at (2) (scalar and rank-1)
sp.f90:228:23:

  192 |        call mpi_reduce(t, tmax, 1,  &
      |                       2
......
  228 |        call MPI_Reduce(t1, tming, t_last+2, dp_type, MPI_MIN,  &
      |                       1
Warning: Rank mismatch between actual argument at (1) and actual argument at (2) (scalar and rank-1)
sp.f90:228:27:

  192 |        call mpi_reduce(t, tmax, 1,  &
      |                          2 
......
  228 |        call MPI_Reduce(t1, tming, t_last+2, dp_type, MPI_MIN,  &
      |                           1
Warning: Rank mismatch between actual argument at (1) and actual argument at (2) (scalar and rank-1)
sp.f90:230:23:

  192 |        call mpi_reduce(t, tmax, 1,  &
      |                       2
......
  230 |        call MPI_Reduce(t1, tmaxg, t_last+2, dp_type, MPI_MAX,  &
      |                       1
Warning: Rank mismatch between actual argument at (1) and actual argument at (2) (scalar and rank-1)
sp.f90:230:27:

  192 |        call mpi_reduce(t, tmax, 1,  &
      |                          2 
......
  230 |        call MPI_Reduce(t1, tmaxg, t_last+2, dp_type, MPI_MAX,  &
      |                           1
Warning: Rank mismatch between actual argument at (1) and actual argument at (2) (scalar and rank-1)
mpif90 -c -I/usr/include/ -frecord-gcc-switches -O2 -fallow-argument-mismatch make_set.f90
mpif90 -c -I/usr/include/ -frecord-gcc-switches -O2 -fallow-argument-mismatch initialize.f90
mpif90 -c -I/usr/include/ -frecord-gcc-switches -O2 -fallow-argument-mismatch exact_solution.f90
mpif90 -c -I/usr/include/ -frecord-gcc-switches -O2 -fallow-argument-mismatch exact_rhs.f90
mpif90 -c -I/usr/include/ -frecord-gcc-switches -O2 -fallow-argument-mismatch set_constants.f90
mpif90 -c -I/usr/include/ -frecord-gcc-switches -O2 -fallow-argument-mismatch adi.f90
mpif90 -c -I/usr/include/ -frecord-gcc-switches -O2 -fallow-argument-mismatch define.f90
mpif90 -c -I/usr/include/ -frecord-gcc-switches -O2 -fallow-argument-mismatch copy_faces.f90
mpif90 -c -I/usr/include/ -frecord-gcc-switches -O2 -fallow-argument-mismatch rhs.f90
mpif90 -c -I/usr/include/ -frecord-gcc-switches -O2 -fallow-argument-mismatch lhsx.f90
mpif90 -c -I/usr/include/ -frecord-gcc-switches -O2 -fallow-argument-mismatch lhsy.f90
mpif90 -c -I/usr/include/ -frecord-gcc-switches -O2 -fallow-argument-mismatch lhsz.f90
mpif90 -c -I/usr/include/ -frecord-gcc-switches -O2 -fallow-argument-mismatch x_solve.f90
mpif90 -c -I/usr/include/ -frecord-gcc-switches -O2 -fallow-argument-mismatch ninvr.f90
mpif90 -c -I/usr/include/ -frecord-gcc-switches -O2 -fallow-argument-mismatch y_solve.f90
mpif90 -c -I/usr/include/ -frecord-gcc-switches -O2 -fallow-argument-mismatch pinvr.f90
mpif90 -c -I/usr/include/ -frecord-gcc-switches -O2 -fallow-argument-mismatch z_solve.f90
mpif90 -c -I/usr/include/ -frecord-gcc-switches -O2 -fallow-argument-mismatch tzetar.f90
mpif90 -c -I/usr/include/ -frecord-gcc-switches -O2 -fallow-argument-mismatch add.f90
mpif90 -c -I/usr/include/ -frecord-gcc-switches -O2 -fallow-argument-mismatch txinvr.f90
mpif90 -c -I/usr/include/ -frecord-gcc-switches -O2 -fallow-argument-mismatch error.f90
mpif90 -c -I/usr/include/ -frecord-gcc-switches -O2 -fallow-argument-mismatch verify.f90
mpif90 -c -I/usr/include/ -frecord-gcc-switches -O2 -fallow-argument-mismatch setup_mpi.f90
mpif77 -frecord-gcc-switches -O2 -fallow-argument-mismatch -o ../bin/sp.B.x sp.o sp_data.o make_set.o initialize.o exact_solution.o exact_rhs.o set_constants.o adi.o define.o copy_faces.o rhs.o lhsx.o lhsy.o lhsz.o x_solve.o ninvr.o y_solve.o pinvr.o z_solve.o tzetar.o add.o txinvr.o error.o verify.o setup_mpi.o mpinpb.o ../common/get_active_nprocs.o ../common/print_results.o ../common/timers.o -L/usr/lib/x86_64-linux-gnu/libmpi.so
make[1]: Leaving directory '/home/ubuntu/.phoronix-test-suite/installed-tests/pts/npb-1.4.5/NPB3.4.1/NPB3.4-MPI/SP'
   =========================================
   =      NAS Parallel Benchmarks 3.4      =
   =      MPI/Fortran/C                    =
   =========================================

cd SP; make CLASS=C
make[1]: Entering directory '/home/ubuntu/.phoronix-test-suite/installed-tests/pts/npb-1.4.5/NPB3.4.1/NPB3.4-MPI/SP'
make[2]: Entering directory '/home/ubuntu/.phoronix-test-suite/installed-tests/pts/npb-1.4.5/NPB3.4.1/NPB3.4-MPI/sys'
make[2]: Nothing to be done for 'all'.
make[2]: Leaving directory '/home/ubuntu/.phoronix-test-suite/installed-tests/pts/npb-1.4.5/NPB3.4.1/NPB3.4-MPI/sys'
../sys/setparams sp C 
mpif90 -c -I/usr/include/ -frecord-gcc-switches -O2 -fallow-argument-mismatch sp_data.f90
mpif90 -c -I/usr/include/ -frecord-gcc-switches -O2 -fallow-argument-mismatch sp.f90
sp.f90:118:22:

  115 |        call mpi_bcast(niter, 1, MPI_INTEGER,  &
      |                      2
......
  118 |        call mpi_bcast(dt, 1, dp_type,  &
      |                      1
Warning: Type mismatch between actual argument at (1) and actual argument at (2) (REAL(8)/INTEGER(4)).
sp.f90:226:23:

  192 |        call mpi_reduce(t, tmax, 1,  &
      |                       2
......
  226 |        call MPI_Reduce(t1, tsum,  t_last+2, dp_type, MPI_SUM,  &
      |                       1
Warning: Rank mismatch between actual argument at (1) and actual argument at (2) (scalar and rank-1)
sp.f90:226:27:

  192 |        call mpi_reduce(t, tmax, 1,  &
      |                          2 
......
  226 |        call MPI_Reduce(t1, tsum,  t_last+2, dp_type, MPI_SUM,  &
      |                           1
Warning: Rank mismatch between actual argument at (1) and actual argument at (2) (scalar and rank-1)
sp.f90:228:23:

  192 |        call mpi_reduce(t, tmax, 1,  &
      |                       2
......
  228 |        call MPI_Reduce(t1, tming, t_last+2, dp_type, MPI_MIN,  &
      |                       1
Warning: Rank mismatch between actual argument at (1) and actual argument at (2) (scalar and rank-1)
sp.f90:228:27:

  192 |        call mpi_reduce(t, tmax, 1,  &
      |                          2 
......
  228 |        call MPI_Reduce(t1, tming, t_last+2, dp_type, MPI_MIN,  &
      |                           1
Warning: Rank mismatch between actual argument at (1) and actual argument at (2) (scalar and rank-1)
sp.f90:230:23:

  192 |        call mpi_reduce(t, tmax, 1,  &
      |                       2
......
  230 |        call MPI_Reduce(t1, tmaxg, t_last+2, dp_type, MPI_MAX,  &
      |                       1
Warning: Rank mismatch between actual argument at (1) and actual argument at (2) (scalar and rank-1)
sp.f90:230:27:

  192 |        call mpi_reduce(t, tmax, 1,  &
      |                          2 
......
  230 |        call MPI_Reduce(t1, tmaxg, t_last+2, dp_type, MPI_MAX,  &
      |                           1
Warning: Rank mismatch between actual argument at (1) and actual argument at (2) (scalar and rank-1)
mpif90 -c -I/usr/include/ -frecord-gcc-switches -O2 -fallow-argument-mismatch make_set.f90
mpif90 -c -I/usr/include/ -frecord-gcc-switches -O2 -fallow-argument-mismatch initialize.f90
mpif90 -c -I/usr/include/ -frecord-gcc-switches -O2 -fallow-argument-mismatch exact_solution.f90
mpif90 -c -I/usr/include/ -frecord-gcc-switches -O2 -fallow-argument-mismatch exact_rhs.f90
mpif90 -c -I/usr/include/ -frecord-gcc-switches -O2 -fallow-argument-mismatch set_constants.f90
mpif90 -c -I/usr/include/ -frecord-gcc-switches -O2 -fallow-argument-mismatch adi.f90
mpif90 -c -I/usr/include/ -frecord-gcc-switches -O2 -fallow-argument-mismatch define.f90
mpif90 -c -I/usr/include/ -frecord-gcc-switches -O2 -fallow-argument-mismatch copy_faces.f90
mpif90 -c -I/usr/include/ -frecord-gcc-switches -O2 -fallow-argument-mismatch rhs.f90
mpif90 -c -I/usr/include/ -frecord-gcc-switches -O2 -fallow-argument-mismatch lhsx.f90
mpif90 -c -I/usr/include/ -frecord-gcc-switches -O2 -fallow-argument-mismatch lhsy.f90
mpif90 -c -I/usr/include/ -frecord-gcc-switches -O2 -fallow-argument-mismatch lhsz.f90
mpif90 -c -I/usr/include/ -frecord-gcc-switches -O2 -fallow-argument-mismatch x_solve.f90
mpif90 -c -I/usr/include/ -frecord-gcc-switches -O2 -fallow-argument-mismatch ninvr.f90
mpif90 -c -I/usr/include/ -frecord-gcc-switches -O2 -fallow-argument-mismatch y_solve.f90
mpif90 -c -I/usr/include/ -frecord-gcc-switches -O2 -fallow-argument-mismatch pinvr.f90
mpif90 -c -I/usr/include/ -frecord-gcc-switches -O2 -fallow-argument-mismatch z_solve.f90
mpif90 -c -I/usr/include/ -frecord-gcc-switches -O2 -fallow-argument-mismatch tzetar.f90
mpif90 -c -I/usr/include/ -frecord-gcc-switches -O2 -fallow-argument-mismatch add.f90
mpif90 -c -I/usr/include/ -frecord-gcc-switches -O2 -fallow-argument-mismatch txinvr.f90
mpif90 -c -I/usr/include/ -frecord-gcc-switches -O2 -fallow-argument-mismatch error.f90
mpif90 -c -I/usr/include/ -frecord-gcc-switches -O2 -fallow-argument-mismatch verify.f90
mpif90 -c -I/usr/include/ -frecord-gcc-switches -O2 -fallow-argument-mismatch setup_mpi.f90
mpif77 -frecord-gcc-switches -O2 -fallow-argument-mismatch -o ../bin/sp.C.x sp.o sp_data.o make_set.o initialize.o exact_solution.o exact_rhs.o set_constants.o adi.o define.o copy_faces.o rhs.o lhsx.o lhsy.o lhsz.o x_solve.o ninvr.o y_solve.o pinvr.o z_solve.o tzetar.o add.o txinvr.o error.o verify.o setup_mpi.o mpinpb.o ../common/get_active_nprocs.o ../common/print_results.o ../common/timers.o -L/usr/lib/x86_64-linux-gnu/libmpi.so
make[1]: Leaving directory '/home/ubuntu/.phoronix-test-suite/installed-tests/pts/npb-1.4.5/NPB3.4.1/NPB3.4-MPI/SP'
   =========================================
   =      NAS Parallel Benchmarks 3.4      =
   =      MPI/Fortran/C                    =
   =========================================

cd IS; make CLASS=D
make[1]: Entering directory '/home/ubuntu/.phoronix-test-suite/installed-tests/pts/npb-1.4.5/NPB3.4.1/NPB3.4-MPI/IS'
make[2]: Entering directory '/home/ubuntu/.phoronix-test-suite/installed-tests/pts/npb-1.4.5/NPB3.4.1/NPB3.4-MPI/sys'
make[2]: Nothing to be done for 'all'.
make[2]: Leaving directory '/home/ubuntu/.phoronix-test-suite/installed-tests/pts/npb-1.4.5/NPB3.4.1/NPB3.4-MPI/sys'
../sys/setparams is D 
/usr/bin/mpicc.openmpi -c -I/usr/include/ -frecord-gcc-switches -O2 -fallow-argument-mismatch is.c
cc1: warning: command-line option ‘-fallow-argument-mismatch’ is valid for Fortran but not for C
cd ../common; /usr/bin/mpicc.openmpi -c -I/usr/include/ -frecord-gcc-switches -O2 -fallow-argument-mismatch c_print_results.c
cc1: warning: command-line option ‘-fallow-argument-mismatch’ is valid for Fortran but not for C
cd ../common; /usr/bin/mpicc.openmpi -c -I/usr/include/ -frecord-gcc-switches -O2 -fallow-argument-mismatch c_timers.c
cc1: warning: command-line option ‘-fallow-argument-mismatch’ is valid for Fortran but not for C
/usr/bin/mpicc.openmpi -frecord-gcc-switches -O2 -fallow-argument-mismatch -o ../bin/is.D.x is.o ../common/c_print_results.o ../common/c_timers.o -L/usr/lib/x86_64-linux-gnu/libmpi.so
make[1]: Leaving directory '/home/ubuntu/.phoronix-test-suite/installed-tests/pts/npb-1.4.5/NPB3.4.1/NPB3.4-MPI/IS'
   =========================================
   =      NAS Parallel Benchmarks 3.4      =
   =      MPI/Fortran/C                    =
   =========================================

cd MG; make CLASS=C
make[1]: Entering directory '/home/ubuntu/.phoronix-test-suite/installed-tests/pts/npb-1.4.5/NPB3.4.1/NPB3.4-MPI/MG'
make[2]: Entering directory '/home/ubuntu/.phoronix-test-suite/installed-tests/pts/npb-1.4.5/NPB3.4.1/NPB3.4-MPI/sys'
make[2]: Nothing to be done for 'all'.
make[2]: Leaving directory '/home/ubuntu/.phoronix-test-suite/installed-tests/pts/npb-1.4.5/NPB3.4.1/NPB3.4-MPI/sys'
../sys/setparams mg C 
mpif90 -c -I/usr/include/ -frecord-gcc-switches -O2 -fallow-argument-mismatch mpinpb.f90
mpif90 -c -I/usr/include/ -frecord-gcc-switches -O2 -fallow-argument-mismatch mg_data.f90
mpif90 -c -I/usr/include/ -frecord-gcc-switches -O2 -fallow-argument-mismatch mg.f90
mg.f90:2241:28:

 1089 |       call mpi_allreduce(rnmu,ss,1,dp_type,  &
      |                         2   
......
 2241 |          call mpi_allreduce(jg(0,i,1), jg_temp,4,MPI_INTEGER,  &
      |                            1
Warning: Type mismatch between actual argument at (1) and actual argument at (2) (INTEGER(4)/REAL(8)).
mg.f90:2241:39:

 1089 |       call mpi_allreduce(rnmu,ss,1,dp_type,  &
      |                              2         
......
 2241 |          call mpi_allreduce(jg(0,i,1), jg_temp,4,MPI_INTEGER,  &
      |                                       1
Warning: Type mismatch between actual argument at (1) and actual argument at (2) (INTEGER(4)/REAL(8)).
mg.f90:167:21:

  160 |       call mpi_bcast(lt, 1, MPI_INTEGER, 0, comm_work, ierr)
      |                     2
......
  167 |       call mpi_bcast(timeron, 1, MPI_LOGICAL, 0, comm_work, ierr)
      |                     1
Warning: Type mismatch between actual argument at (1) and actual argument at (2) (LOGICAL(4)/INTEGER(4)).
mg.f90:380:22:

  299 |       call mpi_reduce(t0,t,1,dp_type,  &
      |                      2
......
  380 |       call MPI_Reduce(t1, tsum,  t_last+2, dp_type, MPI_SUM,  &
      |                      1
Warning: Rank mismatch between actual argument at (1) and actual argument at (2) (scalar and rank-1)
mg.f90:380:26:

  299 |       call mpi_reduce(t0,t,1,dp_type,  &
      |                         2 
......
  380 |       call MPI_Reduce(t1, tsum,  t_last+2, dp_type, MPI_SUM,  &
      |                          1
Warning: Rank mismatch between actual argument at (1) and actual argument at (2) (scalar and rank-1)
mg.f90:382:22:

  299 |       call mpi_reduce(t0,t,1,dp_type,  &
      |                      2
......
  382 |       call MPI_Reduce(t1, tming, t_last+2, dp_type, MPI_MIN,  &
      |                      1
Warning: Rank mismatch between actual argument at (1) and actual argument at (2) (scalar and rank-1)
mg.f90:382:26:

  299 |       call mpi_reduce(t0,t,1,dp_type,  &
      |                         2 
......
  382 |       call MPI_Reduce(t1, tming, t_last+2, dp_type, MPI_MIN,  &
      |                          1
Warning: Rank mismatch between actual argument at (1) and actual argument at (2) (scalar and rank-1)
mg.f90:384:22:

  299 |       call mpi_reduce(t0,t,1,dp_type,  &
      |                      2
......
  384 |       call MPI_Reduce(t1, tmaxg, t_last+2, dp_type, MPI_MAX,  &
      |                      1
Warning: Rank mismatch between actual argument at (1) and actual argument at (2) (scalar and rank-1)
mg.f90:384:26:

  299 |       call mpi_reduce(t0,t,1,dp_type,  &
      |                         2 
......
  384 |       call MPI_Reduce(t1, tmaxg, t_last+2, dp_type, MPI_MAX,  &
      |                          1
Warning: Rank mismatch between actual argument at (1) and actual argument at (2) (scalar and rank-1)
mpif77 -frecord-gcc-switches -O2 -fallow-argument-mismatch -o ../bin/mg.C.x mg.o mg_data.o mpinpb.o ../common/print_results.o ../common/get_active_nprocs.o ../common/randi8.o ../common/timers.o -L/usr/lib/x86_64-linux-gnu/libmpi.so
make[1]: Leaving directory '/home/ubuntu/.phoronix-test-suite/installed-tests/pts/npb-1.4.5/NPB3.4.1/NPB3.4-MPI/MG'
   =========================================
   =      NAS Parallel Benchmarks 3.4      =
   =      MPI/Fortran/C                    =
   =========================================

cd CG; make CLASS=C
make[1]: Entering directory '/home/ubuntu/.phoronix-test-suite/installed-tests/pts/npb-1.4.5/NPB3.4.1/NPB3.4-MPI/CG'
make[2]: Entering directory '/home/ubuntu/.phoronix-test-suite/installed-tests/pts/npb-1.4.5/NPB3.4.1/NPB3.4-MPI/sys'
make[2]: Nothing to be done for 'all'.
make[2]: Leaving directory '/home/ubuntu/.phoronix-test-suite/installed-tests/pts/npb-1.4.5/NPB3.4.1/NPB3.4-MPI/sys'
../sys/setparams cg C 
mpif90 -c -I/usr/include/ -frecord-gcc-switches -O2 -fallow-argument-mismatch mpinpb.f90
mpif90 -c -I/usr/include/ -frecord-gcc-switches -O2 -fallow-argument-mismatch cg_data.f90
mpif90 -c -I/usr/include/ -frecord-gcc-switches -O2 -fallow-argument-mismatch cg.f90
cg.f90:897:28:

  819 |          call mpi_irecv( rho,  &
      |                         2   
......
  897 |             call mpi_irecv( q,               &
      |                            1
Warning: Rank mismatch between actual argument at (1) and actual argument at (2) (scalar and rank-1)
cg.f90:1089:25:

  819 |          call mpi_irecv( rho,  &
      |                         2
......
 1089 |          call mpi_irecv( r,               &
      |                         1
Warning: Rank mismatch between actual argument at (1) and actual argument at (2) (scalar and rank-1)
cg.f90:250:28:

  250 |             call mpi_irecv( norm_temp2,  &
      |                            1
......
  819 |          call mpi_irecv( rho,  &
      |                         2   
Warning: Rank mismatch between actual argument at (1) and actual argument at (2) (scalar and rank-1)
cg.f90:258:28:

  258 |             call mpi_send(  norm_temp1,  &
      |                            1
......
  827 |          call mpi_send(  sum,  &
      |                         2   
Warning: Rank mismatch between actual argument at (1) and actual argument at (2) (scalar and rank-1)
cg.f90:337:28:

  337 |             call mpi_irecv( norm_temp2,  &
      |                            1
......
  819 |          call mpi_irecv( rho,  &
      |                         2   
Warning: Rank mismatch between actual argument at (1) and actual argument at (2) (scalar and rank-1)
cg.f90:345:28:

  345 |             call mpi_send(  norm_temp1,  &
      |                            1
......
  827 |          call mpi_send(  sum,  &
      |                         2   
Warning: Rank mismatch between actual argument at (1) and actual argument at (2) (scalar and rank-1)
cg.f90:460:22:

  388 |       call mpi_reduce( t,  &
      |                       2
......
  460 |       call MPI_Reduce(t1, tsum,  t_last+2, dp_type, MPI_SUM,  &
      |                      1
Warning: Rank mismatch between actual argument at (1) and actual argument at (2) (scalar and rank-1)
cg.f90:460:26:

  389 |      &                 tmax,  &
      |                       2   
......
  460 |       call MPI_Reduce(t1, tsum,  t_last+2, dp_type, MPI_SUM,  &
      |                          1
Warning: Rank mismatch between actual argument at (1) and actual argument at (2) (scalar and rank-1)
cg.f90:462:22:

  388 |       call mpi_reduce( t,  &
      |                       2
......
  462 |       call MPI_Reduce(t1, tming, t_last+2, dp_type, MPI_MIN,  &
      |                      1
Warning: Rank mismatch between actual argument at (1) and actual argument at (2) (scalar and rank-1)
cg.f90:462:26:

  389 |      &                 tmax,  &
      |                       2   
......
  462 |       call MPI_Reduce(t1, tming, t_last+2, dp_type, MPI_MIN,  &
      |                          1
Warning: Rank mismatch between actual argument at (1) and actual argument at (2) (scalar and rank-1)
cg.f90:464:22:

  388 |       call mpi_reduce( t,  &
      |                       2
......
  464 |       call MPI_Reduce(t1, tmaxg, t_last+2, dp_type, MPI_MAX,  &
      |                      1
Warning: Rank mismatch between actual argument at (1) and actual argument at (2) (scalar and rank-1)
cg.f90:464:26:

  389 |      &                 tmax,  &
      |                       2   
......
  464 |       call MPI_Reduce(t1, tmaxg, t_last+2, dp_type, MPI_MAX,  &
      |                          1
Warning: Rank mismatch between actual argument at (1) and actual argument at (2) (scalar and rank-1)
mpif77 -frecord-gcc-switches -O2 -fallow-argument-mismatch -o ../bin/cg.C.x cg.o cg_data.o mpinpb.o ../common/print_results.o ../common/get_active_nprocs.o ../common/randi8.o ../common/timers.o -L/usr/lib/x86_64-linux-gnu/libmpi.so
make[1]: Leaving directory '/home/ubuntu/.phoronix-test-suite/installed-tests/pts/npb-1.4.5/NPB3.4.1/NPB3.4-MPI/CG'
