Archive:  cycles_benchmark_20160228.zip
   creating: benchmark/
   creating: benchmark/classroom/
   creating: benchmark/classroom/assets/
   creating: benchmark/classroom/assets/coatStand/
  inflating: benchmark/classroom/assets/coatStand/coatStand.blend  
   creating: benchmark/classroom/assets/chairs/
  inflating: benchmark/classroom/assets/chairs/chairs.blend  
   creating: benchmark/classroom/assets/desks/
  inflating: benchmark/classroom/assets/desks/desks.blend  
   creating: benchmark/classroom/assets/wastes/
  inflating: benchmark/classroom/assets/wastes/wastes.blend  
   creating: benchmark/classroom/assets/wastes/textures/
  inflating: benchmark/classroom/assets/wastes/textures/crinkledPaper_03.png  
  inflating: benchmark/classroom/assets/wastes/textures/crinkledPaper_02.png  
  inflating: benchmark/classroom/assets/wastes/textures/crinkledPaper.png  
   creating: benchmark/classroom/assets/dustBin/
  inflating: benchmark/classroom/assets/dustBin/dustBin.blend  
   creating: benchmark/classroom/assets/dustBin/textures/
  inflating: benchmark/classroom/assets/dustBin/textures/dustbin_wireframe.png  
   creating: benchmark/classroom/assets/books/
   creating: benchmark/classroom/assets/books/textures/
  inflating: benchmark/classroom/assets/books/textures/zapBook.jpg  
  inflating: benchmark/classroom/assets/books/books.blend  
   creating: benchmark/classroom/assets/radiator/
  inflating: benchmark/classroom/assets/radiator/radiator.blend  
   creating: benchmark/classroom/assets/radiator/textures/
  inflating: benchmark/classroom/assets/radiator/textures/radiator_AO.png  
   creating: benchmark/classroom/assets/officeSupplies/
   creating: benchmark/classroom/assets/officeSupplies/textures/
  inflating: benchmark/classroom/assets/officeSupplies/textures/pencil_color.png  
  inflating: benchmark/classroom/assets/officeSupplies/textures/pencil_glossyMask.png  
  inflating: benchmark/classroom/assets/officeSupplies/textures/pencil_brandMask.png  
  inflating: benchmark/classroom/assets/officeSupplies/textures/pencil_colorMask.png  
  inflating: benchmark/classroom/assets/officeSupplies/textures/eraser.jpg  
  inflating: benchmark/classroom/assets/officeSupplies/officeSupplies.blend  
   creating: benchmark/classroom/assets/__ENV/
   creating: benchmark/classroom/assets/__ENV/Garage/
  inflating: benchmark/classroom/assets/__ENV/Garage/Garage.hdr  
   creating: benchmark/classroom/assets/wallClock/
   creating: benchmark/classroom/assets/wallClock/textures/
  inflating: benchmark/classroom/assets/wallClock/textures/wallClock.png  
  inflating: benchmark/classroom/assets/wallClock/wallClock.blend  
   creating: benchmark/classroom/assets/lamps/
  inflating: benchmark/classroom/assets/lamps/lamps.blend  
   creating: benchmark/classroom/assets/suitcase/
  inflating: benchmark/classroom/assets/suitcase/suitcase.blend  
  inflating: benchmark/classroom/classroom_cpu.blend  
  inflating: benchmark/classroom/classroom_gpu.blend  
   creating: benchmark/classroom/textures/
  inflating: benchmark/classroom/textures/cork.jpg  
  inflating: benchmark/classroom/textures/ceiling_AO.png  
   creating: benchmark/classroom/textures/_baseTextures/
  inflating: benchmark/classroom/textures/_baseTextures/base_brightWood.png  
  inflating: benchmark/classroom/textures/_baseTextures/base_leather.jpg  
  inflating: benchmark/classroom/textures/_baseTextures/base_bluredMetal.png  
  inflating: benchmark/classroom/textures/_baseTextures/base_bareMetal.png  
  inflating: benchmark/classroom/textures/_baseTextures/base_scratch.jpg  
  inflating: benchmark/classroom/textures/_baseTextures/base_paper_01.png  
  inflating: benchmark/classroom/textures/_baseTextures/base_wallPaint.jpg  
  inflating: benchmark/classroom/textures/_baseTextures/base_paintedPlasterWall.jpg  
  inflating: benchmark/classroom/textures/_baseTextures/base_woodFloor.jpg  
  inflating: benchmark/classroom/textures/_baseTextures/base_brownWood.jpg  
  inflating: benchmark/classroom/textures/_baseTextures/base_frostedGlass.png  
  inflating: benchmark/classroom/textures/_baseTextures/base_darkWood.png  
   creating: benchmark/classroom/textures/childDrawing/
  inflating: benchmark/classroom/textures/childDrawing/childDrawing_03.jpg  
  inflating: benchmark/classroom/textures/childDrawing/childDrawing_07.png  
  inflating: benchmark/classroom/textures/childDrawing/childDrawing_08.png  
  inflating: benchmark/classroom/textures/childDrawing/childDrawing_05.jpg  
  inflating: benchmark/classroom/textures/childDrawing/childDrawing_01.jpg  
  inflating: benchmark/classroom/textures/childDrawing/childDrawing_04.jpg  
  inflating: benchmark/classroom/textures/childDrawing/childDrawing_06.jpg  
  inflating: benchmark/classroom/textures/childDrawing/childDrawing_02.jpg  
  inflating: benchmark/classroom/textures/blackBoard.png  
  inflating: benchmark/classroom/textures/europeMap.png  
  inflating: benchmark/classroom/textures/glass.jpg  
  inflating: benchmark/classroom/textures/ceilingAirVent_AO.png  
  inflating: benchmark/classroom/textures/woodPlanks.jpg  
  inflating: benchmark/classroom/ReadMe.txt  
   creating: benchmark/koro/
  inflating: benchmark/koro/readme.txt  
  inflating: benchmark/koro/koro_gpu.blend  
  inflating: benchmark/koro/koro_cpu.blend  
   creating: benchmark/koro/textures/
  inflating: benchmark/koro/textures/koro_spec.png  
  inflating: benchmark/koro/textures/koro_hair_jeta_alpha.png  
  inflating: benchmark/koro/textures/koro_color.png  
  inflating: benchmark/koro/textures/koro_color_4k.png  
  inflating: benchmark/koro/textures/koro_bump.png  
  inflating: benchmark/koro/textures/koro_eye.png  
  inflating: benchmark/koro/textures/koro_hair_alpha.png  
   creating: benchmark/fishy_cat/
  inflating: benchmark/fishy_cat/readme.txt  
  inflating: benchmark/fishy_cat/fishy_cat_cpu.blend  
  inflating: benchmark/fishy_cat/fishy_cat_gpu.blend  
   creating: benchmark/bmw27/
  inflating: benchmark/bmw27/bmw27_gpu.blend  
  inflating: benchmark/bmw27/bmw27_cpu.blend  
   creating: benchmark/victor/
  inflating: benchmark/victor/license.txt  
  inflating: benchmark/victor/render_settings.txt  
  inflating: benchmark/victor/victor_cpu.blend  
   creating: benchmark/pabellon_barcelona/
  inflating: benchmark/pabellon_barcelona/readme.txt  
  inflating: benchmark/pabellon_barcelona/pavillon_barcelone_gpu.blend  
  inflating: benchmark/pabellon_barcelona/pavillon_barcelone_cpu.blend  
   creating: benchmark/pabellon_barcelona/textures/
  inflating: benchmark/pabellon_barcelona/textures/DSC_8129.JPG  
  inflating: benchmark/pabellon_barcelona/textures/lotus.jpg  
  inflating: benchmark/pabellon_barcelona/textures/Mies-BCN_M121.jpg  
  inflating: benchmark/pabellon_barcelona/textures/rocks.jpg  
  inflating: benchmark/pabellon_barcelona/textures/Mies-BCN_M081.jpg  
  inflating: benchmark/pabellon_barcelona/textures/wood.jpg  
  inflating: benchmark/pabellon_barcelona/textures/url.jpeg  
  inflating: benchmark/pabellon_barcelona/textures/Mies-BCN_M081bump.jpg  
  inflating: benchmark/pabellon_barcelona/textures/Mies-BCN_M11.jpg  
  inflating: benchmark/pabellon_barcelona/textures/water-raindrop.jpg  
  inflating: benchmark/pabellon_barcelona/textures/DSC_8980.JPG  
  inflating: benchmark/pabellon_barcelona/textures/vignette.jpg  
  inflating: benchmark/pabellon_barcelona/textures/tree_leafs.png  
  inflating: benchmark/pabellon_barcelona/textures/candle flame 2.png  
  inflating: benchmark/pabellon_barcelona/textures/grass_mid_seamless.jpg  
  inflating: benchmark/pabellon_barcelona/textures/Mies-BCN_M01.jpg  
  inflating: benchmark/pabellon_barcelona/textures/DSC_9126.JPG  
