
7-Zip [64] 16.02 : Copyright (c) 1999-2016 Igor Pavlov : 2016-05-21
p7zip Version 16.02 (locale=en_US.utf8,Utf16=on,HugeFiles=on,64 bits,64 CPUs Intel(R) Xeon(R) Gold 5218 CPU @ 2.30GHz (50657),ASM,AES-NI)

Scanning the drive for archives:
1 file, 680772328 bytes (650 MiB)

Extracting archive: Bosphorus_1920x1080_120fps_420_8bit_YUV_RAW.7z
--
Path = Bosphorus_1920x1080_120fps_420_8bit_YUV_RAW.7z
Type = 7z
Physical Size = 680772328
Headers Size = 249
Method = LZMA:16 BZip2
Solid = -
Blocks = 2

Everything is Ok

Files: 2
Size:       1866240249
Compressed: 680772328

7-Zip [64] 16.02 : Copyright (c) 1999-2016 Igor Pavlov : 2016-05-21
p7zip Version 16.02 (locale=en_US.utf8,Utf16=on,HugeFiles=on,64 bits,64 CPUs Intel(R) Xeon(R) Gold 5218 CPU @ 2.30GHz (50657),ASM,AES-NI)

Scanning the drive for archives:
1 file, 2804470345 bytes (2675 MiB)

Extracting archive: Bosphorus_3840x2160_120fps_420_8bit_YUV_Y4M.7z
--
Path = Bosphorus_3840x2160_120fps_420_8bit_YUV_Y4M.7z
Type = 7z
Physical Size = 2804470345
Headers Size = 215
Method = BZip2
Solid = -
Blocks = 2

Everything is Ok

Files: 2
Size:       7464963909
Compressed: 2804470345
Unable to find clang or icc, it is recommended to use clang
Currently using /tmp/pts-compiler-mask-svt-av12.11.1//gcc
Unable to find clang++ or icpc, it is recommended to use clang++
Currently using /tmp/pts-compiler-mask-svt-av12.11.1//g++
-- The C compiler identification is GNU 13.2.0
-- The CXX compiler identification is GNU 13.2.0
-- Detecting C compiler ABI info
-- Detecting C compiler ABI info - done
-- Check for working C compiler: /tmp/pts-compiler-mask-svt-av12.11.1/gcc - skipped
-- Detecting C compile features
-- Detecting C compile features - done
-- Detecting CXX compiler ABI info
-- Detecting CXX compiler ABI info - done
-- Check for working CXX compiler: /tmp/pts-compiler-mask-svt-av12.11.1/g++ - skipped
-- Detecting CXX compile features
-- Detecting CXX compile features - done
-- Performing Test HAVE_X86_PLATFORM
-- Performing Test HAVE_X86_PLATFORM - Success
-- Performing Test HAVE_ARM_PLATFORM
-- Performing Test HAVE_ARM_PLATFORM - Failed
-- The ASM_NASM compiler identification is YASM
-- Found assembler: /usr/bin/yasm
-- BUILD_SHARED_LIBS: ON
-- Checking C flag support for: [-Wformat-security] - Yes
-- Checking C flag support for: [-Wformat] - Yes
-- Checking C flag support for: [-Wextra] - Yes
-- Checking CXX flag support for: [-Wformat-security] - Yes
-- Checking CXX flag support for: [-Wformat] - Yes
-- Checking CXX flag support for: [-Wextra] - Yes
-- Checking C flag support for: [-Wall] - Yes
-- Checking CXX flag support for: [-Wall] - Yes
-- Checking C flag support for: [-march=native] - Yes
-- Checking CXX flag support for: [-march=native] - Yes
-- Checking C flag support for: [-fstack-protector-strong] - Yes
-- Checking CXX flag support for: [-fstack-protector-strong] - Yes
-- Checking C flag support for: [-fno-stack-clash-protection] - Yes
-- Checking CXX flag support for: [-fno-stack-clash-protection] - Yes
-- Checking C flag support for: [-mno-avx] - Yes
-- Checking CXX flag support for: [-mno-avx] - Yes
-- Looking for _mm512_extracti64x4_epi64
-- Looking for _mm512_extracti64x4_epi64 - found
-- Looking for strnlen_s
-- Looking for strnlen_s - not found
-- Looking for strncpy_s
-- Looking for strncpy_s - not found
-- Looking for strcpy_s
-- Looking for strcpy_s - not found
-- Looking for valgrind/valgrind.h
-- Looking for valgrind/valgrind.h - not found
-- Performing Test HAVE_BUILTIN_EXPECT
-- Performing Test HAVE_BUILTIN_EXPECT - Success
-- Performing Test CMAKE_HAVE_LIBC_PTHREAD
-- Performing Test CMAKE_HAVE_LIBC_PTHREAD - Success
-- Found Threads: TRUE  
-- Checking C flag support for: [-msse2] - Yes
-- Checking CXX flag support for: [-msse2] - Yes
-- Checking C flag support for: [-mssse3] - Yes
-- Checking CXX flag support for: [-mssse3] - Yes
-- Checking C flag support for: [-msse4.1] - Yes
-- Checking CXX flag support for: [-msse4.1] - Yes
-- Checking C flag support for: [-mavx2] - Yes
-- Checking CXX flag support for: [-mavx2] - Yes
-- Checking C flag support for: [-mavx512f] - Yes
-- Checking C flag support for: [-mavx512bw] - Yes
-- Checking C flag support for: [-mavx512dq] - Yes
-- Checking C flag support for: [-mavx512vl] - Yes
-- Checking CXX flag support for: [-mavx512f] - Yes
-- Checking CXX flag support for: [-mavx512bw] - Yes
-- Checking CXX flag support for: [-mavx512dq] - Yes
-- Checking CXX flag support for: [-mavx512vl] - Yes
CMake Deprecation Warning at third_party/cpuinfo/CMakeLists.txt:1 (CMAKE_MINIMUM_REQUIRED):
  Compatibility with CMake < 3.5 will be removed from a future version of
  CMake.

  Update the VERSION argument <min> value or use a ...<max> suffix to tell
  CMake that the project does not need compatibility with older versions.


CMake Deprecation Warning at third_party/cpuinfo/deps/clog/CMakeLists.txt:1 (CMAKE_MINIMUM_REQUIRED):
  Compatibility with CMake < 3.5 will be removed from a future version of
  CMake.

  Update the VERSION argument <min> value or use a ...<max> suffix to tell
  CMake that the project does not need compatibility with older versions.


-- Configuring done (10.1s)
-- Generating done (0.1s)
-- Build files have been written to: /home/ubuntu/.phoronix-test-suite/installed-tests/pts/svt-av1-2.11.1/SVT-AV1-v1.8.0/Build/linux/Release
[  0%] Building C object CMakeFiles/safestringlib.dir/third_party/safestringlib/strncpy_s.c.o
[  0%] Building C object CMakeFiles/safestringlib.dir/third_party/safestringlib/safe_str_constraint.c.o
[  1%] Building C object Source/Lib/Common/C_DEFAULT/CMakeFiles/COMMON_C_DEFAULT.dir/EbBlend_a64_mask_c.c.o
[  1%] Building C object Source/Lib/Common/ASM_SSSE3/CMakeFiles/COMMON_ASM_SSSE3.dir/highbd_convolve_2d_ssse3.c.o
[  1%] Building C object Source/Lib/Common/Codec/CMakeFiles/COMMON_CODEC.dir/EbBlockStructures.c.o
[  1%] Building C object Source/Lib/Common/Codec/CMakeFiles/COMMON_CODEC.dir/EbCabacContextModel.c.o
[  1%] Building C object Source/Lib/Common/ASM_SSE4_1/CMakeFiles/COMMON_ASM_SSE4_1.dir/EbBlend_a64_mask_sse4.c.o
[  1%] Building C object Source/Lib/Common/ASM_SSSE3/CMakeFiles/COMMON_ASM_SSSE3.dir/EbHighbdIntraPrediction_Intrinsic_SSSE3.c.o
[  1%] Building C object CMakeFiles/safestringlib.dir/third_party/safestringlib/strnlen_s.c.o
[  1%] Building C object Source/Lib/Common/Codec/CMakeFiles/COMMON_CODEC.dir/EbBlend_a64_mask.c.o
[  2%] Building C object Source/Lib/Common/C_DEFAULT/CMakeFiles/COMMON_C_DEFAULT.dir/EbPackUnPack_C.c.o
[  2%] Building C object Source/Lib/Common/ASM_SSE2/CMakeFiles/COMMON_ASM_SSE2.dir/EbAvcStyleMcp_Intrinsic_SSE2.c.o
[  3%] Building C object CMakeFiles/safestringlib.dir/third_party/safestringlib/ignore_handler_s.c.o
[  3%] Building C object Source/Lib/Common/C_DEFAULT/CMakeFiles/COMMON_C_DEFAULT.dir/EbPictureOperators_C.c.o
[  4%] Building C object Source/Lib/Common/Codec/CMakeFiles/COMMON_CODEC.dir/EbBitstreamUnit.c.o
[  5%] Building C object Source/Lib/Common/Codec/CMakeFiles/COMMON_CODEC.dir/EbDeblockingCommon.c.o
[  6%] Building C object Source/Lib/Common/ASM_AVX512/CMakeFiles/COMMON_ASM_AVX512.dir/EbHighbdIntraPrediction_AVX512.c.o
[  6%] Building C object CMakeFiles/safestringlib.dir/third_party/safestringlib/strcpy_s.c.o
[  6%] Building C object Source/Lib/Common/C_DEFAULT/CMakeFiles/COMMON_C_DEFAULT.dir/cfl_c.c.o
[  6%] Building C object Source/Lib/Common/C_DEFAULT/CMakeFiles/COMMON_C_DEFAULT.dir/EbInterPrediction_c.c.o
[  6%] Building C object Source/Lib/Common/ASM_SSSE3/CMakeFiles/COMMON_ASM_SSSE3.dir/intrapred_ssse3.c.o
[  6%] Building C object Source/Lib/Common/ASM_SSE4_1/CMakeFiles/COMMON_ASM_SSE4_1.dir/EbPictureOperators_Intrinsic_SSE4_1.c.o
[  6%] Building C object Source/Lib/Encoder/C_DEFAULT/CMakeFiles/ENCODER_C_DEFAULT.dir/sad_av1.c.o
[  7%] Building C object Source/Lib/Common/ASM_AVX512/CMakeFiles/COMMON_ASM_AVX512.dir/EbPictureOperators_Intrinsic_AVX512.c.o
[  7%] Building C object Source/Lib/Common/ASM_SSSE3/CMakeFiles/COMMON_ASM_SSSE3.dir/jnt_convolve_ssse3.c.o
[  7%] Building C object Source/Lib/Common/ASM_SSE2/CMakeFiles/COMMON_ASM_SSE2.dir/EbPackUnPack_Intrinsic_SSE2.c.o
[  7%] Building C object Source/Lib/Common/Codec/CMakeFiles/COMMON_CODEC.dir/EbInterPrediction.c.o
[  7%] Building C object Source/Lib/Common/ASM_SSE2/CMakeFiles/COMMON_ASM_SSE2.dir/EbIntraPrediction_AV1_Intrinsic_SSE2.c.o
[  7%] Building C object Source/Lib/Common/ASM_SSSE3/CMakeFiles/COMMON_ASM_SSSE3.dir/aom_subpixel_8t_intrin_ssse3.c.o
[  7%] Building C object Source/Lib/Encoder/C_DEFAULT/CMakeFiles/ENCODER_C_DEFAULT.dir/EbComputeSAD_C.c.o
[  7%] Building C object Source/Lib/Common/C_DEFAULT/CMakeFiles/COMMON_C_DEFAULT.dir/EbIntraPrediction_c.c.o
[  7%] Building C object Source/Lib/Common/ASM_SSSE3/CMakeFiles/COMMON_ASM_SSSE3.dir/highbd_convolve_ssse3.c.o
[  8%] Building C object Source/Lib/Common/Codec/CMakeFiles/COMMON_CODEC.dir/EbCdef.c.o
[  9%] Building C object Source/Lib/Common/ASM_SSSE3/CMakeFiles/COMMON_ASM_SSSE3.dir/av1_inv_txfm_ssse3.c.o
[  9%] Building C object Source/Lib/Common/ASM_AVX512/CMakeFiles/COMMON_ASM_AVX512.dir/convolve_2d_avx512.c.o
[  9%] Building C object Source/Lib/Encoder/C_DEFAULT/CMakeFiles/ENCODER_C_DEFAULT.dir/variance.c.o
[  9%] Building C object Source/Lib/Common/ASM_SSE2/CMakeFiles/COMMON_ASM_SSE2.dir/convolve_2d_sse2.c.o
[ 10%] Building C object Source/Lib/Common/Codec/CMakeFiles/COMMON_CODEC.dir/EbIntraPrediction.c.o
[ 10%] Building C object third_party/cpuinfo/deps/clog/CMakeFiles/clog.dir/src/clog.c.o
[ 11%] Building C object Source/Lib/Common/ASM_SSSE3/CMakeFiles/COMMON_ASM_SSSE3.dir/reconinter_ssse3.c.o
[ 12%] Building C object Source/Lib/Encoder/ASM_AVX2/CMakeFiles/ENCODER_ASM_AVX2.dir/EbCdef_AVX2.c.o
[ 14%] Building C object Source/Lib/Common/ASM_SSE4_1/CMakeFiles/COMMON_ASM_SSE4_1.dir/EbIntraPrediction16bit_Intrinsic_SSE4_1.c.o
[ 14%] Building C object Source/Lib/Common/C_DEFAULT/CMakeFiles/COMMON_C_DEFAULT.dir/filterintra_c.c.o
[ 14%] Building C object Source/Lib/Common/ASM_SSSE3/CMakeFiles/COMMON_ASM_SSSE3.dir/highbd_wiener_convolve_ssse3.c.o
[ 15%] Building C object Source/Lib/Encoder/ASM_SSE2/CMakeFiles/ENCODER_ASM_SSE2.dir/encodetxb_sse2.c.o
[ 15%] Building C object Source/Lib/Common/ASM_AVX512/CMakeFiles/COMMON_ASM_AVX512.dir/convolve_avx512.c.o
[ 15%] Building C object Source/Lib/Common/ASM_SSE4_1/CMakeFiles/COMMON_ASM_SSE4_1.dir/cdef_block_sse4_1.c.o
[ 15%] Generating version header
[ 17%] Building C object Source/Lib/Encoder/ASM_SSE2/CMakeFiles/ENCODER_ASM_SSE2.dir/EbMeSadCalculation_Intrinsic_SSE2.c.o
[ 17%] Building C object Source/Lib/Encoder/ASM_AVX512/CMakeFiles/ENCODER_ASM_AVX512.dir/EbCdef_AVX512.c.o
[ 17%] Building C object Source/Lib/Common/ASM_SSE2/CMakeFiles/COMMON_ASM_SSE2.dir/EbDeblockingFilter_Intrinsic_SSE2.c.o
[ 17%] Building C object Source/Lib/Encoder/ASM_SSE4_1/CMakeFiles/ENCODER_ASM_SSE4_1.dir/EbCdef_sse4.c.o
[ 17%] Building C object Source/Lib/Common/ASM_SSE4_1/CMakeFiles/COMMON_ASM_SSE4_1.dir/av1_convolve_scale_sse4.c.o
[ 17%] Building C object Source/Lib/Common/ASM_AVX512/CMakeFiles/COMMON_ASM_AVX512.dir/cdef_block_avx512.c.o
[ 17%] Building C object Source/Lib/Common/ASM_AVX2/CMakeFiles/COMMON_ASM_AVX2.dir/EbBlend_a64_mask_avx2.c.o
[ 19%] Building C object Source/Lib/Common/ASM_SSE4_1/CMakeFiles/COMMON_ASM_SSE4_1.dir/filterintra_sse4.c.o
[ 19%] Building C object Source/Lib/Encoder/C_DEFAULT/CMakeFiles/ENCODER_C_DEFAULT.dir/EncodeTxbRef_C.c.o
[ 19%] Building C object Source/Lib/Encoder/ASM_SSSE3/CMakeFiles/ENCODER_ASM_SSSE3.dir/variance_impl_ssse3.c.o
[ 19%] Building C object Source/Lib/Common/Codec/CMakeFiles/COMMON_CODEC.dir/EbInvTransforms.c.o
[ 20%] Building C object Source/Lib/Common/ASM_SSE2/CMakeFiles/COMMON_ASM_SSE2.dir/EbPictureOperators_Intrinsic_SSE2.c.o
[ 20%] Building C object third_party/fastfeat/CMakeFiles/FASTFEAT.dir/fast.c.o
[ 20%] Building C object third_party/cpuinfo/CMakeFiles/cpuinfo.dir/src/init.c.o
[ 20%] Building C object Source/Lib/Encoder/ASM_SSE2/CMakeFiles/ENCODER_ASM_SSE2.dir/EbComputeMean_Intrinsic_SSE2.c.o
[ 21%] Building C object Source/Lib/Encoder/Codec/CMakeFiles/ENCODER_CODEC.dir/EbAdaptiveMotionVectorPrediction.c.o
-- Configured version: v1.8.0
[ 21%] Building ASM_NASM object Source/Lib/Encoder/ASM_SSSE3/CMakeFiles/ENCODER_ASM_SSSE3.dir/subpel_variance_ssse3.asm.o
[ 21%] Built target EbVersionHeaderGen
[ 21%] Building C object third_party/fastfeat/CMakeFiles/FASTFEAT.dir/fast_9.c.o
[ 21%] Building C object Source/Lib/Common/ASM_AVX2/CMakeFiles/COMMON_ASM_AVX2.dir/EbHighbdIntraPrediction_AVX2.c.o
[ 21%] Building C object Source/Lib/Common/Codec/CMakeFiles/COMMON_CODEC.dir/EbLog.c.o
[ 21%] Building C object Source/Lib/Common/ASM_AVX2/CMakeFiles/COMMON_ASM_AVX2.dir/EbInterPredictionCom_avx2.c.o
[ 21%] Building C object third_party/cpuinfo/CMakeFiles/cpuinfo.dir/src/x86/x86_init.c.o
[ 22%] Building C object third_party/cpuinfo/CMakeFiles/cpuinfo.dir/src/api.c.o
[ 22%] Building C object Source/Lib/Encoder/ASM_AVX2/CMakeFiles/ENCODER_ASM_AVX2.dir/EbCombinedAveragingSAD_Intrinsic_AVX2.c.o
[ 23%] Building C object Source/Lib/Encoder/ASM_AVX512/CMakeFiles/ENCODER_ASM_AVX512.dir/EbComputeSAD_Intrinsic_AVX512.c.o
[ 24%] Building C object Source/Lib/Common/Codec/CMakeFiles/COMMON_CODEC.dir/EbMalloc.c.o
[ 25%] Building C object third_party/fastfeat/CMakeFiles/FASTFEAT.dir/nonmax.c.o
[ 25%] Building C object third_party/cpuinfo/CMakeFiles/cpuinfo.dir/src/x86/vendor.c.o
[ 25%] Building C object Source/Lib/Common/ASM_AVX512/CMakeFiles/COMMON_ASM_AVX512.dir/highbd_inv_txfm_avx512.c.o
[ 26%] Building C object Source/Lib/Encoder/ASM_AVX2/CMakeFiles/ENCODER_ASM_AVX2.dir/EbComputeSAD_Intrinsic_AVX2.c.o
[ 26%] Building C object Source/Lib/Common/Codec/CMakeFiles/COMMON_CODEC.dir/EbMcp.c.o
[ 26%] Built target safestringlib
[ 26%] Building C object Source/Lib/Encoder/ASM_SSE2/CMakeFiles/ENCODER_ASM_SSE2.dir/fft_sse2.c.o
[ 27%] Building C object Source/Lib/Encoder/ASM_SSE2/CMakeFiles/ENCODER_ASM_SSE2.dir/highbd_variance_sse2.c.o
[ 27%] Building C object Source/Lib/Encoder/ASM_SSE2/CMakeFiles/ENCODER_ASM_SSE2.dir/variance_sse2.c.o
[ 28%] Building C object Source/Lib/Common/ASM_SSE4_1/CMakeFiles/COMMON_ASM_SSE4_1.dir/highbd_convolve_2d_sse4.c.o
[ 28%] Building C object third_party/cpuinfo/CMakeFiles/cpuinfo.dir/src/x86/isa.c.o
[ 28%] Building C object Source/Lib/Encoder/ASM_AVX2/CMakeFiles/ENCODER_ASM_AVX2.dir/EbRestorationPick_AVX2.c.o
[ 28%] Building C object Source/Lib/Encoder/ASM_AVX2/CMakeFiles/ENCODER_ASM_AVX2.dir/EbNoiseModel_avx2.c.o
[ 28%] Building C object Source/Lib/Common/Codec/CMakeFiles/COMMON_CODEC.dir/EbPictureBufferDesc.c.o
[ 28%] Building ASM_NASM object Source/Lib/Common/ASM_SSSE3/CMakeFiles/COMMON_ASM_SSSE3.dir/aom_subpixel_8t_ssse3.asm.o
[ 28%] Building C object Source/Lib/Encoder/Codec/CMakeFiles/ENCODER_CODEC.dir/EbCdefProcess.c.o
[ 28%] Building ASM_NASM object Source/Lib/Common/ASM_SSSE3/CMakeFiles/COMMON_ASM_SSSE3.dir/aom_subpixel_bilinear_ssse3.asm.o
[ 28%] Built target clog
[ 28%] Building C object Source/Lib/Encoder/ASM_AVX512/CMakeFiles/ENCODER_ASM_AVX512.dir/encodetxb_avx512.c.o
[ 28%] Building C object Source/Lib/Encoder/Codec/CMakeFiles/ENCODER_CODEC.dir/EbCodingLoop.c.o
[ 28%] Building C object third_party/cpuinfo/CMakeFiles/cpuinfo.dir/src/x86/linux/init.c.o
[ 29%] Building C object Source/Lib/Encoder/ASM_AVX512/CMakeFiles/ENCODER_ASM_AVX512.dir/highbd_fwd_txfm_AVX512.c.o
[ 29%] Building C object Source/Lib/Encoder/ASM_AVX512/CMakeFiles/ENCODER_ASM_AVX512.dir/pickrst_avx512.c.o
[ 29%] Building C object Source/Lib/Common/ASM_AVX512/CMakeFiles/COMMON_ASM_AVX512.dir/jnt_convolve_2d_avx512.c.o
[ 29%] Building C object Source/Lib/Encoder/ASM_AVX512/CMakeFiles/ENCODER_ASM_AVX512.dir/variance_avx512.c.o
[ 30%] Building C object Source/Lib/Encoder/Codec/CMakeFiles/ENCODER_CODEC.dir/EbCodingUnit.c.o
[ 30%] Building C object Source/Lib/Encoder/Codec/CMakeFiles/ENCODER_CODEC.dir/EbDeblockingFilter.c.o
[ 30%] Building ASM_NASM object Source/Lib/Encoder/ASM_SSE2/CMakeFiles/ENCODER_ASM_SSE2.dir/highbd_variance_impl_sse2.asm.o
[ 31%] Building ASM_NASM object Source/Lib/Encoder/ASM_SSE2/CMakeFiles/ENCODER_ASM_SSE2.dir/subpel_variance_sse2.asm.o
[ 32%] Building C object Source/Lib/Encoder/ASM_SSE4_1/CMakeFiles/ENCODER_ASM_SSE4_1.dir/EbComputeSAD_Intrinsic_SSE4_1.c.o
[ 32%] Building C object Source/Lib/Encoder/ASM_SSE4_1/CMakeFiles/ENCODER_ASM_SSE4_1.dir/av1_quantize_sse4_1.c.o
[ 32%] Building C object Source/Lib/Encoder/ASM_SSE4_1/CMakeFiles/ENCODER_ASM_SSE4_1.dir/EbTemporalFiltering_SSE4_1.c.o
[ 32%] Building C object Source/Lib/Common/ASM_AVX512/CMakeFiles/COMMON_ASM_AVX512.dir/wiener_convolve_avx512.c.o
[ 32%] Building ASM_NASM object Source/Lib/Encoder/ASM_SSE2/CMakeFiles/ENCODER_ASM_SSE2.dir/x64RegisterUtil.asm.o
[ 33%] Building C object Source/Lib/Common/ASM_AVX512/CMakeFiles/COMMON_ASM_AVX512.dir/jnt_convolve_avx512.c.o
[ 33%] Built target ENCODER_ASM_AVX512
[ 34%] Building C object Source/Lib/Encoder/ASM_SSE4_1/CMakeFiles/ENCODER_ASM_SSE4_1.dir/corner_match_sse4.c.o
[ 36%] Building C object Source/Lib/Encoder/Globals/CMakeFiles/ENCODER_GLOBALS.dir/EbEncHandle.c.o
[ 36%] Built target cpuinfo
[ 36%] Building C object Source/Lib/Common/Codec/CMakeFiles/COMMON_CODEC.dir/EbPictureOperators.c.o
[ 36%] Building C object Source/Lib/Common/Codec/CMakeFiles/COMMON_CODEC.dir/EbRestoration.c.o
[ 36%] Building C object Source/Lib/Common/ASM_SSE2/CMakeFiles/COMMON_ASM_SSE2.dir/convolve_sse2.c.o
[ 36%] Building C object Source/Lib/Encoder/ASM_SSE4_1/CMakeFiles/ENCODER_ASM_SSE4_1.dir/encodetxb_sse4.c.o
[ 37%] Building C object Source/Lib/Encoder/ASM_AVX2/CMakeFiles/ENCODER_ASM_AVX2.dir/EbTemporalFiltering_AVX2.c.o
[ 37%] Building C object Source/Lib/Encoder/ASM_AVX2/CMakeFiles/ENCODER_ASM_AVX2.dir/EbTransforms_Intrinsic_AVX2.c.o
[ 38%] Building C object Source/Lib/Common/ASM_SSE2/CMakeFiles/COMMON_ASM_SSE2.dir/highbd_intrapred_sse2.c.o
[ 38%] Built target COMMON_ASM_AVX512
[ 38%] Building C object Source/Lib/Encoder/ASM_AVX2/CMakeFiles/ENCODER_ASM_AVX2.dir/av1_quantize_avx2.c.o
[ 39%] Building C object Source/Lib/Encoder/ASM_AVX2/CMakeFiles/ENCODER_ASM_AVX2.dir/corner_match_avx2.c.o
[ 39%] Building C object Source/Lib/Encoder/ASM_AVX2/CMakeFiles/ENCODER_ASM_AVX2.dir/dwt_avx2.c.o
[ 39%] Building C object Source/Lib/Common/ASM_SSE2/CMakeFiles/COMMON_ASM_SSE2.dir/highbd_subtract_sse2.c.o
[ 39%] Building C object Source/Lib/Common/ASM_SSE2/CMakeFiles/COMMON_ASM_SSE2.dir/jnt_convolve_2d_sse2.c.o
[ 40%] Building C object Source/Lib/Common/ASM_SSE2/CMakeFiles/COMMON_ASM_SSE2.dir/jnt_convolve_sse2.c.o
[ 40%] Building C object Source/Lib/Encoder/ASM_SSE4_1/CMakeFiles/ENCODER_ASM_SSE4_1.dir/highbd_fwd_txfm_sse4.c.o
[ 40%] Building C object Source/Lib/Encoder/ASM_SSE4_1/CMakeFiles/ENCODER_ASM_SSE4_1.dir/obmc_variance_sse4.c.o
[ 42%] Building C object Source/Lib/Common/ASM_SSE4_1/CMakeFiles/COMMON_ASM_SSE4_1.dir/highbd_jnt_convolve_sse4.c.o
[ 42%] Building C object Source/Lib/Common/ASM_SSE4_1/CMakeFiles/COMMON_ASM_SSE4_1.dir/highbd_inv_txfm_sse4.c.o
[ 42%] Building C object Source/Lib/Encoder/ASM_SSE4_1/CMakeFiles/ENCODER_ASM_SSE4_1.dir/pickrst_sse4.c.o
[ 42%] Building C object Source/Lib/Common/ASM_SSE4_1/CMakeFiles/COMMON_ASM_SSE4_1.dir/reconinter_sse4.c.o
[ 42%] Building C object Source/Lib/Encoder/Codec/CMakeFiles/ENCODER_CODEC.dir/EbDlfProcess.c.o
[ 42%] Building C object Source/Lib/Common/ASM_SSE4_1/CMakeFiles/COMMON_ASM_SSE4_1.dir/selfguided_sse4.c.o
[ 42%] Building C object Source/Lib/Encoder/ASM_AVX2/CMakeFiles/ENCODER_ASM_AVX2.dir/enc_warp_plane_avx2.c.o
[ 42%] Building C object Source/Lib/Common/ASM_SSE2/CMakeFiles/COMMON_ASM_SSE2.dir/wiener_convolve_sse2.c.o
[ 42%] Building C object Source/Lib/Encoder/ASM_AVX2/CMakeFiles/ENCODER_ASM_AVX2.dir/fft_avx2.c.o
[ 43%] Building C object Source/Lib/Encoder/ASM_AVX2/CMakeFiles/ENCODER_ASM_AVX2.dir/encodetxb_avx2.c.o
[ 43%] Built target COMMON_C_DEFAULT
[ 43%] Building C object Source/Lib/Encoder/ASM_AVX2/CMakeFiles/ENCODER_ASM_AVX2.dir/highbd_fwd_txfm_avx2.c.o
[ 43%] Building C object Source/Lib/Common/Codec/CMakeFiles/COMMON_CODEC.dir/EbSegmentationParams.c.o
[ 44%] Building C object Source/Lib/Encoder/ASM_AVX2/CMakeFiles/ENCODER_ASM_AVX2.dir/highbd_quantize_intrin_avx2.c.o
[ 44%] Building ASM_NASM object Source/Lib/Common/ASM_SSE2/CMakeFiles/COMMON_ASM_SSE2.dir/intrapred_sse2.asm.o
[ 45%] Building C object Source/Lib/Common/Codec/CMakeFiles/COMMON_CODEC.dir/EbSuperRes.c.o
[ 46%] Building C object Source/Lib/Encoder/Codec/CMakeFiles/ENCODER_CODEC.dir/EbEncCdef.c.o
[ 46%] Building C object Source/Lib/Common/Codec/CMakeFiles/COMMON_CODEC.dir/EbSystemResourceManager.c.o
[ 46%] Building C object Source/Lib/Common/Codec/CMakeFiles/COMMON_CODEC.dir/EbThreads.c.o
[ 47%] Building ASM_NASM object Source/Lib/Common/ASM_SSE2/CMakeFiles/COMMON_ASM_SSE2.dir/EbPictureOperators_SSE2.asm.o
[ 47%] Building ASM_NASM object Source/Lib/Common/ASM_SSE2/CMakeFiles/COMMON_ASM_SSE2.dir/highbd_intrapred_sse2_.asm.o
[ 47%] Building ASM_NASM object Source/Lib/Common/ASM_SSE2/CMakeFiles/COMMON_ASM_SSE2.dir/aom_subpixel_8t_sse2.asm.o
[ 48%] Building ASM_NASM object Source/Lib/Common/ASM_SSE2/CMakeFiles/COMMON_ASM_SSE2.dir/subtract_sse2.asm.o
[ 49%] Building C object Source/Lib/Common/ASM_SSE4_1/CMakeFiles/COMMON_ASM_SSE4_1.dir/warp_plane_sse4.c.o
[ 49%] Building C object Source/Lib/Encoder/Codec/CMakeFiles/ENCODER_CODEC.dir/EbEncDecProcess.c.o
[ 50%] Building C object Source/Lib/Common/Codec/CMakeFiles/COMMON_CODEC.dir/EbTime.c.o
[ 50%] Building C object Source/Lib/Encoder/Globals/CMakeFiles/ENCODER_GLOBALS.dir/EbEncSettings.c.o
[ 50%] Building C object Source/Lib/Encoder/Globals/CMakeFiles/ENCODER_GLOBALS.dir/EbMetadataHandle.c.o
[ 51%] Building C object Source/Lib/Common/ASM_AVX2/CMakeFiles/COMMON_ASM_AVX2.dir/EbIntraPrediction_Intrinsic_AVX2.c.o
[ 51%] Building C object Source/Lib/Encoder/ASM_AVX2/CMakeFiles/ENCODER_ASM_AVX2.dir/highbd_variance_avx2.c.o
[ 51%] Building C object Source/Lib/Common/ASM_AVX2/CMakeFiles/COMMON_ASM_AVX2.dir/EbPackUnPack_Intrinsic_AVX2.c.o
[ 51%] Building C object Source/Lib/Common/Codec/CMakeFiles/COMMON_CODEC.dir/EbUtility.c.o
[ 51%] Building C object Source/Lib/Common/Codec/CMakeFiles/COMMON_CODEC.dir/EbWarpedMotion.c.o
[ 51%] Built target ENCODER_ASM_SSSE3
[ 52%] Building C object Source/Lib/Common/Codec/CMakeFiles/COMMON_CODEC.dir/common_dsp_rtcd.c.o
[ 52%] Building C object Source/Lib/Encoder/Codec/CMakeFiles/ENCODER_CODEC.dir/EbEncDecResults.c.o
[ 53%] Building C object Source/Lib/Encoder/Codec/CMakeFiles/ENCODER_CODEC.dir/EbEncDecSegments.c.o
[ 53%] Building C object Source/Lib/Common/Codec/CMakeFiles/COMMON_CODEC.dir/convolve.c.o
[ 53%] Building C object Source/Lib/Encoder/Codec/CMakeFiles/ENCODER_CODEC.dir/EbEncDecTasks.c.o
[ 53%] Building C object Source/Lib/Encoder/ASM_AVX2/CMakeFiles/ENCODER_ASM_AVX2.dir/obmc_sad_avx2.c.o
[ 53%] Building C object Source/Lib/Common/Codec/CMakeFiles/COMMON_CODEC.dir/grainSynthesis.c.o
[ 54%] Building C object Source/Lib/Encoder/ASM_AVX2/CMakeFiles/ENCODER_ASM_AVX2.dir/obmc_variance_avx2.c.o
[ 54%] Building C object Source/Lib/Encoder/Codec/CMakeFiles/ENCODER_CODEC.dir/EbEncInterPrediction.c.o
[ 55%] Building C object Source/Lib/Encoder/Codec/CMakeFiles/ENCODER_CODEC.dir/EbEncIntraPrediction.c.o
[ 56%] Building C object Source/Lib/Common/ASM_AVX2/CMakeFiles/COMMON_ASM_AVX2.dir/EbPictureOperators_Intrinsic_AVX2.c.o
[ 56%] Building C object Source/Lib/Encoder/Codec/CMakeFiles/ENCODER_CODEC.dir/EbEncWarpedMotion.c.o
[ 56%] Building C object Source/Lib/Common/ASM_AVX2/CMakeFiles/COMMON_ASM_AVX2.dir/aom_subpixel_8t_intrin_avx2.c.o
[ 56%] Building C object Source/Lib/Encoder/ASM_AVX2/CMakeFiles/ENCODER_ASM_AVX2.dir/palette_avx2.c.o
[ 56%] Building C object Source/Lib/Encoder/ASM_AVX2/CMakeFiles/ENCODER_ASM_AVX2.dir/pickrst_avx2.c.o
[ 57%] Building C object Source/Lib/Encoder/ASM_AVX2/CMakeFiles/ENCODER_ASM_AVX2.dir/resize_avx2.c.o
[ 57%] Building C object Source/Lib/Encoder/Codec/CMakeFiles/ENCODER_CODEC.dir/EbEncodeContext.c.o
[ 57%] Building C object Source/Lib/Encoder/ASM_AVX2/CMakeFiles/ENCODER_ASM_AVX2.dir/sse_avx2.c.o
[ 57%] Building C object Source/Lib/Encoder/ASM_AVX2/CMakeFiles/ENCODER_ASM_AVX2.dir/variance_avx2.c.o
[ 58%] Building C object Source/Lib/Encoder/ASM_AVX2/CMakeFiles/ENCODER_ASM_AVX2.dir/variance_impl_avx2.c.o
[ 59%] Building C object Source/Lib/Encoder/Codec/CMakeFiles/ENCODER_CODEC.dir/EbEntropyCoding.c.o
[ 60%] Building C object Source/Lib/Common/ASM_AVX2/CMakeFiles/COMMON_ASM_AVX2.dir/cfl_avx2.c.o
[ 60%] Building C object Source/Lib/Common/ASM_AVX2/CMakeFiles/COMMON_ASM_AVX2.dir/av1_inv_txfm_avx2.c.o
[ 60%] Building C object Source/Lib/Common/ASM_AVX2/CMakeFiles/COMMON_ASM_AVX2.dir/cdef_block_avx2.c.o
[ 60%] Building C object Source/Lib/Encoder/ASM_AVX2/CMakeFiles/ENCODER_ASM_AVX2.dir/ssim_avx2.c.o
[ 60%] Building C object Source/Lib/Common/ASM_AVX2/CMakeFiles/COMMON_ASM_AVX2.dir/convolve_2d_avx2.c.o
[ 60%] Building C object Source/Lib/Common/ASM_AVX2/CMakeFiles/COMMON_ASM_AVX2.dir/convolve_avx2.c.o
[ 61%] Building C object Source/Lib/Common/ASM_AVX2/CMakeFiles/COMMON_ASM_AVX2.dir/highbd_convolve_2d_avx2.c.o
[ 61%] Building C object Source/Lib/Encoder/Codec/CMakeFiles/ENCODER_CODEC.dir/EbEntropyCodingProcess.c.o
[ 61%] Building C object Source/Lib/Encoder/Codec/CMakeFiles/ENCODER_CODEC.dir/EbEntropyCodingResults.c.o
[ 62%] Building C object Source/Lib/Encoder/Codec/CMakeFiles/ENCODER_CODEC.dir/EbFullLoop.c.o
[ 62%] Building C object Source/Lib/Encoder/Codec/CMakeFiles/ENCODER_CODEC.dir/EbGlobalMotionEstimation.c.o
[ 62%] Building C object Source/Lib/Common/ASM_AVX2/CMakeFiles/COMMON_ASM_AVX2.dir/highbd_convolve_avx2.c.o
[ 62%] Building C object Source/Lib/Encoder/Codec/CMakeFiles/ENCODER_CODEC.dir/EbGlobalMotionEstimationCost.c.o
[ 62%] Building C object Source/Lib/Common/ASM_AVX2/CMakeFiles/COMMON_ASM_AVX2.dir/highbd_inv_txfm_avx2.c.o
[ 63%] Building C object Source/Lib/Encoder/Codec/CMakeFiles/ENCODER_CODEC.dir/EbInitialRateControlProcess.c.o
[ 64%] Building C object Source/Lib/Common/ASM_AVX2/CMakeFiles/COMMON_ASM_AVX2.dir/highbd_jnt_convolve_avx2.c.o
[ 64%] Building C object Source/Lib/Common/ASM_AVX2/CMakeFiles/COMMON_ASM_AVX2.dir/highbd_warp_affine_avx2.c.o
[ 64%] Built target ENCODER_ASM_SSE2
[ 64%] Built target COMMON_ASM_SSE2
[ 64%] Building C object Source/Lib/Encoder/Codec/CMakeFiles/ENCODER_CODEC.dir/EbInitialRateControlReorderQueue.c.o
[ 64%] Building C object Source/Lib/Encoder/Codec/CMakeFiles/ENCODER_CODEC.dir/EbInitialRateControlResults.c.o
[ 65%] Building C object Source/Lib/Encoder/Codec/CMakeFiles/ENCODER_CODEC.dir/EbMdRateEstimation.c.o
[ 65%] Building C object Source/Lib/Encoder/Codec/CMakeFiles/ENCODER_CODEC.dir/EbMeSadCalculation.c.o
[ 65%] Building C object Source/Lib/Common/ASM_AVX2/CMakeFiles/COMMON_ASM_AVX2.dir/jnt_convolve_2d_avx2.c.o
[ 66%] Building C object Source/Lib/Common/ASM_AVX2/CMakeFiles/COMMON_ASM_AVX2.dir/jnt_convolve_avx2.c.o
[ 66%] Building C object Source/Lib/Encoder/Codec/CMakeFiles/ENCODER_CODEC.dir/EbModeDecision.c.o
[ 66%] Building C object Source/Lib/Common/ASM_AVX2/CMakeFiles/COMMON_ASM_AVX2.dir/warp_plane_avx2.c.o
[ 66%] Building C object Source/Lib/Common/ASM_AVX2/CMakeFiles/COMMON_ASM_AVX2.dir/selfguided_avx2.c.o
[ 67%] Building C object Source/Lib/Encoder/Codec/CMakeFiles/ENCODER_CODEC.dir/EbModeDecisionConfigurationProcess.c.o
[ 68%] Building C object Source/Lib/Common/ASM_AVX2/CMakeFiles/COMMON_ASM_AVX2.dir/wiener_convolve_avx2.c.o
[ 68%] Building C object Source/Lib/Encoder/Codec/CMakeFiles/ENCODER_CODEC.dir/EbModeDecisionProcess.c.o
[ 68%] Building ASM_NASM object Source/Lib/Common/ASM_AVX2/CMakeFiles/COMMON_ASM_AVX2.dir/itx_avx2.asm.o
[ 68%] Building C object Source/Lib/Encoder/Codec/CMakeFiles/ENCODER_CODEC.dir/EbMotionEstimation.c.o
[ 69%] Building C object Source/Lib/Encoder/Codec/CMakeFiles/ENCODER_CODEC.dir/EbMotionEstimationContext.c.o
[ 69%] Building C object Source/Lib/Encoder/Codec/CMakeFiles/ENCODER_CODEC.dir/EbMotionEstimationResults.c.o
[ 69%] Building C object Source/Lib/Encoder/Codec/CMakeFiles/ENCODER_CODEC.dir/EbMotionEstimationProcess.c.o
[ 69%] Building ASM_NASM object Source/Lib/Common/ASM_AVX2/CMakeFiles/COMMON_ASM_AVX2.dir/itx16_avx2.asm.o
[ 70%] Building C object Source/Lib/Encoder/Codec/CMakeFiles/ENCODER_CODEC.dir/EbNeighborArrays.c.o
[ 71%] Building ASM_NASM object Source/Lib/Common/ASM_AVX2/CMakeFiles/COMMON_ASM_AVX2.dir/mc_avx2.asm.o
[ 71%] Building C object Source/Lib/Encoder/Codec/CMakeFiles/ENCODER_CODEC.dir/EbPacketizationProcess.c.o
[ 71%] Building ASM_NASM object Source/Lib/Common/ASM_AVX2/CMakeFiles/COMMON_ASM_AVX2.dir/mc16_avx2.asm.o
[ 71%] Building C object Source/Lib/Encoder/Codec/CMakeFiles/ENCODER_CODEC.dir/EbPacketizationReorderQueue.c.o
[ 72%] Building C object Source/Lib/Encoder/Codec/CMakeFiles/ENCODER_CODEC.dir/EbPictureAnalysisProcess.c.o
[ 72%] Building C object Source/Lib/Encoder/Codec/CMakeFiles/ENCODER_CODEC.dir/EbPictureAnalysisResults.c.o
[ 72%] Building C object Source/Lib/Encoder/Codec/CMakeFiles/ENCODER_CODEC.dir/EbPictureControlSet.c.o
[ 73%] Building C object Source/Lib/Encoder/Codec/CMakeFiles/ENCODER_CODEC.dir/EbPictureDecisionQueue.c.o
[ 73%] Building C object Source/Lib/Encoder/Codec/CMakeFiles/ENCODER_CODEC.dir/EbPictureDecisionProcess.c.o
[ 73%] Building C object Source/Lib/Encoder/Codec/CMakeFiles/ENCODER_CODEC.dir/EbPictureDecisionReorderQueue.c.o
[ 74%] Building C object Source/Lib/Encoder/Codec/CMakeFiles/ENCODER_CODEC.dir/EbPictureDemuxResults.c.o
[ 74%] Building C object Source/Lib/Encoder/Codec/CMakeFiles/ENCODER_CODEC.dir/EbPictureDecisionResults.c.o
[ 75%] Building C object Source/Lib/Encoder/Codec/CMakeFiles/ENCODER_CODEC.dir/EbPictureManagerQueue.c.o
[ 75%] Building C object Source/Lib/Encoder/Codec/CMakeFiles/ENCODER_CODEC.dir/EbProductCodingLoop.c.o
[ 75%] Building C object Source/Lib/Encoder/Codec/CMakeFiles/ENCODER_CODEC.dir/EbRateControlProcess.c.o
[ 76%] Building C object Source/Lib/Encoder/Codec/CMakeFiles/ENCODER_CODEC.dir/EbRateControlTables.c.o
[ 76%] Building C object Source/Lib/Encoder/Codec/CMakeFiles/ENCODER_CODEC.dir/EbPictureManagerProcess.c.o
[ 76%] Building C object Source/Lib/Encoder/Codec/CMakeFiles/ENCODER_CODEC.dir/EbPredictionStructure.c.o
[ 77%] Building C object Source/Lib/Encoder/Codec/CMakeFiles/ENCODER_CODEC.dir/EbPsnr.c.o
[ 77%] Building C object Source/Lib/Encoder/Codec/CMakeFiles/ENCODER_CODEC.dir/EbRateControlResults.c.o
[ 77%] Building C object Source/Lib/Encoder/Codec/CMakeFiles/ENCODER_CODEC.dir/EbRateControlTasks.c.o
[ 77%] Building C object Source/Lib/Encoder/Codec/CMakeFiles/ENCODER_CODEC.dir/EbResize.c.o
[ 78%] Building C object Source/Lib/Encoder/Codec/CMakeFiles/ENCODER_CODEC.dir/EbReferenceObject.c.o
[ 78%] Building C object Source/Lib/Encoder/Codec/CMakeFiles/ENCODER_CODEC.dir/EbRestProcess.c.o
[ 78%] Building C object Source/Lib/Encoder/Codec/CMakeFiles/ENCODER_CODEC.dir/EbResourceCoordinationProcess.c.o
[ 78%] Building C object Source/Lib/Encoder/Codec/CMakeFiles/ENCODER_CODEC.dir/EbRateDistortionCost.c.o
[ 79%] Building C object Source/Lib/Encoder/Codec/CMakeFiles/ENCODER_CODEC.dir/EbResourceCoordinationResults.c.o
[ 80%] Building C object Source/Lib/Encoder/Codec/CMakeFiles/ENCODER_CODEC.dir/EbTemporalFiltering.c.o
[ 81%] Building C object Source/Lib/Encoder/Codec/CMakeFiles/ENCODER_CODEC.dir/EbRestorationPick.c.o
[ 81%] Building C object Source/Lib/Encoder/Codec/CMakeFiles/ENCODER_CODEC.dir/EbSegmentation.c.o
[ 81%] Building C object Source/Lib/Encoder/Codec/CMakeFiles/ENCODER_CODEC.dir/EbSourceBasedOperationsProcess.c.o
[ 81%] Building C object Source/Lib/Encoder/Codec/CMakeFiles/ENCODER_CODEC.dir/EbTransforms.c.o
[ 81%] Building C object Source/Lib/Encoder/Codec/CMakeFiles/ENCODER_CODEC.dir/EbSequenceControlSet.c.o
[ 81%] Building C object Source/Lib/Encoder/Codec/CMakeFiles/ENCODER_CODEC.dir/aom_dsp_rtcd.c.o
[ 82%] Building C object Source/Lib/Encoder/Codec/CMakeFiles/ENCODER_CODEC.dir/av1me.c.o
[ 82%] Building C object Source/Lib/Encoder/Codec/CMakeFiles/ENCODER_CODEC.dir/corner_detect.c.o
[ 82%] Building C object Source/Lib/Encoder/Codec/CMakeFiles/ENCODER_CODEC.dir/corner_match.c.o
[ 83%] Building C object Source/Lib/Encoder/Codec/CMakeFiles/ENCODER_CODEC.dir/dwt.c.o
[ 83%] Building C object Source/Lib/Encoder/Codec/CMakeFiles/ENCODER_CODEC.dir/fft.c.o
[ 83%] Building C object Source/Lib/Encoder/Codec/CMakeFiles/ENCODER_CODEC.dir/firstpass.c.o
[ 83%] Building C object Source/Lib/Encoder/Codec/CMakeFiles/ENCODER_CODEC.dir/global_motion.c.o
/home/ubuntu/.phoronix-test-suite/installed-tests/pts/svt-av1-2.11.1/SVT-AV1-v1.8.0/Source/Lib/Encoder/Codec/EbEncInterPrediction.c: In function ‘svt_aom_inter_prediction’:
/home/ubuntu/.phoronix-test-suite/installed-tests/pts/svt-av1-2.11.1/SVT-AV1-v1.8.0/Source/Lib/Encoder/Codec/EbEncInterPrediction.c:4108:35: warning: storing the address of local variable ‘seg_mask’ in ‘*interinter_comp.seg_mask’ [-Wdangling-pointer=]
 4108 |         interinter_comp->seg_mask = seg_mask;
      |         ~~~~~~~~~~~~~~~~~~~~~~~~~~^~~~~~~~~~
In file included from /home/ubuntu/.phoronix-test-suite/installed-tests/pts/svt-av1-2.11.1/SVT-AV1-v1.8.0/Source/Lib/Encoder/Codec/EbModeDecision.h:15,
                 from /home/ubuntu/.phoronix-test-suite/installed-tests/pts/svt-av1-2.11.1/SVT-AV1-v1.8.0/Source/Lib/Encoder/Codec/EbEncInterPrediction.h:15,
                 from /home/ubuntu/.phoronix-test-suite/installed-tests/pts/svt-av1-2.11.1/SVT-AV1-v1.8.0/Source/Lib/Encoder/Codec/EbEncInterPrediction.c:15:
/home/ubuntu/.phoronix-test-suite/installed-tests/pts/svt-av1-2.11.1/SVT-AV1-v1.8.0/Source/Lib/Encoder/Codec/EbEncInterPrediction.c:4105:34: note: ‘seg_mask’ declared here
 4105 |     DECLARE_ALIGNED(16, uint8_t, seg_mask[2 * MAX_SB_SQUARE]);
      |                                  ^~~~~~~~
/home/ubuntu/.phoronix-test-suite/installed-tests/pts/svt-av1-2.11.1/SVT-AV1-v1.8.0/Source/Lib/Common/Codec/EbDefinitions.h:491:42: note: in definition of macro ‘DECLARE_ALIGNED’
  491 | #define DECLARE_ALIGNED(n, typ, val) typ val __attribute__((aligned(n)))
      |                                          ^~~
/home/ubuntu/.phoronix-test-suite/installed-tests/pts/svt-av1-2.11.1/SVT-AV1-v1.8.0/Source/Lib/Encoder/Codec/EbEncInterPrediction.c:4087:62: note: ‘interinter_comp’ declared here
 4087 |                                      InterInterCompoundData *interinter_comp, NeighborArrayUnit *recon_neigh_y,
      |                                      ~~~~~~~~~~~~~~~~~~~~~~~~^~~~~~~~~~~~~~~
[ 84%] Building C object Source/Lib/Encoder/Codec/CMakeFiles/ENCODER_CODEC.dir/hash.c.o
[ 84%] Building C object Source/Lib/Encoder/Codec/CMakeFiles/ENCODER_CODEC.dir/hash_motion.c.o
[ 84%] Building C object Source/Lib/Encoder/Codec/CMakeFiles/ENCODER_CODEC.dir/level.c.o
[ 85%] Building C object Source/Lib/Encoder/Codec/CMakeFiles/ENCODER_CODEC.dir/mcomp.c.o
[ 85%] Building C object Source/Lib/Encoder/Codec/CMakeFiles/ENCODER_CODEC.dir/noise_model.c.o
[ 85%] Building C object Source/Lib/Encoder/Codec/CMakeFiles/ENCODER_CODEC.dir/noise_util.c.o
[ 86%] Building C object Source/Lib/Encoder/Codec/CMakeFiles/ENCODER_CODEC.dir/palette.c.o
[ 86%] Building C object Source/Lib/Encoder/Codec/CMakeFiles/ENCODER_CODEC.dir/pass2_strategy.c.o
[ 86%] Building C object Source/Lib/Encoder/Codec/CMakeFiles/ENCODER_CODEC.dir/ransac.c.o
[ 87%] Building C object Source/Lib/Encoder/Codec/CMakeFiles/ENCODER_CODEC.dir/vector.c.o
[ 87%] Building C object Source/Lib/Encoder/Codec/CMakeFiles/ENCODER_CODEC.dir/EncModeConfig.c.o
[ 87%] Built target ENCODER_C_DEFAULT
[ 87%] Built target COMMON_ASM_SSSE3
[ 87%] Built target ENCODER_GLOBALS
In file included from /usr/lib/gcc/x86_64-linux-gnu/13/include/immintrin.h:51,
                 from /home/ubuntu/.phoronix-test-suite/installed-tests/pts/svt-av1-2.11.1/SVT-AV1-v1.8.0/Source/Lib/Encoder/ASM_AVX2/pickrst_avx2.c:12:
In function ‘_mm256_add_epi64’,
    inlined from ‘compute_stats_win7_avx2’ at /home/ubuntu/.phoronix-test-suite/installed-tests/pts/svt-av1-2.11.1/SVT-AV1-v1.8.0/Source/Lib/Encoder/ASM_AVX2/pickrst_avx2.c:2759:29:
/usr/lib/gcc/x86_64-linux-gnu/13/include/avx2intrin.h:128:21: warning: ‘deltas_tt[2]’ may be used uninitialized [-Wmaybe-uninitialized]
  128 |   return (__m256i) ((__v4du)__A + (__v4du)__B);
      |                     ^~~~~~~~~~~
/home/ubuntu/.phoronix-test-suite/installed-tests/pts/svt-av1-2.11.1/SVT-AV1-v1.8.0/Source/Lib/Encoder/ASM_AVX2/pickrst_avx2.c: In function ‘compute_stats_win7_avx2’:
/home/ubuntu/.phoronix-test-suite/installed-tests/pts/svt-av1-2.11.1/SVT-AV1-v1.8.0/Source/Lib/Encoder/ASM_AVX2/pickrst_avx2.c:2534:41: note: ‘deltas_tt[2]’ was declared here
 2534 |             __m256i        deltas_t[8], deltas_tt[4];
      |                                         ^~~~~~~~~
In function ‘_mm256_add_epi64’,
    inlined from ‘compute_stats_win7_avx2’ at /home/ubuntu/.phoronix-test-suite/installed-tests/pts/svt-av1-2.11.1/SVT-AV1-v1.8.0/Source/Lib/Encoder/ASM_AVX2/pickrst_avx2.c:2757:29:
/usr/lib/gcc/x86_64-linux-gnu/13/include/avx2intrin.h:128:21: warning: ‘deltas_tt[0]’ may be used uninitialized [-Wmaybe-uninitialized]
  128 |   return (__m256i) ((__v4du)__A + (__v4du)__B);
      |                     ^~~~~~~~~~~
/home/ubuntu/.phoronix-test-suite/installed-tests/pts/svt-av1-2.11.1/SVT-AV1-v1.8.0/Source/Lib/Encoder/ASM_AVX2/pickrst_avx2.c: In function ‘compute_stats_win7_avx2’:
/home/ubuntu/.phoronix-test-suite/installed-tests/pts/svt-av1-2.11.1/SVT-AV1-v1.8.0/Source/Lib/Encoder/ASM_AVX2/pickrst_avx2.c:2534:41: note: ‘deltas_tt[0]’ was declared here
 2534 |             __m256i        deltas_t[8], deltas_tt[4];
      |                                         ^~~~~~~~~
In function ‘_mm256_add_epi64’,
    inlined from ‘compute_stats_win7_avx2’ at /home/ubuntu/.phoronix-test-suite/installed-tests/pts/svt-av1-2.11.1/SVT-AV1-v1.8.0/Source/Lib/Encoder/ASM_AVX2/pickrst_avx2.c:2760:29:
/usr/lib/gcc/x86_64-linux-gnu/13/include/avx2intrin.h:128:21: warning: ‘deltas_tt[3]’ may be used uninitialized [-Wmaybe-uninitialized]
  128 |   return (__m256i) ((__v4du)__A + (__v4du)__B);
      |                     ^~~~~~~~~~~
/home/ubuntu/.phoronix-test-suite/installed-tests/pts/svt-av1-2.11.1/SVT-AV1-v1.8.0/Source/Lib/Encoder/ASM_AVX2/pickrst_avx2.c: In function ‘compute_stats_win7_avx2’:
/home/ubuntu/.phoronix-test-suite/installed-tests/pts/svt-av1-2.11.1/SVT-AV1-v1.8.0/Source/Lib/Encoder/ASM_AVX2/pickrst_avx2.c:2534:41: note: ‘deltas_tt[3]’ was declared here
 2534 |             __m256i        deltas_t[8], deltas_tt[4];
      |                                         ^~~~~~~~~
In function ‘_mm256_add_epi64’,
    inlined from ‘compute_stats_win7_avx2’ at /home/ubuntu/.phoronix-test-suite/installed-tests/pts/svt-av1-2.11.1/SVT-AV1-v1.8.0/Source/Lib/Encoder/ASM_AVX2/pickrst_avx2.c:2758:29:
/usr/lib/gcc/x86_64-linux-gnu/13/include/avx2intrin.h:128:21: warning: ‘deltas_tt[1]’ may be used uninitialized [-Wmaybe-uninitialized]
  128 |   return (__m256i) ((__v4du)__A + (__v4du)__B);
      |                     ^~~~~~~~~~~
/home/ubuntu/.phoronix-test-suite/installed-tests/pts/svt-av1-2.11.1/SVT-AV1-v1.8.0/Source/Lib/Encoder/ASM_AVX2/pickrst_avx2.c: In function ‘compute_stats_win7_avx2’:
/home/ubuntu/.phoronix-test-suite/installed-tests/pts/svt-av1-2.11.1/SVT-AV1-v1.8.0/Source/Lib/Encoder/ASM_AVX2/pickrst_avx2.c:2534:41: note: ‘deltas_tt[1]’ was declared here
 2534 |             __m256i        deltas_t[8], deltas_tt[4];
      |                                         ^~~~~~~~~
[ 87%] Built target COMMON_ASM_SSE4_1
[ 87%] Built target COMMON_ASM_AVX2
[ 87%] Built target ENCODER_ASM_AVX2
[ 87%] Built target ENCODER_ASM_SSE4_1
[ 87%] Built target ENCODER_CODEC
[ 87%] Built target COMMON_CODEC
[ 87%] Built target FASTFEAT
[ 88%] Building C object Source/Lib/Decoder/CMakeFiles/SvtAv1Dec.dir/Codec/EbDecCdef.c.o
[ 88%] Building C object Source/Lib/Decoder/CMakeFiles/SvtAv1Dec.dir/Codec/EbDecBitstream.c.o
[ 88%] Building C object Source/Lib/Decoder/CMakeFiles/SvtAv1Dec.dir/Codec/EbDecHandle.c.o
[ 88%] Building C object Source/Lib/Decoder/CMakeFiles/SvtAv1Dec.dir/Codec/EbDecBitstreamUnit.c.o
[ 88%] Linking C shared library /home/ubuntu/.phoronix-test-suite/installed-tests/pts/svt-av1-2.11.1/SVT-AV1-v1.8.0/Bin/Release/libSvtAv1Enc.so
[ 88%] Building C object Source/Lib/Decoder/CMakeFiles/SvtAv1Dec.dir/Codec/EbDecInterPrediction.c.o
[ 88%] Building C object Source/Lib/Decoder/CMakeFiles/SvtAv1Dec.dir/Codec/EbDecInverseQuantize.c.o
[ 89%] Building C object Source/Lib/Decoder/CMakeFiles/SvtAv1Dec.dir/Codec/EbDecIntraPrediction.c.o
[ 90%] Building C object Source/Lib/Decoder/CMakeFiles/SvtAv1Dec.dir/Codec/EbDecMemInit.c.o
[ 90%] Building C object Source/Lib/Decoder/CMakeFiles/SvtAv1Dec.dir/Codec/EbDecLF.c.o
[ 91%] Building C object Source/Lib/Decoder/CMakeFiles/SvtAv1Dec.dir/Codec/EbDecNbr.c.o
[ 91%] Building C object Source/Lib/Decoder/CMakeFiles/SvtAv1Dec.dir/Codec/EbDecObmc.c.o
[ 91%] Building C object Source/Lib/Decoder/CMakeFiles/SvtAv1Dec.dir/Codec/EbDecParseBlock.c.o
[ 91%] Building C object Source/Lib/Decoder/CMakeFiles/SvtAv1Dec.dir/Codec/EbDecParseFrame.c.o
[ 91%] Building C object Source/Lib/Decoder/CMakeFiles/SvtAv1Dec.dir/Codec/EbDecParseHelper.c.o
[ 92%] Building C object Source/Lib/Decoder/CMakeFiles/SvtAv1Dec.dir/Codec/EbDecParseInterBlock.c.o
[ 92%] Building C object Source/Lib/Decoder/CMakeFiles/SvtAv1Dec.dir/Codec/EbDecParseObu.c.o
[ 92%] Building C object Source/Lib/Decoder/CMakeFiles/SvtAv1Dec.dir/Codec/EbDecProcessFrame.c.o
[ 92%] Building C object Source/Lib/Decoder/CMakeFiles/SvtAv1Dec.dir/Codec/EbDecUtils.c.o
[ 92%] Building C object Source/Lib/Decoder/CMakeFiles/SvtAv1Dec.dir/Codec/EbDecSuperRes.c.o
[ 92%] Building C object Source/Lib/Decoder/CMakeFiles/SvtAv1Dec.dir/Codec/EbDecPicMgr.c.o
[ 93%] Building C object Source/Lib/Decoder/CMakeFiles/SvtAv1Dec.dir/Codec/EbDecProcessBlock.c.o
[ 93%] Building C object Source/Lib/Decoder/CMakeFiles/SvtAv1Dec.dir/Codec/EbDecProcess.c.o
[ 94%] Building C object Source/Lib/Decoder/CMakeFiles/SvtAv1Dec.dir/Codec/EbDecRestoration.c.o
[ 94%] Built target SvtAv1Enc
[ 94%] Building C object Source/App/EncApp/CMakeFiles/SvtAv1EncApp.dir/EbAppInputy4m.c.o
[ 95%] Building C object Source/App/EncApp/CMakeFiles/SvtAv1EncApp.dir/EbAppConfig.c.o
[ 95%] Building C object Source/App/EncApp/CMakeFiles/SvtAv1EncApp.dir/EbAppContext.c.o
[ 95%] Building C object Source/App/EncApp/CMakeFiles/SvtAv1EncApp.dir/EbTime.c.o
[ 95%] Building C object Source/App/EncApp/CMakeFiles/SvtAv1EncApp.dir/EbAppMain.c.o
[ 96%] Building C object Source/App/EncApp/CMakeFiles/SvtAv1EncApp.dir/EbAppOutputivf.c.o
[ 96%] Building C object Source/App/EncApp/CMakeFiles/SvtAv1EncApp.dir/EbAppProcessCmd.c.o
[ 97%] Linking C executable /home/ubuntu/.phoronix-test-suite/installed-tests/pts/svt-av1-2.11.1/SVT-AV1-v1.8.0/Bin/Release/SvtAv1EncApp
[ 97%] Built target SvtAv1EncApp
[ 98%] Linking C shared library /home/ubuntu/.phoronix-test-suite/installed-tests/pts/svt-av1-2.11.1/SVT-AV1-v1.8.0/Bin/Release/libSvtAv1Dec.so
[ 98%] Built target SvtAv1Dec
[ 98%] Building C object Source/App/DecApp/CMakeFiles/SvtAv1DecApp.dir/EbDecAppMain.c.o
[ 98%] Building C object Source/App/DecApp/CMakeFiles/SvtAv1DecApp.dir/EbDecParamParser.c.o
[ 99%] Building C object Source/App/DecApp/CMakeFiles/SvtAv1DecApp.dir/EbDecTime.c.o
[ 99%] Building C object Source/App/DecApp/CMakeFiles/SvtAv1DecApp.dir/EbFileUtils.c.o
[ 99%] Building C object Source/App/DecApp/CMakeFiles/SvtAv1DecApp.dir/EbMD5Utility.c.o
[100%] Linking C executable /home/ubuntu/.phoronix-test-suite/installed-tests/pts/svt-av1-2.11.1/SVT-AV1-v1.8.0/Bin/Release/SvtAv1DecApp
[100%] Built target SvtAv1DecApp
