Collecting selenium==3.141.0
  Downloading selenium-3.141.0-py2.py3-none-any.whl (904 kB)
     ━━━━━━━━━━━━━━━━━━━━━━━━━━━━━━━━━━━━━━━ 904.6/904.6 kB 2.3 MB/s eta 0:00:00
Requirement already satisfied: urllib3 in /usr/lib/python3/dist-packages (from selenium==3.141.0) (1.26.16)
Installing collected packages: selenium
Successfully installed selenium-3.141.0
Archive:  selenium-scripts-9.zip
  inflating: selenium-run-ares6.py   
  inflating: selenium-run-basemark.py  
  inflating: selenium-run-canvasmark.py  
  inflating: selenium-run-guimark3bitmap.py  
  inflating: selenium-run-guimark3compute.py  
  inflating: selenium-run-guimark3vector.py  
  inflating: selenium-run-jetstream.py  
  inflating: selenium-run-jetstream2.py  
  inflating: selenium-run-kraken.py  
  inflating: selenium-run-mazesolver.py  
  inflating: selenium-run-motionmark.py  
  inflating: selenium-run-octane.py  
  inflating: selenium-run-pspdfkit.py  
  inflating: selenium-run-speedometer.py  
  inflating: selenium-run-stylebench.py  
  inflating: selenium-run-wasmcollision.py  
  inflating: selenium-run-wasmconvolute.py  
  inflating: selenium-run-webxprt.py  
Archive:  chromedriver-linux64-120.zip
  inflating: chromedriver-linux64/LICENSE.chromedriver  
  inflating: chromedriver-linux64/chromedriver  
