ramsmp-3.5.0/
ramsmp-3.5.0/alpha/
ramsmp-3.5.0/alpha/dec/
ramsmp-3.5.0/alpha/dec/fltmark.s
ramsmp-3.5.0/alpha/dec/fltmem.s
ramsmp-3.5.0/alpha/dec/intmark.s
ramsmp-3.5.0/alpha/dec/intmem.s
ramsmp-3.5.0/alpha/gnu/
ramsmp-3.5.0/alpha/gnu/fltmark.s
ramsmp-3.5.0/alpha/gnu/fltmem.s
ramsmp-3.5.0/alpha/gnu/intmark.s
ramsmp-3.5.0/alpha/gnu/intmem.s
ramsmp-3.5.0/alpha/NOTES
ramsmp-3.5.0/amd64/
ramsmp-3.5.0/amd64/fltmark.s
ramsmp-3.5.0/amd64/fltmem.s
ramsmp-3.5.0/amd64/intmark.s
ramsmp-3.5.0/amd64/intmem.s
ramsmp-3.5.0/amd64/mmxmark.s
ramsmp-3.5.0/amd64/mmxmem.s
ramsmp-3.5.0/amd64/ssemark.s
ramsmp-3.5.0/amd64/ssemem.s
ramsmp-3.5.0/build.sh
ramsmp-3.5.0/defines.h
ramsmp-3.5.0/fltmark.c
ramsmp-3.5.0/fltmem.c
ramsmp-3.5.0/HISTORY
ramsmp-3.5.0/i386/
ramsmp-3.5.0/i386/cpuinfo/
ramsmp-3.5.0/i386/cpuinfo/cpuinfo_ext.s
ramsmp-3.5.0/i386/cpuinfo/cpuinfo_main.s
ramsmp-3.5.0/i386/fltmark.s
ramsmp-3.5.0/i386/fltmem.s
ramsmp-3.5.0/i386/intmark.s
ramsmp-3.5.0/i386/intmem.s
ramsmp-3.5.0/i386/mmxmark.s
ramsmp-3.5.0/i386/mmxmem.s
ramsmp-3.5.0/i386/ssemark.s
ramsmp-3.5.0/i386/ssemem.s
ramsmp-3.5.0/intmark.c
ramsmp-3.5.0/intmem.c
ramsmp-3.5.0/LICENCE
ramsmp-3.5.0/ramsmp.c
ramsmp-3.5.0/README
ramsmp-3.5.0/temp/
