/usr/bin/gcc-13 -fno-omit-frame-pointer -m64 -Wall -I. -I$(SRCPATH) -std=gnu99 -D_GNU_SOURCE -mpreferred-stack-boundary=6 -fno-lto conftest.c -c -o conftest.o
platform:       X86_64
byte order:     little-endian
system:         LINUX
cli:            yes
libx264:        internal
shared:         yes
static:         no
bashcompletion: no
asm:            yes
interlaced:     yes
avs:            yes
lavf:           no
ffms:           no
mp4:            no
gpl:            yes
thread:         posix
opencl:         no
filters:        crop select_every
lto:            yes
debug:          no
gprof:          no
strip:          no
PIC:            yes
bit depth:      all
chroma format:  all

You can run 'make' or 'make fprofiled' now.
dependency file generation...
gcc -Wno-maybe-uninitialized -Wshadow -O3 -ffast-math -m64  -Wall -I. -I. -std=gnu99 -D_GNU_SOURCE -mpreferred-stack-boundary=6 -fPIC -fomit-frame-pointer -flto -fno-tree-vectorize -fvisibility=hidden   -c x264.c -o x264.o
gcc -Wno-maybe-uninitialized -Wshadow -O3 -ffast-math -m64  -Wall -I. -I. -std=gnu99 -D_GNU_SOURCE -mpreferred-stack-boundary=6 -fPIC -fomit-frame-pointer -flto -fno-tree-vectorize -fvisibility=hidden   -c autocomplete.c -o autocomplete.o
gcc -Wno-maybe-uninitialized -Wshadow -O3 -ffast-math -m64  -Wall -I. -I. -std=gnu99 -D_GNU_SOURCE -mpreferred-stack-boundary=6 -fPIC -fomit-frame-pointer -flto -fno-tree-vectorize -fvisibility=hidden   -c input/input.c -o input/input.o
gcc -Wno-maybe-uninitialized -Wshadow -O3 -ffast-math -m64  -Wall -I. -I. -std=gnu99 -D_GNU_SOURCE -mpreferred-stack-boundary=6 -fPIC -fomit-frame-pointer -flto -fno-tree-vectorize -fvisibility=hidden   -c input/timecode.c -o input/timecode.o
gcc -Wno-maybe-uninitialized -Wshadow -O3 -ffast-math -m64  -Wall -I. -I. -std=gnu99 -D_GNU_SOURCE -mpreferred-stack-boundary=6 -fPIC -fomit-frame-pointer -flto -fno-tree-vectorize -fvisibility=hidden   -c input/raw.c -o input/raw.o
gcc -Wno-maybe-uninitialized -Wshadow -O3 -ffast-math -m64  -Wall -I. -I. -std=gnu99 -D_GNU_SOURCE -mpreferred-stack-boundary=6 -fPIC -fomit-frame-pointer -flto -fno-tree-vectorize -fvisibility=hidden   -c input/y4m.c -o input/y4m.o
gcc -Wno-maybe-uninitialized -Wshadow -O3 -ffast-math -m64  -Wall -I. -I. -std=gnu99 -D_GNU_SOURCE -mpreferred-stack-boundary=6 -fPIC -fomit-frame-pointer -flto -fno-tree-vectorize -fvisibility=hidden   -c output/raw.c -o output/raw.o
gcc -Wno-maybe-uninitialized -Wshadow -O3 -ffast-math -m64  -Wall -I. -I. -std=gnu99 -D_GNU_SOURCE -mpreferred-stack-boundary=6 -fPIC -fomit-frame-pointer -flto -fno-tree-vectorize -fvisibility=hidden   -c output/matroska.c -o output/matroska.o
gcc -Wno-maybe-uninitialized -Wshadow -O3 -ffast-math -m64  -Wall -I. -I. -std=gnu99 -D_GNU_SOURCE -mpreferred-stack-boundary=6 -fPIC -fomit-frame-pointer -flto -fno-tree-vectorize -fvisibility=hidden   -c output/matroska_ebml.c -o output/matroska_ebml.o
gcc -Wno-maybe-uninitialized -Wshadow -O3 -ffast-math -m64  -Wall -I. -I. -std=gnu99 -D_GNU_SOURCE -mpreferred-stack-boundary=6 -fPIC -fomit-frame-pointer -flto -fno-tree-vectorize -fvisibility=hidden   -c output/flv.c -o output/flv.o
gcc -Wno-maybe-uninitialized -Wshadow -O3 -ffast-math -m64  -Wall -I. -I. -std=gnu99 -D_GNU_SOURCE -mpreferred-stack-boundary=6 -fPIC -fomit-frame-pointer -flto -fno-tree-vectorize -fvisibility=hidden   -c output/flv_bytestream.c -o output/flv_bytestream.o
/usr/bin/gcc-13 -fno-omit-frame-pointer -Wno-maybe-uninitialized -Wshadow -O3 -ffast-math -m64 -Wall -I. -I. -std=gnu99 -D_GNU_SOURCE -mpreferred-stack-boundary=6 -fPIC -fomit-frame-pointer -flto -fno-tree-vectorize -fvisibility=hidden -c x264.c -o x264.o
gcc -Wno-maybe-uninitialized -Wshadow -O3 -ffast-math -m64  -Wall -I. -I. -std=gnu99 -D_GNU_SOURCE -mpreferred-stack-boundary=6 -fPIC -fomit-frame-pointer -flto -fno-tree-vectorize -fvisibility=hidden   -c filters/filters.c -o filters/filters.o
/usr/bin/gcc-13 -fno-omit-frame-pointer -Wno-maybe-uninitialized -Wshadow -O3 -ffast-math -m64 -Wall -I. -I. -std=gnu99 -D_GNU_SOURCE -mpreferred-stack-boundary=6 -fPIC -fomit-frame-pointer -flto -fno-tree-vectorize -fvisibility=hidden -c autocomplete.c -o autocomplete.o
gcc -Wno-maybe-uninitialized -Wshadow -O3 -ffast-math -m64  -Wall -I. -I. -std=gnu99 -D_GNU_SOURCE -mpreferred-stack-boundary=6 -fPIC -fomit-frame-pointer -flto -fno-tree-vectorize -fvisibility=hidden   -c filters/video/video.c -o filters/video/video.o
/usr/bin/gcc-13 -fno-omit-frame-pointer -Wno-maybe-uninitialized -Wshadow -O3 -ffast-math -m64 -Wall -I. -I. -std=gnu99 -D_GNU_SOURCE -mpreferred-stack-boundary=6 -fPIC -fomit-frame-pointer -flto -fno-tree-vectorize -fvisibility=hidden -c input/input.c -o input/input.o
gcc -Wno-maybe-uninitialized -Wshadow -O3 -ffast-math -m64  -Wall -I. -I. -std=gnu99 -D_GNU_SOURCE -mpreferred-stack-boundary=6 -fPIC -fomit-frame-pointer -flto -fno-tree-vectorize -fvisibility=hidden   -c filters/video/source.c -o filters/video/source.o
/usr/bin/gcc-13 -fno-omit-frame-pointer -Wno-maybe-uninitialized -Wshadow -O3 -ffast-math -m64 -Wall -I. -I. -std=gnu99 -D_GNU_SOURCE -mpreferred-stack-boundary=6 -fPIC -fomit-frame-pointer -flto -fno-tree-vectorize -fvisibility=hidden -c input/raw.c -o input/raw.o
gcc -Wno-maybe-uninitialized -Wshadow -O3 -ffast-math -m64  -Wall -I. -I. -std=gnu99 -D_GNU_SOURCE -mpreferred-stack-boundary=6 -fPIC -fomit-frame-pointer -flto -fno-tree-vectorize -fvisibility=hidden   -c filters/video/internal.c -o filters/video/internal.o
gcc -Wno-maybe-uninitialized -Wshadow -O3 -ffast-math -m64  -Wall -I. -I. -std=gnu99 -D_GNU_SOURCE -mpreferred-stack-boundary=6 -fPIC -fomit-frame-pointer -flto -fno-tree-vectorize -fvisibility=hidden   -c filters/video/resize.c -o filters/video/resize.o
gcc -Wno-maybe-uninitialized -Wshadow -O3 -ffast-math -m64  -Wall -I. -I. -std=gnu99 -D_GNU_SOURCE -mpreferred-stack-boundary=6 -fPIC -fomit-frame-pointer -flto -fno-tree-vectorize -fvisibility=hidden   -c filters/video/fix_vfr_pts.c -o filters/video/fix_vfr_pts.o
/usr/bin/gcc-13 -fno-omit-frame-pointer -Wno-maybe-uninitialized -Wshadow -O3 -ffast-math -m64 -Wall -I. -I. -std=gnu99 -D_GNU_SOURCE -mpreferred-stack-boundary=6 -fPIC -fomit-frame-pointer -flto -fno-tree-vectorize -fvisibility=hidden -c input/timecode.c -o input/timecode.o
gcc -Wno-maybe-uninitialized -Wshadow -O3 -ffast-math -m64  -Wall -I. -I. -std=gnu99 -D_GNU_SOURCE -mpreferred-stack-boundary=6 -fPIC -fomit-frame-pointer -flto -fno-tree-vectorize -fvisibility=hidden   -c filters/video/select_every.c -o filters/video/select_every.o
/usr/bin/gcc-13 -fno-omit-frame-pointer -Wno-maybe-uninitialized -Wshadow -O3 -ffast-math -m64 -Wall -I. -I. -std=gnu99 -D_GNU_SOURCE -mpreferred-stack-boundary=6 -fPIC -fomit-frame-pointer -flto -fno-tree-vectorize -fvisibility=hidden -c output/matroska.c -o output/matroska.o
gcc -Wno-maybe-uninitialized -Wshadow -O3 -ffast-math -m64  -Wall -I. -I. -std=gnu99 -D_GNU_SOURCE -mpreferred-stack-boundary=6 -fPIC -fomit-frame-pointer -flto -fno-tree-vectorize -fvisibility=hidden   -c filters/video/crop.c -o filters/video/crop.o
/usr/bin/gcc-13 -fno-omit-frame-pointer -Wno-maybe-uninitialized -Wshadow -O3 -ffast-math -m64 -Wall -I. -I. -std=gnu99 -D_GNU_SOURCE -mpreferred-stack-boundary=6 -fPIC -fomit-frame-pointer -flto -fno-tree-vectorize -fvisibility=hidden -c output/raw.c -o output/raw.o
gcc -Wno-maybe-uninitialized -Wshadow -O3 -ffast-math -m64  -Wall -I. -I. -std=gnu99 -D_GNU_SOURCE -mpreferred-stack-boundary=6 -fPIC -fomit-frame-pointer -flto -fno-tree-vectorize -fvisibility=hidden   -c input/avs.c -o input/avs.o
/usr/bin/gcc-13 -fno-omit-frame-pointer -Wno-maybe-uninitialized -Wshadow -O3 -ffast-math -m64 -Wall -I. -I. -std=gnu99 -D_GNU_SOURCE -mpreferred-stack-boundary=6 -fPIC -fomit-frame-pointer -flto -fno-tree-vectorize -fvisibility=hidden -c input/y4m.c -o input/y4m.o
gcc -Wno-maybe-uninitialized -Wshadow -O3 -ffast-math -m64  -Wall -I. -I. -std=gnu99 -D_GNU_SOURCE -mpreferred-stack-boundary=6 -fPIC -fomit-frame-pointer -flto -fno-tree-vectorize -fvisibility=hidden   -c filters/video/cache.c -o filters/video/cache-8.o -DHIGH_BIT_DEPTH=0 -DBIT_DEPTH=8
/usr/bin/gcc-13 -fno-omit-frame-pointer -Wno-maybe-uninitialized -Wshadow -O3 -ffast-math -m64 -Wall -I. -I. -std=gnu99 -D_GNU_SOURCE -mpreferred-stack-boundary=6 -fPIC -fomit-frame-pointer -flto -fno-tree-vectorize -fvisibility=hidden -c output/flv_bytestream.c -o output/flv_bytestream.o
gcc -Wno-maybe-uninitialized -Wshadow -O3 -ffast-math -m64  -Wall -I. -I. -std=gnu99 -D_GNU_SOURCE -mpreferred-stack-boundary=6 -fPIC -fomit-frame-pointer -flto -fno-tree-vectorize -fvisibility=hidden   -c filters/video/depth.c -o filters/video/depth-8.o -DHIGH_BIT_DEPTH=0 -DBIT_DEPTH=8
/usr/bin/gcc-13 -fno-omit-frame-pointer -Wno-maybe-uninitialized -Wshadow -O3 -ffast-math -m64 -Wall -I. -I. -std=gnu99 -D_GNU_SOURCE -mpreferred-stack-boundary=6 -fPIC -fomit-frame-pointer -flto -fno-tree-vectorize -fvisibility=hidden -c output/matroska_ebml.c -o output/matroska_ebml.o
gcc -Wno-maybe-uninitialized -Wshadow -O3 -ffast-math -m64  -Wall -I. -I. -std=gnu99 -D_GNU_SOURCE -mpreferred-stack-boundary=6 -fPIC -fomit-frame-pointer -flto -fno-tree-vectorize -fvisibility=hidden   -c input/thread.c -o input/thread-8.o -DHIGH_BIT_DEPTH=0 -DBIT_DEPTH=8
/usr/bin/gcc-13 -fno-omit-frame-pointer -Wno-maybe-uninitialized -Wshadow -O3 -ffast-math -m64 -Wall -I. -I. -std=gnu99 -D_GNU_SOURCE -mpreferred-stack-boundary=6 -fPIC -fomit-frame-pointer -flto -fno-tree-vectorize -fvisibility=hidden -c output/flv.c -o output/flv.o
/usr/bin/gcc-13 -fno-omit-frame-pointer -Wno-maybe-uninitialized -Wshadow -O3 -ffast-math -m64 -Wall -I. -I. -std=gnu99 -D_GNU_SOURCE -mpreferred-stack-boundary=6 -fPIC -fomit-frame-pointer -flto -fno-tree-vectorize -fvisibility=hidden -c filters/filters.c -o filters/filters.o
gcc -Wno-maybe-uninitialized -Wshadow -O3 -ffast-math -m64  -Wall -I. -I. -std=gnu99 -D_GNU_SOURCE -mpreferred-stack-boundary=6 -fPIC -fomit-frame-pointer -flto -fno-tree-vectorize -fvisibility=hidden   -c filters/video/cache.c -o filters/video/cache-10.o -DHIGH_BIT_DEPTH=1 -DBIT_DEPTH=10
/usr/bin/gcc-13 -fno-omit-frame-pointer -Wno-maybe-uninitialized -Wshadow -O3 -ffast-math -m64 -Wall -I. -I. -std=gnu99 -D_GNU_SOURCE -mpreferred-stack-boundary=6 -fPIC -fomit-frame-pointer -flto -fno-tree-vectorize -fvisibility=hidden -c filters/video/video.c -o filters/video/video.o
/usr/bin/gcc-13 -fno-omit-frame-pointer -Wno-maybe-uninitialized -Wshadow -O3 -ffast-math -m64 -Wall -I. -I. -std=gnu99 -D_GNU_SOURCE -mpreferred-stack-boundary=6 -fPIC -fomit-frame-pointer -flto -fno-tree-vectorize -fvisibility=hidden -c filters/video/source.c -o filters/video/source.o
/usr/bin/gcc-13 -fno-omit-frame-pointer -Wno-maybe-uninitialized -Wshadow -O3 -ffast-math -m64 -Wall -I. -I. -std=gnu99 -D_GNU_SOURCE -mpreferred-stack-boundary=6 -fPIC -fomit-frame-pointer -flto -fno-tree-vectorize -fvisibility=hidden -c filters/video/internal.c -o filters/video/internal.o
/usr/bin/gcc-13 -fno-omit-frame-pointer -Wno-maybe-uninitialized -Wshadow -O3 -ffast-math -m64 -Wall -I. -I. -std=gnu99 -D_GNU_SOURCE -mpreferred-stack-boundary=6 -fPIC -fomit-frame-pointer -flto -fno-tree-vectorize -fvisibility=hidden -c filters/video/resize.c -o filters/video/resize.o
/usr/bin/gcc-13 -fno-omit-frame-pointer -Wno-maybe-uninitialized -Wshadow -O3 -ffast-math -m64 -Wall -I. -I. -std=gnu99 -D_GNU_SOURCE -mpreferred-stack-boundary=6 -fPIC -fomit-frame-pointer -flto -fno-tree-vectorize -fvisibility=hidden -c filters/video/fix_vfr_pts.c -o filters/video/fix_vfr_pts.o
/usr/bin/gcc-13 -fno-omit-frame-pointer -Wno-maybe-uninitialized -Wshadow -O3 -ffast-math -m64 -Wall -I. -I. -std=gnu99 -D_GNU_SOURCE -mpreferred-stack-boundary=6 -fPIC -fomit-frame-pointer -flto -fno-tree-vectorize -fvisibility=hidden -c filters/video/select_every.c -o filters/video/select_every.o
/usr/bin/gcc-13 -fno-omit-frame-pointer -Wno-maybe-uninitialized -Wshadow -O3 -ffast-math -m64 -Wall -I. -I. -std=gnu99 -D_GNU_SOURCE -mpreferred-stack-boundary=6 -fPIC -fomit-frame-pointer -flto -fno-tree-vectorize -fvisibility=hidden -c filters/video/crop.c -o filters/video/crop.o
/usr/bin/gcc-13 -fno-omit-frame-pointer -Wno-maybe-uninitialized -Wshadow -O3 -ffast-math -m64 -Wall -I. -I. -std=gnu99 -D_GNU_SOURCE -mpreferred-stack-boundary=6 -fPIC -fomit-frame-pointer -flto -fno-tree-vectorize -fvisibility=hidden -c input/avs.c -o input/avs.o
/usr/bin/gcc-13 -fno-omit-frame-pointer -Wno-maybe-uninitialized -Wshadow -O3 -ffast-math -m64 -Wall -I. -I. -std=gnu99 -D_GNU_SOURCE -mpreferred-stack-boundary=6 -fPIC -fomit-frame-pointer -flto -fno-tree-vectorize -fvisibility=hidden -c filters/video/cache.c -o filters/video/cache-8.o -DHIGH_BIT_DEPTH=0 -DBIT_DEPTH=8
/usr/bin/gcc-13 -fno-omit-frame-pointer -Wno-maybe-uninitialized -Wshadow -O3 -ffast-math -m64 -Wall -I. -I. -std=gnu99 -D_GNU_SOURCE -mpreferred-stack-boundary=6 -fPIC -fomit-frame-pointer -flto -fno-tree-vectorize -fvisibility=hidden -c filters/video/depth.c -o filters/video/depth-8.o -DHIGH_BIT_DEPTH=0 -DBIT_DEPTH=8
/usr/bin/gcc-13 -fno-omit-frame-pointer -Wno-maybe-uninitialized -Wshadow -O3 -ffast-math -m64 -Wall -I. -I. -std=gnu99 -D_GNU_SOURCE -mpreferred-stack-boundary=6 -fPIC -fomit-frame-pointer -flto -fno-tree-vectorize -fvisibility=hidden -c input/thread.c -o input/thread-8.o -DHIGH_BIT_DEPTH=0 -DBIT_DEPTH=8
/usr/bin/gcc-13 -fno-omit-frame-pointer -Wno-maybe-uninitialized -Wshadow -O3 -ffast-math -m64 -Wall -I. -I. -std=gnu99 -D_GNU_SOURCE -mpreferred-stack-boundary=6 -fPIC -fomit-frame-pointer -flto -fno-tree-vectorize -fvisibility=hidden -c filters/video/cache.c -o filters/video/cache-10.o -DHIGH_BIT_DEPTH=1 -DBIT_DEPTH=10
gcc -Wno-maybe-uninitialized -Wshadow -O3 -ffast-math -m64  -Wall -I. -I. -std=gnu99 -D_GNU_SOURCE -mpreferred-stack-boundary=6 -fPIC -fomit-frame-pointer -flto -fno-tree-vectorize -fvisibility=hidden   -c filters/video/depth.c -o filters/video/depth-10.o -DHIGH_BIT_DEPTH=1 -DBIT_DEPTH=10
gcc -Wno-maybe-uninitialized -Wshadow -O3 -ffast-math -m64  -Wall -I. -I. -std=gnu99 -D_GNU_SOURCE -mpreferred-stack-boundary=6 -fPIC -fomit-frame-pointer -flto -fno-tree-vectorize -fvisibility=hidden   -c input/thread.c -o input/thread-10.o -DHIGH_BIT_DEPTH=1 -DBIT_DEPTH=10
gcc -Wno-maybe-uninitialized -Wshadow -O3 -ffast-math -m64  -Wall -I. -I. -std=gnu99 -D_GNU_SOURCE -mpreferred-stack-boundary=6 -fPIC -fomit-frame-pointer -flto -fno-tree-vectorize -fvisibility=hidden  -DX264_API_EXPORTS -c common/osdep.c -o common/osdep.o
gcc -Wno-maybe-uninitialized -Wshadow -O3 -ffast-math -m64  -Wall -I. -I. -std=gnu99 -D_GNU_SOURCE -mpreferred-stack-boundary=6 -fPIC -fomit-frame-pointer -flto -fno-tree-vectorize -fvisibility=hidden  -DX264_API_EXPORTS -c common/base.c -o common/base.o
gcc -Wno-maybe-uninitialized -Wshadow -O3 -ffast-math -m64  -Wall -I. -I. -std=gnu99 -D_GNU_SOURCE -mpreferred-stack-boundary=6 -fPIC -fomit-frame-pointer -flto -fno-tree-vectorize -fvisibility=hidden  -DX264_API_EXPORTS -c common/cpu.c -o common/cpu.o
gcc -Wno-maybe-uninitialized -Wshadow -O3 -ffast-math -m64  -Wall -I. -I. -std=gnu99 -D_GNU_SOURCE -mpreferred-stack-boundary=6 -fPIC -fomit-frame-pointer -flto -fno-tree-vectorize -fvisibility=hidden  -DX264_API_EXPORTS -c common/tables.c -o common/tables.o
gcc -Wno-maybe-uninitialized -Wshadow -O3 -ffast-math -m64  -Wall -I. -I. -std=gnu99 -D_GNU_SOURCE -mpreferred-stack-boundary=6 -fPIC -fomit-frame-pointer -flto -fno-tree-vectorize -fvisibility=hidden  -DX264_API_EXPORTS -c encoder/api.c -o encoder/api.o
gcc -Wno-maybe-uninitialized -Wshadow -O3 -ffast-math -m64  -Wall -I. -I. -std=gnu99 -D_GNU_SOURCE -mpreferred-stack-boundary=6 -fPIC -fomit-frame-pointer -flto -fno-tree-vectorize -fvisibility=hidden  -DX264_API_EXPORTS -c common/mc.c -o common/mc-8.o -DHIGH_BIT_DEPTH=0 -DBIT_DEPTH=8
/usr/bin/gcc-13 -fno-omit-frame-pointer -Wno-maybe-uninitialized -Wshadow -O3 -ffast-math -m64 -Wall -I. -I. -std=gnu99 -D_GNU_SOURCE -mpreferred-stack-boundary=6 -fPIC -fomit-frame-pointer -flto -fno-tree-vectorize -fvisibility=hidden -c filters/video/depth.c -o filters/video/depth-10.o -DHIGH_BIT_DEPTH=1 -DBIT_DEPTH=10
/usr/bin/gcc-13 -fno-omit-frame-pointer -Wno-maybe-uninitialized -Wshadow -O3 -ffast-math -m64 -Wall -I. -I. -std=gnu99 -D_GNU_SOURCE -mpreferred-stack-boundary=6 -fPIC -fomit-frame-pointer -flto -fno-tree-vectorize -fvisibility=hidden -c input/thread.c -o input/thread-10.o -DHIGH_BIT_DEPTH=1 -DBIT_DEPTH=10
/usr/bin/gcc-13 -fno-omit-frame-pointer -Wno-maybe-uninitialized -Wshadow -O3 -ffast-math -m64 -Wall -I. -I. -std=gnu99 -D_GNU_SOURCE -mpreferred-stack-boundary=6 -fPIC -fomit-frame-pointer -flto -fno-tree-vectorize -fvisibility=hidden -DX264_API_EXPORTS -c common/osdep.c -o common/osdep.o
/usr/bin/gcc-13 -fno-omit-frame-pointer -Wno-maybe-uninitialized -Wshadow -O3 -ffast-math -m64 -Wall -I. -I. -std=gnu99 -D_GNU_SOURCE -mpreferred-stack-boundary=6 -fPIC -fomit-frame-pointer -flto -fno-tree-vectorize -fvisibility=hidden -DX264_API_EXPORTS -c common/cpu.c -o common/cpu.o
/usr/bin/gcc-13 -fno-omit-frame-pointer -Wno-maybe-uninitialized -Wshadow -O3 -ffast-math -m64 -Wall -I. -I. -std=gnu99 -D_GNU_SOURCE -mpreferred-stack-boundary=6 -fPIC -fomit-frame-pointer -flto -fno-tree-vectorize -fvisibility=hidden -DX264_API_EXPORTS -c common/base.c -o common/base.o
/usr/bin/gcc-13 -fno-omit-frame-pointer -Wno-maybe-uninitialized -Wshadow -O3 -ffast-math -m64 -Wall -I. -I. -std=gnu99 -D_GNU_SOURCE -mpreferred-stack-boundary=6 -fPIC -fomit-frame-pointer -flto -fno-tree-vectorize -fvisibility=hidden -DX264_API_EXPORTS -c common/tables.c -o common/tables.o
/usr/bin/gcc-13 -fno-omit-frame-pointer -Wno-maybe-uninitialized -Wshadow -O3 -ffast-math -m64 -Wall -I. -I. -std=gnu99 -D_GNU_SOURCE -mpreferred-stack-boundary=6 -fPIC -fomit-frame-pointer -flto -fno-tree-vectorize -fvisibility=hidden -DX264_API_EXPORTS -c encoder/api.c -o encoder/api.o
/usr/bin/gcc-13 -fno-omit-frame-pointer -Wno-maybe-uninitialized -Wshadow -O3 -ffast-math -m64 -Wall -I. -I. -std=gnu99 -D_GNU_SOURCE -mpreferred-stack-boundary=6 -fPIC -fomit-frame-pointer -flto -fno-tree-vectorize -fvisibility=hidden -DX264_API_EXPORTS -c common/mc.c -o common/mc-8.o -DHIGH_BIT_DEPTH=0 -DBIT_DEPTH=8
gcc -Wno-maybe-uninitialized -Wshadow -O3 -ffast-math -m64  -Wall -I. -I. -std=gnu99 -D_GNU_SOURCE -mpreferred-stack-boundary=6 -fPIC -fomit-frame-pointer -flto -fno-tree-vectorize -fvisibility=hidden  -DX264_API_EXPORTS -c common/predict.c -o common/predict-8.o -DHIGH_BIT_DEPTH=0 -DBIT_DEPTH=8
gcc -Wno-maybe-uninitialized -Wshadow -O3 -ffast-math -m64  -Wall -I. -I. -std=gnu99 -D_GNU_SOURCE -mpreferred-stack-boundary=6 -fPIC -fomit-frame-pointer -flto -fno-tree-vectorize -fvisibility=hidden  -DX264_API_EXPORTS -c common/pixel.c -o common/pixel-8.o -DHIGH_BIT_DEPTH=0 -DBIT_DEPTH=8
gcc -Wno-maybe-uninitialized -Wshadow -O3 -ffast-math -m64  -Wall -I. -I. -std=gnu99 -D_GNU_SOURCE -mpreferred-stack-boundary=6 -fPIC -fomit-frame-pointer -flto -fno-tree-vectorize -fvisibility=hidden  -DX264_API_EXPORTS -c common/macroblock.c -o common/macroblock-8.o -DHIGH_BIT_DEPTH=0 -DBIT_DEPTH=8
gcc -Wno-maybe-uninitialized -Wshadow -O3 -ffast-math -m64  -Wall -I. -I. -std=gnu99 -D_GNU_SOURCE -mpreferred-stack-boundary=6 -fPIC -fomit-frame-pointer -flto -fno-tree-vectorize -fvisibility=hidden  -DX264_API_EXPORTS -c common/frame.c -o common/frame-8.o -DHIGH_BIT_DEPTH=0 -DBIT_DEPTH=8
gcc -Wno-maybe-uninitialized -Wshadow -O3 -ffast-math -m64  -Wall -I. -I. -std=gnu99 -D_GNU_SOURCE -mpreferred-stack-boundary=6 -fPIC -fomit-frame-pointer -flto -fno-tree-vectorize -fvisibility=hidden  -DX264_API_EXPORTS -c common/dct.c -o common/dct-8.o -DHIGH_BIT_DEPTH=0 -DBIT_DEPTH=8
gcc -Wno-maybe-uninitialized -Wshadow -O3 -ffast-math -m64  -Wall -I. -I. -std=gnu99 -D_GNU_SOURCE -mpreferred-stack-boundary=6 -fPIC -fomit-frame-pointer -flto -fno-tree-vectorize -fvisibility=hidden  -DX264_API_EXPORTS -c common/cabac.c -o common/cabac-8.o -DHIGH_BIT_DEPTH=0 -DBIT_DEPTH=8
gcc -Wno-maybe-uninitialized -Wshadow -O3 -ffast-math -m64  -Wall -I. -I. -std=gnu99 -D_GNU_SOURCE -mpreferred-stack-boundary=6 -fPIC -fomit-frame-pointer -flto -fno-tree-vectorize -fvisibility=hidden  -DX264_API_EXPORTS -c common/common.c -o common/common-8.o -DHIGH_BIT_DEPTH=0 -DBIT_DEPTH=8
gcc -Wno-maybe-uninitialized -Wshadow -O3 -ffast-math -m64  -Wall -I. -I. -std=gnu99 -D_GNU_SOURCE -mpreferred-stack-boundary=6 -fPIC -fomit-frame-pointer -flto -fno-tree-vectorize -fvisibility=hidden  -DX264_API_EXPORTS -c common/rectangle.c -o common/rectangle-8.o -DHIGH_BIT_DEPTH=0 -DBIT_DEPTH=8
/usr/bin/gcc-13 -fno-omit-frame-pointer -Wno-maybe-uninitialized -Wshadow -O3 -ffast-math -m64 -Wall -I. -I. -std=gnu99 -D_GNU_SOURCE -mpreferred-stack-boundary=6 -fPIC -fomit-frame-pointer -flto -fno-tree-vectorize -fvisibility=hidden -DX264_API_EXPORTS -c common/predict.c -o common/predict-8.o -DHIGH_BIT_DEPTH=0 -DBIT_DEPTH=8
/usr/bin/gcc-13 -fno-omit-frame-pointer -Wno-maybe-uninitialized -Wshadow -O3 -ffast-math -m64 -Wall -I. -I. -std=gnu99 -D_GNU_SOURCE -mpreferred-stack-boundary=6 -fPIC -fomit-frame-pointer -flto -fno-tree-vectorize -fvisibility=hidden -DX264_API_EXPORTS -c common/macroblock.c -o common/macroblock-8.o -DHIGH_BIT_DEPTH=0 -DBIT_DEPTH=8
/usr/bin/gcc-13 -fno-omit-frame-pointer -Wno-maybe-uninitialized -Wshadow -O3 -ffast-math -m64 -Wall -I. -I. -std=gnu99 -D_GNU_SOURCE -mpreferred-stack-boundary=6 -fPIC -fomit-frame-pointer -flto -fno-tree-vectorize -fvisibility=hidden -DX264_API_EXPORTS -c common/pixel.c -o common/pixel-8.o -DHIGH_BIT_DEPTH=0 -DBIT_DEPTH=8
/usr/bin/gcc-13 -fno-omit-frame-pointer -Wno-maybe-uninitialized -Wshadow -O3 -ffast-math -m64 -Wall -I. -I. -std=gnu99 -D_GNU_SOURCE -mpreferred-stack-boundary=6 -fPIC -fomit-frame-pointer -flto -fno-tree-vectorize -fvisibility=hidden -DX264_API_EXPORTS -c common/frame.c -o common/frame-8.o -DHIGH_BIT_DEPTH=0 -DBIT_DEPTH=8
/usr/bin/gcc-13 -fno-omit-frame-pointer -Wno-maybe-uninitialized -Wshadow -O3 -ffast-math -m64 -Wall -I. -I. -std=gnu99 -D_GNU_SOURCE -mpreferred-stack-boundary=6 -fPIC -fomit-frame-pointer -flto -fno-tree-vectorize -fvisibility=hidden -DX264_API_EXPORTS -c common/common.c -o common/common-8.o -DHIGH_BIT_DEPTH=0 -DBIT_DEPTH=8
/usr/bin/gcc-13 -fno-omit-frame-pointer -Wno-maybe-uninitialized -Wshadow -O3 -ffast-math -m64 -Wall -I. -I. -std=gnu99 -D_GNU_SOURCE -mpreferred-stack-boundary=6 -fPIC -fomit-frame-pointer -flto -fno-tree-vectorize -fvisibility=hidden -DX264_API_EXPORTS -c common/dct.c -o common/dct-8.o -DHIGH_BIT_DEPTH=0 -DBIT_DEPTH=8
/usr/bin/gcc-13 -fno-omit-frame-pointer -Wno-maybe-uninitialized -Wshadow -O3 -ffast-math -m64 -Wall -I. -I. -std=gnu99 -D_GNU_SOURCE -mpreferred-stack-boundary=6 -fPIC -fomit-frame-pointer -flto -fno-tree-vectorize -fvisibility=hidden -DX264_API_EXPORTS -c common/cabac.c -o common/cabac-8.o -DHIGH_BIT_DEPTH=0 -DBIT_DEPTH=8
/usr/bin/gcc-13 -fno-omit-frame-pointer -Wno-maybe-uninitialized -Wshadow -O3 -ffast-math -m64 -Wall -I. -I. -std=gnu99 -D_GNU_SOURCE -mpreferred-stack-boundary=6 -fPIC -fomit-frame-pointer -flto -fno-tree-vectorize -fvisibility=hidden -DX264_API_EXPORTS -c common/rectangle.c -o common/rectangle-8.o -DHIGH_BIT_DEPTH=0 -DBIT_DEPTH=8
gcc -Wno-maybe-uninitialized -Wshadow -O3 -ffast-math -m64  -Wall -I. -I. -std=gnu99 -D_GNU_SOURCE -mpreferred-stack-boundary=6 -fPIC -fomit-frame-pointer -flto -fno-tree-vectorize -fvisibility=hidden  -DX264_API_EXPORTS -c common/set.c -o common/set-8.o -DHIGH_BIT_DEPTH=0 -DBIT_DEPTH=8
gcc -Wno-maybe-uninitialized -Wshadow -O3 -ffast-math -m64  -Wall -I. -I. -std=gnu99 -D_GNU_SOURCE -mpreferred-stack-boundary=6 -fPIC -fomit-frame-pointer -flto -fno-tree-vectorize -fvisibility=hidden  -DX264_API_EXPORTS -c common/quant.c -o common/quant-8.o -DHIGH_BIT_DEPTH=0 -DBIT_DEPTH=8
gcc -Wno-maybe-uninitialized -Wshadow -O3 -ffast-math -m64  -Wall -I. -I. -std=gnu99 -D_GNU_SOURCE -mpreferred-stack-boundary=6 -fPIC -fomit-frame-pointer -flto -fno-tree-vectorize -fvisibility=hidden  -DX264_API_EXPORTS -c common/deblock.c -o common/deblock-8.o -DHIGH_BIT_DEPTH=0 -DBIT_DEPTH=8
gcc -Wno-maybe-uninitialized -Wshadow -O3 -ffast-math -m64  -Wall -I. -I. -std=gnu99 -D_GNU_SOURCE -mpreferred-stack-boundary=6 -fPIC -fomit-frame-pointer -flto -fno-tree-vectorize -fvisibility=hidden  -DX264_API_EXPORTS -c common/vlc.c -o common/vlc-8.o -DHIGH_BIT_DEPTH=0 -DBIT_DEPTH=8
gcc -Wno-maybe-uninitialized -Wshadow -O3 -ffast-math -m64  -Wall -I. -I. -std=gnu99 -D_GNU_SOURCE -mpreferred-stack-boundary=6 -fPIC -fomit-frame-pointer -flto -fno-tree-vectorize -fvisibility=hidden  -DX264_API_EXPORTS -c common/mvpred.c -o common/mvpred-8.o -DHIGH_BIT_DEPTH=0 -DBIT_DEPTH=8
gcc -Wno-maybe-uninitialized -Wshadow -O3 -ffast-math -m64  -Wall -I. -I. -std=gnu99 -D_GNU_SOURCE -mpreferred-stack-boundary=6 -fPIC -fomit-frame-pointer -flto -fno-tree-vectorize -fvisibility=hidden  -DX264_API_EXPORTS -c common/bitstream.c -o common/bitstream-8.o -DHIGH_BIT_DEPTH=0 -DBIT_DEPTH=8
/usr/bin/gcc-13 -fno-omit-frame-pointer -Wno-maybe-uninitialized -Wshadow -O3 -ffast-math -m64 -Wall -I. -I. -std=gnu99 -D_GNU_SOURCE -mpreferred-stack-boundary=6 -fPIC -fomit-frame-pointer -flto -fno-tree-vectorize -fvisibility=hidden -DX264_API_EXPORTS -c common/set.c -o common/set-8.o -DHIGH_BIT_DEPTH=0 -DBIT_DEPTH=8
/usr/bin/gcc-13 -fno-omit-frame-pointer -Wno-maybe-uninitialized -Wshadow -O3 -ffast-math -m64 -Wall -I. -I. -std=gnu99 -D_GNU_SOURCE -mpreferred-stack-boundary=6 -fPIC -fomit-frame-pointer -flto -fno-tree-vectorize -fvisibility=hidden -DX264_API_EXPORTS -c common/quant.c -o common/quant-8.o -DHIGH_BIT_DEPTH=0 -DBIT_DEPTH=8
/usr/bin/gcc-13 -fno-omit-frame-pointer -Wno-maybe-uninitialized -Wshadow -O3 -ffast-math -m64 -Wall -I. -I. -std=gnu99 -D_GNU_SOURCE -mpreferred-stack-boundary=6 -fPIC -fomit-frame-pointer -flto -fno-tree-vectorize -fvisibility=hidden -DX264_API_EXPORTS -c common/deblock.c -o common/deblock-8.o -DHIGH_BIT_DEPTH=0 -DBIT_DEPTH=8
/usr/bin/gcc-13 -fno-omit-frame-pointer -Wno-maybe-uninitialized -Wshadow -O3 -ffast-math -m64 -Wall -I. -I. -std=gnu99 -D_GNU_SOURCE -mpreferred-stack-boundary=6 -fPIC -fomit-frame-pointer -flto -fno-tree-vectorize -fvisibility=hidden -DX264_API_EXPORTS -c common/vlc.c -o common/vlc-8.o -DHIGH_BIT_DEPTH=0 -DBIT_DEPTH=8
/usr/bin/gcc-13 -fno-omit-frame-pointer -Wno-maybe-uninitialized -Wshadow -O3 -ffast-math -m64 -Wall -I. -I. -std=gnu99 -D_GNU_SOURCE -mpreferred-stack-boundary=6 -fPIC -fomit-frame-pointer -flto -fno-tree-vectorize -fvisibility=hidden -DX264_API_EXPORTS -c common/mvpred.c -o common/mvpred-8.o -DHIGH_BIT_DEPTH=0 -DBIT_DEPTH=8
/usr/bin/gcc-13 -fno-omit-frame-pointer -Wno-maybe-uninitialized -Wshadow -O3 -ffast-math -m64 -Wall -I. -I. -std=gnu99 -D_GNU_SOURCE -mpreferred-stack-boundary=6 -fPIC -fomit-frame-pointer -flto -fno-tree-vectorize -fvisibility=hidden -DX264_API_EXPORTS -c common/bitstream.c -o common/bitstream-8.o -DHIGH_BIT_DEPTH=0 -DBIT_DEPTH=8
gcc -Wno-maybe-uninitialized -Wshadow -O3 -ffast-math -m64  -Wall -I. -I. -std=gnu99 -D_GNU_SOURCE -mpreferred-stack-boundary=6 -fPIC -fomit-frame-pointer -flto -fno-tree-vectorize -fvisibility=hidden  -DX264_API_EXPORTS -c encoder/analyse.c -o encoder/analyse-8.o -DHIGH_BIT_DEPTH=0 -DBIT_DEPTH=8
/usr/bin/gcc-13 -fno-omit-frame-pointer -Wno-maybe-uninitialized -Wshadow -O3 -ffast-math -m64 -Wall -I. -I. -std=gnu99 -D_GNU_SOURCE -mpreferred-stack-boundary=6 -fPIC -fomit-frame-pointer -flto -fno-tree-vectorize -fvisibility=hidden -DX264_API_EXPORTS -c encoder/analyse.c -o encoder/analyse-8.o -DHIGH_BIT_DEPTH=0 -DBIT_DEPTH=8
gcc -Wno-maybe-uninitialized -Wshadow -O3 -ffast-math -m64  -Wall -I. -I. -std=gnu99 -D_GNU_SOURCE -mpreferred-stack-boundary=6 -fPIC -fomit-frame-pointer -flto -fno-tree-vectorize -fvisibility=hidden  -DX264_API_EXPORTS -c encoder/me.c -o encoder/me-8.o -DHIGH_BIT_DEPTH=0 -DBIT_DEPTH=8
/usr/bin/gcc-13 -fno-omit-frame-pointer -Wno-maybe-uninitialized -Wshadow -O3 -ffast-math -m64 -Wall -I. -I. -std=gnu99 -D_GNU_SOURCE -mpreferred-stack-boundary=6 -fPIC -fomit-frame-pointer -flto -fno-tree-vectorize -fvisibility=hidden -DX264_API_EXPORTS -c encoder/me.c -o encoder/me-8.o -DHIGH_BIT_DEPTH=0 -DBIT_DEPTH=8
gcc -Wno-maybe-uninitialized -Wshadow -O3 -ffast-math -m64  -Wall -I. -I. -std=gnu99 -D_GNU_SOURCE -mpreferred-stack-boundary=6 -fPIC -fomit-frame-pointer -flto -fno-tree-vectorize -fvisibility=hidden  -DX264_API_EXPORTS -c encoder/ratecontrol.c -o encoder/ratecontrol-8.o -DHIGH_BIT_DEPTH=0 -DBIT_DEPTH=8
/usr/bin/gcc-13 -fno-omit-frame-pointer -Wno-maybe-uninitialized -Wshadow -O3 -ffast-math -m64 -Wall -I. -I. -std=gnu99 -D_GNU_SOURCE -mpreferred-stack-boundary=6 -fPIC -fomit-frame-pointer -flto -fno-tree-vectorize -fvisibility=hidden -DX264_API_EXPORTS -c encoder/ratecontrol.c -o encoder/ratecontrol-8.o -DHIGH_BIT_DEPTH=0 -DBIT_DEPTH=8
gcc -Wno-maybe-uninitialized -Wshadow -O3 -ffast-math -m64  -Wall -I. -I. -std=gnu99 -D_GNU_SOURCE -mpreferred-stack-boundary=6 -fPIC -fomit-frame-pointer -flto -fno-tree-vectorize -fvisibility=hidden  -DX264_API_EXPORTS -c encoder/set.c -o encoder/set-8.o -DHIGH_BIT_DEPTH=0 -DBIT_DEPTH=8
/usr/bin/gcc-13 -fno-omit-frame-pointer -Wno-maybe-uninitialized -Wshadow -O3 -ffast-math -m64 -Wall -I. -I. -std=gnu99 -D_GNU_SOURCE -mpreferred-stack-boundary=6 -fPIC -fomit-frame-pointer -flto -fno-tree-vectorize -fvisibility=hidden -DX264_API_EXPORTS -c encoder/set.c -o encoder/set-8.o -DHIGH_BIT_DEPTH=0 -DBIT_DEPTH=8
gcc -Wno-maybe-uninitialized -Wshadow -O3 -ffast-math -m64  -Wall -I. -I. -std=gnu99 -D_GNU_SOURCE -mpreferred-stack-boundary=6 -fPIC -fomit-frame-pointer -flto -fno-tree-vectorize -fvisibility=hidden  -DX264_API_EXPORTS -c encoder/macroblock.c -o encoder/macroblock-8.o -DHIGH_BIT_DEPTH=0 -DBIT_DEPTH=8
gcc -Wno-maybe-uninitialized -Wshadow -O3 -ffast-math -m64  -Wall -I. -I. -std=gnu99 -D_GNU_SOURCE -mpreferred-stack-boundary=6 -fPIC -fomit-frame-pointer -flto -fno-tree-vectorize -fvisibility=hidden  -DX264_API_EXPORTS -c encoder/cabac.c -o encoder/cabac-8.o -DHIGH_BIT_DEPTH=0 -DBIT_DEPTH=8
/usr/bin/gcc-13 -fno-omit-frame-pointer -Wno-maybe-uninitialized -Wshadow -O3 -ffast-math -m64 -Wall -I. -I. -std=gnu99 -D_GNU_SOURCE -mpreferred-stack-boundary=6 -fPIC -fomit-frame-pointer -flto -fno-tree-vectorize -fvisibility=hidden -DX264_API_EXPORTS -c encoder/cabac.c -o encoder/cabac-8.o -DHIGH_BIT_DEPTH=0 -DBIT_DEPTH=8
gcc -Wno-maybe-uninitialized -Wshadow -O3 -ffast-math -m64  -Wall -I. -I. -std=gnu99 -D_GNU_SOURCE -mpreferred-stack-boundary=6 -fPIC -fomit-frame-pointer -flto -fno-tree-vectorize -fvisibility=hidden  -DX264_API_EXPORTS -c encoder/cavlc.c -o encoder/cavlc-8.o -DHIGH_BIT_DEPTH=0 -DBIT_DEPTH=8
/usr/bin/gcc-13 -fno-omit-frame-pointer -Wno-maybe-uninitialized -Wshadow -O3 -ffast-math -m64 -Wall -I. -I. -std=gnu99 -D_GNU_SOURCE -mpreferred-stack-boundary=6 -fPIC -fomit-frame-pointer -flto -fno-tree-vectorize -fvisibility=hidden -DX264_API_EXPORTS -c encoder/macroblock.c -o encoder/macroblock-8.o -DHIGH_BIT_DEPTH=0 -DBIT_DEPTH=8
/usr/bin/gcc-13 -fno-omit-frame-pointer -Wno-maybe-uninitialized -Wshadow -O3 -ffast-math -m64 -Wall -I. -I. -std=gnu99 -D_GNU_SOURCE -mpreferred-stack-boundary=6 -fPIC -fomit-frame-pointer -flto -fno-tree-vectorize -fvisibility=hidden -DX264_API_EXPORTS -c encoder/cavlc.c -o encoder/cavlc-8.o -DHIGH_BIT_DEPTH=0 -DBIT_DEPTH=8
gcc -Wno-maybe-uninitialized -Wshadow -O3 -ffast-math -m64  -Wall -I. -I. -std=gnu99 -D_GNU_SOURCE -mpreferred-stack-boundary=6 -fPIC -fomit-frame-pointer -flto -fno-tree-vectorize -fvisibility=hidden  -DX264_API_EXPORTS -c encoder/encoder.c -o encoder/encoder-8.o -DHIGH_BIT_DEPTH=0 -DBIT_DEPTH=8
gcc -Wno-maybe-uninitialized -Wshadow -O3 -ffast-math -m64  -Wall -I. -I. -std=gnu99 -D_GNU_SOURCE -mpreferred-stack-boundary=6 -fPIC -fomit-frame-pointer -flto -fno-tree-vectorize -fvisibility=hidden  -DX264_API_EXPORTS -c encoder/lookahead.c -o encoder/lookahead-8.o -DHIGH_BIT_DEPTH=0 -DBIT_DEPTH=8
/usr/bin/gcc-13 -fno-omit-frame-pointer -Wno-maybe-uninitialized -Wshadow -O3 -ffast-math -m64 -Wall -I. -I. -std=gnu99 -D_GNU_SOURCE -mpreferred-stack-boundary=6 -fPIC -fomit-frame-pointer -flto -fno-tree-vectorize -fvisibility=hidden -DX264_API_EXPORTS -c encoder/lookahead.c -o encoder/lookahead-8.o -DHIGH_BIT_DEPTH=0 -DBIT_DEPTH=8
gcc -Wno-maybe-uninitialized -Wshadow -O3 -ffast-math -m64  -Wall -I. -I. -std=gnu99 -D_GNU_SOURCE -mpreferred-stack-boundary=6 -fPIC -fomit-frame-pointer -flto -fno-tree-vectorize -fvisibility=hidden  -DX264_API_EXPORTS -c common/threadpool.c -o common/threadpool-8.o -DHIGH_BIT_DEPTH=0 -DBIT_DEPTH=8
/usr/bin/gcc-13 -fno-omit-frame-pointer -Wno-maybe-uninitialized -Wshadow -O3 -ffast-math -m64 -Wall -I. -I. -std=gnu99 -D_GNU_SOURCE -mpreferred-stack-boundary=6 -fPIC -fomit-frame-pointer -flto -fno-tree-vectorize -fvisibility=hidden -DX264_API_EXPORTS -c encoder/encoder.c -o encoder/encoder-8.o -DHIGH_BIT_DEPTH=0 -DBIT_DEPTH=8
gcc -Wno-maybe-uninitialized -Wshadow -O3 -ffast-math -m64  -Wall -I. -I. -std=gnu99 -D_GNU_SOURCE -mpreferred-stack-boundary=6 -fPIC -fomit-frame-pointer -flto -fno-tree-vectorize -fvisibility=hidden  -DX264_API_EXPORTS -c common/x86/mc-c.c -o common/x86/mc-c-8.o -DHIGH_BIT_DEPTH=0 -DBIT_DEPTH=8
/usr/bin/gcc-13 -fno-omit-frame-pointer -Wno-maybe-uninitialized -Wshadow -O3 -ffast-math -m64 -Wall -I. -I. -std=gnu99 -D_GNU_SOURCE -mpreferred-stack-boundary=6 -fPIC -fomit-frame-pointer -flto -fno-tree-vectorize -fvisibility=hidden -DX264_API_EXPORTS -c common/threadpool.c -o common/threadpool-8.o -DHIGH_BIT_DEPTH=0 -DBIT_DEPTH=8
gcc -Wno-maybe-uninitialized -Wshadow -O3 -ffast-math -m64  -Wall -I. -I. -std=gnu99 -D_GNU_SOURCE -mpreferred-stack-boundary=6 -fPIC -fomit-frame-pointer -flto -fno-tree-vectorize -fvisibility=hidden  -DX264_API_EXPORTS -c common/x86/predict-c.c -o common/x86/predict-c-8.o -DHIGH_BIT_DEPTH=0 -DBIT_DEPTH=8
/usr/bin/gcc-13 -fno-omit-frame-pointer -Wno-maybe-uninitialized -Wshadow -O3 -ffast-math -m64 -Wall -I. -I. -std=gnu99 -D_GNU_SOURCE -mpreferred-stack-boundary=6 -fPIC -fomit-frame-pointer -flto -fno-tree-vectorize -fvisibility=hidden -DX264_API_EXPORTS -c common/x86/mc-c.c -o common/x86/mc-c-8.o -DHIGH_BIT_DEPTH=0 -DBIT_DEPTH=8
/usr/bin/gcc-13 -fno-omit-frame-pointer -Wno-maybe-uninitialized -Wshadow -O3 -ffast-math -m64 -Wall -I. -I. -std=gnu99 -D_GNU_SOURCE -mpreferred-stack-boundary=6 -fPIC -fomit-frame-pointer -flto -fno-tree-vectorize -fvisibility=hidden -DX264_API_EXPORTS -c common/x86/predict-c.c -o common/x86/predict-c-8.o -DHIGH_BIT_DEPTH=0 -DBIT_DEPTH=8
gcc -Wno-maybe-uninitialized -Wshadow -O3 -ffast-math -m64  -Wall -I. -I. -std=gnu99 -D_GNU_SOURCE -mpreferred-stack-boundary=6 -fPIC -fomit-frame-pointer -flto -fno-tree-vectorize -fvisibility=hidden  -DX264_API_EXPORTS -c common/mc.c -o common/mc-10.o -DHIGH_BIT_DEPTH=1 -DBIT_DEPTH=10
/usr/bin/gcc-13 -fno-omit-frame-pointer -Wno-maybe-uninitialized -Wshadow -O3 -ffast-math -m64 -Wall -I. -I. -std=gnu99 -D_GNU_SOURCE -mpreferred-stack-boundary=6 -fPIC -fomit-frame-pointer -flto -fno-tree-vectorize -fvisibility=hidden -DX264_API_EXPORTS -c common/mc.c -o common/mc-10.o -DHIGH_BIT_DEPTH=1 -DBIT_DEPTH=10
gcc -Wno-maybe-uninitialized -Wshadow -O3 -ffast-math -m64  -Wall -I. -I. -std=gnu99 -D_GNU_SOURCE -mpreferred-stack-boundary=6 -fPIC -fomit-frame-pointer -flto -fno-tree-vectorize -fvisibility=hidden  -DX264_API_EXPORTS -c common/predict.c -o common/predict-10.o -DHIGH_BIT_DEPTH=1 -DBIT_DEPTH=10
gcc -Wno-maybe-uninitialized -Wshadow -O3 -ffast-math -m64  -Wall -I. -I. -std=gnu99 -D_GNU_SOURCE -mpreferred-stack-boundary=6 -fPIC -fomit-frame-pointer -flto -fno-tree-vectorize -fvisibility=hidden  -DX264_API_EXPORTS -c common/pixel.c -o common/pixel-10.o -DHIGH_BIT_DEPTH=1 -DBIT_DEPTH=10
gcc -Wno-maybe-uninitialized -Wshadow -O3 -ffast-math -m64  -Wall -I. -I. -std=gnu99 -D_GNU_SOURCE -mpreferred-stack-boundary=6 -fPIC -fomit-frame-pointer -flto -fno-tree-vectorize -fvisibility=hidden  -DX264_API_EXPORTS -c common/macroblock.c -o common/macroblock-10.o -DHIGH_BIT_DEPTH=1 -DBIT_DEPTH=10
/usr/bin/gcc-13 -fno-omit-frame-pointer -Wno-maybe-uninitialized -Wshadow -O3 -ffast-math -m64 -Wall -I. -I. -std=gnu99 -D_GNU_SOURCE -mpreferred-stack-boundary=6 -fPIC -fomit-frame-pointer -flto -fno-tree-vectorize -fvisibility=hidden -DX264_API_EXPORTS -c common/predict.c -o common/predict-10.o -DHIGH_BIT_DEPTH=1 -DBIT_DEPTH=10
/usr/bin/gcc-13 -fno-omit-frame-pointer -Wno-maybe-uninitialized -Wshadow -O3 -ffast-math -m64 -Wall -I. -I. -std=gnu99 -D_GNU_SOURCE -mpreferred-stack-boundary=6 -fPIC -fomit-frame-pointer -flto -fno-tree-vectorize -fvisibility=hidden -DX264_API_EXPORTS -c common/pixel.c -o common/pixel-10.o -DHIGH_BIT_DEPTH=1 -DBIT_DEPTH=10
/usr/bin/gcc-13 -fno-omit-frame-pointer -Wno-maybe-uninitialized -Wshadow -O3 -ffast-math -m64 -Wall -I. -I. -std=gnu99 -D_GNU_SOURCE -mpreferred-stack-boundary=6 -fPIC -fomit-frame-pointer -flto -fno-tree-vectorize -fvisibility=hidden -DX264_API_EXPORTS -c common/macroblock.c -o common/macroblock-10.o -DHIGH_BIT_DEPTH=1 -DBIT_DEPTH=10
gcc -Wno-maybe-uninitialized -Wshadow -O3 -ffast-math -m64  -Wall -I. -I. -std=gnu99 -D_GNU_SOURCE -mpreferred-stack-boundary=6 -fPIC -fomit-frame-pointer -flto -fno-tree-vectorize -fvisibility=hidden  -DX264_API_EXPORTS -c common/frame.c -o common/frame-10.o -DHIGH_BIT_DEPTH=1 -DBIT_DEPTH=10
gcc -Wno-maybe-uninitialized -Wshadow -O3 -ffast-math -m64  -Wall -I. -I. -std=gnu99 -D_GNU_SOURCE -mpreferred-stack-boundary=6 -fPIC -fomit-frame-pointer -flto -fno-tree-vectorize -fvisibility=hidden  -DX264_API_EXPORTS -c common/dct.c -o common/dct-10.o -DHIGH_BIT_DEPTH=1 -DBIT_DEPTH=10
gcc -Wno-maybe-uninitialized -Wshadow -O3 -ffast-math -m64  -Wall -I. -I. -std=gnu99 -D_GNU_SOURCE -mpreferred-stack-boundary=6 -fPIC -fomit-frame-pointer -flto -fno-tree-vectorize -fvisibility=hidden  -DX264_API_EXPORTS -c common/cabac.c -o common/cabac-10.o -DHIGH_BIT_DEPTH=1 -DBIT_DEPTH=10
gcc -Wno-maybe-uninitialized -Wshadow -O3 -ffast-math -m64  -Wall -I. -I. -std=gnu99 -D_GNU_SOURCE -mpreferred-stack-boundary=6 -fPIC -fomit-frame-pointer -flto -fno-tree-vectorize -fvisibility=hidden  -DX264_API_EXPORTS -c common/common.c -o common/common-10.o -DHIGH_BIT_DEPTH=1 -DBIT_DEPTH=10
/usr/bin/gcc-13 -fno-omit-frame-pointer -Wno-maybe-uninitialized -Wshadow -O3 -ffast-math -m64 -Wall -I. -I. -std=gnu99 -D_GNU_SOURCE -mpreferred-stack-boundary=6 -fPIC -fomit-frame-pointer -flto -fno-tree-vectorize -fvisibility=hidden -DX264_API_EXPORTS -c common/cabac.c -o common/cabac-10.o -DHIGH_BIT_DEPTH=1 -DBIT_DEPTH=10
/usr/bin/gcc-13 -fno-omit-frame-pointer -Wno-maybe-uninitialized -Wshadow -O3 -ffast-math -m64 -Wall -I. -I. -std=gnu99 -D_GNU_SOURCE -mpreferred-stack-boundary=6 -fPIC -fomit-frame-pointer -flto -fno-tree-vectorize -fvisibility=hidden -DX264_API_EXPORTS -c common/dct.c -o common/dct-10.o -DHIGH_BIT_DEPTH=1 -DBIT_DEPTH=10
/usr/bin/gcc-13 -fno-omit-frame-pointer -Wno-maybe-uninitialized -Wshadow -O3 -ffast-math -m64 -Wall -I. -I. -std=gnu99 -D_GNU_SOURCE -mpreferred-stack-boundary=6 -fPIC -fomit-frame-pointer -flto -fno-tree-vectorize -fvisibility=hidden -DX264_API_EXPORTS -c common/common.c -o common/common-10.o -DHIGH_BIT_DEPTH=1 -DBIT_DEPTH=10
/usr/bin/gcc-13 -fno-omit-frame-pointer -Wno-maybe-uninitialized -Wshadow -O3 -ffast-math -m64 -Wall -I. -I. -std=gnu99 -D_GNU_SOURCE -mpreferred-stack-boundary=6 -fPIC -fomit-frame-pointer -flto -fno-tree-vectorize -fvisibility=hidden -DX264_API_EXPORTS -c common/frame.c -o common/frame-10.o -DHIGH_BIT_DEPTH=1 -DBIT_DEPTH=10
gcc -Wno-maybe-uninitialized -Wshadow -O3 -ffast-math -m64  -Wall -I. -I. -std=gnu99 -D_GNU_SOURCE -mpreferred-stack-boundary=6 -fPIC -fomit-frame-pointer -flto -fno-tree-vectorize -fvisibility=hidden  -DX264_API_EXPORTS -c common/rectangle.c -o common/rectangle-10.o -DHIGH_BIT_DEPTH=1 -DBIT_DEPTH=10
/usr/bin/gcc-13 -fno-omit-frame-pointer -Wno-maybe-uninitialized -Wshadow -O3 -ffast-math -m64 -Wall -I. -I. -std=gnu99 -D_GNU_SOURCE -mpreferred-stack-boundary=6 -fPIC -fomit-frame-pointer -flto -fno-tree-vectorize -fvisibility=hidden -DX264_API_EXPORTS -c common/rectangle.c -o common/rectangle-10.o -DHIGH_BIT_DEPTH=1 -DBIT_DEPTH=10
gcc -Wno-maybe-uninitialized -Wshadow -O3 -ffast-math -m64  -Wall -I. -I. -std=gnu99 -D_GNU_SOURCE -mpreferred-stack-boundary=6 -fPIC -fomit-frame-pointer -flto -fno-tree-vectorize -fvisibility=hidden  -DX264_API_EXPORTS -c common/set.c -o common/set-10.o -DHIGH_BIT_DEPTH=1 -DBIT_DEPTH=10
/usr/bin/gcc-13 -fno-omit-frame-pointer -Wno-maybe-uninitialized -Wshadow -O3 -ffast-math -m64 -Wall -I. -I. -std=gnu99 -D_GNU_SOURCE -mpreferred-stack-boundary=6 -fPIC -fomit-frame-pointer -flto -fno-tree-vectorize -fvisibility=hidden -DX264_API_EXPORTS -c common/set.c -o common/set-10.o -DHIGH_BIT_DEPTH=1 -DBIT_DEPTH=10
gcc -Wno-maybe-uninitialized -Wshadow -O3 -ffast-math -m64  -Wall -I. -I. -std=gnu99 -D_GNU_SOURCE -mpreferred-stack-boundary=6 -fPIC -fomit-frame-pointer -flto -fno-tree-vectorize -fvisibility=hidden  -DX264_API_EXPORTS -c common/quant.c -o common/quant-10.o -DHIGH_BIT_DEPTH=1 -DBIT_DEPTH=10
gcc -Wno-maybe-uninitialized -Wshadow -O3 -ffast-math -m64  -Wall -I. -I. -std=gnu99 -D_GNU_SOURCE -mpreferred-stack-boundary=6 -fPIC -fomit-frame-pointer -flto -fno-tree-vectorize -fvisibility=hidden  -DX264_API_EXPORTS -c common/deblock.c -o common/deblock-10.o -DHIGH_BIT_DEPTH=1 -DBIT_DEPTH=10
/usr/bin/gcc-13 -fno-omit-frame-pointer -Wno-maybe-uninitialized -Wshadow -O3 -ffast-math -m64 -Wall -I. -I. -std=gnu99 -D_GNU_SOURCE -mpreferred-stack-boundary=6 -fPIC -fomit-frame-pointer -flto -fno-tree-vectorize -fvisibility=hidden -DX264_API_EXPORTS -c common/quant.c -o common/quant-10.o -DHIGH_BIT_DEPTH=1 -DBIT_DEPTH=10
/usr/bin/gcc-13 -fno-omit-frame-pointer -Wno-maybe-uninitialized -Wshadow -O3 -ffast-math -m64 -Wall -I. -I. -std=gnu99 -D_GNU_SOURCE -mpreferred-stack-boundary=6 -fPIC -fomit-frame-pointer -flto -fno-tree-vectorize -fvisibility=hidden -DX264_API_EXPORTS -c common/deblock.c -o common/deblock-10.o -DHIGH_BIT_DEPTH=1 -DBIT_DEPTH=10
gcc -Wno-maybe-uninitialized -Wshadow -O3 -ffast-math -m64  -Wall -I. -I. -std=gnu99 -D_GNU_SOURCE -mpreferred-stack-boundary=6 -fPIC -fomit-frame-pointer -flto -fno-tree-vectorize -fvisibility=hidden  -DX264_API_EXPORTS -c common/vlc.c -o common/vlc-10.o -DHIGH_BIT_DEPTH=1 -DBIT_DEPTH=10
/usr/bin/gcc-13 -fno-omit-frame-pointer -Wno-maybe-uninitialized -Wshadow -O3 -ffast-math -m64 -Wall -I. -I. -std=gnu99 -D_GNU_SOURCE -mpreferred-stack-boundary=6 -fPIC -fomit-frame-pointer -flto -fno-tree-vectorize -fvisibility=hidden -DX264_API_EXPORTS -c common/vlc.c -o common/vlc-10.o -DHIGH_BIT_DEPTH=1 -DBIT_DEPTH=10
gcc -Wno-maybe-uninitialized -Wshadow -O3 -ffast-math -m64  -Wall -I. -I. -std=gnu99 -D_GNU_SOURCE -mpreferred-stack-boundary=6 -fPIC -fomit-frame-pointer -flto -fno-tree-vectorize -fvisibility=hidden  -DX264_API_EXPORTS -c common/mvpred.c -o common/mvpred-10.o -DHIGH_BIT_DEPTH=1 -DBIT_DEPTH=10
gcc -Wno-maybe-uninitialized -Wshadow -O3 -ffast-math -m64  -Wall -I. -I. -std=gnu99 -D_GNU_SOURCE -mpreferred-stack-boundary=6 -fPIC -fomit-frame-pointer -flto -fno-tree-vectorize -fvisibility=hidden  -DX264_API_EXPORTS -c common/bitstream.c -o common/bitstream-10.o -DHIGH_BIT_DEPTH=1 -DBIT_DEPTH=10
/usr/bin/gcc-13 -fno-omit-frame-pointer -Wno-maybe-uninitialized -Wshadow -O3 -ffast-math -m64 -Wall -I. -I. -std=gnu99 -D_GNU_SOURCE -mpreferred-stack-boundary=6 -fPIC -fomit-frame-pointer -flto -fno-tree-vectorize -fvisibility=hidden -DX264_API_EXPORTS -c common/bitstream.c -o common/bitstream-10.o -DHIGH_BIT_DEPTH=1 -DBIT_DEPTH=10
/usr/bin/gcc-13 -fno-omit-frame-pointer -Wno-maybe-uninitialized -Wshadow -O3 -ffast-math -m64 -Wall -I. -I. -std=gnu99 -D_GNU_SOURCE -mpreferred-stack-boundary=6 -fPIC -fomit-frame-pointer -flto -fno-tree-vectorize -fvisibility=hidden -DX264_API_EXPORTS -c common/mvpred.c -o common/mvpred-10.o -DHIGH_BIT_DEPTH=1 -DBIT_DEPTH=10
gcc -Wno-maybe-uninitialized -Wshadow -O3 -ffast-math -m64  -Wall -I. -I. -std=gnu99 -D_GNU_SOURCE -mpreferred-stack-boundary=6 -fPIC -fomit-frame-pointer -flto -fno-tree-vectorize -fvisibility=hidden  -DX264_API_EXPORTS -c encoder/analyse.c -o encoder/analyse-10.o -DHIGH_BIT_DEPTH=1 -DBIT_DEPTH=10
gcc -Wno-maybe-uninitialized -Wshadow -O3 -ffast-math -m64  -Wall -I. -I. -std=gnu99 -D_GNU_SOURCE -mpreferred-stack-boundary=6 -fPIC -fomit-frame-pointer -flto -fno-tree-vectorize -fvisibility=hidden  -DX264_API_EXPORTS -c encoder/me.c -o encoder/me-10.o -DHIGH_BIT_DEPTH=1 -DBIT_DEPTH=10
/usr/bin/gcc-13 -fno-omit-frame-pointer -Wno-maybe-uninitialized -Wshadow -O3 -ffast-math -m64 -Wall -I. -I. -std=gnu99 -D_GNU_SOURCE -mpreferred-stack-boundary=6 -fPIC -fomit-frame-pointer -flto -fno-tree-vectorize -fvisibility=hidden -DX264_API_EXPORTS -c encoder/analyse.c -o encoder/analyse-10.o -DHIGH_BIT_DEPTH=1 -DBIT_DEPTH=10
/usr/bin/gcc-13 -fno-omit-frame-pointer -Wno-maybe-uninitialized -Wshadow -O3 -ffast-math -m64 -Wall -I. -I. -std=gnu99 -D_GNU_SOURCE -mpreferred-stack-boundary=6 -fPIC -fomit-frame-pointer -flto -fno-tree-vectorize -fvisibility=hidden -DX264_API_EXPORTS -c encoder/me.c -o encoder/me-10.o -DHIGH_BIT_DEPTH=1 -DBIT_DEPTH=10
In file included from encoder/analyse.c:33:
encoder/rdo.c: In function ‘quant_trellis_cabac’:
encoder/rdo.c:834:27: warning: dangling pointer to ‘ssd1’ may be used [-Wdangling-pointer=]
  834 |             ssd0[k] = ssd1[k];\
      |                       ~~~~^~~
encoder/rdo.c:815:27: note: ‘ssd1’ declared here
  815 |         uint64_t ssd0[2], ssd1[2];\
      |                           ^~~~
encoder/rdo.c:847:17: warning: dangling pointer to ‘ssd1’ may be used [-Wdangling-pointer=]
  847 |             ssd1[0] += (uint64_t)cost_siglast[0] * lambda2 >> ( CABAC_SIZE_BITS - LAMBDA_BITS );\
      |             ~~~~^~~
encoder/rdo.c:815:27: note: ‘ssd1’ declared here
  815 |         uint64_t ssd0[2], ssd1[2];\
      |                           ^~~~
encoder/rdo.c:847:46: warning: dangling pointer to ‘cost_siglast’ may be used [-Wdangling-pointer=]
  847 |             ssd1[0] += (uint64_t)cost_siglast[0] * lambda2 >> ( CABAC_SIZE_BITS - LAMBDA_BITS );\
      |                                  ~~~~~~~~~~~~^~~
encoder/rdo.c:789:13: note: ‘cost_siglast’ declared here
  789 |         int cost_siglast[3]; /* { zero, nonzero, nonzero-and-last } */\
      |             ^~~~~~~~~~~~
encoder/rdo.c:848:55: warning: dangling pointer to ‘ssd0’ may be used [-Wdangling-pointer=]
  848 |             levels_used = trellis_coef0_##ctx_hi( ssd0[0]-ssd1[0], nodes_cur, nodes_prev, level_tree, levels_used );\
      |                                                   ~~~~^~~
encoder/rdo.c:815:18: note: ‘ssd0’ declared here
  815 |         uint64_t ssd0[2], ssd1[2];\
      |                  ^~~~
encoder/rdo.c:848:63: warning: dangling pointer to ‘ssd1’ may be used [-Wdangling-pointer=]
  848 |             levels_used = trellis_coef0_##ctx_hi( ssd0[0]-ssd1[0], nodes_cur, nodes_prev, level_tree, levels_used );\
      |                                                           ~~~~^~~
encoder/rdo.c:815:27: note: ‘ssd1’ declared here
  815 |         uint64_t ssd0[2], ssd1[2];\
      |                           ^~~~
encoder/rdo.c:849:72: warning: dangling pointer to ‘ssd1’ may be used [-Wdangling-pointer=]
  849 |             levels_used = trellis_coef1_##ctx_hi( ssd0[1]-ssd1[0], ssd1[1]-ssd1[0], cost_siglast, nodes_cur, nodes_prev, level_tree, levels_used, lambda2, level_state );\
      |                                                                    ~~~~^~~
encoder/rdo.c:815:27: note: ‘ssd1’ declared here
  815 |         uint64_t ssd0[2], ssd1[2];\
      |                           ^~~~
encoder/rdo.c:849:80: warning: dangling pointer to ‘ssd1’ may be used [-Wdangling-pointer=]
  849 |             levels_used = trellis_coef1_##ctx_hi( ssd0[1]-ssd1[0], ssd1[1]-ssd1[0], cost_siglast, nodes_cur, nodes_prev, level_tree, levels_used, lambda2, level_state );\
      |                                                                            ~~~~^~~
encoder/rdo.c:815:27: note: ‘ssd1’ declared here
  815 |         uint64_t ssd0[2], ssd1[2];\
      |                           ^~~~
encoder/rdo.c:849:55: warning: dangling pointer to ‘ssd0’ may be used [-Wdangling-pointer=]
  849 |             levels_used = trellis_coef1_##ctx_hi( ssd0[1]-ssd1[0], ssd1[1]-ssd1[0], cost_siglast, nodes_cur, nodes_prev, level_tree, levels_used, lambda2, level_state );\
      |                                                   ~~~~^~~
encoder/rdo.c:815:18: note: ‘ssd0’ declared here
  815 |         uint64_t ssd0[2], ssd1[2];\
      |                  ^~~~
encoder/rdo.c:849:63: warning: dangling pointer to ‘ssd1’ may be used [-Wdangling-pointer=]
  849 |             levels_used = trellis_coef1_##ctx_hi( ssd0[1]-ssd1[0], ssd1[1]-ssd1[0], cost_siglast, nodes_cur, nodes_prev, level_tree, levels_used, lambda2, level_state );\
      |                                                           ~~~~^~~
encoder/rdo.c:815:27: note: ‘ssd1’ declared here
  815 |         uint64_t ssd0[2], ssd1[2];\
      |                           ^~~~
encoder/rdo.c:852:27: warning: dangling pointer to ‘ssd1’ may be used [-Wdangling-pointer=]
  852 |             levels_used = trellis_coef1_##ctx_hi( ssd0[0], ssd1[0], cost_siglast, nodes_cur, nodes_prev, level_tree, levels_used, lambda2, level_state );\
      |                           ^~~~~~~~~~~~~~~~~~~~~~~~~~~~~~~~~~~~~~~~~~~~~~~~~~~~~~~~~~~~~~~~~~~~~~~~~~~~~~~~~~~~~~~~~~~~~~~~~~~~~~~~~~~~~~~~~~~~~~~~~~~~~~
encoder/rdo.c:815:27: note: ‘ssd1’ declared here
  815 |         uint64_t ssd0[2], ssd1[2];\
      |                           ^~~~
encoder/rdo.c:852:27: warning: dangling pointer to ‘ssd0’ may be used [-Wdangling-pointer=]
  852 |             levels_used = trellis_coef1_##ctx_hi( ssd0[0], ssd1[0], cost_siglast, nodes_cur, nodes_prev, level_tree, levels_used, lambda2, level_state );\
      |                           ^~~~~~~~~~~~~~~~~~~~~~~~~~~~~~~~~~~~~~~~~~~~~~~~~~~~~~~~~~~~~~~~~~~~~~~~~~~~~~~~~~~~~~~~~~~~~~~~~~~~~~~~~~~~~~~~~~~~~~~~~~~~~~
encoder/rdo.c:815:18: note: ‘ssd0’ declared here
  815 |         uint64_t ssd0[2], ssd1[2];\
      |                  ^~~~
encoder/rdo.c:853:27: warning: dangling pointer to ‘ssd1’ may be used [-Wdangling-pointer=]
  853 |             levels_used = trellis_coefn_##ctx_hi( q, ssd0[1], ssd1[1], cost_siglast, nodes_cur, nodes_prev, level_tree, levels_used, lambda2, level_state, levelgt1_ctx );\
      |                           ^~~~~~~~~~~~~~~~~~~~~~~~~~~~~~~~~~~~~~~~~~~~~~~~~~~~~~~~~~~~~~~~~~~~~~~~~~~~~~~~~~~~~~~~~~~~~~~~~~~~~~~~~~~~~~~~~~~~~~~~~~~~~~~~~~~~~~~~~~~~~~~
encoder/rdo.c:815:27: note: ‘ssd1’ declared here
  815 |         uint64_t ssd0[2], ssd1[2];\
      |                           ^~~~
encoder/rdo.c:853:27: warning: dangling pointer to ‘ssd0’ may be used [-Wdangling-pointer=]
  853 |             levels_used = trellis_coefn_##ctx_hi( q, ssd0[1], ssd1[1], cost_siglast, nodes_cur, nodes_prev, level_tree, levels_used, lambda2, level_state, levelgt1_ctx );\
      |                           ^~~~~~~~~~~~~~~~~~~~~~~~~~~~~~~~~~~~~~~~~~~~~~~~~~~~~~~~~~~~~~~~~~~~~~~~~~~~~~~~~~~~~~~~~~~~~~~~~~~~~~~~~~~~~~~~~~~~~~~~~~~~~~~~~~~~~~~~~~~~~~~
gcc -Wno-maybe-uninitialized -Wshadow -O3 -ffast-math -m64  -Wall -I. -I. -std=gnu99 -D_GNU_SOURCE -mpreferred-stack-boundary=6 -fPIC -fomit-frame-pointer -flto -fno-tree-vectorize -fvisibility=hidden  -DX264_API_EXPORTS -c encoder/ratecontrol.c -o encoder/ratecontrol-10.o -DHIGH_BIT_DEPTH=1 -DBIT_DEPTH=10
encoder/rdo.c:815:18: note: ‘ssd0’ declared here
  815 |         uint64_t ssd0[2], ssd1[2];\
      |                  ^~~~
encoder/rdo.c:856:27: warning: dangling pointer to ‘ssd1’ may be used [-Wdangling-pointer=]
  856 |             levels_used = trellis_coefn_##ctx_hi( q-1, ssd0[0], ssd1[0], cost_siglast, nodes_cur, nodes_prev, level_tree, levels_used, lambda2, level_state, levelgt1_ctx );\
      |                           ^~~~~~~~~~~~~~~~~~~~~~~~~~~~~~~~~~~~~~~~~~~~~~~~~~~~~~~~~~~~~~~~~~~~~~~~~~~~~~~~~~~~~~~~~~~~~~~~~~~~~~~~~~~~~~~~~~~~~~~~~~~~~~~~~~~~~~~~~~~~~~~~~
encoder/rdo.c:815:27: note: ‘ssd1’ declared here
  815 |         uint64_t ssd0[2], ssd1[2];\
      |                           ^~~~
gcc -Wno-maybe-uninitialized -Wshadow -O3 -ffast-math -m64  -Wall -I. -I. -std=gnu99 -D_GNU_SOURCE -mpreferred-stack-boundary=6 -fPIC -fomit-frame-pointer -flto -fno-tree-vectorize -fvisibility=hidden  -DX264_API_EXPORTS -c encoder/set.c -o encoder/set-10.o -DHIGH_BIT_DEPTH=1 -DBIT_DEPTH=10
encoder/rdo.c:856:27: warning: dangling pointer to ‘ssd0’ may be used [-Wdangling-pointer=]
  856 |             levels_used = trellis_coefn_##ctx_hi( q-1, ssd0[0], ssd1[0], cost_siglast, nodes_cur, nodes_prev, level_tree, levels_used, lambda2, level_state, levelgt1_ctx );\
      |                           ^~~~~~~~~~~~~~~~~~~~~~~~~~~~~~~~~~~~~~~~~~~~~~~~~~~~~~~~~~~~~~~~~~~~~~~~~~~~~~~~~~~~~~~~~~~~~~~~~~~~~~~~~~~~~~~~~~~~~~~~~~~~~~~~~~~~~~~~~~~~~~~~~
encoder/rdo.c:815:18: note: ‘ssd0’ declared here
  815 |         uint64_t ssd0[2], ssd1[2];\
      |                  ^~~~
encoder/rdo.c:857:27: warning: dangling pointer to ‘ssd1’ may be used [-Wdangling-pointer=]
  857 |             levels_used = trellis_coefn_##ctx_hi( q, ssd0[1], ssd1[1], cost_siglast, nodes_cur, nodes_prev, level_tree, levels_used, lambda2, level_state, levelgt1_ctx );\
      |                           ^~~~~~~~~~~~~~~~~~~~~~~~~~~~~~~~~~~~~~~~~~~~~~~~~~~~~~~~~~~~~~~~~~~~~~~~~~~~~~~~~~~~~~~~~~~~~~~~~~~~~~~~~~~~~~~~~~~~~~~~~~~~~~~~~~~~~~~~~~~~~~~
encoder/rdo.c:815:27: note: ‘ssd1’ declared here
  815 |         uint64_t ssd0[2], ssd1[2];\
      |                           ^~~~
encoder/rdo.c:857:27: warning: dangling pointer to ‘ssd0’ may be used [-Wdangling-pointer=]
  857 |             levels_used = trellis_coefn_##ctx_hi( q, ssd0[1], ssd1[1], cost_siglast, nodes_cur, nodes_prev, level_tree, levels_used, lambda2, level_state, levelgt1_ctx );\
      |                           ^~~~~~~~~~~~~~~~~~~~~~~~~~~~~~~~~~~~~~~~~~~~~~~~~~~~~~~~~~~~~~~~~~~~~~~~~~~~~~~~~~~~~~~~~~~~~~~~~~~~~~~~~~~~~~~~~~~~~~~~~~~~~~~~~~~~~~~~~~~~~~~
encoder/rdo.c:815:18: note: ‘ssd0’ declared here
  815 |         uint64_t ssd0[2], ssd1[2];\
      |                  ^~~~
/usr/bin/gcc-13 -fno-omit-frame-pointer -Wno-maybe-uninitialized -Wshadow -O3 -ffast-math -m64 -Wall -I. -I. -std=gnu99 -D_GNU_SOURCE -mpreferred-stack-boundary=6 -fPIC -fomit-frame-pointer -flto -fno-tree-vectorize -fvisibility=hidden -DX264_API_EXPORTS -c encoder/ratecontrol.c -o encoder/ratecontrol-10.o -DHIGH_BIT_DEPTH=1 -DBIT_DEPTH=10
/usr/bin/gcc-13 -fno-omit-frame-pointer -Wno-maybe-uninitialized -Wshadow -O3 -ffast-math -m64 -Wall -I. -I. -std=gnu99 -D_GNU_SOURCE -mpreferred-stack-boundary=6 -fPIC -fomit-frame-pointer -flto -fno-tree-vectorize -fvisibility=hidden -DX264_API_EXPORTS -c encoder/set.c -o encoder/set-10.o -DHIGH_BIT_DEPTH=1 -DBIT_DEPTH=10
gcc -Wno-maybe-uninitialized -Wshadow -O3 -ffast-math -m64  -Wall -I. -I. -std=gnu99 -D_GNU_SOURCE -mpreferred-stack-boundary=6 -fPIC -fomit-frame-pointer -flto -fno-tree-vectorize -fvisibility=hidden  -DX264_API_EXPORTS -c encoder/macroblock.c -o encoder/macroblock-10.o -DHIGH_BIT_DEPTH=1 -DBIT_DEPTH=10
gcc -Wno-maybe-uninitialized -Wshadow -O3 -ffast-math -m64  -Wall -I. -I. -std=gnu99 -D_GNU_SOURCE -mpreferred-stack-boundary=6 -fPIC -fomit-frame-pointer -flto -fno-tree-vectorize -fvisibility=hidden  -DX264_API_EXPORTS -c encoder/cabac.c -o encoder/cabac-10.o -DHIGH_BIT_DEPTH=1 -DBIT_DEPTH=10
gcc -Wno-maybe-uninitialized -Wshadow -O3 -ffast-math -m64  -Wall -I. -I. -std=gnu99 -D_GNU_SOURCE -mpreferred-stack-boundary=6 -fPIC -fomit-frame-pointer -flto -fno-tree-vectorize -fvisibility=hidden  -DX264_API_EXPORTS -c encoder/cavlc.c -o encoder/cavlc-10.o -DHIGH_BIT_DEPTH=1 -DBIT_DEPTH=10
/usr/bin/gcc-13 -fno-omit-frame-pointer -Wno-maybe-uninitialized -Wshadow -O3 -ffast-math -m64 -Wall -I. -I. -std=gnu99 -D_GNU_SOURCE -mpreferred-stack-boundary=6 -fPIC -fomit-frame-pointer -flto -fno-tree-vectorize -fvisibility=hidden -DX264_API_EXPORTS -c encoder/macroblock.c -o encoder/macroblock-10.o -DHIGH_BIT_DEPTH=1 -DBIT_DEPTH=10
/usr/bin/gcc-13 -fno-omit-frame-pointer -Wno-maybe-uninitialized -Wshadow -O3 -ffast-math -m64 -Wall -I. -I. -std=gnu99 -D_GNU_SOURCE -mpreferred-stack-boundary=6 -fPIC -fomit-frame-pointer -flto -fno-tree-vectorize -fvisibility=hidden -DX264_API_EXPORTS -c encoder/cabac.c -o encoder/cabac-10.o -DHIGH_BIT_DEPTH=1 -DBIT_DEPTH=10
/usr/bin/gcc-13 -fno-omit-frame-pointer -Wno-maybe-uninitialized -Wshadow -O3 -ffast-math -m64 -Wall -I. -I. -std=gnu99 -D_GNU_SOURCE -mpreferred-stack-boundary=6 -fPIC -fomit-frame-pointer -flto -fno-tree-vectorize -fvisibility=hidden -DX264_API_EXPORTS -c encoder/cavlc.c -o encoder/cavlc-10.o -DHIGH_BIT_DEPTH=1 -DBIT_DEPTH=10
gcc -Wno-maybe-uninitialized -Wshadow -O3 -ffast-math -m64  -Wall -I. -I. -std=gnu99 -D_GNU_SOURCE -mpreferred-stack-boundary=6 -fPIC -fomit-frame-pointer -flto -fno-tree-vectorize -fvisibility=hidden  -DX264_API_EXPORTS -c encoder/encoder.c -o encoder/encoder-10.o -DHIGH_BIT_DEPTH=1 -DBIT_DEPTH=10
/usr/bin/gcc-13 -fno-omit-frame-pointer -Wno-maybe-uninitialized -Wshadow -O3 -ffast-math -m64 -Wall -I. -I. -std=gnu99 -D_GNU_SOURCE -mpreferred-stack-boundary=6 -fPIC -fomit-frame-pointer -flto -fno-tree-vectorize -fvisibility=hidden -DX264_API_EXPORTS -c encoder/encoder.c -o encoder/encoder-10.o -DHIGH_BIT_DEPTH=1 -DBIT_DEPTH=10
gcc -Wno-maybe-uninitialized -Wshadow -O3 -ffast-math -m64  -Wall -I. -I. -std=gnu99 -D_GNU_SOURCE -mpreferred-stack-boundary=6 -fPIC -fomit-frame-pointer -flto -fno-tree-vectorize -fvisibility=hidden  -DX264_API_EXPORTS -c encoder/lookahead.c -o encoder/lookahead-10.o -DHIGH_BIT_DEPTH=1 -DBIT_DEPTH=10
gcc -Wno-maybe-uninitialized -Wshadow -O3 -ffast-math -m64  -Wall -I. -I. -std=gnu99 -D_GNU_SOURCE -mpreferred-stack-boundary=6 -fPIC -fomit-frame-pointer -flto -fno-tree-vectorize -fvisibility=hidden  -DX264_API_EXPORTS -c common/threadpool.c -o common/threadpool-10.o -DHIGH_BIT_DEPTH=1 -DBIT_DEPTH=10
gcc -Wno-maybe-uninitialized -Wshadow -O3 -ffast-math -m64  -Wall -I. -I. -std=gnu99 -D_GNU_SOURCE -mpreferred-stack-boundary=6 -fPIC -fomit-frame-pointer -flto -fno-tree-vectorize -fvisibility=hidden  -DX264_API_EXPORTS -c common/x86/mc-c.c -o common/x86/mc-c-10.o -DHIGH_BIT_DEPTH=1 -DBIT_DEPTH=10
gcc -Wno-maybe-uninitialized -Wshadow -O3 -ffast-math -m64  -Wall -I. -I. -std=gnu99 -D_GNU_SOURCE -mpreferred-stack-boundary=6 -fPIC -fomit-frame-pointer -flto -fno-tree-vectorize -fvisibility=hidden  -DX264_API_EXPORTS -c common/x86/predict-c.c -o common/x86/predict-c-10.o -DHIGH_BIT_DEPTH=1 -DBIT_DEPTH=10
/usr/bin/gcc-13 -fno-omit-frame-pointer -Wno-maybe-uninitialized -Wshadow -O3 -ffast-math -m64 -Wall -I. -I. -std=gnu99 -D_GNU_SOURCE -mpreferred-stack-boundary=6 -fPIC -fomit-frame-pointer -flto -fno-tree-vectorize -fvisibility=hidden -DX264_API_EXPORTS -c encoder/lookahead.c -o encoder/lookahead-10.o -DHIGH_BIT_DEPTH=1 -DBIT_DEPTH=10
/usr/bin/gcc-13 -fno-omit-frame-pointer -Wno-maybe-uninitialized -Wshadow -O3 -ffast-math -m64 -Wall -I. -I. -std=gnu99 -D_GNU_SOURCE -mpreferred-stack-boundary=6 -fPIC -fomit-frame-pointer -flto -fno-tree-vectorize -fvisibility=hidden -DX264_API_EXPORTS -c common/threadpool.c -o common/threadpool-10.o -DHIGH_BIT_DEPTH=1 -DBIT_DEPTH=10
/usr/bin/gcc-13 -fno-omit-frame-pointer -Wno-maybe-uninitialized -Wshadow -O3 -ffast-math -m64 -Wall -I. -I. -std=gnu99 -D_GNU_SOURCE -mpreferred-stack-boundary=6 -fPIC -fomit-frame-pointer -flto -fno-tree-vectorize -fvisibility=hidden -DX264_API_EXPORTS -c common/x86/predict-c.c -o common/x86/predict-c-10.o -DHIGH_BIT_DEPTH=1 -DBIT_DEPTH=10
/usr/bin/gcc-13 -fno-omit-frame-pointer -Wno-maybe-uninitialized -Wshadow -O3 -ffast-math -m64 -Wall -I. -I. -std=gnu99 -D_GNU_SOURCE -mpreferred-stack-boundary=6 -fPIC -fomit-frame-pointer -flto -fno-tree-vectorize -fvisibility=hidden -DX264_API_EXPORTS -c common/x86/mc-c.c -o common/x86/mc-c-10.o -DHIGH_BIT_DEPTH=1 -DBIT_DEPTH=10
nasm -I. -I. -DARCH_X86_64=1 -I./common/x86/ -f elf64 -DSTACK_ALIGNMENT=64 -DPIC -o common/x86/cpu-a.o common/x86/cpu-a.asm
nasm -I. -I. -DARCH_X86_64=1 -I./common/x86/ -f elf64 -DSTACK_ALIGNMENT=64 -DPIC -o common/x86/dct-64-8.o common/x86/dct-64.asm -DBIT_DEPTH=8 -Dprivate_prefix=x264_8
nasm -I. -I. -DARCH_X86_64=1 -I./common/x86/ -f elf64 -DSTACK_ALIGNMENT=64 -DPIC -o common/x86/trellis-64-8.o common/x86/trellis-64.asm -DBIT_DEPTH=8 -Dprivate_prefix=x264_8
nasm -I. -I. -DARCH_X86_64=1 -I./common/x86/ -f elf64 -DSTACK_ALIGNMENT=64 -DPIC -o common/x86/bitstream-a-8.o common/x86/bitstream-a.asm -DBIT_DEPTH=8 -Dprivate_prefix=x264_8
nasm -I. -I. -DARCH_X86_64=1 -I./common/x86/ -f elf64 -DSTACK_ALIGNMENT=64 -DPIC -o common/x86/const-a-8.o common/x86/const-a.asm -DBIT_DEPTH=8 -Dprivate_prefix=x264_8
nasm -I. -I. -DARCH_X86_64=1 -I./common/x86/ -f elf64 -DSTACK_ALIGNMENT=64 -DPIC -o common/x86/cabac-a-8.o common/x86/cabac-a.asm -DBIT_DEPTH=8 -Dprivate_prefix=x264_8
nasm -I. -I. -DARCH_X86_64=1 -I./common/x86/ -f elf64 -DSTACK_ALIGNMENT=64 -DPIC -o common/x86/dct-a-8.o common/x86/dct-a.asm -DBIT_DEPTH=8 -Dprivate_prefix=x264_8
In file included from encoder/analyse.c:33:
encoder/rdo.c: In function ‘quant_trellis_cabac’:
encoder/rdo.c:834:27: warning: dangling pointer to ‘ssd1’ may be used [-Wdangling-pointer=]
  834 |             ssd0[k] = ssd1[k];\
      |                       ~~~~^~~
encoder/rdo.c:815:27: note: ‘ssd1’ declared here
  815 |         uint64_t ssd0[2], ssd1[2];\
      |                           ^~~~
encoder/rdo.c:847:17: warning: dangling pointer to ‘ssd1’ may be used [-Wdangling-pointer=]
  847 |             ssd1[0] += (uint64_t)cost_siglast[0] * lambda2 >> ( CABAC_SIZE_BITS - LAMBDA_BITS );\
      |             ~~~~^~~
encoder/rdo.c:815:27: note: ‘ssd1’ declared here
  815 |         uint64_t ssd0[2], ssd1[2];\
      |                           ^~~~
encoder/rdo.c:847:46: warning: dangling pointer to ‘cost_siglast’ may be used [-Wdangling-pointer=]
  847 |             ssd1[0] += (uint64_t)cost_siglast[0] * lambda2 >> ( CABAC_SIZE_BITS - LAMBDA_BITS );\
      |                                  ~~~~~~~~~~~~^~~
encoder/rdo.c:789:13: note: ‘cost_siglast’ declared here
  789 |         int cost_siglast[3]; /* { zero, nonzero, nonzero-and-last } */\
      |             ^~~~~~~~~~~~
encoder/rdo.c:848:55: warning: dangling pointer to ‘ssd0’ may be used [-Wdangling-pointer=]
  848 |             levels_used = trellis_coef0_##ctx_hi( ssd0[0]-ssd1[0], nodes_cur, nodes_prev, level_tree, levels_used );\
      |                                                   ~~~~^~~
encoder/rdo.c:815:18: note: ‘ssd0’ declared here
  815 |         uint64_t ssd0[2], ssd1[2];\
      |                  ^~~~
encoder/rdo.c:848:63: warning: dangling pointer to ‘ssd1’ may be used [-Wdangling-pointer=]
  848 |             levels_used = trellis_coef0_##ctx_hi( ssd0[0]-ssd1[0], nodes_cur, nodes_prev, level_tree, levels_used );\
      |                                                           ~~~~^~~
encoder/rdo.c:815:27: note: ‘ssd1’ declared here
  815 |         uint64_t ssd0[2], ssd1[2];\
      |                           ^~~~
encoder/rdo.c:849:72: warning: dangling pointer to ‘ssd1’ may be used [-Wdangling-pointer=]
  849 |             levels_used = trellis_coef1_##ctx_hi( ssd0[1]-ssd1[0], ssd1[1]-ssd1[0], cost_siglast, nodes_cur, nodes_prev, level_tree, levels_used, lambda2, level_state );\
      |                                                                    ~~~~^~~
encoder/rdo.c:815:27: note: ‘ssd1’ declared here
  815 |         uint64_t ssd0[2], ssd1[2];\
      |                           ^~~~
encoder/rdo.c:849:80: warning: dangling pointer to ‘ssd1’ may be used [-Wdangling-pointer=]
  849 |             levels_used = trellis_coef1_##ctx_hi( ssd0[1]-ssd1[0], ssd1[1]-ssd1[0], cost_siglast, nodes_cur, nodes_prev, level_tree, levels_used, lambda2, level_state );\
      |                                                                            ~~~~^~~
encoder/rdo.c:815:27: note: ‘ssd1’ declared here
  815 |         uint64_t ssd0[2], ssd1[2];\
      |                           ^~~~
encoder/rdo.c:849:55: warning: dangling pointer to ‘ssd0’ may be used [-Wdangling-pointer=]
  849 |             levels_used = trellis_coef1_##ctx_hi( ssd0[1]-ssd1[0], ssd1[1]-ssd1[0], cost_siglast, nodes_cur, nodes_prev, level_tree, levels_used, lambda2, level_state );\
      |                                                   ~~~~^~~
encoder/rdo.c:815:18: note: ‘ssd0’ declared here
  815 |         uint64_t ssd0[2], ssd1[2];\
      |                  ^~~~
encoder/rdo.c:849:63: warning: dangling pointer to ‘ssd1’ may be used [-Wdangling-pointer=]
  849 |             levels_used = trellis_coef1_##ctx_hi( ssd0[1]-ssd1[0], ssd1[1]-ssd1[0], cost_siglast, nodes_cur, nodes_prev, level_tree, levels_used, lambda2, level_state );\
      |                                                           ~~~~^~~
encoder/rdo.c:815:27: note: ‘ssd1’ declared here
  815 |         uint64_t ssd0[2], ssd1[2];\
      |                           ^~~~
encoder/rdo.c:852:27: warning: dangling pointer to ‘ssd1’ may be used [-Wdangling-pointer=]
  852 |             levels_used = trellis_coef1_##ctx_hi( ssd0[0], ssd1[0], cost_siglast, nodes_cur, nodes_prev, level_tree, levels_used, lambda2, level_state );\
      |                           ^~~~~~~~~~~~~~~~~~~~~~~~~~~~~~~~~~~~~~~~~~~~~~~~~~~~~~~~~~~~~~~~~~~~~~~~~~~~~~~~~~~~~~~~~~~~~~~~~~~~~~~~~~~~~~~~~~~~~~~~~~~~~~
encoder/rdo.c:815:27: note: ‘ssd1’ declared here
  815 |         uint64_t ssd0[2], ssd1[2];\
      |                           ^~~~
encoder/rdo.c:852:27: warning: dangling pointer to ‘ssd0’ may be used [-Wdangling-pointer=]
  852 |             levels_used = trellis_coef1_##ctx_hi( ssd0[0], ssd1[0], cost_siglast, nodes_cur, nodes_prev, level_tree, levels_used, lambda2, level_state );\
      |                           ^~~~~~~~~~~~~~~~~~~~~~~~~~~~~~~~~~~~~~~~~~~~~~~~~~~~~~~~~~~~~~~~~~~~~~~~~~~~~~~~~~~~~~~~~~~~~~~~~~~~~~~~~~~~~~~~~~~~~~~~~~~~~~
encoder/rdo.c:815:18: note: ‘ssd0’ declared here
  815 |         uint64_t ssd0[2], ssd1[2];\
      |                  ^~~~
encoder/rdo.c:853:27: warning: dangling pointer to ‘ssd1’ may be used [-Wdangling-pointer=]
  853 |             levels_used = trellis_coefn_##ctx_hi( q, ssd0[1], ssd1[1], cost_siglast, nodes_cur, nodes_prev, level_tree, levels_used, lambda2, level_state, levelgt1_ctx );\
      |                           ^~~~~~~~~~~~~~~~~~~~~~~~~~~~~~~~~~~~~~~~~~~~~~~~~~~~~~~~~~~~~~~~~~~~~~~~~~~~~~~~~~~~~~~~~~~~~~~~~~~~~~~~~~~~~~~~~~~~~~~~~~~~~~~~~~~~~~~~~~~~~~~
encoder/rdo.c:815:27: note: ‘ssd1’ declared here
  815 |         uint64_t ssd0[2], ssd1[2];\
      |                           ^~~~
encoder/rdo.c:853:27: warning: dangling pointer to ‘ssd0’ may be used [-Wdangling-pointer=]
  853 |             levels_used = trellis_coefn_##ctx_hi( q, ssd0[1], ssd1[1], cost_siglast, nodes_cur, nodes_prev, level_tree, levels_used, lambda2, level_state, levelgt1_ctx );\
      |                           ^~~~~~~~~~~~~~~~~~~~~~~~~~~~~~~~~~~~~~~~~~~~~~~~~~~~~~~~~~~~~~~~~~~~~~~~~~~~~~~~~~~~~~~~~~~~~~~~~~~~~~~~~~~~~~~~~~~~~~~~~~~~~~~~~~~~~~~~~~~~~~~
encoder/rdo.c:815:18: note: ‘ssd0’ declared here
  815 |         uint64_t ssd0[2], ssd1[2];\
      |                  ^~~~
encoder/rdo.c:856:27: warning: dangling pointer to ‘ssd1’ may be used [-Wdangling-pointer=]
  856 |             levels_used = trellis_coefn_##ctx_hi( q-1, ssd0[0], ssd1[0], cost_siglast, nodes_cur, nodes_prev, level_tree, levels_used, lambda2, level_state, levelgt1_ctx );\
      |                           ^~~~~~~~~~~~~~~~~~~~~~~~~~~~~~~~~~~~~~~~~~~~~~~~~~~~~~~~~~~~~~~~~~~~~~~~~~~~~~~~~~~~~~~~~~~~~~~~~~~~~~~~~~~~~~~~~~~~~~~~~~~~~~~~~~~~~~~~~~~~~~~~~
encoder/rdo.c:815:27: note: ‘ssd1’ declared here
  815 |         uint64_t ssd0[2], ssd1[2];\
      |                           ^~~~
encoder/rdo.c:856:27: warning: dangling pointer to ‘ssd0’ may be used [-Wdangling-pointer=]
  856 |             levels_used = trellis_coefn_##ctx_hi( q-1, ssd0[0], ssd1[0], cost_siglast, nodes_cur, nodes_prev, level_tree, levels_used, lambda2, level_state, levelgt1_ctx );\
      |                           ^~~~~~~~~~~~~~~~~~~~~~~~~~~~~~~~~~~~~~~~~~~~~~~~~~~~~~~~~~~~~~~~~~~~~~~~~~~~~~~~~~~~~~~~~~~~~~~~~~~~~~~~~~~~~~~~~~~~~~~~~~~~~~~~~~~~~~~~~~~~~~~~~
encoder/rdo.c:815:18: note: ‘ssd0’ declared here
  815 |         uint64_t ssd0[2], ssd1[2];\
      |                  ^~~~
encoder/rdo.c:857:27: warning: dangling pointer to ‘ssd1’ may be used [-Wdangling-pointer=]
  857 |             levels_used = trellis_coefn_##ctx_hi( q, ssd0[1], ssd1[1], cost_siglast, nodes_cur, nodes_prev, level_tree, levels_used, lambda2, level_state, levelgt1_ctx );\
      |                           ^~~~~~~~~~~~~~~~~~~~~~~~~~~~~~~~~~~~~~~~~~~~~~~~~~~~~~~~~~~~~~~~~~~~~~~~~~~~~~~~~~~~~~~~~~~~~~~~~~~~~~~~~~~~~~~~~~~~~~~~~~~~~~~~~~~~~~~~~~~~~~~
encoder/rdo.c:815:27: note: ‘ssd1’ declared here
  815 |         uint64_t ssd0[2], ssd1[2];\
      |                           ^~~~
encoder/rdo.c:857:27: warning: dangling pointer to ‘ssd0’ may be used [-Wdangling-pointer=]
  857 |             levels_used = trellis_coefn_##ctx_hi( q, ssd0[1], ssd1[1], cost_siglast, nodes_cur, nodes_prev, level_tree, levels_used, lambda2, level_state, levelgt1_ctx );\
      |                           ^~~~~~~~~~~~~~~~~~~~~~~~~~~~~~~~~~~~~~~~~~~~~~~~~~~~~~~~~~~~~~~~~~~~~~~~~~~~~~~~~~~~~~~~~~~~~~~~~~~~~~~~~~~~~~~~~~~~~~~~~~~~~~~~~~~~~~~~~~~~~~~
encoder/rdo.c:815:18: note: ‘ssd0’ declared here
  815 |         uint64_t ssd0[2], ssd1[2];\
      |                  ^~~~
nasm -I. -I. -DARCH_X86_64=1 -I./common/x86/ -f elf64 -DSTACK_ALIGNMENT=64 -DPIC -o common/x86/deblock-a-8.o common/x86/deblock-a.asm -DBIT_DEPTH=8 -Dprivate_prefix=x264_8
nasm -I. -I. -DARCH_X86_64=1 -I./common/x86/ -f elf64 -DSTACK_ALIGNMENT=64 -DPIC -o common/x86/mc-a-8.o common/x86/mc-a.asm -DBIT_DEPTH=8 -Dprivate_prefix=x264_8
nasm -I. -I. -DARCH_X86_64=1 -I./common/x86/ -f elf64 -DSTACK_ALIGNMENT=64 -DPIC -o common/x86/mc-a2-8.o common/x86/mc-a2.asm -DBIT_DEPTH=8 -Dprivate_prefix=x264_8
nasm -I. -I. -DARCH_X86_64=1 -I./common/x86/ -f elf64 -DSTACK_ALIGNMENT=64 -DPIC -o common/x86/pixel-a-8.o common/x86/pixel-a.asm -DBIT_DEPTH=8 -Dprivate_prefix=x264_8
nasm -I. -I. -DARCH_X86_64=1 -I./common/x86/ -f elf64 -DSTACK_ALIGNMENT=64 -DPIC -o common/x86/predict-a-8.o common/x86/predict-a.asm -DBIT_DEPTH=8 -Dprivate_prefix=x264_8
nasm -I. -I. -DARCH_X86_64=1 -I./common/x86/ -f elf64 -DSTACK_ALIGNMENT=64 -DPIC -o common/x86/quant-a-8.o common/x86/quant-a.asm -DBIT_DEPTH=8 -Dprivate_prefix=x264_8
nasm -I. -I. -DARCH_X86_64=1 -I./common/x86/ -f elf64 -DSTACK_ALIGNMENT=64 -DPIC -o common/x86/sad-a-8.o common/x86/sad-a.asm -DBIT_DEPTH=8 -Dprivate_prefix=x264_8
nasm -I. -I. -DARCH_X86_64=1 -I./common/x86/ -f elf64 -DSTACK_ALIGNMENT=64 -DPIC -o common/x86/dct-64-10.o common/x86/dct-64.asm -DBIT_DEPTH=10 -Dprivate_prefix=x264_10
nasm -I. -I. -DARCH_X86_64=1 -I./common/x86/ -f elf64 -DSTACK_ALIGNMENT=64 -DPIC -o common/x86/trellis-64-10.o common/x86/trellis-64.asm -DBIT_DEPTH=10 -Dprivate_prefix=x264_10
nasm -I. -I. -DARCH_X86_64=1 -I./common/x86/ -f elf64 -DSTACK_ALIGNMENT=64 -DPIC -o common/x86/bitstream-a-10.o common/x86/bitstream-a.asm -DBIT_DEPTH=10 -Dprivate_prefix=x264_10
nasm -I. -I. -DARCH_X86_64=1 -I./common/x86/ -f elf64 -DSTACK_ALIGNMENT=64 -DPIC -o common/x86/const-a-10.o common/x86/const-a.asm -DBIT_DEPTH=10 -Dprivate_prefix=x264_10
nasm -I. -I. -DARCH_X86_64=1 -I./common/x86/ -f elf64 -DSTACK_ALIGNMENT=64 -DPIC -o common/x86/cabac-a-10.o common/x86/cabac-a.asm -DBIT_DEPTH=10 -Dprivate_prefix=x264_10
nasm -I. -I. -DARCH_X86_64=1 -I./common/x86/ -f elf64 -DSTACK_ALIGNMENT=64 -DPIC -o common/x86/dct-a-10.o common/x86/dct-a.asm -DBIT_DEPTH=10 -Dprivate_prefix=x264_10
nasm -I. -I. -DARCH_X86_64=1 -I./common/x86/ -f elf64 -DSTACK_ALIGNMENT=64 -DPIC -o common/x86/deblock-a-10.o common/x86/deblock-a.asm -DBIT_DEPTH=10 -Dprivate_prefix=x264_10
nasm -I. -I. -DARCH_X86_64=1 -I./common/x86/ -f elf64 -DSTACK_ALIGNMENT=64 -DPIC -o common/x86/mc-a-10.o common/x86/mc-a.asm -DBIT_DEPTH=10 -Dprivate_prefix=x264_10
nasm -I. -I. -DARCH_X86_64=1 -I./common/x86/ -f elf64 -DSTACK_ALIGNMENT=64 -DPIC -o common/x86/mc-a2-10.o common/x86/mc-a2.asm -DBIT_DEPTH=10 -Dprivate_prefix=x264_10
nasm -I. -I. -DARCH_X86_64=1 -I./common/x86/ -f elf64 -DSTACK_ALIGNMENT=64 -DPIC -o common/x86/pixel-a-10.o common/x86/pixel-a.asm -DBIT_DEPTH=10 -Dprivate_prefix=x264_10
nasm -I. -I. -DARCH_X86_64=1 -I./common/x86/ -f elf64 -DSTACK_ALIGNMENT=64 -DPIC -o common/x86/predict-a-10.o common/x86/predict-a.asm -DBIT_DEPTH=10 -Dprivate_prefix=x264_10
nasm -I. -I. -DARCH_X86_64=1 -I./common/x86/ -f elf64 -DSTACK_ALIGNMENT=64 -DPIC -o common/x86/quant-a-10.o common/x86/quant-a.asm -DBIT_DEPTH=10 -Dprivate_prefix=x264_10
nasm -I. -I. -DARCH_X86_64=1 -I./common/x86/ -f elf64 -DSTACK_ALIGNMENT=64 -DPIC -o common/x86/sad16-a-10.o common/x86/sad16-a.asm -DBIT_DEPTH=10 -Dprivate_prefix=x264_10
rm -f libx264.a
gcc -o libx264.so.164 common/osdep.o common/base.o common/cpu.o common/tables.o encoder/api.o common/mc-8.o common/predict-8.o common/pixel-8.o common/macroblock-8.o common/frame-8.o common/dct-8.o common/cabac-8.o common/common-8.o common/rectangle-8.o common/set-8.o common/quant-8.o common/deblock-8.o common/vlc-8.o common/mvpred-8.o common/bitstream-8.o encoder/analyse-8.o encoder/me-8.o encoder/ratecontrol-8.o encoder/set-8.o encoder/macroblock-8.o encoder/cabac-8.o encoder/cavlc-8.o encoder/encoder-8.o encoder/lookahead-8.o common/threadpool-8.o common/x86/mc-c-8.o common/x86/predict-c-8.o  common/mc-10.o common/predict-10.o common/pixel-10.o common/macroblock-10.o common/frame-10.o common/dct-10.o common/cabac-10.o common/common-10.o common/rectangle-10.o common/set-10.o common/quant-10.o common/deblock-10.o common/vlc-10.o common/mvpred-10.o common/bitstream-10.o encoder/analyse-10.o encoder/me-10.o encoder/ratecontrol-10.o encoder/set-10.o encoder/macroblock-10.o encoder/cabac-10.o encoder/cavlc-10.o encoder/encoder-10.o encoder/lookahead-10.o common/threadpool-10.o common/x86/mc-c-10.o common/x86/predict-c-10.o common/x86/cpu-a.o common/x86/dct-64-8.o common/x86/trellis-64-8.o common/x86/bitstream-a-8.o common/x86/const-a-8.o common/x86/cabac-a-8.o common/x86/dct-a-8.o common/x86/deblock-a-8.o common/x86/mc-a-8.o common/x86/mc-a2-8.o common/x86/pixel-a-8.o common/x86/predict-a-8.o common/x86/quant-a-8.o common/x86/sad-a-8.o common/x86/dct-64-10.o common/x86/trellis-64-10.o common/x86/bitstream-a-10.o common/x86/const-a-10.o common/x86/cabac-a-10.o common/x86/dct-a-10.o common/x86/deblock-a-10.o common/x86/mc-a-10.o common/x86/mc-a2-10.o common/x86/pixel-a-10.o common/x86/predict-a-10.o common/x86/quant-a-10.o common/x86/sad16-a-10.o  -shared -Wl,-soname,libx264.so.164  -Wl,-Bsymbolic -m64  -lm -lpthread -O3 -flto 
gcc-ar rc libx264.a common/osdep.o common/base.o common/cpu.o common/tables.o encoder/api.o common/mc-8.o common/predict-8.o common/pixel-8.o common/macroblock-8.o common/frame-8.o common/dct-8.o common/cabac-8.o common/common-8.o common/rectangle-8.o common/set-8.o common/quant-8.o common/deblock-8.o common/vlc-8.o common/mvpred-8.o common/bitstream-8.o encoder/analyse-8.o encoder/me-8.o encoder/ratecontrol-8.o encoder/set-8.o encoder/macroblock-8.o encoder/cabac-8.o encoder/cavlc-8.o encoder/encoder-8.o encoder/lookahead-8.o common/threadpool-8.o common/x86/mc-c-8.o common/x86/predict-c-8.o  common/mc-10.o common/predict-10.o common/pixel-10.o common/macroblock-10.o common/frame-10.o common/dct-10.o common/cabac-10.o common/common-10.o common/rectangle-10.o common/set-10.o common/quant-10.o common/deblock-10.o common/vlc-10.o common/mvpred-10.o common/bitstream-10.o encoder/analyse-10.o encoder/me-10.o encoder/ratecontrol-10.o encoder/set-10.o encoder/macroblock-10.o encoder/cabac-10.o encoder/cavlc-10.o encoder/encoder-10.o encoder/lookahead-10.o common/threadpool-10.o common/x86/mc-c-10.o common/x86/predict-c-10.o common/x86/cpu-a.o common/x86/dct-64-8.o common/x86/trellis-64-8.o common/x86/bitstream-a-8.o common/x86/const-a-8.o common/x86/cabac-a-8.o common/x86/dct-a-8.o common/x86/deblock-a-8.o common/x86/mc-a-8.o common/x86/mc-a2-8.o common/x86/pixel-a-8.o common/x86/predict-a-8.o common/x86/quant-a-8.o common/x86/sad-a-8.o common/x86/dct-64-10.o common/x86/trellis-64-10.o common/x86/bitstream-a-10.o common/x86/const-a-10.o common/x86/cabac-a-10.o common/x86/dct-a-10.o common/x86/deblock-a-10.o common/x86/mc-a-10.o common/x86/mc-a2-10.o common/x86/pixel-a-10.o common/x86/predict-a-10.o common/x86/quant-a-10.o common/x86/sad16-a-10.o
/usr/bin/gcc-13 -fno-omit-frame-pointer -o libx264.so.164 common/osdep.o common/base.o common/cpu.o common/tables.o encoder/api.o common/mc-8.o common/predict-8.o common/pixel-8.o common/macroblock-8.o common/frame-8.o common/dct-8.o common/cabac-8.o common/common-8.o common/rectangle-8.o common/set-8.o common/quant-8.o common/deblock-8.o common/vlc-8.o common/mvpred-8.o common/bitstream-8.o encoder/analyse-8.o encoder/me-8.o encoder/ratecontrol-8.o encoder/set-8.o encoder/macroblock-8.o encoder/cabac-8.o encoder/cavlc-8.o encoder/encoder-8.o encoder/lookahead-8.o common/threadpool-8.o common/x86/mc-c-8.o common/x86/predict-c-8.o common/mc-10.o common/predict-10.o common/pixel-10.o common/macroblock-10.o common/frame-10.o common/dct-10.o common/cabac-10.o common/common-10.o common/rectangle-10.o common/set-10.o common/quant-10.o common/deblock-10.o common/vlc-10.o common/mvpred-10.o common/bitstream-10.o encoder/analyse-10.o encoder/me-10.o encoder/ratecontrol-10.o encoder/set-10.o encoder/macroblock-10.o encoder/cabac-10.o encoder/cavlc-10.o encoder/encoder-10.o encoder/lookahead-10.o common/threadpool-10.o common/x86/mc-c-10.o common/x86/predict-c-10.o common/x86/cpu-a.o common/x86/dct-64-8.o common/x86/trellis-64-8.o common/x86/bitstream-a-8.o common/x86/const-a-8.o common/x86/cabac-a-8.o common/x86/dct-a-8.o common/x86/deblock-a-8.o common/x86/mc-a-8.o common/x86/mc-a2-8.o common/x86/pixel-a-8.o common/x86/predict-a-8.o common/x86/quant-a-8.o common/x86/sad-a-8.o common/x86/dct-64-10.o common/x86/trellis-64-10.o common/x86/bitstream-a-10.o common/x86/const-a-10.o common/x86/cabac-a-10.o common/x86/dct-a-10.o common/x86/deblock-a-10.o common/x86/mc-a-10.o common/x86/mc-a2-10.o common/x86/pixel-a-10.o common/x86/predict-a-10.o common/x86/quant-a-10.o common/x86/sad16-a-10.o -shared -Wl,-soname,libx264.so.164 -Wl,-Bsymbolic -m64 -lm -lpthread -O3 -flto
gcc-ranlib libx264.a
gcc -o x264 x264.o autocomplete.o input/input.o input/timecode.o input/raw.o input/y4m.o output/raw.o output/matroska.o output/matroska_ebml.o output/flv.o output/flv_bytestream.o filters/filters.o filters/video/video.o filters/video/source.o filters/video/internal.o filters/video/resize.o filters/video/fix_vfr_pts.o filters/video/select_every.o filters/video/crop.o input/avs.o filters/video/cache-8.o filters/video/depth-8.o input/thread-8.o filters/video/cache-10.o filters/video/depth-10.o input/thread-10.o libx264.a -ldl  -m64  -lm -lpthread -O3 -flto 
lto-wrapper: warning: using serial compilation of 29 LTRANS jobs
lto-wrapper: note: see the ‘-flto’ option documentation for more information
/usr/bin/gcc-13 -fno-omit-frame-pointer -o x264 x264.o autocomplete.o input/input.o input/timecode.o input/raw.o input/y4m.o output/raw.o output/matroska.o output/matroska_ebml.o output/flv.o output/flv_bytestream.o filters/filters.o filters/video/video.o filters/video/source.o filters/video/internal.o filters/video/resize.o filters/video/fix_vfr_pts.o filters/video/select_every.o filters/video/crop.o input/avs.o filters/video/cache-8.o filters/video/depth-8.o input/thread-8.o filters/video/cache-10.o filters/video/depth-10.o input/thread-10.o libx264.a -ldl -m64 -lm -lpthread -O3 -flto
lto-wrapper: warning: using serial compilation of 32 LTRANS jobs
lto-wrapper: note: see the ‘-flto’ option documentation for more information
input/timecode.c: In function ‘parse_tcfile’:
input/timecode.c:269:20: warning: argument 1 range [18446744056529682432, 18446744073709551600] exceeds maximum object size 9223372036854775807 [-Walloc-size-larger-than=]
  269 |             fpss = malloc( (timecodes_num - 1) * sizeof(double) );
      |                    ^
/usr/include/stdlib.h:672:14: note: in a call to allocation function ‘malloc’ declared here
  672 | extern void *malloc (size_t __size) __THROW __attribute_malloc__
      |              ^
.depend:1: *** missing separator.  Stop.

7-Zip [64] 16.02 : Copyright (c) 1999-2016 Igor Pavlov : 2016-05-21
p7zip Version 16.02 (locale=en_US.utf8,Utf16=on,HugeFiles=on,64 bits,32 CPUs AMD Ryzen 9 3900X 12-Core Processor             (870F10),ASM,AES-NI)

Scanning the drive for archives:
1 file, 676792531 bytes (646 MiB)

Extracting archive: Bosphorus_1920x1080_120fps_420_8bit_YUV_Y4M.7z
--
Path = Bosphorus_1920x1080_120fps_420_8bit_YUV_Y4M.7z
Type = 7z
Physical Size = 676792531
Headers Size = 240
Method = BZip2
Solid = -
Blocks = 2

Everything is Ok

Files: 2
Size:       1866243909
Compressed: 676792531

7-Zip [64] 16.02 : Copyright (c) 1999-2016 Igor Pavlov : 2016-05-21
p7zip Version 16.02 (locale=en_US.utf8,Utf16=on,HugeFiles=on,64 bits,32 CPUs AMD Ryzen 9 3900X 12-Core Processor             (870F10),ASM,AES-NI)

Scanning the drive for archives:
1 file, 2804470345 bytes (2675 MiB)

Extracting archive: Bosphorus_3840x2160_120fps_420_8bit_YUV_Y4M.7z
--
Path = Bosphorus_3840x2160_120fps_420_8bit_YUV_Y4M.7z
Type = 7z
Physical Size = 2804470345
Headers Size = 215
Method = BZip2
Solid = -
Blocks = 2

Everything is Ok

Files: 2
Size:       7464963909
Compressed: 2804470345
