checking metadata... yes
checking build system type... x86_64-pc-linux-gnu
checking host system type... x86_64-pc-linux-gnu
checking for a BSD-compatible install... /usr/bin/install -c
checking whether build environment is sane... yes
checking for a thread-safe mkdir -p... /usr/bin/mkdir -p
checking for gawk... gawk
checking whether make sets $(MAKE)... yes
checking whether make supports nested variables... yes
checking whether make supports nested variables... (cached) yes
checking whether to enable maintainer-specific portions of Makefiles... no
checking whether make supports the include directive... yes (GNU style)
checking for mpicc... mpicc
checking for gcc... (cached) mpicc
checking whether the C compiler works... yes
checking for C compiler default output file name... a.out
checking for suffix of executables... 
checking whether we are cross compiling... no
checking for suffix of object files... o
checking whether we are using the GNU C compiler... yes
checking whether mpicc accepts -g... yes
checking for mpicc option to accept ISO C89... none needed
checking whether mpicc understands -c and -o together... yes
checking dependency style of mpicc... gcc3
checking for function MPI_Init... yes
checking for mpi.h... yes
checking for ranlib... ranlib
checking for mpicc option to accept ISO C99... none needed
checking how to run the C preprocessor... mpicc -E
checking for grep that handles long lines and -e... /usr/bin/grep
checking for egrep... /usr/bin/grep -E
checking for ANSI C header files... yes
checking for sys/types.h... yes
checking for sys/stat.h... yes
checking for stdlib.h... yes
checking for string.h... yes
checking for memory.h... yes
checking for strings.h... yes
checking for inttypes.h... yes
checking for stdint.h... yes
checking for unistd.h... yes
checking fcntl.h usability... yes
checking fcntl.h presence... yes
checking for fcntl.h... yes
checking libintl.h usability... yes
checking libintl.h presence... yes
checking for libintl.h... yes
checking for stdlib.h... (cached) yes
checking for string.h... (cached) yes
checking for strings.h... (cached) yes
checking sys/ioctl.h usability... yes
checking sys/ioctl.h presence... yes
checking for sys/ioctl.h... yes
checking sys/param.h usability... yes
checking sys/param.h presence... yes
checking for sys/param.h... yes
checking sys/statfs.h usability... yes
checking sys/statfs.h presence... yes
checking for sys/statfs.h... yes
checking sys/statvfs.h usability... yes
checking sys/statvfs.h presence... yes
checking for sys/statvfs.h... yes
checking sys/time.h usability... yes
checking sys/time.h presence... yes
checking for sys/time.h... yes
checking for sys/param.h... (cached) yes
checking sys/mount.h usability... yes
checking sys/mount.h presence... yes
checking for sys/mount.h... yes
checking for unistd.h... (cached) yes
checking wchar.h usability... yes
checking wchar.h presence... yes
checking for wchar.h... yes
checking hdfs.h usability... no
checking hdfs.h presence... no
checking for hdfs.h... no
checking beegfs/beegfs.h usability... no
checking beegfs/beegfs.h presence... no
checking for beegfs/beegfs.h... no
checking for size_t... yes
checking for sysconf... yes
checking for gettimeofday... yes
checking for memset... yes
checking for mkdir... yes
checking for pow... no
checking for putenv... yes
checking for realpath... yes
checking for regcomp... yes
checking for sqrt... no
checking for strcasecmp... yes
checking for strchr... yes
checking for strerror... yes
checking for strncasecmp... yes
checking for strstr... yes
checking for uname... yes
checking for statfs... yes
checking for statvfs... yes
checking for library containing sqrt... -lm
checking gpfs.h usability... no
checking gpfs.h presence... no
checking for gpfs.h... no
checking gpfs_fcntl.h usability... no
checking gpfs_fcntl.h presence... no
checking for gpfs_fcntl.h... no
checking for special C compiler options needed for large files... no
checking for _FILE_OFFSET_BITS value needed for large files... no
checking for Gfarm file system... no
checking that generated files are newer than configure... done
configure: creating ./config.status
config.status: creating Makefile
config.status: creating src/Makefile
config.status: creating src/test/Makefile
config.status: creating contrib/Makefile
config.status: creating doc/Makefile
config.status: creating src/config.h
config.status: executing depfiles commands
Making all in src
make  all-recursive
Making all in .
  CC       ior-ior-main.o
  CC       ior-aiori.o
  CC       ior-aiori-DUMMY.o
  CC       ior-aiori-MPIIO.o
  CC       ior-aiori-MMAP.o
  CC       ior-aiori-POSIX.o
  CC       libaiori_a-ior.o
  CC       libaiori_a-mdtest.o
  CC       libaiori_a-parse_options.o
  CC       libaiori_a-ior-output.o
  CC       libaiori_a-utilities.o
  CC       libaiori_a-option.o
  CC       libaiori_a-aiori.o
  CC       libaiori_a-aiori-DUMMY.o
  CC       libaiori_a-aiori-MPIIO.o
  CC       libaiori_a-aiori-MMAP.o
  CC       libaiori_a-aiori-POSIX.o
  CC       mdtest-mdtest-main.o
  CC       mdtest-aiori-DUMMY.o
  CC       mdtest-aiori-MPIIO.o
  CC       mdtest-aiori-MMAP.o
  CC       mdtest-aiori.o
  CC       mdtest-aiori-POSIX.o
/usr/bin/gcc-13 -fno-omit-frame-pointer -DHAVE_CONFIG_H -I. -g -O2 -MT ior-ior-main.o -MD -MP -MF .deps/ior-ior-main.Tpo -c -o ior-ior-main.o ior-main.c -I/usr/lib/x86_64-linux-gnu/openmpi/include -I/usr/lib/x86_64-linux-gnu/openmpi/include/openmpi
/usr/bin/gcc-13 -fno-omit-frame-pointer -DHAVE_CONFIG_H -I. -g -O2 -MT ior-aiori.o -MD -MP -MF .deps/ior-aiori.Tpo -c -o ior-aiori.o aiori.c -I/usr/lib/x86_64-linux-gnu/openmpi/include -I/usr/lib/x86_64-linux-gnu/openmpi/include/openmpi
/usr/bin/gcc-13 -fno-omit-frame-pointer -DHAVE_CONFIG_H -I. -g -O2 -MT ior-aiori-DUMMY.o -MD -MP -MF .deps/ior-aiori-DUMMY.Tpo -c -o ior-aiori-DUMMY.o aiori-DUMMY.c -I/usr/lib/x86_64-linux-gnu/openmpi/include -I/usr/lib/x86_64-linux-gnu/openmpi/include/openmpi
/usr/bin/gcc-13 -fno-omit-frame-pointer -DHAVE_CONFIG_H -I. -g -O2 -MT ior-aiori-MPIIO.o -MD -MP -MF .deps/ior-aiori-MPIIO.Tpo -c -o ior-aiori-MPIIO.o aiori-MPIIO.c -I/usr/lib/x86_64-linux-gnu/openmpi/include -I/usr/lib/x86_64-linux-gnu/openmpi/include/openmpi
/usr/bin/gcc-13 -fno-omit-frame-pointer -DHAVE_CONFIG_H -I. -g -O2 -MT ior-aiori-POSIX.o -MD -MP -MF .deps/ior-aiori-POSIX.Tpo -c -o ior-aiori-POSIX.o aiori-POSIX.c -I/usr/lib/x86_64-linux-gnu/openmpi/include -I/usr/lib/x86_64-linux-gnu/openmpi/include/openmpi
/usr/bin/gcc-13 -fno-omit-frame-pointer -DHAVE_CONFIG_H -I. -g -O2 -MT ior-aiori-MMAP.o -MD -MP -MF .deps/ior-aiori-MMAP.Tpo -c -o ior-aiori-MMAP.o aiori-MMAP.c -I/usr/lib/x86_64-linux-gnu/openmpi/include -I/usr/lib/x86_64-linux-gnu/openmpi/include/openmpi
/usr/bin/gcc-13 -fno-omit-frame-pointer -DHAVE_CONFIG_H -I. -g -O2 -MT libaiori_a-mdtest.o -MD -MP -MF .deps/libaiori_a-mdtest.Tpo -c -o libaiori_a-mdtest.o mdtest.c -I/usr/lib/x86_64-linux-gnu/openmpi/include -I/usr/lib/x86_64-linux-gnu/openmpi/include/openmpi
/usr/bin/gcc-13 -fno-omit-frame-pointer -DHAVE_CONFIG_H -I. -g -O2 -MT libaiori_a-ior-output.o -MD -MP -MF .deps/libaiori_a-ior-output.Tpo -c -o libaiori_a-ior-output.o ior-output.c -I/usr/lib/x86_64-linux-gnu/openmpi/include -I/usr/lib/x86_64-linux-gnu/openmpi/include/openmpi
/usr/bin/gcc-13 -fno-omit-frame-pointer -DHAVE_CONFIG_H -I. -g -O2 -MT libaiori_a-parse_options.o -MD -MP -MF .deps/libaiori_a-parse_options.Tpo -c -o libaiori_a-parse_options.o parse_options.c -I/usr/lib/x86_64-linux-gnu/openmpi/include -I/usr/lib/x86_64-linux-gnu/openmpi/include/openmpi
/usr/bin/gcc-13 -fno-omit-frame-pointer -DHAVE_CONFIG_H -I. -g -O2 -MT libaiori_a-aiori.o -MD -MP -MF .deps/libaiori_a-aiori.Tpo -c -o libaiori_a-aiori.o aiori.c -I/usr/lib/x86_64-linux-gnu/openmpi/include -I/usr/lib/x86_64-linux-gnu/openmpi/include/openmpi
/usr/bin/gcc-13 -fno-omit-frame-pointer -DHAVE_CONFIG_H -I. -g -O2 -MT libaiori_a-utilities.o -MD -MP -MF .deps/libaiori_a-utilities.Tpo -c -o libaiori_a-utilities.o utilities.c -I/usr/lib/x86_64-linux-gnu/openmpi/include -I/usr/lib/x86_64-linux-gnu/openmpi/include/openmpi
/usr/bin/gcc-13 -fno-omit-frame-pointer -DHAVE_CONFIG_H -I. -g -O2 -MT libaiori_a-option.o -MD -MP -MF .deps/libaiori_a-option.Tpo -c -o libaiori_a-option.o option.c -I/usr/lib/x86_64-linux-gnu/openmpi/include -I/usr/lib/x86_64-linux-gnu/openmpi/include/openmpi
/usr/bin/gcc-13 -fno-omit-frame-pointer -DHAVE_CONFIG_H -I. -g -O2 -MT libaiori_a-aiori-DUMMY.o -MD -MP -MF .deps/libaiori_a-aiori-DUMMY.Tpo -c -o libaiori_a-aiori-DUMMY.o aiori-DUMMY.c -I/usr/lib/x86_64-linux-gnu/openmpi/include -I/usr/lib/x86_64-linux-gnu/openmpi/include/openmpi
/usr/bin/gcc-13 -fno-omit-frame-pointer -DHAVE_CONFIG_H -I. -g -O2 -MT libaiori_a-aiori-MPIIO.o -MD -MP -MF .deps/libaiori_a-aiori-MPIIO.Tpo -c -o libaiori_a-aiori-MPIIO.o aiori-MPIIO.c -I/usr/lib/x86_64-linux-gnu/openmpi/include -I/usr/lib/x86_64-linux-gnu/openmpi/include/openmpi
/usr/bin/gcc-13 -fno-omit-frame-pointer -DHAVE_CONFIG_H -I. -g -O2 -MT libaiori_a-aiori-MMAP.o -MD -MP -MF .deps/libaiori_a-aiori-MMAP.Tpo -c -o libaiori_a-aiori-MMAP.o aiori-MMAP.c -I/usr/lib/x86_64-linux-gnu/openmpi/include -I/usr/lib/x86_64-linux-gnu/openmpi/include/openmpi
/usr/bin/gcc-13 -fno-omit-frame-pointer -DHAVE_CONFIG_H -I. -g -O2 -MT mdtest-mdtest-main.o -MD -MP -MF .deps/mdtest-mdtest-main.Tpo -c -o mdtest-mdtest-main.o mdtest-main.c -I/usr/lib/x86_64-linux-gnu/openmpi/include -I/usr/lib/x86_64-linux-gnu/openmpi/include/openmpi
/usr/bin/gcc-13 -fno-omit-frame-pointer -DHAVE_CONFIG_H -I. -g -O2 -MT libaiori_a-aiori-POSIX.o -MD -MP -MF .deps/libaiori_a-aiori-POSIX.Tpo -c -o libaiori_a-aiori-POSIX.o aiori-POSIX.c -I/usr/lib/x86_64-linux-gnu/openmpi/include -I/usr/lib/x86_64-linux-gnu/openmpi/include/openmpi
/usr/bin/gcc-13 -fno-omit-frame-pointer -DHAVE_CONFIG_H -I. -g -O2 -MT libaiori_a-ior.o -MD -MP -MF .deps/libaiori_a-ior.Tpo -c -o libaiori_a-ior.o ior.c -I/usr/lib/x86_64-linux-gnu/openmpi/include -I/usr/lib/x86_64-linux-gnu/openmpi/include/openmpi
/usr/bin/gcc-13 -fno-omit-frame-pointer -DHAVE_CONFIG_H -I. -g -O2 -MT mdtest-aiori-DUMMY.o -MD -MP -MF .deps/mdtest-aiori-DUMMY.Tpo -c -o mdtest-aiori-DUMMY.o aiori-DUMMY.c -I/usr/lib/x86_64-linux-gnu/openmpi/include -I/usr/lib/x86_64-linux-gnu/openmpi/include/openmpi
/usr/bin/gcc-13 -fno-omit-frame-pointer -DHAVE_CONFIG_H -I. -g -O2 -MT mdtest-aiori-MPIIO.o -MD -MP -MF .deps/mdtest-aiori-MPIIO.Tpo -c -o mdtest-aiori-MPIIO.o aiori-MPIIO.c -I/usr/lib/x86_64-linux-gnu/openmpi/include -I/usr/lib/x86_64-linux-gnu/openmpi/include/openmpi
/usr/bin/gcc-13 -fno-omit-frame-pointer -DHAVE_CONFIG_H -I. -g -O2 -MT mdtest-aiori-MMAP.o -MD -MP -MF .deps/mdtest-aiori-MMAP.Tpo -c -o mdtest-aiori-MMAP.o aiori-MMAP.c -I/usr/lib/x86_64-linux-gnu/openmpi/include -I/usr/lib/x86_64-linux-gnu/openmpi/include/openmpi
/usr/bin/gcc-13 -fno-omit-frame-pointer -DHAVE_CONFIG_H -I. -g -O2 -MT mdtest-aiori-POSIX.o -MD -MP -MF .deps/mdtest-aiori-POSIX.Tpo -c -o mdtest-aiori-POSIX.o aiori-POSIX.c -I/usr/lib/x86_64-linux-gnu/openmpi/include -I/usr/lib/x86_64-linux-gnu/openmpi/include/openmpi
/usr/bin/gcc-13 -fno-omit-frame-pointer -DHAVE_CONFIG_H -I. -g -O2 -MT mdtest-aiori.o -MD -MP -MF .deps/mdtest-aiori.Tpo -c -o mdtest-aiori.o aiori.c -I/usr/lib/x86_64-linux-gnu/openmpi/include -I/usr/lib/x86_64-linux-gnu/openmpi/include/openmpi
mdtest.c: In function ‘create_file’:
mdtest.c:355:33: warning: ‘%s’ directive writing up to 4095 bytes into a region of size 4090 [-Wformat-overflow=]
  355 |     sprintf(curr_item, "%s/file.%s"LLU"", path, mk_name, itemNum);
      |                                 ^~              ~~~~~~~
In file included from /usr/include/stdio.h:964,
                 from mdtest.c:33:
In function ‘sprintf’,
    inlined from ‘create_file’ at mdtest.c:355:5:
/usr/include/x86_64-linux-gnu/bits/stdio2.h:30:10: note: ‘__builtin___sprintf_chk’ output 8 or more bytes (assuming 4103) into a destination of size 4096
   30 |   return __builtin___sprintf_chk (__s, __USE_FORTIFY_LEVEL - 1,
      |          ^~~~~~~~~~~~~~~~~~~~~~~~~~~~~~~~~~~~~~~~~~~~~~~~~~~~~~
   31 |                                   __glibc_objsize (__s), __fmt,
      |                                   ~~~~~~~~~~~~~~~~~~~~~~~~~~~~~
   32 |                                   __va_arg_pack ());
      |                                   ~~~~~~~~~~~~~~~~~
mdtest.c: In function ‘remove_file’:
mdtest.c:339:33: warning: ‘%s’ directive writing up to 4095 bytes into a region of size 4090 [-Wformat-overflow=]
  339 |     sprintf(curr_item, "%s/file.%s"LLU"", path, rm_name, itemNum);
      |                                 ^~              ~~~~~~~
In function ‘sprintf’,
    inlined from ‘remove_file’ at mdtest.c:339:5:
/usr/include/x86_64-linux-gnu/bits/stdio2.h:30:10: note: ‘__builtin___sprintf_chk’ output 8 or more bytes (assuming 4103) into a destination of size 4096
   30 |   return __builtin___sprintf_chk (__s, __USE_FORTIFY_LEVEL - 1,
      |          ^~~~~~~~~~~~~~~~~~~~~~~~~~~~~~~~~~~~~~~~~~~~~~~~~~~~~~
   31 |                                   __glibc_objsize (__s), __fmt,
      |                                   ~~~~~~~~~~~~~~~~~~~~~~~~~~~~~
   32 |                                   __va_arg_pack ());
      |                                   ~~~~~~~~~~~~~~~~~
mdtest.c: In function ‘create_remove_dirs’:
mdtest.c:317:32: warning: ‘%s’ directive writing up to 4095 bytes into a region of size 4091 [-Wformat-overflow=]
  317 |     sprintf(curr_item, "%s/dir.%s%" PRIu64, path, create ? mk_name : rm_name, itemNum);
      |                                ^~                                    ~~~~~~~
In function ‘sprintf’,
    inlined from ‘create_remove_dirs’ at mdtest.c:317:5:
/usr/include/x86_64-linux-gnu/bits/stdio2.h:30:10: note: ‘__builtin___sprintf_chk’ output 7 or more bytes (assuming 4102) into a destination of size 4096
   30 |   return __builtin___sprintf_chk (__s, __USE_FORTIFY_LEVEL - 1,
      |          ^~~~~~~~~~~~~~~~~~~~~~~~~~~~~~~~~~~~~~~~~~~~~~~~~~~~~~
   31 |                                   __glibc_objsize (__s), __fmt,
      |                                   ~~~~~~~~~~~~~~~~~~~~~~~~~~~~~
   32 |                                   __va_arg_pack ());
      |                                   ~~~~~~~~~~~~~~~~~
mdtest.c: In function ‘create_remove_dirs’:
mdtest.c:317:32: warning: ‘%s’ directive writing up to 4095 bytes into a region of size 4091 [-Wformat-overflow=]
  317 |     sprintf(curr_item, "%s/dir.%s%" PRIu64, path, create ? mk_name : rm_name, itemNum);
      |                                ^~                          ~~~~~~~
In function ‘sprintf’,
    inlined from ‘create_remove_dirs’ at mdtest.c:317:5:
/usr/include/x86_64-linux-gnu/bits/stdio2.h:30:10: note: ‘__builtin___sprintf_chk’ output 7 or more bytes (assuming 4102) into a destination of size 4096
   30 |   return __builtin___sprintf_chk (__s, __USE_FORTIFY_LEVEL - 1,
      |          ^~~~~~~~~~~~~~~~~~~~~~~~~~~~~~~~~~~~~~~~~~~~~~~~~~~~~~
   31 |                                   __glibc_objsize (__s), __fmt,
      |                                   ~~~~~~~~~~~~~~~~~~~~~~~~~~~~~
   32 |                                   __va_arg_pack ());
      |                                   ~~~~~~~~~~~~~~~~~
parse_options.c: In function ‘createGlobalOptions’:
parse_options.c:469:33: warning: ‘%s’ directive writing up to 1023 bytes into a region of size 1011 [-Wformat-overflow=]
  469 |   sprintf(apiStr, "API for I/O [%s]", APIs);
      |                                 ^~    ~~~~
In file included from /usr/include/stdio.h:964,
                 from parse_options.c:19:
In function ‘sprintf’,
    inlined from ‘createGlobalOptions’ at parse_options.c:469:3:
/usr/include/x86_64-linux-gnu/bits/stdio2.h:30:10: note: ‘__builtin___sprintf_chk’ output between 15 and 1038 bytes into a destination of size 1024
   30 |   return __builtin___sprintf_chk (__s, __USE_FORTIFY_LEVEL - 1,
      |          ^~~~~~~~~~~~~~~~~~~~~~~~~~~~~~~~~~~~~~~~~~~~~~~~~~~~~~
   31 |                                   __glibc_objsize (__s), __fmt,
      |                                   ~~~~~~~~~~~~~~~~~~~~~~~~~~~~~
   32 |                                   __va_arg_pack ());
      |                                   ~~~~~~~~~~~~~~~~~
mdtest.c: In function ‘collective_helper’:
mdtest.c:445:37: warning: ‘%s’ directive writing up to 4095 bytes into a region of size 4090 [-Wformat-overflow=]
  445 |         sprintf(curr_item, "%s/file.%s"LLU"", path, create ? mk_name : rm_name, itemNum+i);
      |                                     ^~                                 ~~~~~~~
In function ‘sprintf’,
    inlined from ‘collective_helper’ at mdtest.c:445:9:
/usr/include/x86_64-linux-gnu/bits/stdio2.h:30:10: note: ‘__builtin___sprintf_chk’ output 8 or more bytes (assuming 4103) into a destination of size 4096
   30 |   return __builtin___sprintf_chk (__s, __USE_FORTIFY_LEVEL - 1,
      |          ^~~~~~~~~~~~~~~~~~~~~~~~~~~~~~~~~~~~~~~~~~~~~~~~~~~~~~
   31 |                                   __glibc_objsize (__s), __fmt,
      |                                   ~~~~~~~~~~~~~~~~~~~~~~~~~~~~~
   32 |                                   __va_arg_pack ());
      |                                   ~~~~~~~~~~~~~~~~~
mdtest.c: In function ‘collective_helper’:
mdtest.c:445:37: warning: ‘%s’ directive writing up to 4095 bytes into a region of size 4090 [-Wformat-overflow=]
  445 |         sprintf(curr_item, "%s/file.%s"LLU"", path, create ? mk_name : rm_name, itemNum+i);
      |                                     ^~                       ~~~~~~~
In function ‘sprintf’,
    inlined from ‘collective_helper’ at mdtest.c:445:9:
/usr/include/x86_64-linux-gnu/bits/stdio2.h:30:10: note: ‘__builtin___sprintf_chk’ output 8 or more bytes (assuming 4103) into a destination of size 4096
   30 |   return __builtin___sprintf_chk (__s, __USE_FORTIFY_LEVEL - 1,
      |          ^~~~~~~~~~~~~~~~~~~~~~~~~~~~~~~~~~~~~~~~~~~~~~~~~~~~~~
   31 |                                   __glibc_objsize (__s), __fmt,
      |                                   ~~~~~~~~~~~~~~~~~~~~~~~~~~~~~
   32 |                                   __va_arg_pack ());
      |                                   ~~~~~~~~~~~~~~~~~
mdtest.c: In function ‘create_remove_items’:
mdtest.c:509:30: warning: ‘%llu’ directive writing between 1 and 20 bytes into a region of size between 0 and 4095 [-Wformat-overflow=]
  509 |             sprintf(dir, "%s.%llu/", base_tree_name, currDir);
      |                              ^~~~
In function ‘sprintf’,
    inlined from ‘create_remove_items’ at mdtest.c:509:13:
/usr/include/x86_64-linux-gnu/bits/stdio2.h:30:10: note: ‘__builtin___sprintf_chk’ output between 4 and 4118 bytes into a destination of size 4096
   30 |   return __builtin___sprintf_chk (__s, __USE_FORTIFY_LEVEL - 1,
      |          ^~~~~~~~~~~~~~~~~~~~~~~~~~~~~~~~~~~~~~~~~~~~~~~~~~~~~~
   31 |                                   __glibc_objsize (__s), __fmt,
      |                                   ~~~~~~~~~~~~~~~~~~~~~~~~~~~~~
   32 |                                   __va_arg_pack ());
      |                                   ~~~~~~~~~~~~~~~~~
mdtest.c: In function ‘mdtest_stat’:
mdtest.c:593:33: warning: ‘%s’ directive writing up to 4095 bytes into a region of size 4091 [-Wformat-overflow=]
  593 |             sprintf(item, "file.%s"LLU"", stat_name, item_num);
      |                                 ^~        ~~~~~~~~~
In function ‘sprintf’,
    inlined from ‘mdtest_stat’ at mdtest.c:593:13:
/usr/include/x86_64-linux-gnu/bits/stdio2.h:30:10: note: ‘__builtin___sprintf_chk’ output between 7 and 4121 bytes into a destination of size 4096
   30 |   return __builtin___sprintf_chk (__s, __USE_FORTIFY_LEVEL - 1,
      |          ^~~~~~~~~~~~~~~~~~~~~~~~~~~~~~~~~~~~~~~~~~~~~~~~~~~~~~
   31 |                                   __glibc_objsize (__s), __fmt,
      |                                   ~~~~~~~~~~~~~~~~~~~~~~~~~~~~~
   32 |                                   __va_arg_pack ());
      |                                   ~~~~~~~~~~~~~~~~~
mdtest.c: In function ‘mdtest_stat’:
mdtest.c:588:32: warning: ‘%s’ directive writing up to 4095 bytes into a region of size 4092 [-Wformat-overflow=]
  588 |             sprintf(item, "dir.%s"LLU"", stat_name, item_num);
      |                                ^~        ~~~~~~~~~
In function ‘sprintf’,
    inlined from ‘mdtest_stat’ at mdtest.c:588:13:
/usr/include/x86_64-linux-gnu/bits/stdio2.h:30:10: note: ‘__builtin___sprintf_chk’ output between 6 and 4120 bytes into a destination of size 4096
   30 |   return __builtin___sprintf_chk (__s, __USE_FORTIFY_LEVEL - 1,
      |          ^~~~~~~~~~~~~~~~~~~~~~~~~~~~~~~~~~~~~~~~~~~~~~~~~~~~~~
   31 |                                   __glibc_objsize (__s), __fmt,
      |                                   ~~~~~~~~~~~~~~~~~~~~~~~~~~~~~
   32 |                                   __va_arg_pack ());
      |                                   ~~~~~~~~~~~~~~~~~
mdtest.c: In function ‘mdtest_stat’:
mdtest.c:602:27: warning: ‘%lu’ directive writing between 1 and 20 bytes into a region of size between 0 and 4095 [-Wformat-overflow=]
  602 |             sprintf(temp, "%s."LLU"/%s", base_tree_name, parent_dir, item);
      |                           ^~~~~
mdtest.c:89:14: note: format string is defined here
   89 | #define LLU "%lu"
      |              ^~~
In function ‘sprintf’,
    inlined from ‘mdtest_stat’ at mdtest.c:602:13:
/usr/include/x86_64-linux-gnu/bits/stdio2.h:30:10: note: ‘__builtin___sprintf_chk’ output 4 or more bytes (assuming 4099) into a destination of size 4096
   30 |   return __builtin___sprintf_chk (__s, __USE_FORTIFY_LEVEL - 1,
      |          ^~~~~~~~~~~~~~~~~~~~~~~~~~~~~~~~~~~~~~~~~~~~~~~~~~~~~~
   31 |                                   __glibc_objsize (__s), __fmt,
      |                                   ~~~~~~~~~~~~~~~~~~~~~~~~~~~~~
   32 |                                   __va_arg_pack ());
      |                                   ~~~~~~~~~~~~~~~~~
mdtest.c: In function ‘mdtest_stat’:
mdtest.c:608:31: warning: ‘%lu’ directive writing between 1 and 20 bytes into a region of size between 0 and 4095 [-Wformat-overflow=]
  608 |                 sprintf(temp, "%s."LLU"/%s", base_tree_name, parent_dir, item);
      |                               ^~~~~
mdtest.c:89:14: note: format string is defined here
   89 | #define LLU "%lu"
      |              ^~~
mdtest.c:608:31: note: directive argument in the range [0, 18446744073709551614]
  608 |                 sprintf(temp, "%s."LLU"/%s", base_tree_name, parent_dir, item);
      |                               ^~~~~
In function ‘sprintf’,
    inlined from ‘mdtest_stat’ at mdtest.c:608:17:
/usr/include/x86_64-linux-gnu/bits/stdio2.h:30:10: note: ‘__builtin___sprintf_chk’ output 4 or more bytes (assuming 4118) into a destination of size 4096
   30 |   return __builtin___sprintf_chk (__s, __USE_FORTIFY_LEVEL - 1,
      |          ^~~~~~~~~~~~~~~~~~~~~~~~~~~~~~~~~~~~~~~~~~~~~~~~~~~~~~
   31 |                                   __glibc_objsize (__s), __fmt,
      |                                   ~~~~~~~~~~~~~~~~~~~~~~~~~~~~~
   32 |                                   __va_arg_pack ());
      |                                   ~~~~~~~~~~~~~~~~~
mdtest.c: In function ‘mdtest_read’:
mdtest.c:688:33: warning: ‘%s’ directive writing up to 4095 bytes into a region of size 4091 [-Wformat-overflow=]
  688 |             sprintf(item, "file.%s"LLU"", read_name, item_num);
      |                                 ^~        ~~~~~~~~~
In function ‘sprintf’,
    inlined from ‘mdtest_read’ at mdtest.c:688:13:
/usr/include/x86_64-linux-gnu/bits/stdio2.h:30:10: note: ‘__builtin___sprintf_chk’ output between 7 and 4121 bytes into a destination of size 4096
   30 |   return __builtin___sprintf_chk (__s, __USE_FORTIFY_LEVEL - 1,
      |          ^~~~~~~~~~~~~~~~~~~~~~~~~~~~~~~~~~~~~~~~~~~~~~~~~~~~~~
   31 |                                   __glibc_objsize (__s), __fmt,
      |                                   ~~~~~~~~~~~~~~~~~~~~~~~~~~~~~
   32 |                                   __va_arg_pack ());
      |                                   ~~~~~~~~~~~~~~~~~
mdtest.c: In function ‘mdtest_read’:
mdtest.c:697:27: warning: ‘%lu’ directive writing between 1 and 20 bytes into a region of size between 0 and 4095 [-Wformat-overflow=]
  697 |             sprintf(temp, "%s."LLU"/%s", base_tree_name, parent_dir, item);
      |                           ^~~~~
mdtest.c:89:14: note: format string is defined here
   89 | #define LLU "%lu"
      |              ^~~
In function ‘sprintf’,
    inlined from ‘mdtest_read’ at mdtest.c:697:13:
/usr/include/x86_64-linux-gnu/bits/stdio2.h:30:10: note: ‘__builtin___sprintf_chk’ output 4 or more bytes (assuming 4099) into a destination of size 4096
   30 |   return __builtin___sprintf_chk (__s, __USE_FORTIFY_LEVEL - 1,
      |          ^~~~~~~~~~~~~~~~~~~~~~~~~~~~~~~~~~~~~~~~~~~~~~~~~~~~~~
   31 |                                   __glibc_objsize (__s), __fmt,
      |                                   ~~~~~~~~~~~~~~~~~~~~~~~~~~~~~
   32 |                                   __va_arg_pack ());
      |                                   ~~~~~~~~~~~~~~~~~
mdtest.c: In function ‘mdtest_read’:
mdtest.c:703:31: warning: ‘%lu’ directive writing between 1 and 20 bytes into a region of size between 0 and 4095 [-Wformat-overflow=]
  703 |                 sprintf(temp, "%s."LLU"/%s", base_tree_name, parent_dir, item);
      |                               ^~~~~
mdtest.c:89:14: note: format string is defined here
   89 | #define LLU "%lu"
      |              ^~~
mdtest.c:703:31: note: directive argument in the range [0, 18446744073709551614]
  703 |                 sprintf(temp, "%s."LLU"/%s", base_tree_name, parent_dir, item);
      |                               ^~~~~
In function ‘sprintf’,
    inlined from ‘mdtest_read’ at mdtest.c:703:17:
/usr/include/x86_64-linux-gnu/bits/stdio2.h:30:10: note: ‘__builtin___sprintf_chk’ output 4 or more bytes (assuming 4118) into a destination of size 4096
   30 |   return __builtin___sprintf_chk (__s, __USE_FORTIFY_LEVEL - 1,
      |          ^~~~~~~~~~~~~~~~~~~~~~~~~~~~~~~~~~~~~~~~~~~~~~~~~~~~~~
   31 |                                   __glibc_objsize (__s), __fmt,
      |                                   ~~~~~~~~~~~~~~~~~~~~~~~~~~~~~
   32 |                                   __va_arg_pack ());
      |                                   ~~~~~~~~~~~~~~~~~
mdtest.c: In function ‘collective_create_remove’:
mdtest.c:775:39: warning: ‘/mdtest_tree.’ directive writing 13 bytes into a region of size between 1 and 4096 [-Wformat-overflow=]
  775 |             sprintf(unique_mk_dir, "%s/mdtest_tree.%d.0", testdir,
      |                                       ^~~~~~~~~~~~~
mdtest.c:775:36: note: directive argument in the range [0, 2147483646]
  775 |             sprintf(unique_mk_dir, "%s/mdtest_tree.%d.0", testdir,
      |                                    ^~~~~~~~~~~~~~~~~~~~~
In function ‘sprintf’,
    inlined from ‘collective_create_remove’ at mdtest.c:775:13:
/usr/include/x86_64-linux-gnu/bits/stdio2.h:30:10: note: ‘__builtin___sprintf_chk’ output between 17 and 4121 bytes into a destination of size 4096
   30 |   return __builtin___sprintf_chk (__s, __USE_FORTIFY_LEVEL - 1,
      |          ^~~~~~~~~~~~~~~~~~~~~~~~~~~~~~~~~~~~~~~~~~~~~~~~~~~~~~
   31 |                                   __glibc_objsize (__s), __fmt,
      |                                   ~~~~~~~~~~~~~~~~~~~~~~~~~~~~~
   32 |                                   __va_arg_pack ());
      |                                   ~~~~~~~~~~~~~~~~~
mdtest.c: In function ‘collective_create_remove’:
mdtest.c:777:42: warning: ‘/mdtest_tree.’ directive writing 13 bytes into a region of size between 1 and 4096 [-Wformat-overflow=]
  777 |             sprintf(unique_chdir_dir, "%s/mdtest_tree.%d.0", testdir,
      |                                          ^~~~~~~~~~~~~
mdtest.c:777:39: note: directive argument in the range [-2147483646, 2147483646]
  777 |             sprintf(unique_chdir_dir, "%s/mdtest_tree.%d.0", testdir,
      |                                       ^~~~~~~~~~~~~~~~~~~~~
In function ‘sprintf’,
    inlined from ‘collective_create_remove’ at mdtest.c:777:13:
/usr/include/x86_64-linux-gnu/bits/stdio2.h:30:10: note: ‘__builtin___sprintf_chk’ output between 17 and 4122 bytes into a destination of size 4096
   30 |   return __builtin___sprintf_chk (__s, __USE_FORTIFY_LEVEL - 1,
      |          ^~~~~~~~~~~~~~~~~~~~~~~~~~~~~~~~~~~~~~~~~~~~~~~~~~~~~~
   31 |                                   __glibc_objsize (__s), __fmt,
      |                                   ~~~~~~~~~~~~~~~~~~~~~~~~~~~~~
   32 |                                   __va_arg_pack ());
      |                                   ~~~~~~~~~~~~~~~~~
mdtest.c: In function ‘collective_create_remove’:
mdtest.c:779:41: warning: ‘/mdtest_tree.’ directive writing 13 bytes into a region of size between 1 and 4096 [-Wformat-overflow=]
  779 |             sprintf(unique_stat_dir, "%s/mdtest_tree.%d.0", testdir,
      |                                         ^~~~~~~~~~~~~
mdtest.c:779:38: note: directive argument in the range [-2147483646, 2147483646]
  779 |             sprintf(unique_stat_dir, "%s/mdtest_tree.%d.0", testdir,
      |                                      ^~~~~~~~~~~~~~~~~~~~~
In function ‘sprintf’,
    inlined from ‘collective_create_remove’ at mdtest.c:779:13:
/usr/include/x86_64-linux-gnu/bits/stdio2.h:30:10: note: ‘__builtin___sprintf_chk’ output between 17 and 4122 bytes into a destination of size 4096
   30 |   return __builtin___sprintf_chk (__s, __USE_FORTIFY_LEVEL - 1,
      |          ^~~~~~~~~~~~~~~~~~~~~~~~~~~~~~~~~~~~~~~~~~~~~~~~~~~~~~
   31 |                                   __glibc_objsize (__s), __fmt,
      |                                   ~~~~~~~~~~~~~~~~~~~~~~~~~~~~~
   32 |                                   __va_arg_pack ());
      |                                   ~~~~~~~~~~~~~~~~~
mdtest.c: In function ‘collective_create_remove’:
mdtest.c:781:41: warning: ‘/mdtest_tree.’ directive writing 13 bytes into a region of size between 1 and 4096 [-Wformat-overflow=]
  781 |             sprintf(unique_read_dir, "%s/mdtest_tree.%d.0", testdir,
      |                                         ^~~~~~~~~~~~~
mdtest.c:781:38: note: directive argument in the range [-2147483646, 2147483646]
  781 |             sprintf(unique_read_dir, "%s/mdtest_tree.%d.0", testdir,
      |                                      ^~~~~~~~~~~~~~~~~~~~~
In function ‘sprintf’,
    inlined from ‘collective_create_remove’ at mdtest.c:781:13:
/usr/include/x86_64-linux-gnu/bits/stdio2.h:30:10: note: ‘__builtin___sprintf_chk’ output between 17 and 4122 bytes into a destination of size 4096
   30 |   return __builtin___sprintf_chk (__s, __USE_FORTIFY_LEVEL - 1,
      |          ^~~~~~~~~~~~~~~~~~~~~~~~~~~~~~~~~~~~~~~~~~~~~~~~~~~~~~
   31 |                                   __glibc_objsize (__s), __fmt,
      |                                   ~~~~~~~~~~~~~~~~~~~~~~~~~~~~~
   32 |                                   __va_arg_pack ());
      |                                   ~~~~~~~~~~~~~~~~~
mdtest.c: In function ‘collective_create_remove’:
mdtest.c:783:39: warning: ‘/mdtest_tree.’ directive writing 13 bytes into a region of size between 1 and 4096 [-Wformat-overflow=]
  783 |             sprintf(unique_rm_dir, "%s/mdtest_tree.%d.0", testdir,
      |                                       ^~~~~~~~~~~~~
mdtest.c:783:36: note: directive argument in the range [-2147483646, 2147483646]
  783 |             sprintf(unique_rm_dir, "%s/mdtest_tree.%d.0", testdir,
      |                                    ^~~~~~~~~~~~~~~~~~~~~
In function ‘sprintf’,
    inlined from ‘collective_create_remove’ at mdtest.c:783:13:
/usr/include/x86_64-linux-gnu/bits/stdio2.h:30:10: note: ‘__builtin___sprintf_chk’ output between 17 and 4122 bytes into a destination of size 4096
   30 |   return __builtin___sprintf_chk (__s, __USE_FORTIFY_LEVEL - 1,
      |          ^~~~~~~~~~~~~~~~~~~~~~~~~~~~~~~~~~~~~~~~~~~~~~~~~~~~~~
   31 |                                   __glibc_objsize (__s), __fmt,
      |                                   ~~~~~~~~~~~~~~~~~~~~~~~~~~~~~
   32 |                                   __va_arg_pack ());
      |                                   ~~~~~~~~~~~~~~~~~
mdtest.c: In function ‘collective_create_remove’:
mdtest.c:807:35: warning: ‘/mdtest_tree.’ directive writing 13 bytes into a region of size between 1 and 4096 [-Wformat-overflow=]
  807 |         sprintf(unique_mk_dir, "%s/mdtest_tree.%d.0", testdir,
      |                                   ^~~~~~~~~~~~~
In function ‘sprintf’,
    inlined from ‘collective_create_remove’ at mdtest.c:807:9:
/usr/include/x86_64-linux-gnu/bits/stdio2.h:30:10: note: ‘__builtin___sprintf_chk’ output between 17 and 4112 bytes into a destination of size 4096
   30 |   return __builtin___sprintf_chk (__s, __USE_FORTIFY_LEVEL - 1,
      |          ^~~~~~~~~~~~~~~~~~~~~~~~~~~~~~~~~~~~~~~~~~~~~~~~~~~~~~
   31 |                                   __glibc_objsize (__s), __fmt,
      |                                   ~~~~~~~~~~~~~~~~~~~~~~~~~~~~~
   32 |                                   __va_arg_pack ());
      |                                   ~~~~~~~~~~~~~~~~~
mdtest.c: In function ‘collective_create_remove’:
mdtest.c:809:38: warning: ‘/mdtest_tree.’ directive writing 13 bytes into a region of size between 1 and 4096 [-Wformat-overflow=]
  809 |         sprintf(unique_chdir_dir, "%s/mdtest_tree.%d.0", testdir,
      |                                      ^~~~~~~~~~~~~
mdtest.c:809:35: note: directive argument in the range [-2147483647, 2147483647]
  809 |         sprintf(unique_chdir_dir, "%s/mdtest_tree.%d.0", testdir,
      |                                   ^~~~~~~~~~~~~~~~~~~~~
In function ‘sprintf’,
    inlined from ‘collective_create_remove’ at mdtest.c:809:9:
/usr/include/x86_64-linux-gnu/bits/stdio2.h:30:10: note: ‘__builtin___sprintf_chk’ output between 17 and 4122 bytes into a destination of size 4096
   30 |   return __builtin___sprintf_chk (__s, __USE_FORTIFY_LEVEL - 1,
      |          ^~~~~~~~~~~~~~~~~~~~~~~~~~~~~~~~~~~~~~~~~~~~~~~~~~~~~~
   31 |                                   __glibc_objsize (__s), __fmt,
      |                                   ~~~~~~~~~~~~~~~~~~~~~~~~~~~~~
   32 |                                   __va_arg_pack ());
      |                                   ~~~~~~~~~~~~~~~~~
mdtest.c: In function ‘collective_create_remove’:
mdtest.c:811:37: warning: ‘/mdtest_tree.’ directive writing 13 bytes into a region of size between 1 and 4096 [-Wformat-overflow=]
  811 |         sprintf(unique_stat_dir, "%s/mdtest_tree.%d.0", testdir,
      |                                     ^~~~~~~~~~~~~
mdtest.c:811:34: note: directive argument in the range [-2147483647, 2147483647]
  811 |         sprintf(unique_stat_dir, "%s/mdtest_tree.%d.0", testdir,
      |                                  ^~~~~~~~~~~~~~~~~~~~~
In function ‘sprintf’,
    inlined from ‘collective_create_remove’ at mdtest.c:811:9:
/usr/include/x86_64-linux-gnu/bits/stdio2.h:30:10: note: ‘__builtin___sprintf_chk’ output between 17 and 4122 bytes into a destination of size 4096
   30 |   return __builtin___sprintf_chk (__s, __USE_FORTIFY_LEVEL - 1,
      |          ^~~~~~~~~~~~~~~~~~~~~~~~~~~~~~~~~~~~~~~~~~~~~~~~~~~~~~
   31 |                                   __glibc_objsize (__s), __fmt,
      |                                   ~~~~~~~~~~~~~~~~~~~~~~~~~~~~~
   32 |                                   __va_arg_pack ());
      |                                   ~~~~~~~~~~~~~~~~~
mdtest.c: In function ‘collective_create_remove’:
mdtest.c:813:37: warning: ‘/mdtest_tree.’ directive writing 13 bytes into a region of size between 1 and 4096 [-Wformat-overflow=]
  813 |         sprintf(unique_read_dir, "%s/mdtest_tree.%d.0", testdir,
      |                                     ^~~~~~~~~~~~~
mdtest.c:813:34: note: directive argument in the range [-2147483647, 2147483647]
  813 |         sprintf(unique_read_dir, "%s/mdtest_tree.%d.0", testdir,
      |                                  ^~~~~~~~~~~~~~~~~~~~~
In function ‘sprintf’,
    inlined from ‘collective_create_remove’ at mdtest.c:813:9:
/usr/include/x86_64-linux-gnu/bits/stdio2.h:30:10: note: ‘__builtin___sprintf_chk’ output between 17 and 4122 bytes into a destination of size 4096
   30 |   return __builtin___sprintf_chk (__s, __USE_FORTIFY_LEVEL - 1,
      |          ^~~~~~~~~~~~~~~~~~~~~~~~~~~~~~~~~~~~~~~~~~~~~~~~~~~~~~
   31 |                                   __glibc_objsize (__s), __fmt,
      |                                   ~~~~~~~~~~~~~~~~~~~~~~~~~~~~~
   32 |                                   __va_arg_pack ());
      |                                   ~~~~~~~~~~~~~~~~~
mdtest.c: In function ‘collective_create_remove’:
mdtest.c:815:35: warning: ‘/mdtest_tree.’ directive writing 13 bytes into a region of size between 1 and 4096 [-Wformat-overflow=]
  815 |         sprintf(unique_rm_dir, "%s/mdtest_tree.%d.0", testdir,
      |                                   ^~~~~~~~~~~~~
mdtest.c:815:32: note: directive argument in the range [-2147483647, 2147483647]
  815 |         sprintf(unique_rm_dir, "%s/mdtest_tree.%d.0", testdir,
      |                                ^~~~~~~~~~~~~~~~~~~~~
In function ‘sprintf’,
    inlined from ‘collective_create_remove’ at mdtest.c:815:9:
/usr/include/x86_64-linux-gnu/bits/stdio2.h:30:10: note: ‘__builtin___sprintf_chk’ output between 17 and 4122 bytes into a destination of size 4096
   30 |   return __builtin___sprintf_chk (__s, __USE_FORTIFY_LEVEL - 1,
      |          ^~~~~~~~~~~~~~~~~~~~~~~~~~~~~~~~~~~~~~~~~~~~~~~~~~~~~~
   31 |                                   __glibc_objsize (__s), __fmt,
      |                                   ~~~~~~~~~~~~~~~~~~~~~~~~~~~~~
   32 |                                   __va_arg_pack ());
      |                                   ~~~~~~~~~~~~~~~~~
ior.c: In function ‘GetPlatformName’:
ior.c:699:37: warning: ‘)’ directive writing 1 byte into a region of size between 0 and 1023 [-Wformat-overflow=]
  699 |         sprintf(platformName, "%s(%s)", nodeName, sysName);
      |                                     ^
In file included from /usr/include/stdio.h:964,
                 from ior.c:15:
In function ‘sprintf’,
    inlined from ‘GetPlatformName’ at ior.c:699:9:
/usr/include/x86_64-linux-gnu/bits/stdio2.h:30:10: note: ‘__builtin___sprintf_chk’ output 3 or more bytes (assuming 1026) into a destination of size 1024
   30 |   return __builtin___sprintf_chk (__s, __USE_FORTIFY_LEVEL - 1,
      |          ^~~~~~~~~~~~~~~~~~~~~~~~~~~~~~~~~~~~~~~~~~~~~~~~~~~~~~
   31 |                                   __glibc_objsize (__s), __fmt,
      |                                   ~~~~~~~~~~~~~~~~~~~~~~~~~~~~~
   32 |                                   __va_arg_pack ());
      |                                   ~~~~~~~~~~~~~~~~~
mdtest.c: In function ‘directory_test’:
mdtest.c:843:39: warning: ‘__builtin___sprintf_chk’ may write a terminating nul past the end of the destination [-Wformat-overflow=]
  843 |             sprintf( temp_path, "%s/%s", testdir, path );
      |                                       ^
In function ‘sprintf’,
    inlined from ‘directory_test’ at mdtest.c:843:13:
/usr/include/x86_64-linux-gnu/bits/stdio2.h:30:10: note: ‘__builtin___sprintf_chk’ output 2 or more bytes (assuming 4097) into a destination of size 4096
   30 |   return __builtin___sprintf_chk (__s, __USE_FORTIFY_LEVEL - 1,
      |          ^~~~~~~~~~~~~~~~~~~~~~~~~~~~~~~~~~~~~~~~~~~~~~~~~~~~~~
   31 |                                   __glibc_objsize (__s), __fmt,
      |                                   ~~~~~~~~~~~~~~~~~~~~~~~~~~~~~
   32 |                                   __va_arg_pack ());
      |                                   ~~~~~~~~~~~~~~~~~
mdtest.c: In function ‘directory_test’:
mdtest.c:295:26: warning: ‘%s’ directive writing up to 4095 bytes into a region of size between 0 and 4095 [-Wformat-overflow=]
  295 |         sprintf( to, "%s/%s", testdir, unique_chdir_dir );
      |                          ^~            ~~~~~~~~~~~~~~~~
In function ‘sprintf’,
    inlined from ‘unique_dir_access’ at mdtest.c:295:9,
    inlined from ‘directory_test’ at mdtest.c:838:13:
/usr/include/x86_64-linux-gnu/bits/stdio2.h:30:10: note: ‘__builtin___sprintf_chk’ output between 2 and 8192 bytes into a destination of size 4096
   30 |   return __builtin___sprintf_chk (__s, __USE_FORTIFY_LEVEL - 1,
      |          ^~~~~~~~~~~~~~~~~~~~~~~~~~~~~~~~~~~~~~~~~~~~~~~~~~~~~~
   31 |                                   __glibc_objsize (__s), __fmt,
      |                                   ~~~~~~~~~~~~~~~~~~~~~~~~~~~~~
   32 |                                   __va_arg_pack ());
      |                                   ~~~~~~~~~~~~~~~~~
mdtest.c: In function ‘directory_test’:
mdtest.c:873:39: warning: ‘__builtin___sprintf_chk’ may write a terminating nul past the end of the destination [-Wformat-overflow=]
  873 |             sprintf( temp_path, "%s/%s", testdir, path );
      |                                       ^
In function ‘sprintf’,
    inlined from ‘directory_test’ at mdtest.c:873:13:
/usr/include/x86_64-linux-gnu/bits/stdio2.h:30:10: note: ‘__builtin___sprintf_chk’ output 2 or more bytes (assuming 4097) into a destination of size 4096
   30 |   return __builtin___sprintf_chk (__s, __USE_FORTIFY_LEVEL - 1,
      |          ^~~~~~~~~~~~~~~~~~~~~~~~~~~~~~~~~~~~~~~~~~~~~~~~~~~~~~
   31 |                                   __glibc_objsize (__s), __fmt,
      |                                   ~~~~~~~~~~~~~~~~~~~~~~~~~~~~~
   32 |                                   __va_arg_pack ());
      |                                   ~~~~~~~~~~~~~~~~~
mdtest.c: In function ‘directory_test’:
mdtest.c:297:26: warning: ‘%s’ directive writing up to 4095 bytes into a region of size between 0 and 4095 [-Wformat-overflow=]
  297 |         sprintf( to, "%s/%s", testdir, unique_stat_dir );
      |                          ^~            ~~~~~~~~~~~~~~~
In function ‘sprintf’,
    inlined from ‘unique_dir_access’ at mdtest.c:297:9,
    inlined from ‘directory_test’ at mdtest.c:868:13:
/usr/include/x86_64-linux-gnu/bits/stdio2.h:30:10: note: ‘__builtin___sprintf_chk’ output between 2 and 8192 bytes into a destination of size 4096
   30 |   return __builtin___sprintf_chk (__s, __USE_FORTIFY_LEVEL - 1,
      |          ^~~~~~~~~~~~~~~~~~~~~~~~~~~~~~~~~~~~~~~~~~~~~~~~~~~~~~
   31 |                                   __glibc_objsize (__s), __fmt,
      |                                   ~~~~~~~~~~~~~~~~~~~~~~~~~~~~~
   32 |                                   __va_arg_pack ());
      |                                   ~~~~~~~~~~~~~~~~~
mdtest.c: In function ‘directory_test’:
mdtest.c:899:39: warning: ‘__builtin___sprintf_chk’ may write a terminating nul past the end of the destination [-Wformat-overflow=]
  899 |             sprintf( temp_path, "%s/%s", testdir, path );
      |                                       ^
In function ‘sprintf’,
    inlined from ‘directory_test’ at mdtest.c:899:13:
/usr/include/x86_64-linux-gnu/bits/stdio2.h:30:10: note: ‘__builtin___sprintf_chk’ output 2 or more bytes (assuming 4097) into a destination of size 4096
   30 |   return __builtin___sprintf_chk (__s, __USE_FORTIFY_LEVEL - 1,
      |          ^~~~~~~~~~~~~~~~~~~~~~~~~~~~~~~~~~~~~~~~~~~~~~~~~~~~~~
   31 |                                   __glibc_objsize (__s), __fmt,
      |                                   ~~~~~~~~~~~~~~~~~~~~~~~~~~~~~
   32 |                                   __va_arg_pack ());
      |                                   ~~~~~~~~~~~~~~~~~
mdtest.c: In function ‘directory_test’:
mdtest.c:299:26: warning: ‘%s’ directive writing up to 4095 bytes into a region of size between 0 and 4095 [-Wformat-overflow=]
  299 |         sprintf( to, "%s/%s", testdir, unique_read_dir );
      |                          ^~            ~~~~~~~~~~~~~~~
In function ‘sprintf’,
    inlined from ‘unique_dir_access’ at mdtest.c:299:9,
    inlined from ‘directory_test’ at mdtest.c:894:13:
/usr/include/x86_64-linux-gnu/bits/stdio2.h:30:10: note: ‘__builtin___sprintf_chk’ output between 2 and 8192 bytes into a destination of size 4096
   30 |   return __builtin___sprintf_chk (__s, __USE_FORTIFY_LEVEL - 1,
      |          ^~~~~~~~~~~~~~~~~~~~~~~~~~~~~~~~~~~~~~~~~~~~~~~~~~~~~~
   31 |                                   __glibc_objsize (__s), __fmt,
      |                                   ~~~~~~~~~~~~~~~~~~~~~~~~~~~~~
   32 |                                   __va_arg_pack ());
      |                                   ~~~~~~~~~~~~~~~~~
mdtest.c: In function ‘directory_test’:
mdtest.c:925:39: warning: ‘__builtin___sprintf_chk’ may write a terminating nul past the end of the destination [-Wformat-overflow=]
  925 |             sprintf( temp_path, "%s/%s", testdir, path );
      |                                       ^
In function ‘sprintf’,
    inlined from ‘directory_test’ at mdtest.c:925:13:
/usr/include/x86_64-linux-gnu/bits/stdio2.h:30:10: note: ‘__builtin___sprintf_chk’ output 2 or more bytes (assuming 4097) into a destination of size 4096
   30 |   return __builtin___sprintf_chk (__s, __USE_FORTIFY_LEVEL - 1,
      |          ^~~~~~~~~~~~~~~~~~~~~~~~~~~~~~~~~~~~~~~~~~~~~~~~~~~~~~
   31 |                                   __glibc_objsize (__s), __fmt,
      |                                   ~~~~~~~~~~~~~~~~~~~~~~~~~~~~~
   32 |                                   __va_arg_pack ());
      |                                   ~~~~~~~~~~~~~~~~~
mdtest.c: In function ‘directory_test’:
mdtest.c:301:26: warning: ‘%s’ directive writing up to 4095 bytes into a region of size between 0 and 4095 [-Wformat-overflow=]
  301 |         sprintf( to, "%s/%s", testdir, unique_rm_dir );
      |                          ^~            ~~~~~~~~~~~~~
In function ‘sprintf’,
    inlined from ‘unique_dir_access’ at mdtest.c:301:9,
    inlined from ‘directory_test’ at mdtest.c:920:13:
/usr/include/x86_64-linux-gnu/bits/stdio2.h:30:10: note: ‘__builtin___sprintf_chk’ output between 2 and 8192 bytes into a destination of size 4096
   30 |   return __builtin___sprintf_chk (__s, __USE_FORTIFY_LEVEL - 1,
      |          ^~~~~~~~~~~~~~~~~~~~~~~~~~~~~~~~~~~~~~~~~~~~~~~~~~~~~~
   31 |                                   __glibc_objsize (__s), __fmt,
      |                                   ~~~~~~~~~~~~~~~~~~~~~~~~~~~~~
   32 |                                   __va_arg_pack ());
      |                                   ~~~~~~~~~~~~~~~~~
mdtest.c: In function ‘directory_test’:
mdtest.c:948:39: warning: ‘__builtin___sprintf_chk’ may write a terminating nul past the end of the destination [-Wformat-overflow=]
  948 |             sprintf( temp_path, "%s/%s", testdir, path );
      |                                       ^
In function ‘sprintf’,
    inlined from ‘directory_test’ at mdtest.c:948:13:
/usr/include/x86_64-linux-gnu/bits/stdio2.h:30:10: note: ‘__builtin___sprintf_chk’ output 2 or more bytes (assuming 4097) into a destination of size 4096
   30 |   return __builtin___sprintf_chk (__s, __USE_FORTIFY_LEVEL - 1,
      |          ^~~~~~~~~~~~~~~~~~~~~~~~~~~~~~~~~~~~~~~~~~~~~~~~~~~~~~
   31 |                                   __glibc_objsize (__s), __fmt,
      |                                   ~~~~~~~~~~~~~~~~~~~~~~~~~~~~~
   32 |                                   __va_arg_pack ());
      |                                   ~~~~~~~~~~~~~~~~~
mdtest.c: In function ‘directory_test’:
mdtest.c:303:26: warning: ‘%s’ directive writing up to 4095 bytes into a region of size between 0 and 4095 [-Wformat-overflow=]
  303 |         sprintf( to, "%s/%s", testdir, unique_rm_uni_dir );
      |                          ^~            ~~~~~~~~~~~~~~~~~
In function ‘sprintf’,
    inlined from ‘unique_dir_access’ at mdtest.c:303:9,
    inlined from ‘directory_test’ at mdtest.c:946:13:
/usr/include/x86_64-linux-gnu/bits/stdio2.h:30:10: note: ‘__builtin___sprintf_chk’ output between 2 and 8192 bytes into a destination of size 4096
   30 |   return __builtin___sprintf_chk (__s, __USE_FORTIFY_LEVEL - 1,
      |          ^~~~~~~~~~~~~~~~~~~~~~~~~~~~~~~~~~~~~~~~~~~~~~~~~~~~~~
   31 |                                   __glibc_objsize (__s), __fmt,
      |                                   ~~~~~~~~~~~~~~~~~~~~~~~~~~~~~
   32 |                                   __va_arg_pack ());
      |                                   ~~~~~~~~~~~~~~~~~
mdtest.c: In function ‘file_test’:
mdtest.c:1043:39: warning: ‘__builtin___sprintf_chk’ may write a terminating nul past the end of the destination [-Wformat-overflow=]
 1043 |             sprintf( temp_path, "%s/%s", testdir, path );
      |                                       ^
In function ‘sprintf’,
    inlined from ‘file_test’ at mdtest.c:1043:13:
/usr/include/x86_64-linux-gnu/bits/stdio2.h:30:10: note: ‘__builtin___sprintf_chk’ output 2 or more bytes (assuming 4097) into a destination of size 4096
   30 |   return __builtin___sprintf_chk (__s, __USE_FORTIFY_LEVEL - 1,
      |          ^~~~~~~~~~~~~~~~~~~~~~~~~~~~~~~~~~~~~~~~~~~~~~~~~~~~~~
   31 |                                   __glibc_objsize (__s), __fmt,
      |                                   ~~~~~~~~~~~~~~~~~~~~~~~~~~~~~
   32 |                                   __va_arg_pack ());
      |                                   ~~~~~~~~~~~~~~~~~
mdtest.c: In function ‘file_test’:
mdtest.c:295:26: warning: ‘%s’ directive writing up to 4095 bytes into a region of size between 0 and 4095 [-Wformat-overflow=]
  295 |         sprintf( to, "%s/%s", testdir, unique_chdir_dir );
      |                          ^~            ~~~~~~~~~~~~~~~~
In function ‘sprintf’,
    inlined from ‘unique_dir_access’ at mdtest.c:295:9,
    inlined from ‘file_test’ at mdtest.c:1037:13:
/usr/include/x86_64-linux-gnu/bits/stdio2.h:30:10: note: ‘__builtin___sprintf_chk’ output between 2 and 8192 bytes into a destination of size 4096
   30 |   return __builtin___sprintf_chk (__s, __USE_FORTIFY_LEVEL - 1,
      |          ^~~~~~~~~~~~~~~~~~~~~~~~~~~~~~~~~~~~~~~~~~~~~~~~~~~~~~
   31 |                                   __glibc_objsize (__s), __fmt,
      |                                   ~~~~~~~~~~~~~~~~~~~~~~~~~~~~~
   32 |                                   __va_arg_pack ());
      |                                   ~~~~~~~~~~~~~~~~~
mdtest.c: In function ‘file_test’:
mdtest.c:1110:39: warning: ‘__builtin___sprintf_chk’ may write a terminating nul past the end of the destination [-Wformat-overflow=]
 1110 |             sprintf( temp_path, "%s/%s", testdir, path );
      |                                       ^
In function ‘sprintf’,
    inlined from ‘file_test’ at mdtest.c:1110:13:
/usr/include/x86_64-linux-gnu/bits/stdio2.h:30:10: note: ‘__builtin___sprintf_chk’ output 2 or more bytes (assuming 4097) into a destination of size 4096
   30 |   return __builtin___sprintf_chk (__s, __USE_FORTIFY_LEVEL - 1,
      |          ^~~~~~~~~~~~~~~~~~~~~~~~~~~~~~~~~~~~~~~~~~~~~~~~~~~~~~
   31 |                                   __glibc_objsize (__s), __fmt,
      |                                   ~~~~~~~~~~~~~~~~~~~~~~~~~~~~~
   32 |                                   __va_arg_pack ());
      |                                   ~~~~~~~~~~~~~~~~~
mdtest.c: In function ‘file_test’:
mdtest.c:297:26: warning: ‘%s’ directive writing up to 4095 bytes into a region of size between 0 and 4095 [-Wformat-overflow=]
  297 |         sprintf( to, "%s/%s", testdir, unique_stat_dir );
      |                          ^~            ~~~~~~~~~~~~~~~
In function ‘sprintf’,
    inlined from ‘unique_dir_access’ at mdtest.c:297:9,
    inlined from ‘file_test’ at mdtest.c:1105:13:
/usr/include/x86_64-linux-gnu/bits/stdio2.h:30:10: note: ‘__builtin___sprintf_chk’ output between 2 and 8192 bytes into a destination of size 4096
   30 |   return __builtin___sprintf_chk (__s, __USE_FORTIFY_LEVEL - 1,
      |          ^~~~~~~~~~~~~~~~~~~~~~~~~~~~~~~~~~~~~~~~~~~~~~~~~~~~~~
   31 |                                   __glibc_objsize (__s), __fmt,
      |                                   ~~~~~~~~~~~~~~~~~~~~~~~~~~~~~
   32 |                                   __va_arg_pack ());
      |                                   ~~~~~~~~~~~~~~~~~
mdtest.c: In function ‘file_test’:
mdtest.c:1133:39: warning: ‘__builtin___sprintf_chk’ may write a terminating nul past the end of the destination [-Wformat-overflow=]
 1133 |             sprintf( temp_path, "%s/%s", testdir, path );
      |                                       ^
In function ‘sprintf’,
    inlined from ‘file_test’ at mdtest.c:1133:13:
/usr/include/x86_64-linux-gnu/bits/stdio2.h:30:10: note: ‘__builtin___sprintf_chk’ output 2 or more bytes (assuming 4097) into a destination of size 4096
   30 |   return __builtin___sprintf_chk (__s, __USE_FORTIFY_LEVEL - 1,
      |          ^~~~~~~~~~~~~~~~~~~~~~~~~~~~~~~~~~~~~~~~~~~~~~~~~~~~~~
   31 |                                   __glibc_objsize (__s), __fmt,
      |                                   ~~~~~~~~~~~~~~~~~~~~~~~~~~~~~
   32 |                                   __va_arg_pack ());
      |                                   ~~~~~~~~~~~~~~~~~
mdtest.c: In function ‘file_test’:
mdtest.c:299:26: warning: ‘%s’ directive writing up to 4095 bytes into a region of size between 0 and 4095 [-Wformat-overflow=]
  299 |         sprintf( to, "%s/%s", testdir, unique_read_dir );
      |                          ^~            ~~~~~~~~~~~~~~~
In function ‘sprintf’,
    inlined from ‘unique_dir_access’ at mdtest.c:299:9,
    inlined from ‘file_test’ at mdtest.c:1128:13:
/usr/include/x86_64-linux-gnu/bits/stdio2.h:30:10: note: ‘__builtin___sprintf_chk’ output between 2 and 8192 bytes into a destination of size 4096
   30 |   return __builtin___sprintf_chk (__s, __USE_FORTIFY_LEVEL - 1,
      |          ^~~~~~~~~~~~~~~~~~~~~~~~~~~~~~~~~~~~~~~~~~~~~~~~~~~~~~
   31 |                                   __glibc_objsize (__s), __fmt,
      |                                   ~~~~~~~~~~~~~~~~~~~~~~~~~~~~~
   32 |                                   __va_arg_pack ());
      |                                   ~~~~~~~~~~~~~~~~~
mdtest.c: In function ‘file_test’:
mdtest.c:1161:39: warning: ‘__builtin___sprintf_chk’ may write a terminating nul past the end of the destination [-Wformat-overflow=]
 1161 |             sprintf( temp_path, "%s/%s", testdir, path );
      |                                       ^
In function ‘sprintf’,
    inlined from ‘file_test’ at mdtest.c:1161:13:
/usr/include/x86_64-linux-gnu/bits/stdio2.h:30:10: note: ‘__builtin___sprintf_chk’ output 2 or more bytes (assuming 4097) into a destination of size 4096
   30 |   return __builtin___sprintf_chk (__s, __USE_FORTIFY_LEVEL - 1,
      |          ^~~~~~~~~~~~~~~~~~~~~~~~~~~~~~~~~~~~~~~~~~~~~~~~~~~~~~
   31 |                                   __glibc_objsize (__s), __fmt,
      |                                   ~~~~~~~~~~~~~~~~~~~~~~~~~~~~~
   32 |                                   __va_arg_pack ());
      |                                   ~~~~~~~~~~~~~~~~~
mdtest.c: In function ‘file_test’:
mdtest.c:301:26: warning: ‘%s’ directive writing up to 4095 bytes into a region of size between 0 and 4095 [-Wformat-overflow=]
  301 |         sprintf( to, "%s/%s", testdir, unique_rm_dir );
      |                          ^~            ~~~~~~~~~~~~~
In function ‘sprintf’,
    inlined from ‘unique_dir_access’ at mdtest.c:301:9,
    inlined from ‘file_test’ at mdtest.c:1156:13:
/usr/include/x86_64-linux-gnu/bits/stdio2.h:30:10: note: ‘__builtin___sprintf_chk’ output between 2 and 8192 bytes into a destination of size 4096
   30 |   return __builtin___sprintf_chk (__s, __USE_FORTIFY_LEVEL - 1,
      |          ^~~~~~~~~~~~~~~~~~~~~~~~~~~~~~~~~~~~~~~~~~~~~~~~~~~~~~
   31 |                                   __glibc_objsize (__s), __fmt,
      |                                   ~~~~~~~~~~~~~~~~~~~~~~~~~~~~~
   32 |                                   __va_arg_pack ());
      |                                   ~~~~~~~~~~~~~~~~~
mdtest.c: In function ‘file_test’:
mdtest.c:303:26: warning: ‘%s’ directive writing up to 4095 bytes into a region of size between 0 and 4095 [-Wformat-overflow=]
  303 |         sprintf( to, "%s/%s", testdir, unique_rm_uni_dir );
      |                          ^~            ~~~~~~~~~~~~~~~~~
In function ‘sprintf’,
    inlined from ‘unique_dir_access’ at mdtest.c:303:9,
    inlined from ‘file_test’ at mdtest.c:1181:13:
/usr/include/x86_64-linux-gnu/bits/stdio2.h:30:10: note: ‘__builtin___sprintf_chk’ output between 2 and 8192 bytes into a destination of size 4096
   30 |   return __builtin___sprintf_chk (__s, __USE_FORTIFY_LEVEL - 1,
      |          ^~~~~~~~~~~~~~~~~~~~~~~~~~~~~~~~~~~~~~~~~~~~~~~~~~~~~~
   31 |                                   __glibc_objsize (__s), __fmt,
      |                                   ~~~~~~~~~~~~~~~~~~~~~~~~~~~~~
   32 |                                   __va_arg_pack ());
      |                                   ~~~~~~~~~~~~~~~~~
mdtest.c: In function ‘create_remove_directory_tree’:
mdtest.c:1612:30: warning: ‘%d’ directive writing between 1 and 11 bytes into a region of size between 0 and 4095 [-Wformat-overflow=]
 1612 |             sprintf(dir, "%s.%d/", base_tree_name, currDir);
      |                              ^~
In function ‘sprintf’,
    inlined from ‘create_remove_directory_tree’ at mdtest.c:1612:13:
/usr/include/x86_64-linux-gnu/bits/stdio2.h:30:10: note: ‘__builtin___sprintf_chk’ output between 4 and 4109 bytes into a destination of size 4096
   30 |   return __builtin___sprintf_chk (__s, __USE_FORTIFY_LEVEL - 1,
      |          ^~~~~~~~~~~~~~~~~~~~~~~~~~~~~~~~~~~~~~~~~~~~~~~~~~~~~~
   31 |                                   __glibc_objsize (__s), __fmt,
      |                                   ~~~~~~~~~~~~~~~~~~~~~~~~~~~~~
   32 |                                   __va_arg_pack ());
      |                                   ~~~~~~~~~~~~~~~~~
mdtest.c: In function ‘create_remove_directory_tree’:
mdtest.c:1579:28: warning: ‘.’ directive writing 1 byte into a region of size between 0 and 4095 [-Wformat-overflow=]
 1579 |         sprintf(dir, "%s/%s.%d/", path, base_tree_name, dirNum);
      |                            ^
In function ‘sprintf’,
    inlined from ‘create_remove_directory_tree’ at mdtest.c:1579:9:
/usr/include/x86_64-linux-gnu/bits/stdio2.h:30:10: note: ‘__builtin___sprintf_chk’ output 5 or more bytes (assuming 4100) into a destination of size 4096
   30 |   return __builtin___sprintf_chk (__s, __USE_FORTIFY_LEVEL - 1,
      |          ^~~~~~~~~~~~~~~~~~~~~~~~~~~~~~~~~~~~~~~~~~~~~~~~~~~~~~
   31 |                                   __glibc_objsize (__s), __fmt,
      |                                   ~~~~~~~~~~~~~~~~~~~~~~~~~~~~~
   32 |                                   __va_arg_pack ());
      |                                   ~~~~~~~~~~~~~~~~~
mdtest.c: In function ‘mdtest_run’:
mdtest.c:1920:35: warning: ‘%s’ directive writing up to 1023 bytes into a region of size 1011 [-Wformat-overflow=]
 1920 |     sprintf(apiStr, "API for I/O [%s]", APIs);
      |                                   ^~    ~~~~
In function ‘sprintf’,
    inlined from ‘mdtest_run’ at mdtest.c:1920:5:
/usr/include/x86_64-linux-gnu/bits/stdio2.h:30:10: note: ‘__builtin___sprintf_chk’ output between 15 and 1038 bytes into a destination of size 1024
   30 |   return __builtin___sprintf_chk (__s, __USE_FORTIFY_LEVEL - 1,
      |          ^~~~~~~~~~~~~~~~~~~~~~~~~~~~~~~~~~~~~~~~~~~~~~~~~~~~~~
   31 |                                   __glibc_objsize (__s), __fmt,
      |                                   ~~~~~~~~~~~~~~~~~~~~~~~~~~~~~
   32 |                                   __va_arg_pack ());
      |                                   ~~~~~~~~~~~~~~~~~
mdtest.c: In function ‘mdtest_run’:
mdtest.c:1727:29: warning: ‘.0’ directive writing 2 bytes into a region of size between 1 and 4096 [-Wformat-overflow=]
 1727 |   sprintf(unique_mk_dir, "%s.0", base_tree_name);
      |                             ^~
In function ‘sprintf’,
    inlined from ‘mdtest_iteration’ at mdtest.c:1727:3,
    inlined from ‘mdtest_run’ at mdtest.c:2247:13:
/usr/include/x86_64-linux-gnu/bits/stdio2.h:30:10: note: ‘__builtin___sprintf_chk’ output between 3 and 4098 bytes into a destination of size 4096
   30 |   return __builtin___sprintf_chk (__s, __USE_FORTIFY_LEVEL - 1,
      |          ^~~~~~~~~~~~~~~~~~~~~~~~~~~~~~~~~~~~~~~~~~~~~~~~~~~~~~
   31 |                                   __glibc_objsize (__s), __fmt,
      |                                   ~~~~~~~~~~~~~~~~~~~~~~~~~~~~~
   32 |                                   __va_arg_pack ());
      |                                   ~~~~~~~~~~~~~~~~~
mdtest.c: In function ‘mdtest_run’:
mdtest.c:1728:32: warning: ‘.0’ directive writing 2 bytes into a region of size between 1 and 4096 [-Wformat-overflow=]
 1728 |   sprintf(unique_chdir_dir, "%s.0", base_tree_name);
      |                                ^~
In function ‘sprintf’,
    inlined from ‘mdtest_iteration’ at mdtest.c:1728:3,
    inlined from ‘mdtest_run’ at mdtest.c:2247:13:
/usr/include/x86_64-linux-gnu/bits/stdio2.h:30:10: note: ‘__builtin___sprintf_chk’ output between 3 and 4098 bytes into a destination of size 4096
   30 |   return __builtin___sprintf_chk (__s, __USE_FORTIFY_LEVEL - 1,
      |          ^~~~~~~~~~~~~~~~~~~~~~~~~~~~~~~~~~~~~~~~~~~~~~~~~~~~~~
   31 |                                   __glibc_objsize (__s), __fmt,
      |                                   ~~~~~~~~~~~~~~~~~~~~~~~~~~~~~
   32 |                                   __va_arg_pack ());
      |                                   ~~~~~~~~~~~~~~~~~
mdtest.c: In function ‘mdtest_run’:
mdtest.c:1729:31: warning: ‘.0’ directive writing 2 bytes into a region of size between 1 and 4096 [-Wformat-overflow=]
 1729 |   sprintf(unique_stat_dir, "%s.0", base_tree_name);
      |                               ^~
In function ‘sprintf’,
    inlined from ‘mdtest_iteration’ at mdtest.c:1729:3,
    inlined from ‘mdtest_run’ at mdtest.c:2247:13:
/usr/include/x86_64-linux-gnu/bits/stdio2.h:30:10: note: ‘__builtin___sprintf_chk’ output between 3 and 4098 bytes into a destination of size 4096
   30 |   return __builtin___sprintf_chk (__s, __USE_FORTIFY_LEVEL - 1,
      |          ^~~~~~~~~~~~~~~~~~~~~~~~~~~~~~~~~~~~~~~~~~~~~~~~~~~~~~
   31 |                                   __glibc_objsize (__s), __fmt,
      |                                   ~~~~~~~~~~~~~~~~~~~~~~~~~~~~~
   32 |                                   __va_arg_pack ());
      |                                   ~~~~~~~~~~~~~~~~~
mdtest.c: In function ‘mdtest_run’:
mdtest.c:1730:31: warning: ‘.0’ directive writing 2 bytes into a region of size between 1 and 4096 [-Wformat-overflow=]
 1730 |   sprintf(unique_read_dir, "%s.0", base_tree_name);
      |                               ^~
In function ‘sprintf’,
    inlined from ‘mdtest_iteration’ at mdtest.c:1730:3,
    inlined from ‘mdtest_run’ at mdtest.c:2247:13:
/usr/include/x86_64-linux-gnu/bits/stdio2.h:30:10: note: ‘__builtin___sprintf_chk’ output between 3 and 4098 bytes into a destination of size 4096
   30 |   return __builtin___sprintf_chk (__s, __USE_FORTIFY_LEVEL - 1,
      |          ^~~~~~~~~~~~~~~~~~~~~~~~~~~~~~~~~~~~~~~~~~~~~~~~~~~~~~
   31 |                                   __glibc_objsize (__s), __fmt,
      |                                   ~~~~~~~~~~~~~~~~~~~~~~~~~~~~~
   32 |                                   __va_arg_pack ());
      |                                   ~~~~~~~~~~~~~~~~~
mdtest.c: In function ‘mdtest_run’:
mdtest.c:1731:29: warning: ‘.0’ directive writing 2 bytes into a region of size between 1 and 4096 [-Wformat-overflow=]
 1731 |   sprintf(unique_rm_dir, "%s.0", base_tree_name);
      |                             ^~
In function ‘sprintf’,
    inlined from ‘mdtest_iteration’ at mdtest.c:1731:3,
    inlined from ‘mdtest_run’ at mdtest.c:2247:13:
/usr/include/x86_64-linux-gnu/bits/stdio2.h:30:10: note: ‘__builtin___sprintf_chk’ output between 3 and 4098 bytes into a destination of size 4096
   30 |   return __builtin___sprintf_chk (__s, __USE_FORTIFY_LEVEL - 1,
      |          ^~~~~~~~~~~~~~~~~~~~~~~~~~~~~~~~~~~~~~~~~~~~~~~~~~~~~~
   31 |                                   __glibc_objsize (__s), __fmt,
      |                                   ~~~~~~~~~~~~~~~~~~~~~~~~~~~~~
   32 |                                   __va_arg_pack ());
      |                                   ~~~~~~~~~~~~~~~~~
  AR       libaiori.a
ar: `u' modifier ignored since `D' is the default (see `U')
  CCLD     ior
  CCLD     mdtest
/usr/bin/gcc-13 -fno-omit-frame-pointer -g -O2 -o ior ior-ior-main.o ior-aiori.o ior-aiori-DUMMY.o ior-aiori-MPIIO.o ior-aiori-MMAP.o ior-aiori-POSIX.o libaiori.a -lm -I/usr/lib/x86_64-linux-gnu/openmpi/include -I/usr/lib/x86_64-linux-gnu/openmpi/include/openmpi -L/usr/lib/x86_64-linux-gnu/openmpi/lib -lmpi
/usr/bin/gcc-13 -fno-omit-frame-pointer -g -O2 -o mdtest mdtest-mdtest-main.o mdtest-aiori.o mdtest-aiori-DUMMY.o mdtest-aiori-MPIIO.o mdtest-aiori-MMAP.o mdtest-aiori-POSIX.o libaiori.a -lm -I/usr/lib/x86_64-linux-gnu/openmpi/include -I/usr/lib/x86_64-linux-gnu/openmpi/include/openmpi -L/usr/lib/x86_64-linux-gnu/openmpi/lib -lmpi
Making all in test
make[3]: Nothing to be done for 'all'.
Making all in doc
make[1]: Nothing to be done for 'all'.
Making all in contrib
  CC       cbif.o
/usr/bin/gcc-13 -fno-omit-frame-pointer -DHAVE_CONFIG_H -I. -I../src -g -O2 -MT cbif.o -MD -MP -MF .deps/cbif.Tpo -c -o cbif.o cbif.c -I/usr/lib/x86_64-linux-gnu/openmpi/include -I/usr/lib/x86_64-linux-gnu/openmpi/include/openmpi
  CCLD     cbif
/usr/bin/gcc-13 -fno-omit-frame-pointer -g -O2 -o cbif cbif.o -lm -I/usr/lib/x86_64-linux-gnu/openmpi/include -I/usr/lib/x86_64-linux-gnu/openmpi/include/openmpi -L/usr/lib/x86_64-linux-gnu/openmpi/lib -lmpi
make[1]: Nothing to be done for 'all-am'.
