Compiler Version is /usr/bin/gcc-13 -fno-omit-frame-pointer -dumpversion
13
/home/ubuntu/.phoronix-test-suite/test-profiles/pts/npb-1.4.5/install.sh: line 64: [: /usr/bin/gcc-13 -fno-omit-frame-pointer -dumpversion
13: integer expression expected
   =========================================
   =      NAS Parallel Benchmarks 3.4      =
   =      MPI/Fortran/C                    =
   =========================================

cd BT; make CLASS=A SUBTYPE= VERSION=
make[1]: Entering directory '/home/ubuntu/.phoronix-test-suite/installed-tests/pts/npb-1.4.5/NPB3.4.1/NPB3.4-MPI/BT'
make[2]: Entering directory '/home/ubuntu/.phoronix-test-suite/installed-tests/pts/npb-1.4.5/NPB3.4.1/NPB3.4-MPI/sys'
cc -g  -o setparams setparams.c
/usr/bin/gcc-13 -fno-omit-frame-pointer -g -o setparams setparams.c
make[2]: Leaving directory '/home/ubuntu/.phoronix-test-suite/installed-tests/pts/npb-1.4.5/NPB3.4.1/NPB3.4-MPI/sys'
../sys/setparams bt A 
mpif90 -c -I/usr/include/ -O3 -march=native mpinpb.f90
mpif90 -c -I/usr/include/ -O3 -march=native bt_data.f90
mpif90 -c -I/usr/include/ -O3 -march=native bt.f90
bt.f90:151:22:

  148 |        call mpi_bcast(niter, 1, MPI_INTEGER,  &
      |                      2
......
  151 |        call mpi_bcast(dt, 1, dp_type,  &
      |                      1
Error: Type mismatch between actual argument at (1) and actual argument at (2) (REAL(8)/INTEGER(4)).
bt.f90:163:22:

  148 |        call mpi_bcast(niter, 1, MPI_INTEGER,  &
      |                      2
......
  163 |        call mpi_bcast(timeron, 1, MPI_LOGICAL,  &
      |                      1
Error: Type mismatch between actual argument at (1) and actual argument at (2) (LOGICAL(4)/INTEGER(4)).
bt.f90:306:23:

  250 |        call mpi_reduce(t, tmax, 1,  &
      |                       2
......
  306 |        call MPI_Reduce(t1, tsum,  t_last+2, dp_type, MPI_SUM,  &
      |                       1
Error: Rank mismatch between actual argument at (1) and actual argument at (2) (scalar and rank-1)
bt.f90:306:27:

  250 |        call mpi_reduce(t, tmax, 1,  &
      |                          2 
......
  306 |        call MPI_Reduce(t1, tsum,  t_last+2, dp_type, MPI_SUM,  &
      |                           1
Error: Rank mismatch between actual argument at (1) and actual argument at (2) (scalar and rank-1)
bt.f90:308:23:

  250 |        call mpi_reduce(t, tmax, 1,  &
      |                       2
......
  308 |        call MPI_Reduce(t1, tming, t_last+2, dp_type, MPI_MIN,  &
      |                       1
Error: Rank mismatch between actual argument at (1) and actual argument at (2) (scalar and rank-1)
bt.f90:308:27:

  250 |        call mpi_reduce(t, tmax, 1,  &
      |                          2 
......
  308 |        call MPI_Reduce(t1, tming, t_last+2, dp_type, MPI_MIN,  &
      |                           1
Error: Rank mismatch between actual argument at (1) and actual argument at (2) (scalar and rank-1)
bt.f90:310:23:

  250 |        call mpi_reduce(t, tmax, 1,  &
      |                       2
......
  310 |        call MPI_Reduce(t1, tmaxg, t_last+2, dp_type, MPI_MAX,  &
      |                       1
Error: Rank mismatch between actual argument at (1) and actual argument at (2) (scalar and rank-1)
bt.f90:310:27:

  250 |        call mpi_reduce(t, tmax, 1,  &
      |                          2 
......
  310 |        call MPI_Reduce(t1, tmaxg, t_last+2, dp_type, MPI_MAX,  &
      |                           1
Error: Rank mismatch between actual argument at (1) and actual argument at (2) (scalar and rank-1)
make[1]: *** [Makefile:48: bt.o] Error 1
make[1]: Leaving directory '/home/ubuntu/.phoronix-test-suite/installed-tests/pts/npb-1.4.5/NPB3.4.1/NPB3.4-MPI/BT'
make: *** [Makefile:12: bt] Error 2
   =========================================
   =      NAS Parallel Benchmarks 3.4      =
   =      MPI/Fortran/C                    =
   =========================================

cd BT; make CLASS=C SUBTYPE= VERSION=
make[1]: Entering directory '/home/ubuntu/.phoronix-test-suite/installed-tests/pts/npb-1.4.5/NPB3.4.1/NPB3.4-MPI/BT'
make[2]: Entering directory '/home/ubuntu/.phoronix-test-suite/installed-tests/pts/npb-1.4.5/NPB3.4.1/NPB3.4-MPI/sys'
make[2]: Nothing to be done for 'all'.
make[2]: Leaving directory '/home/ubuntu/.phoronix-test-suite/installed-tests/pts/npb-1.4.5/NPB3.4.1/NPB3.4-MPI/sys'
../sys/setparams bt C 
mpif90 -c -I/usr/include/ -O3 -march=native bt_data.f90
mpif90 -c -I/usr/include/ -O3 -march=native bt.f90
bt.f90:151:22:

  148 |        call mpi_bcast(niter, 1, MPI_INTEGER,  &
      |                      2
......
  151 |        call mpi_bcast(dt, 1, dp_type,  &
      |                      1
Error: Type mismatch between actual argument at (1) and actual argument at (2) (REAL(8)/INTEGER(4)).
bt.f90:163:22:

  148 |        call mpi_bcast(niter, 1, MPI_INTEGER,  &
      |                      2
......
  163 |        call mpi_bcast(timeron, 1, MPI_LOGICAL,  &
      |                      1
Error: Type mismatch between actual argument at (1) and actual argument at (2) (LOGICAL(4)/INTEGER(4)).
bt.f90:306:23:

  250 |        call mpi_reduce(t, tmax, 1,  &
      |                       2
......
  306 |        call MPI_Reduce(t1, tsum,  t_last+2, dp_type, MPI_SUM,  &
      |                       1
Error: Rank mismatch between actual argument at (1) and actual argument at (2) (scalar and rank-1)
bt.f90:306:27:

  250 |        call mpi_reduce(t, tmax, 1,  &
      |                          2 
......
  306 |        call MPI_Reduce(t1, tsum,  t_last+2, dp_type, MPI_SUM,  &
      |                           1
Error: Rank mismatch between actual argument at (1) and actual argument at (2) (scalar and rank-1)
bt.f90:308:23:

  250 |        call mpi_reduce(t, tmax, 1,  &
      |                       2
......
  308 |        call MPI_Reduce(t1, tming, t_last+2, dp_type, MPI_MIN,  &
      |                       1
Error: Rank mismatch between actual argument at (1) and actual argument at (2) (scalar and rank-1)
bt.f90:308:27:

  250 |        call mpi_reduce(t, tmax, 1,  &
      |                          2 
......
  308 |        call MPI_Reduce(t1, tming, t_last+2, dp_type, MPI_MIN,  &
      |                           1
Error: Rank mismatch between actual argument at (1) and actual argument at (2) (scalar and rank-1)
bt.f90:310:23:

  250 |        call mpi_reduce(t, tmax, 1,  &
      |                       2
......
  310 |        call MPI_Reduce(t1, tmaxg, t_last+2, dp_type, MPI_MAX,  &
      |                       1
Error: Rank mismatch between actual argument at (1) and actual argument at (2) (scalar and rank-1)
bt.f90:310:27:

  250 |        call mpi_reduce(t, tmax, 1,  &
      |                          2 
......
  310 |        call MPI_Reduce(t1, tmaxg, t_last+2, dp_type, MPI_MAX,  &
      |                           1
Error: Rank mismatch between actual argument at (1) and actual argument at (2) (scalar and rank-1)
make[1]: *** [Makefile:48: bt.o] Error 1
make[1]: Leaving directory '/home/ubuntu/.phoronix-test-suite/installed-tests/pts/npb-1.4.5/NPB3.4.1/NPB3.4-MPI/BT'
make: *** [Makefile:12: bt] Error 2
   =========================================
   =      NAS Parallel Benchmarks 3.4      =
   =      MPI/Fortran/C                    =
   =========================================

cd EP; make CLASS=C
make[1]: Entering directory '/home/ubuntu/.phoronix-test-suite/installed-tests/pts/npb-1.4.5/NPB3.4.1/NPB3.4-MPI/EP'
make[2]: Entering directory '/home/ubuntu/.phoronix-test-suite/installed-tests/pts/npb-1.4.5/NPB3.4.1/NPB3.4-MPI/sys'
make[2]: Nothing to be done for 'all'.
make[2]: Leaving directory '/home/ubuntu/.phoronix-test-suite/installed-tests/pts/npb-1.4.5/NPB3.4.1/NPB3.4-MPI/sys'
../sys/setparams ep C 
mpif90 -c -I/usr/include/ -O3 -march=native ep_data.f90
mpif90 -c -I/usr/include/ -O3 -march=native mpinpb.f90
mpif90 -c -I/usr/include/ -O3 -march=native ep.f90
ep.f90:254:25:

  248 |       call mpi_allreduce(sx, x, 1, dp_type,  &
      |                         2
......
  254 |       call mpi_allreduce(q, x, nq, dp_type,  &
      |                         1
Error: Rank mismatch between actual argument at (1) and actual argument at (2) (scalar and rank-1)
make[1]: *** [Makefile:16: ep.o] Error 1
make[1]: Leaving directory '/home/ubuntu/.phoronix-test-suite/installed-tests/pts/npb-1.4.5/NPB3.4.1/NPB3.4-MPI/EP'
make: *** [Makefile:40: ep] Error 2
   =========================================
   =      NAS Parallel Benchmarks 3.4      =
   =      MPI/Fortran/C                    =
   =========================================

cd EP; make CLASS=D
make[1]: Entering directory '/home/ubuntu/.phoronix-test-suite/installed-tests/pts/npb-1.4.5/NPB3.4.1/NPB3.4-MPI/EP'
make[2]: Entering directory '/home/ubuntu/.phoronix-test-suite/installed-tests/pts/npb-1.4.5/NPB3.4.1/NPB3.4-MPI/sys'
make[2]: Nothing to be done for 'all'.
make[2]: Leaving directory '/home/ubuntu/.phoronix-test-suite/installed-tests/pts/npb-1.4.5/NPB3.4.1/NPB3.4-MPI/sys'
../sys/setparams ep D 
mpif90 -c -I/usr/include/ -O3 -march=native ep_data.f90
mpif90 -c -I/usr/include/ -O3 -march=native ep.f90
ep.f90:254:25:

  248 |       call mpi_allreduce(sx, x, 1, dp_type,  &
      |                         2
......
  254 |       call mpi_allreduce(q, x, nq, dp_type,  &
      |                         1
Error: Rank mismatch between actual argument at (1) and actual argument at (2) (scalar and rank-1)
make[1]: *** [Makefile:16: ep.o] Error 1
make[1]: Leaving directory '/home/ubuntu/.phoronix-test-suite/installed-tests/pts/npb-1.4.5/NPB3.4.1/NPB3.4-MPI/EP'
make: *** [Makefile:40: ep] Error 2
   =========================================
   =      NAS Parallel Benchmarks 3.4      =
   =      MPI/Fortran/C                    =
   =========================================

cd FT; make CLASS=A
make[1]: Entering directory '/home/ubuntu/.phoronix-test-suite/installed-tests/pts/npb-1.4.5/NPB3.4.1/NPB3.4-MPI/FT'
make[2]: Entering directory '/home/ubuntu/.phoronix-test-suite/installed-tests/pts/npb-1.4.5/NPB3.4.1/NPB3.4-MPI/sys'
make[2]: Nothing to be done for 'all'.
make[2]: Leaving directory '/home/ubuntu/.phoronix-test-suite/installed-tests/pts/npb-1.4.5/NPB3.4.1/NPB3.4-MPI/sys'
../sys/setparams ft A 
mpif90 -c -I/usr/include/ -O3 -march=native mpinpb.f90
mpif90 -c -I/usr/include/ -O3 -march=native ft_data.f90
mpif90 -c -I/usr/include/ -O3 -march=native ft.f90
ft.f90:1767:22:

  776 |       call MPI_Reduce(t1, tsum,  t_max+2, MPI_DOUBLE_PRECISION,  &
      |                      2
......
 1767 |       call MPI_Reduce(chk, allchk, 1, dc_type, MPI_SUM,  &
      |                      1
Error: Type mismatch between actual argument at (1) and actual argument at (2) (COMPLEX(8)/REAL(8)).
ft.f90:1767:27:

  776 |       call MPI_Reduce(t1, tsum,  t_max+2, MPI_DOUBLE_PRECISION,  &
      |                          2 
......
 1767 |       call MPI_Reduce(chk, allchk, 1, dc_type, MPI_SUM,  &
      |                           1
Error: Type mismatch between actual argument at (1) and actual argument at (2) (COMPLEX(8)/REAL(8)).
ft.f90:485:21:

  480 |       call MPI_BCAST(np1, 1, MPI_INTEGER, 0, comm_solve, ierr)
      |                     2
......
  485 |       call MPI_BCAST(timers_enabled, 1, MPI_LOGICAL, 0, comm_solve,  &
      |                     1
Error: Type mismatch between actual argument at (1) and actual argument at (2) (LOGICAL(4)/INTEGER(4)).
make[1]: *** [Makefile:17: ft.o] Error 1
make[1]: Leaving directory '/home/ubuntu/.phoronix-test-suite/installed-tests/pts/npb-1.4.5/NPB3.4.1/NPB3.4-MPI/FT'
make: *** [Makefile:28: ft] Error 2
   =========================================
   =      NAS Parallel Benchmarks 3.4      =
   =      MPI/Fortran/C                    =
   =========================================

cd FT; make CLASS=B
make[1]: Entering directory '/home/ubuntu/.phoronix-test-suite/installed-tests/pts/npb-1.4.5/NPB3.4.1/NPB3.4-MPI/FT'
make[2]: Entering directory '/home/ubuntu/.phoronix-test-suite/installed-tests/pts/npb-1.4.5/NPB3.4.1/NPB3.4-MPI/sys'
make[2]: Nothing to be done for 'all'.
make[2]: Leaving directory '/home/ubuntu/.phoronix-test-suite/installed-tests/pts/npb-1.4.5/NPB3.4.1/NPB3.4-MPI/sys'
../sys/setparams ft B 
mpif90 -c -I/usr/include/ -O3 -march=native ft_data.f90
mpif90 -c -I/usr/include/ -O3 -march=native ft.f90
ft.f90:1767:22:

  776 |       call MPI_Reduce(t1, tsum,  t_max+2, MPI_DOUBLE_PRECISION,  &
      |                      2
......
 1767 |       call MPI_Reduce(chk, allchk, 1, dc_type, MPI_SUM,  &
      |                      1
Error: Type mismatch between actual argument at (1) and actual argument at (2) (COMPLEX(8)/REAL(8)).
ft.f90:1767:27:

  776 |       call MPI_Reduce(t1, tsum,  t_max+2, MPI_DOUBLE_PRECISION,  &
      |                          2 
......
 1767 |       call MPI_Reduce(chk, allchk, 1, dc_type, MPI_SUM,  &
      |                           1
Error: Type mismatch between actual argument at (1) and actual argument at (2) (COMPLEX(8)/REAL(8)).
ft.f90:485:21:

  480 |       call MPI_BCAST(np1, 1, MPI_INTEGER, 0, comm_solve, ierr)
      |                     2
......
  485 |       call MPI_BCAST(timers_enabled, 1, MPI_LOGICAL, 0, comm_solve,  &
      |                     1
Error: Type mismatch between actual argument at (1) and actual argument at (2) (LOGICAL(4)/INTEGER(4)).
make[1]: *** [Makefile:17: ft.o] Error 1
make[1]: Leaving directory '/home/ubuntu/.phoronix-test-suite/installed-tests/pts/npb-1.4.5/NPB3.4.1/NPB3.4-MPI/FT'
make: *** [Makefile:28: ft] Error 2
   =========================================
   =      NAS Parallel Benchmarks 3.4      =
   =      MPI/Fortran/C                    =
   =========================================

cd FT; make CLASS=C
make[1]: Entering directory '/home/ubuntu/.phoronix-test-suite/installed-tests/pts/npb-1.4.5/NPB3.4.1/NPB3.4-MPI/FT'
make[2]: Entering directory '/home/ubuntu/.phoronix-test-suite/installed-tests/pts/npb-1.4.5/NPB3.4.1/NPB3.4-MPI/sys'
make[2]: Nothing to be done for 'all'.
make[2]: Leaving directory '/home/ubuntu/.phoronix-test-suite/installed-tests/pts/npb-1.4.5/NPB3.4.1/NPB3.4-MPI/sys'
../sys/setparams ft C 
mpif90 -c -I/usr/include/ -O3 -march=native ft_data.f90
mpif90 -c -I/usr/include/ -O3 -march=native ft.f90
ft.f90:1767:22:

  776 |       call MPI_Reduce(t1, tsum,  t_max+2, MPI_DOUBLE_PRECISION,  &
      |                      2
......
 1767 |       call MPI_Reduce(chk, allchk, 1, dc_type, MPI_SUM,  &
      |                      1
Error: Type mismatch between actual argument at (1) and actual argument at (2) (COMPLEX(8)/REAL(8)).
ft.f90:1767:27:

  776 |       call MPI_Reduce(t1, tsum,  t_max+2, MPI_DOUBLE_PRECISION,  &
      |                          2 
......
 1767 |       call MPI_Reduce(chk, allchk, 1, dc_type, MPI_SUM,  &
      |                           1
Error: Type mismatch between actual argument at (1) and actual argument at (2) (COMPLEX(8)/REAL(8)).
ft.f90:485:21:

  480 |       call MPI_BCAST(np1, 1, MPI_INTEGER, 0, comm_solve, ierr)
      |                     2
......
  485 |       call MPI_BCAST(timers_enabled, 1, MPI_LOGICAL, 0, comm_solve,  &
      |                     1
Error: Type mismatch between actual argument at (1) and actual argument at (2) (LOGICAL(4)/INTEGER(4)).
make[1]: *** [Makefile:17: ft.o] Error 1
make[1]: Leaving directory '/home/ubuntu/.phoronix-test-suite/installed-tests/pts/npb-1.4.5/NPB3.4.1/NPB3.4-MPI/FT'
make: *** [Makefile:28: ft] Error 2
   =========================================
   =      NAS Parallel Benchmarks 3.4      =
   =      MPI/Fortran/C                    =
   =========================================

cd LU; make CLASS=A VERSION=
make[1]: Entering directory '/home/ubuntu/.phoronix-test-suite/installed-tests/pts/npb-1.4.5/NPB3.4.1/NPB3.4-MPI/LU'
make[2]: Entering directory '/home/ubuntu/.phoronix-test-suite/installed-tests/pts/npb-1.4.5/NPB3.4.1/NPB3.4-MPI/sys'
make[2]: Nothing to be done for 'all'.
make[2]: Leaving directory '/home/ubuntu/.phoronix-test-suite/installed-tests/pts/npb-1.4.5/NPB3.4.1/NPB3.4-MPI/sys'
../sys/setparams lu A 
mpif90 -c -I/usr/include/ -O3 -march=native mpinpb.f90
mpif90 -c -I/usr/include/ -O3 -march=native lu_data.f90
mpif90 -c -I/usr/include/ -O3 -march=native lu.f90
mpif90 -c -I/usr/include/ -O3 -march=native init_comm.f90
mpif90 -c -I/usr/include/ -O3 -march=native read_input.f90
mpif90 -c -I/usr/include/ -O3 -march=native bcast_inputs.f90
bcast_inputs.f90:32:21:

   29 |       call MPI_BCAST(ipr, 1, MPI_INTEGER, root, comm_solve, ierr)
      |                     2
......
   32 |       call MPI_BCAST(dt, 1, dp_type, root, comm_solve, ierr)
      |                     1
Error: Type mismatch between actual argument at (1) and actual argument at (2) (REAL(8)/INTEGER(4)).
bcast_inputs.f90:33:21:

   29 |       call MPI_BCAST(ipr, 1, MPI_INTEGER, root, comm_solve, ierr)
      |                     2
......
   33 |       call MPI_BCAST(omega, 1, dp_type, root, comm_solve, ierr)
      |                     1
Error: Type mismatch between actual argument at (1) and actual argument at (2) (REAL(8)/INTEGER(4)).
bcast_inputs.f90:34:21:

   29 |       call MPI_BCAST(ipr, 1, MPI_INTEGER, root, comm_solve, ierr)
      |                     2
......
   34 |       call MPI_BCAST(tolrsd, 5, dp_type, root, comm_solve, ierr)
      |                     1
Error: Type mismatch between actual argument at (1) and actual argument at (2) (REAL(8)/INTEGER(4)).
bcast_inputs.f90:38:21:

   29 |       call MPI_BCAST(ipr, 1, MPI_INTEGER, root, comm_solve, ierr)
      |                     2
......
   38 |       call MPI_BCAST(timeron, 1, MPI_LOGICAL, root, comm_solve,  &
      |                     1
Error: Type mismatch between actual argument at (1) and actual argument at (2) (LOGICAL(4)/INTEGER(4)).
make[1]: *** [Makefile:24: bcast_inputs.o] Error 1
make[1]: Leaving directory '/home/ubuntu/.phoronix-test-suite/installed-tests/pts/npb-1.4.5/NPB3.4.1/NPB3.4-MPI/LU'
make: *** [Makefile:20: lu] Error 2
   =========================================
   =      NAS Parallel Benchmarks 3.4      =
   =      MPI/Fortran/C                    =
   =========================================

cd LU; make CLASS=C VERSION=
make[1]: Entering directory '/home/ubuntu/.phoronix-test-suite/installed-tests/pts/npb-1.4.5/NPB3.4.1/NPB3.4-MPI/LU'
make[2]: Entering directory '/home/ubuntu/.phoronix-test-suite/installed-tests/pts/npb-1.4.5/NPB3.4.1/NPB3.4-MPI/sys'
make[2]: Nothing to be done for 'all'.
make[2]: Leaving directory '/home/ubuntu/.phoronix-test-suite/installed-tests/pts/npb-1.4.5/NPB3.4.1/NPB3.4-MPI/sys'
../sys/setparams lu C 
mpif90 -c -I/usr/include/ -O3 -march=native lu_data.f90
mpif90 -c -I/usr/include/ -O3 -march=native lu.f90
mpif90 -c -I/usr/include/ -O3 -march=native init_comm.f90
mpif90 -c -I/usr/include/ -O3 -march=native read_input.f90
mpif90 -c -I/usr/include/ -O3 -march=native bcast_inputs.f90
bcast_inputs.f90:32:21:

   29 |       call MPI_BCAST(ipr, 1, MPI_INTEGER, root, comm_solve, ierr)
      |                     2
......
   32 |       call MPI_BCAST(dt, 1, dp_type, root, comm_solve, ierr)
      |                     1
Error: Type mismatch between actual argument at (1) and actual argument at (2) (REAL(8)/INTEGER(4)).
bcast_inputs.f90:33:21:

   29 |       call MPI_BCAST(ipr, 1, MPI_INTEGER, root, comm_solve, ierr)
      |                     2
......
   33 |       call MPI_BCAST(omega, 1, dp_type, root, comm_solve, ierr)
      |                     1
Error: Type mismatch between actual argument at (1) and actual argument at (2) (REAL(8)/INTEGER(4)).
bcast_inputs.f90:34:21:

   29 |       call MPI_BCAST(ipr, 1, MPI_INTEGER, root, comm_solve, ierr)
      |                     2
......
   34 |       call MPI_BCAST(tolrsd, 5, dp_type, root, comm_solve, ierr)
      |                     1
Error: Type mismatch between actual argument at (1) and actual argument at (2) (REAL(8)/INTEGER(4)).
bcast_inputs.f90:38:21:

   29 |       call MPI_BCAST(ipr, 1, MPI_INTEGER, root, comm_solve, ierr)
      |                     2
......
   38 |       call MPI_BCAST(timeron, 1, MPI_LOGICAL, root, comm_solve,  &
      |                     1
Error: Type mismatch between actual argument at (1) and actual argument at (2) (LOGICAL(4)/INTEGER(4)).
make[1]: *** [Makefile:24: bcast_inputs.o] Error 1
make[1]: Leaving directory '/home/ubuntu/.phoronix-test-suite/installed-tests/pts/npb-1.4.5/NPB3.4.1/NPB3.4-MPI/LU'
make: *** [Makefile:20: lu] Error 2
   =========================================
   =      NAS Parallel Benchmarks 3.4      =
   =      MPI/Fortran/C                    =
   =========================================

cd SP; make CLASS=A
make[1]: Entering directory '/home/ubuntu/.phoronix-test-suite/installed-tests/pts/npb-1.4.5/NPB3.4.1/NPB3.4-MPI/SP'
make[2]: Entering directory '/home/ubuntu/.phoronix-test-suite/installed-tests/pts/npb-1.4.5/NPB3.4.1/NPB3.4-MPI/sys'
make[2]: Nothing to be done for 'all'.
make[2]: Leaving directory '/home/ubuntu/.phoronix-test-suite/installed-tests/pts/npb-1.4.5/NPB3.4.1/NPB3.4-MPI/sys'
../sys/setparams sp A 
mpif90 -c -I/usr/include/ -O3 -march=native mpinpb.f90
mpif90 -c -I/usr/include/ -O3 -march=native sp_data.f90
mpif90 -c -I/usr/include/ -O3 -march=native sp.f90
sp.f90:118:22:

  115 |        call mpi_bcast(niter, 1, MPI_INTEGER,  &
      |                      2
......
  118 |        call mpi_bcast(dt, 1, dp_type,  &
      |                      1
Error: Type mismatch between actual argument at (1) and actual argument at (2) (REAL(8)/INTEGER(4)).
sp.f90:124:22:

  115 |        call mpi_bcast(niter, 1, MPI_INTEGER,  &
      |                      2
......
  124 |        call mpi_bcast(timeron, 1, MPI_LOGICAL,  &
      |                      1
Error: Type mismatch between actual argument at (1) and actual argument at (2) (LOGICAL(4)/INTEGER(4)).
sp.f90:226:23:

  192 |        call mpi_reduce(t, tmax, 1,  &
      |                       2
......
  226 |        call MPI_Reduce(t1, tsum,  t_last+2, dp_type, MPI_SUM,  &
      |                       1
Error: Rank mismatch between actual argument at (1) and actual argument at (2) (scalar and rank-1)
sp.f90:226:27:

  192 |        call mpi_reduce(t, tmax, 1,  &
      |                          2 
......
  226 |        call MPI_Reduce(t1, tsum,  t_last+2, dp_type, MPI_SUM,  &
      |                           1
Error: Rank mismatch between actual argument at (1) and actual argument at (2) (scalar and rank-1)
sp.f90:228:23:

  192 |        call mpi_reduce(t, tmax, 1,  &
      |                       2
......
  228 |        call MPI_Reduce(t1, tming, t_last+2, dp_type, MPI_MIN,  &
      |                       1
Error: Rank mismatch between actual argument at (1) and actual argument at (2) (scalar and rank-1)
sp.f90:228:27:

  192 |        call mpi_reduce(t, tmax, 1,  &
      |                          2 
......
  228 |        call MPI_Reduce(t1, tming, t_last+2, dp_type, MPI_MIN,  &
      |                           1
Error: Rank mismatch between actual argument at (1) and actual argument at (2) (scalar and rank-1)
sp.f90:230:23:

  192 |        call mpi_reduce(t, tmax, 1,  &
      |                       2
......
  230 |        call MPI_Reduce(t1, tmaxg, t_last+2, dp_type, MPI_MAX,  &
      |                       1
Error: Rank mismatch between actual argument at (1) and actual argument at (2) (scalar and rank-1)
sp.f90:230:27:

  192 |        call mpi_reduce(t, tmax, 1,  &
      |                          2 
......
  230 |        call MPI_Reduce(t1, tmaxg, t_last+2, dp_type, MPI_MAX,  &
      |                           1
Error: Rank mismatch between actual argument at (1) and actual argument at (2) (scalar and rank-1)
make[1]: *** [Makefile:23: sp.o] Error 1
make[1]: Leaving directory '/home/ubuntu/.phoronix-test-suite/installed-tests/pts/npb-1.4.5/NPB3.4.1/NPB3.4-MPI/SP'
make: *** [Makefile:16: sp] Error 2
   =========================================
   =      NAS Parallel Benchmarks 3.4      =
   =      MPI/Fortran/C                    =
   =========================================

cd SP; make CLASS=B
make[1]: Entering directory '/home/ubuntu/.phoronix-test-suite/installed-tests/pts/npb-1.4.5/NPB3.4.1/NPB3.4-MPI/SP'
make[2]: Entering directory '/home/ubuntu/.phoronix-test-suite/installed-tests/pts/npb-1.4.5/NPB3.4.1/NPB3.4-MPI/sys'
make[2]: Nothing to be done for 'all'.
make[2]: Leaving directory '/home/ubuntu/.phoronix-test-suite/installed-tests/pts/npb-1.4.5/NPB3.4.1/NPB3.4-MPI/sys'
../sys/setparams sp B 
mpif90 -c -I/usr/include/ -O3 -march=native sp_data.f90
mpif90 -c -I/usr/include/ -O3 -march=native sp.f90
sp.f90:118:22:

  115 |        call mpi_bcast(niter, 1, MPI_INTEGER,  &
      |                      2
......
  118 |        call mpi_bcast(dt, 1, dp_type,  &
      |                      1
Error: Type mismatch between actual argument at (1) and actual argument at (2) (REAL(8)/INTEGER(4)).
sp.f90:124:22:

  115 |        call mpi_bcast(niter, 1, MPI_INTEGER,  &
      |                      2
......
  124 |        call mpi_bcast(timeron, 1, MPI_LOGICAL,  &
      |                      1
Error: Type mismatch between actual argument at (1) and actual argument at (2) (LOGICAL(4)/INTEGER(4)).
sp.f90:226:23:

  192 |        call mpi_reduce(t, tmax, 1,  &
      |                       2
......
  226 |        call MPI_Reduce(t1, tsum,  t_last+2, dp_type, MPI_SUM,  &
      |                       1
Error: Rank mismatch between actual argument at (1) and actual argument at (2) (scalar and rank-1)
sp.f90:226:27:

  192 |        call mpi_reduce(t, tmax, 1,  &
      |                          2 
......
  226 |        call MPI_Reduce(t1, tsum,  t_last+2, dp_type, MPI_SUM,  &
      |                           1
Error: Rank mismatch between actual argument at (1) and actual argument at (2) (scalar and rank-1)
sp.f90:228:23:

  192 |        call mpi_reduce(t, tmax, 1,  &
      |                       2
......
  228 |        call MPI_Reduce(t1, tming, t_last+2, dp_type, MPI_MIN,  &
      |                       1
Error: Rank mismatch between actual argument at (1) and actual argument at (2) (scalar and rank-1)
sp.f90:228:27:

  192 |        call mpi_reduce(t, tmax, 1,  &
      |                          2 
......
  228 |        call MPI_Reduce(t1, tming, t_last+2, dp_type, MPI_MIN,  &
      |                           1
Error: Rank mismatch between actual argument at (1) and actual argument at (2) (scalar and rank-1)
sp.f90:230:23:

  192 |        call mpi_reduce(t, tmax, 1,  &
      |                       2
......
  230 |        call MPI_Reduce(t1, tmaxg, t_last+2, dp_type, MPI_MAX,  &
      |                       1
Error: Rank mismatch between actual argument at (1) and actual argument at (2) (scalar and rank-1)
sp.f90:230:27:

  192 |        call mpi_reduce(t, tmax, 1,  &
      |                          2 
......
  230 |        call MPI_Reduce(t1, tmaxg, t_last+2, dp_type, MPI_MAX,  &
      |                           1
Error: Rank mismatch between actual argument at (1) and actual argument at (2) (scalar and rank-1)
make[1]: *** [Makefile:23: sp.o] Error 1
make[1]: Leaving directory '/home/ubuntu/.phoronix-test-suite/installed-tests/pts/npb-1.4.5/NPB3.4.1/NPB3.4-MPI/SP'
make: *** [Makefile:16: sp] Error 2
   =========================================
   =      NAS Parallel Benchmarks 3.4      =
   =      MPI/Fortran/C                    =
   =========================================

cd SP; make CLASS=C
make[1]: Entering directory '/home/ubuntu/.phoronix-test-suite/installed-tests/pts/npb-1.4.5/NPB3.4.1/NPB3.4-MPI/SP'
make[2]: Entering directory '/home/ubuntu/.phoronix-test-suite/installed-tests/pts/npb-1.4.5/NPB3.4.1/NPB3.4-MPI/sys'
make[2]: Nothing to be done for 'all'.
make[2]: Leaving directory '/home/ubuntu/.phoronix-test-suite/installed-tests/pts/npb-1.4.5/NPB3.4.1/NPB3.4-MPI/sys'
../sys/setparams sp C 
mpif90 -c -I/usr/include/ -O3 -march=native sp_data.f90
mpif90 -c -I/usr/include/ -O3 -march=native sp.f90
sp.f90:118:22:

  115 |        call mpi_bcast(niter, 1, MPI_INTEGER,  &
      |                      2
......
  118 |        call mpi_bcast(dt, 1, dp_type,  &
      |                      1
Error: Type mismatch between actual argument at (1) and actual argument at (2) (REAL(8)/INTEGER(4)).
sp.f90:124:22:

  115 |        call mpi_bcast(niter, 1, MPI_INTEGER,  &
      |                      2
......
  124 |        call mpi_bcast(timeron, 1, MPI_LOGICAL,  &
      |                      1
Error: Type mismatch between actual argument at (1) and actual argument at (2) (LOGICAL(4)/INTEGER(4)).
sp.f90:226:23:

  192 |        call mpi_reduce(t, tmax, 1,  &
      |                       2
......
  226 |        call MPI_Reduce(t1, tsum,  t_last+2, dp_type, MPI_SUM,  &
      |                       1
Error: Rank mismatch between actual argument at (1) and actual argument at (2) (scalar and rank-1)
sp.f90:226:27:

  192 |        call mpi_reduce(t, tmax, 1,  &
      |                          2 
......
  226 |        call MPI_Reduce(t1, tsum,  t_last+2, dp_type, MPI_SUM,  &
      |                           1
Error: Rank mismatch between actual argument at (1) and actual argument at (2) (scalar and rank-1)
sp.f90:228:23:

  192 |        call mpi_reduce(t, tmax, 1,  &
      |                       2
......
  228 |        call MPI_Reduce(t1, tming, t_last+2, dp_type, MPI_MIN,  &
      |                       1
Error: Rank mismatch between actual argument at (1) and actual argument at (2) (scalar and rank-1)
sp.f90:228:27:

  192 |        call mpi_reduce(t, tmax, 1,  &
      |                          2 
......
  228 |        call MPI_Reduce(t1, tming, t_last+2, dp_type, MPI_MIN,  &
      |                           1
Error: Rank mismatch between actual argument at (1) and actual argument at (2) (scalar and rank-1)
sp.f90:230:23:

  192 |        call mpi_reduce(t, tmax, 1,  &
      |                       2
......
  230 |        call MPI_Reduce(t1, tmaxg, t_last+2, dp_type, MPI_MAX,  &
      |                       1
Error: Rank mismatch between actual argument at (1) and actual argument at (2) (scalar and rank-1)
sp.f90:230:27:

  192 |        call mpi_reduce(t, tmax, 1,  &
      |                          2 
......
  230 |        call MPI_Reduce(t1, tmaxg, t_last+2, dp_type, MPI_MAX,  &
      |                           1
Error: Rank mismatch between actual argument at (1) and actual argument at (2) (scalar and rank-1)
make[1]: *** [Makefile:23: sp.o] Error 1
make[1]: Leaving directory '/home/ubuntu/.phoronix-test-suite/installed-tests/pts/npb-1.4.5/NPB3.4.1/NPB3.4-MPI/SP'
make: *** [Makefile:16: sp] Error 2
   =========================================
   =      NAS Parallel Benchmarks 3.4      =
   =      MPI/Fortran/C                    =
   =========================================

cd IS; make CLASS=D
make[1]: Entering directory '/home/ubuntu/.phoronix-test-suite/installed-tests/pts/npb-1.4.5/NPB3.4.1/NPB3.4-MPI/IS'
make[2]: Entering directory '/home/ubuntu/.phoronix-test-suite/installed-tests/pts/npb-1.4.5/NPB3.4.1/NPB3.4-MPI/sys'
make[2]: Nothing to be done for 'all'.
make[2]: Leaving directory '/home/ubuntu/.phoronix-test-suite/installed-tests/pts/npb-1.4.5/NPB3.4.1/NPB3.4-MPI/sys'
../sys/setparams is D 
/usr/bin/mpicc.openmpi -c -I/usr/include/ -O3 -march=native is.c
/usr/bin/gcc-13 -fno-omit-frame-pointer -c -I/usr/include/ -O3 -march=native is.c -I/usr/lib/x86_64-linux-gnu/openmpi/include -I/usr/lib/x86_64-linux-gnu/openmpi/include/openmpi
cd ../common; /usr/bin/mpicc.openmpi -c -I/usr/include/ -O3 -march=native c_print_results.c
/usr/bin/gcc-13 -fno-omit-frame-pointer -c -I/usr/include/ -O3 -march=native c_print_results.c -I/usr/lib/x86_64-linux-gnu/openmpi/include -I/usr/lib/x86_64-linux-gnu/openmpi/include/openmpi
cd ../common; /usr/bin/mpicc.openmpi -c -I/usr/include/ -O3 -march=native c_timers.c
/usr/bin/gcc-13 -fno-omit-frame-pointer -c -I/usr/include/ -O3 -march=native c_timers.c -I/usr/lib/x86_64-linux-gnu/openmpi/include -I/usr/lib/x86_64-linux-gnu/openmpi/include/openmpi
/usr/bin/mpicc.openmpi -O3 -march=native -o ../bin/is.D.x is.o ../common/c_print_results.o ../common/c_timers.o -L/usr/lib/x86_64-linux-gnu/libmpi.so
/usr/bin/gcc-13 -fno-omit-frame-pointer -O3 -march=native -o ../bin/is.D.x is.o ../common/c_print_results.o ../common/c_timers.o -L/usr/lib/x86_64-linux-gnu/libmpi.so -I/usr/lib/x86_64-linux-gnu/openmpi/include -I/usr/lib/x86_64-linux-gnu/openmpi/include/openmpi -L/usr/lib/x86_64-linux-gnu/openmpi/lib -lmpi
make[1]: Leaving directory '/home/ubuntu/.phoronix-test-suite/installed-tests/pts/npb-1.4.5/NPB3.4.1/NPB3.4-MPI/IS'
   =========================================
   =      NAS Parallel Benchmarks 3.4      =
   =      MPI/Fortran/C                    =
   =========================================

cd MG; make CLASS=C
make[1]: Entering directory '/home/ubuntu/.phoronix-test-suite/installed-tests/pts/npb-1.4.5/NPB3.4.1/NPB3.4-MPI/MG'
make[2]: Entering directory '/home/ubuntu/.phoronix-test-suite/installed-tests/pts/npb-1.4.5/NPB3.4.1/NPB3.4-MPI/sys'
make[2]: Nothing to be done for 'all'.
make[2]: Leaving directory '/home/ubuntu/.phoronix-test-suite/installed-tests/pts/npb-1.4.5/NPB3.4.1/NPB3.4-MPI/sys'
../sys/setparams mg C 
mpif90 -c -I/usr/include/ -O3 -march=native mpinpb.f90
mpif90 -c -I/usr/include/ -O3 -march=native mg_data.f90
mpif90 -c -I/usr/include/ -O3 -march=native mg.f90
mg.f90:2241:28:

 1089 |       call mpi_allreduce(rnmu,ss,1,dp_type,  &
      |                         2   
......
 2241 |          call mpi_allreduce(jg(0,i,1), jg_temp,4,MPI_INTEGER,  &
      |                            1
Error: Type mismatch between actual argument at (1) and actual argument at (2) (INTEGER(4)/REAL(8)).
mg.f90:2241:39:

 1089 |       call mpi_allreduce(rnmu,ss,1,dp_type,  &
      |                              2         
......
 2241 |          call mpi_allreduce(jg(0,i,1), jg_temp,4,MPI_INTEGER,  &
      |                                       1
Error: Type mismatch between actual argument at (1) and actual argument at (2) (INTEGER(4)/REAL(8)).
mg.f90:2265:28:

 1089 |       call mpi_allreduce(rnmu,ss,1,dp_type,  &
      |                         2   
......
 2265 |          call mpi_allreduce(jg(0,i,0), jg_temp,4,MPI_INTEGER,  &
      |                            1
Error: Type mismatch between actual argument at (1) and actual argument at (2) (INTEGER(4)/REAL(8)).
mg.f90:2265:39:

 1089 |       call mpi_allreduce(rnmu,ss,1,dp_type,  &
      |                              2         
......
 2265 |          call mpi_allreduce(jg(0,i,0), jg_temp,4,MPI_INTEGER,  &
      |                                       1
Error: Type mismatch between actual argument at (1) and actual argument at (2) (INTEGER(4)/REAL(8)).
mg.f90:167:21:

  160 |       call mpi_bcast(lt, 1, MPI_INTEGER, 0, comm_work, ierr)
      |                     2
......
  167 |       call mpi_bcast(timeron, 1, MPI_LOGICAL, 0, comm_work, ierr)
      |                     1
Error: Type mismatch between actual argument at (1) and actual argument at (2) (LOGICAL(4)/INTEGER(4)).
mg.f90:380:22:

  299 |       call mpi_reduce(t0,t,1,dp_type,  &
      |                      2
......
  380 |       call MPI_Reduce(t1, tsum,  t_last+2, dp_type, MPI_SUM,  &
      |                      1
Error: Rank mismatch between actual argument at (1) and actual argument at (2) (scalar and rank-1)
mg.f90:380:26:

  299 |       call mpi_reduce(t0,t,1,dp_type,  &
      |                         2 
......
  380 |       call MPI_Reduce(t1, tsum,  t_last+2, dp_type, MPI_SUM,  &
      |                          1
Error: Rank mismatch between actual argument at (1) and actual argument at (2) (scalar and rank-1)
mg.f90:382:22:

  299 |       call mpi_reduce(t0,t,1,dp_type,  &
      |                      2
......
  382 |       call MPI_Reduce(t1, tming, t_last+2, dp_type, MPI_MIN,  &
      |                      1
Error: Rank mismatch between actual argument at (1) and actual argument at (2) (scalar and rank-1)
mg.f90:382:26:

  299 |       call mpi_reduce(t0,t,1,dp_type,  &
      |                         2 
......
  382 |       call MPI_Reduce(t1, tming, t_last+2, dp_type, MPI_MIN,  &
      |                          1
Error: Rank mismatch between actual argument at (1) and actual argument at (2) (scalar and rank-1)
mg.f90:384:22:

  299 |       call mpi_reduce(t0,t,1,dp_type,  &
      |                      2
......
  384 |       call MPI_Reduce(t1, tmaxg, t_last+2, dp_type, MPI_MAX,  &
      |                      1
Error: Rank mismatch between actual argument at (1) and actual argument at (2) (scalar and rank-1)
mg.f90:384:26:

  299 |       call mpi_reduce(t0,t,1,dp_type,  &
      |                         2 
......
  384 |       call MPI_Reduce(t1, tmaxg, t_last+2, dp_type, MPI_MAX,  &
      |                          1
Error: Rank mismatch between actual argument at (1) and actual argument at (2) (scalar and rank-1)
make[1]: *** [Makefile:17: mg.o] Error 1
make[1]: Leaving directory '/home/ubuntu/.phoronix-test-suite/installed-tests/pts/npb-1.4.5/NPB3.4.1/NPB3.4-MPI/MG'
make: *** [Makefile:24: mg] Error 2
   =========================================
   =      NAS Parallel Benchmarks 3.4      =
   =      MPI/Fortran/C                    =
   =========================================

cd CG; make CLASS=C
make[1]: Entering directory '/home/ubuntu/.phoronix-test-suite/installed-tests/pts/npb-1.4.5/NPB3.4.1/NPB3.4-MPI/CG'
make[2]: Entering directory '/home/ubuntu/.phoronix-test-suite/installed-tests/pts/npb-1.4.5/NPB3.4.1/NPB3.4-MPI/sys'
make[2]: Nothing to be done for 'all'.
make[2]: Leaving directory '/home/ubuntu/.phoronix-test-suite/installed-tests/pts/npb-1.4.5/NPB3.4.1/NPB3.4-MPI/sys'
../sys/setparams cg C 
mpif90 -c -I/usr/include/ -O3 -march=native mpinpb.f90
mpif90 -c -I/usr/include/ -O3 -march=native cg_data.f90
mpif90 -c -I/usr/include/ -O3 -march=native cg.f90
cg.f90:897:28:

  819 |          call mpi_irecv( rho,  &
      |                         2   
......
  897 |             call mpi_irecv( q,               &
      |                            1
Error: Rank mismatch between actual argument at (1) and actual argument at (2) (scalar and rank-1)
cg.f90:1089:25:

  819 |          call mpi_irecv( rho,  &
      |                         2
......
 1089 |          call mpi_irecv( r,               &
      |                         1
Error: Rank mismatch between actual argument at (1) and actual argument at (2) (scalar and rank-1)
cg.f90:250:28:

  250 |             call mpi_irecv( norm_temp2,  &
      |                            1
......
  819 |          call mpi_irecv( rho,  &
      |                         2   
Error: Rank mismatch between actual argument at (1) and actual argument at (2) (scalar and rank-1)
cg.f90:258:28:

  258 |             call mpi_send(  norm_temp1,  &
      |                            1
......
  827 |          call mpi_send(  sum,  &
      |                         2   
Error: Rank mismatch between actual argument at (1) and actual argument at (2) (scalar and rank-1)
cg.f90:337:28:

  337 |             call mpi_irecv( norm_temp2,  &
      |                            1
......
  819 |          call mpi_irecv( rho,  &
      |                         2   
Error: Rank mismatch between actual argument at (1) and actual argument at (2) (scalar and rank-1)
cg.f90:345:28:

  345 |             call mpi_send(  norm_temp1,  &
      |                            1
......
  827 |          call mpi_send(  sum,  &
      |                         2   
Error: Rank mismatch between actual argument at (1) and actual argument at (2) (scalar and rank-1)
cg.f90:460:22:

  388 |       call mpi_reduce( t,  &
      |                       2
......
  460 |       call MPI_Reduce(t1, tsum,  t_last+2, dp_type, MPI_SUM,  &
      |                      1
Error: Rank mismatch between actual argument at (1) and actual argument at (2) (scalar and rank-1)
cg.f90:460:26:

  389 |      &                 tmax,  &
      |                       2   
......
  460 |       call MPI_Reduce(t1, tsum,  t_last+2, dp_type, MPI_SUM,  &
      |                          1
Error: Rank mismatch between actual argument at (1) and actual argument at (2) (scalar and rank-1)
cg.f90:462:22:

  388 |       call mpi_reduce( t,  &
      |                       2
......
  462 |       call MPI_Reduce(t1, tming, t_last+2, dp_type, MPI_MIN,  &
      |                      1
Error: Rank mismatch between actual argument at (1) and actual argument at (2) (scalar and rank-1)
cg.f90:462:26:

  389 |      &                 tmax,  &
      |                       2   
......
  462 |       call MPI_Reduce(t1, tming, t_last+2, dp_type, MPI_MIN,  &
      |                          1
Error: Rank mismatch between actual argument at (1) and actual argument at (2) (scalar and rank-1)
cg.f90:464:22:

  388 |       call mpi_reduce( t,  &
      |                       2
......
  464 |       call MPI_Reduce(t1, tmaxg, t_last+2, dp_type, MPI_MAX,  &
      |                      1
Error: Rank mismatch between actual argument at (1) and actual argument at (2) (scalar and rank-1)
cg.f90:464:26:

  389 |      &                 tmax,  &
      |                       2   
......
  464 |       call MPI_Reduce(t1, tmaxg, t_last+2, dp_type, MPI_MAX,  &
      |                          1
Error: Rank mismatch between actual argument at (1) and actual argument at (2) (scalar and rank-1)
make[1]: *** [Makefile:17: cg.o] Error 1
make[1]: Leaving directory '/home/ubuntu/.phoronix-test-suite/installed-tests/pts/npb-1.4.5/NPB3.4.1/NPB3.4-MPI/CG'
make: *** [Makefile:36: cg] Error 2
