Archive:  svg-test-files-1.zip
  inflating: 1.svg                   
  inflating: 1_table.svg             
  inflating: 2.svg                   
  inflating: 2_table.svg             
  inflating: 3.svg                   
  inflating: 3_table.svg             
  inflating: 14.svg                  
  inflating: 14_table.svg            
  inflating: 15.svg                  
  inflating: 15_table.svg            
  inflating: 16.svg                  
  inflating: 16_table.svg            
  inflating: 17.svg                  
  inflating: 17_table.svg            
  inflating: 18.svg                  
  inflating: 18_table.svg            
  inflating: 19.svg                  
  inflating: 19_table.svg            
  inflating: 20.svg                  
  inflating: 20_table.svg            
  inflating: 21.svg                  
  inflating: 21_table.svg            
  inflating: 22.svg                  
  inflating: 22_table.svg            
  inflating: 23.svg                  
  inflating: 23_table.svg            
  inflating: 24.svg                  
  inflating: 24_table.svg            
  inflating: 25.svg                  
  inflating: 59.svg                  
  inflating: 59_table.svg            
  inflating: 60.svg                  
  inflating: 70.svg                  
  inflating: 70_table.svg            
  inflating: 71.svg                  
  inflating: 71_table.svg            
  inflating: 72.svg                  
  inflating: 79.svg                  
  inflating: 79_table.svg            
  inflating: 80.svg                  
  inflating: 80_table.svg            
  inflating: 81.svg                  
  inflating: 88.svg                  
  inflating: 88_table.svg            
  inflating: 89.svg                  
  inflating: 89_table.svg            
  inflating: 90.svg                  
  inflating: 100.svg                 
  inflating: 100_table.svg           
  inflating: 101.svg                 
  inflating: 101_table.svg           
  inflating: 102.svg                 
  inflating: 102_table.svg           
  inflating: 103.svg                 
  inflating: 103_table.svg           
  inflating: 104.svg                 
  inflating: 104_table.svg           
  inflating: 105.svg                 
  inflating: 105_table.svg           
  inflating: 106.svg                 
  inflating: 106_table.svg           
  inflating: 107.svg                 
  inflating: 107_table.svg           
  inflating: 108.svg                 
  inflating: 108_table.svg           
  inflating: 109.svg                 
  inflating: 109_table.svg           
  inflating: 110.svg                 
  inflating: 110_table.svg           
  inflating: 111.svg                 
  inflating: 111_table.svg           
  inflating: 112.svg                 
  inflating: 112_table.svg           
  inflating: 113.svg                 
  inflating: 113_table.svg           
  inflating: 114.svg                 
  inflating: 114_table.svg           
  inflating: 115.svg                 
  inflating: 115_table.svg           
  inflating: 116.svg                 
  inflating: 116_table.svg           
  inflating: 117.svg                 
  inflating: 117_table.svg           
  inflating: 172.svg                 
  inflating: 172_table.svg           
  inflating: 173.svg                 
  inflating: 173_table.svg           
  inflating: 174.svg                 
  inflating: 174_table.svg           
  inflating: 175.svg                 
  inflating: 175_table.svg           
  inflating: 176.svg                 
  inflating: 176_table.svg           
  inflating: 177.svg                 
  inflating: 177_table.svg           
  inflating: 178.svg                 
  inflating: 178_table.svg           
  inflating: 179.svg                 
  inflating: 179_table.svg           
  inflating: 180.svg                 
  inflating: 180_table.svg           
  inflating: 181.svg                 
  inflating: 181_table.svg           
  inflating: 182.svg                 
  inflating: 182_table.svg           
  inflating: 183.svg                 
  inflating: 183_table.svg           
  inflating: 184.svg                 
  inflating: 184_table.svg           
  inflating: 185.svg                 
  inflating: 185_table.svg           
  inflating: 186.svg                 
  inflating: 186_table.svg           
  inflating: logo.svg                
  inflating: overview.svg            
  inflating: overview2.svg           
  inflating: pp.svg                  
  inflating: radar.svg               
  inflating: systems.svg             
  inflating: visualize.svg           
  inflating: visualize2.svg          
