Collecting cython
  Obtaining dependency information for cython from https://files.pythonhosted.org/packages/26/2c/6a887c957aa53e44f928119dea628a5dfacc8e875424034f5fecac9daba4/Cython-3.0.8-cp311-cp311-manylinux_2_17_x86_64.manylinux2014_x86_64.whl.metadata
  Downloading Cython-3.0.8-cp311-cp311-manylinux_2_17_x86_64.manylinux2014_x86_64.whl.metadata (3.2 kB)
Collecting pgen
  Downloading PGen-0.2.1.zip (18 kB)
  Preparing metadata (setup.py): started
  Preparing metadata (setup.py): finished with status 'done'
Collecting pandas==1.5.2
  Obtaining dependency information for pandas==1.5.2 from https://files.pythonhosted.org/packages/b6/ba/a5ed09e4044c683fab1dec7a18fb139db0afde61def7a4d8fa2848a2d9c8/pandas-1.5.2-cp311-cp311-manylinux_2_17_x86_64.manylinux2014_x86_64.whl.metadata
  Downloading pandas-1.5.2-cp311-cp311-manylinux_2_17_x86_64.manylinux2014_x86_64.whl.metadata (11 kB)
Collecting simplejson==3.11.1
  Downloading simplejson-3.11.1.tar.gz (78 kB)
     ━━━━━━━━━━━━━━━━━━━━━━━━━━━━━━━━━━━━━━━ 78.1/78.1 kB 609.7 kB/s eta 0:00:00
  Preparing metadata (setup.py): started
  Preparing metadata (setup.py): finished with status 'done'
Collecting boto3==1.9.134
  Downloading boto3-1.9.134-py2.py3-none-any.whl (128 kB)
     ━━━━━━━━━━━━━━━━━━━━━━━━━━━━━━━━━━━━━━━ 128.6/128.6 kB 1.3 MB/s eta 0:00:00
Collecting scikit-learn==1.2.0
  Obtaining dependency information for scikit-learn==1.2.0 from https://files.pythonhosted.org/packages/b4/56/4282c0f73a49009f30b8c60b348c71b136036f608320cfba9ea744214f71/scikit_learn-1.2.0-cp311-cp311-manylinux_2_17_x86_64.manylinux2014_x86_64.whl.metadata
  Downloading scikit_learn-1.2.0-cp311-cp311-manylinux_2_17_x86_64.manylinux2014_x86_64.whl.metadata (11 kB)
Collecting plotly==2.0.0
  Downloading plotly-2.0.0.tar.gz (856 kB)
     ━━━━━━━━━━━━━━━━━━━━━━━━━━━━━━━━━━━━━━━ 857.0/857.0 kB 4.5 MB/s eta 0:00:00
  Preparing metadata (setup.py): started
  Preparing metadata (setup.py): finished with status 'done'
Requirement already satisfied: python-dateutil>=2.8.1 in /usr/lib/python3/dist-packages (from pandas==1.5.2) (2.8.2)
Requirement already satisfied: pytz>=2020.1 in /usr/lib/python3/dist-packages (from pandas==1.5.2) (2023.3)
Requirement already satisfied: numpy>=1.21.0 in /usr/lib/python3/dist-packages (from pandas==1.5.2) (1.24.2)
Collecting botocore<1.13.0,>=1.12.134 (from boto3==1.9.134)
  Downloading botocore-1.12.253-py2.py3-none-any.whl (5.7 MB)
     ━━━━━━━━━━━━━━━━━━━━━━━━━━━━━━━━━━━━━━━━ 5.7/5.7 MB 4.5 MB/s eta 0:00:00
Collecting jmespath<1.0.0,>=0.7.1 (from boto3==1.9.134)
  Downloading jmespath-0.10.0-py2.py3-none-any.whl (24 kB)
Collecting s3transfer<0.3.0,>=0.2.0 (from boto3==1.9.134)
  Downloading s3transfer-0.2.1-py2.py3-none-any.whl (70 kB)
     ━━━━━━━━━━━━━━━━━━━━━━━━━━━━━━━━━━━━━━━━ 70.2/70.2 kB 3.0 MB/s eta 0:00:00
Requirement already satisfied: scipy>=1.3.2 in /usr/lib/python3/dist-packages (from scikit-learn==1.2.0) (1.10.1)
Collecting joblib>=1.1.1 (from scikit-learn==1.2.0)
  Obtaining dependency information for joblib>=1.1.1 from https://files.pythonhosted.org/packages/10/40/d551139c85db202f1f384ba8bcf96aca2f329440a844f924c8a0040b6d02/joblib-1.3.2-py3-none-any.whl.metadata
  Downloading joblib-1.3.2-py3-none-any.whl.metadata (5.4 kB)
Collecting threadpoolctl>=2.0.0 (from scikit-learn==1.2.0)
  Obtaining dependency information for threadpoolctl>=2.0.0 from https://files.pythonhosted.org/packages/b1/2c/f504e55d98418f2fcf756a56877e6d9a45dd5ed28b3d7c267b300e85ad5b/threadpoolctl-3.3.0-py3-none-any.whl.metadata
  Downloading threadpoolctl-3.3.0-py3-none-any.whl.metadata (13 kB)
Requirement already satisfied: requests in /usr/lib/python3/dist-packages (from plotly==2.0.0) (2.31.0)
Requirement already satisfied: six in /usr/lib/python3/dist-packages (from plotly==2.0.0) (1.16.0)
Collecting docutils<0.16,>=0.10 (from botocore<1.13.0,>=1.12.134->boto3==1.9.134)
  Downloading docutils-0.15.2-py3-none-any.whl (547 kB)
     ━━━━━━━━━━━━━━━━━━━━━━━━━━━━━━━━━━━━━━ 547.6/547.6 kB 19.3 MB/s eta 0:00:00
Collecting urllib3<1.26,>=1.20 (from botocore<1.13.0,>=1.12.134->boto3==1.9.134)
  Downloading urllib3-1.25.11-py2.py3-none-any.whl (127 kB)
     ━━━━━━━━━━━━━━━━━━━━━━━━━━━━━━━━━━━━━━━ 128.0/128.0 kB 7.3 MB/s eta 0:00:00
Downloading pandas-1.5.2-cp311-cp311-manylinux_2_17_x86_64.manylinux2014_x86_64.whl (12.0 MB)
   ━━━━━━━━━━━━━━━━━━━━━━━━━━━━━━━━━━━━━━━━ 12.0/12.0 MB 28.1 MB/s eta 0:00:00
Downloading scikit_learn-1.2.0-cp311-cp311-manylinux_2_17_x86_64.manylinux2014_x86_64.whl (9.5 MB)
   ━━━━━━━━━━━━━━━━━━━━━━━━━━━━━━━━━━━━━━━━ 9.5/9.5 MB 7.1 MB/s eta 0:00:00
Downloading Cython-3.0.8-cp311-cp311-manylinux_2_17_x86_64.manylinux2014_x86_64.whl (3.6 MB)
   ━━━━━━━━━━━━━━━━━━━━━━━━━━━━━━━━━━━━━━━━ 3.6/3.6 MB 19.2 MB/s eta 0:00:00
Downloading joblib-1.3.2-py3-none-any.whl (302 kB)
   ━━━━━━━━━━━━━━━━━━━━━━━━━━━━━━━━━━━━━━━━ 302.2/302.2 kB 14.1 MB/s eta 0:00:00
Downloading threadpoolctl-3.3.0-py3-none-any.whl (17 kB)
Building wheels for collected packages: simplejson, plotly, pgen
  Building wheel for simplejson (setup.py): started
  Building wheel for simplejson (setup.py): finished with status 'done'
  Created wheel for simplejson: filename=simplejson-3.11.1-cp311-cp311-linux_x86_64.whl size=130324 sha256=d69b497e27ccbae3534d8c666171b7fc47ef48766747793b0a6058868fa2a974
  Stored in directory: /home/ubuntu/.phoronix-test-suite/installed-tests/pts/numenta-nab-1.1.1/.cache/pip/wheels/39/83/c7/2fa5a9ec52fdb1b230d768b49bae8227e7602642900086469e
  Building wheel for plotly (setup.py): started
  Building wheel for plotly (setup.py): finished with status 'done'
  Created wheel for plotly: filename=plotly-2.0.0-py3-none-any.whl size=856733 sha256=52ddf0a5cc908114ed25ac72b7eb201cc682de4d6bee85520c7b6fa50439f3de
  Stored in directory: /home/ubuntu/.phoronix-test-suite/installed-tests/pts/numenta-nab-1.1.1/.cache/pip/wheels/eb/bd/87/e522dd1c5814607c2e5c7244c9b6b506dac30703ba45255f22
  Building wheel for pgen (setup.py): started
  Building wheel for pgen (setup.py): finished with status 'done'
  Created wheel for pgen: filename=PGen-0.2.1-py3-none-any.whl size=18083 sha256=301bd161072fd09f53dbbaf9b71906f0726bf35e9ca896c52c38e1a3515b624f
  Stored in directory: /home/ubuntu/.phoronix-test-suite/installed-tests/pts/numenta-nab-1.1.1/.cache/pip/wheels/85/2b/6e/a71e291a7917df5f31f459041745639d7e88196830d872b326
Successfully built simplejson plotly pgen
Installing collected packages: simplejson, pgen, urllib3, threadpoolctl, plotly, pandas, joblib, jmespath, docutils, cython, scikit-learn, botocore, s3transfer, boto3
  WARNING: The scripts cygdb, cython and cythonize are installed in '/home/ubuntu/.phoronix-test-suite/installed-tests/pts/numenta-nab-1.1.1/.local/bin' which is not on PATH.
  Consider adding this directory to PATH or, if you prefer to suppress this warning, use --no-warn-script-location.
Successfully installed boto3-1.9.134 botocore-1.12.253 cython-3.0.8 docutils-0.15.2 jmespath-0.10.0 joblib-1.3.2 pandas-1.5.2 pgen-0.2.1 plotly-2.0.0 s3transfer-0.2.1 scikit-learn-1.2.0 simplejson-3.11.1 threadpoolctl-3.3.0 urllib3-1.25.11
Processing /home/ubuntu/.phoronix-test-suite/installed-tests/pts/numenta-nab-1.1.1/NAB-1.1
  Preparing metadata (setup.py): started
  Preparing metadata (setup.py): finished with status 'done'
Building wheels for collected packages: nab
  Building wheel for nab (setup.py): started
  Building wheel for nab (setup.py): finished with status 'done'
  Created wheel for nab: filename=nab-1.1-py3-none-any.whl size=140490 sha256=074de5606513c41619df2c92073e044d437dc4fe92eb8ee9afa70b75ce1878dc
  Stored in directory: /home/ubuntu/.phoronix-test-suite/installed-tests/pts/numenta-nab-1.1.1/.cache/pip/wheels/ab/67/48/c6eebfd3c72caa490c07f9f23ab93a8edb586bbda76d83f4de
Successfully built nab
Installing collected packages: nab
  WARNING: The script nab-plot is installed in '/home/ubuntu/.phoronix-test-suite/installed-tests/pts/numenta-nab-1.1.1/.local/bin' which is not on PATH.
  Consider adding this directory to PATH or, if you prefer to suppress this warning, use --no-warn-script-location.
Successfully installed nab-1.1
