./parboil/
./parboil/common/
./parboil/common/include/
./parboil/common/include/parboil.h
./parboil/common/lib/
./parboil/common/mk/
./parboil/common/mk/cuda.mk
./parboil/common/mk/opencl.mk
./parboil/common/mk/Makefile
./parboil/common/mk/c.mk
./parboil/common/python/
./parboil/common/python/binaryfilecompare.pyc
./parboil/common/python/binaryfilecompare.py
./parboil/common/python/filecompare.py
./parboil/common/python/textfilecompare.py
./parboil/common/python/filecompare.pyc
./parboil/common/src/
./parboil/common/src/parboil_cuda.c
./parboil/common/src/Makefile
./parboil/common/src/parboil.c
./parboil/common/src/parboil_opencl.c
./parboil/common/src/subtimerREADME.txt
./parboil/common/platform/
./parboil/common/platform/cuda.arch20.mk
./parboil/common/platform/cuda.default.mk
./parboil/common/platform/opencl.gcc.mk
./parboil/common/platform/opencl.default.mk
./parboil/common/platform/cuda.mcuda.mk
./parboil/common/platform/c.default.mk
./parboil/common/platform/c.gcc.mk
./parboil/common/platform/cuda.nvcc.mk
./parboil/common/Makefile.conf.example-ati
./parboil/common/Makefile.conf.example-mcuda
./parboil/common/Makefile.conf.example-nvidia
./parboil/driver/
./parboil/driver/parboilfile.py
./parboil/driver/__init__.py
./parboil/driver/actions.py
./parboil/driver/benchmark.py
./parboil/driver/futures.py
./parboil/driver/globals.py
./parboil/driver/options.py
./parboil/driver/process.py
./parboil/driver/text.py
./parboil/driver/sanity_check.py
./parboil/driver/error.py
./parboil/driver/benchmark.py-darcs-backup0
./parboil/driver/parboilfile.py-darcs-backup0
./parboil/driver/ppkg.benchmarks
./parboil/driver/ppkg.ignore
./parboil/driver/ppkg.py
./parboil/DIRECTORIES
./parboil/parboil
./parboil/README
./parboil/LICENSE
./parboil/README.benchmarks
./parboil/README.buildsystem
datasets/bfs/1M/input/DESCRIPTION
datasets/bfs/1M/input/graph_input.dat
datasets/bfs/1M/output/bfs.out
datasets/bfs/UT/cpu.out
datasets/bfs/UT/.bfs.out.swp
datasets/bfs/UT/lwh.out
datasets/bfs/UT/expected.out
datasets/bfs/UT/input/graph_input.dat
datasets/bfs/UT/output/bfs.out
datasets/bfs/NY/input/DESCRIPTION
datasets/bfs/NY/input/graph_input.dat
datasets/bfs/NY/output/bfs.out
datasets/bfs/SF/input/DESCRIPTION
datasets/bfs/SF/input/graph_input.dat
datasets/bfs/SF/output/bfs.out
datasets/cutcp/large/input/watbox.sl100.pqr
datasets/cutcp/large/output/lattice.dat
datasets/cutcp/small/input/watbox.sl40.pqr
datasets/cutcp/small/output/lattice.dat
datasets/histo/default/input/DESCRIPTION
datasets/histo/default/input/img.bin
datasets/histo/default/output/ref.bmp
datasets/histo/large/input/DESCRIPTION
datasets/histo/large/input/img.bin
datasets/histo/large/output/ref.bmp
datasets/lbm/short/input/120_120_150_ldc.of
datasets/lbm/short/input/DESCRIPTION
datasets/lbm/short/output/reference.dat
datasets/lbm/long/input/120_120_150_ldc.of
datasets/lbm/long/input/DESCRIPTION
datasets/lbm/long/output/reference.dat
datasets/mri-gridding/mrig_small.tgz
datasets/mri-gridding/small/output_md5.txt
datasets/mri-gridding/small/input/DESCRIPTION
datasets/mri-gridding/small/input/small.uks
datasets/mri-gridding/small/input/small.uks.data
datasets/mri-gridding/small/output/output.txt
datasets/mri-q/large/input/64_64_64_dataset.bin
datasets/mri-q/large/output/64_64_64_dataset.out
datasets/mri-q/small/input/32_32_32_dataset.bin
datasets/mri-q/small/output/32_32_32_dataset.out
datasets/sad/default/input/DESCRIPTION
datasets/sad/default/input/frame.bin
datasets/sad/default/input/reference.bin
datasets/sad/default/output/out.bin
datasets/sad/large/input/DESCRIPTION
datasets/sad/large/input/frame.bin
datasets/sad/large/input/reference.bin
datasets/sad/large/output/out.bin
datasets/spmv/large/input/Dubcova3.mtx.bin
datasets/spmv/large/input/DESCRIPTION
datasets/spmv/large/input/vector.bin
datasets/spmv/large/output/Dubcova3.mtx.out
datasets/spmv/medium/input/bcsstk18.mtx
datasets/spmv/medium/input/DESCRIPTION
datasets/spmv/medium/input/vector.bin
datasets/spmv/medium/output/bcsstk18.mtx.out
datasets/spmv/small/input/1138_bus.mtx.bin
datasets/spmv/small/input/DESCRIPTION
datasets/spmv/small/input/1138_bus.mtx
datasets/spmv/small/input/.1138_bus.mtx.swp
datasets/spmv/small/input/vector.bin
datasets/spmv/small/output/1138_bus.mtx.out
datasets/stencil/default/input/DESCRIPTION
datasets/stencil/default/input/512x512x64x100.bin
datasets/stencil/default/output/512x512x64.out
datasets/stencil/small/input/DESCRIPTION
datasets/stencil/small/input/128x128x32.bin
datasets/stencil/small/output/128x128x32.out
datasets/tpacf/large/input/Datapnts.1
datasets/tpacf/large/input/DESCRIPTION
datasets/tpacf/large/input/Randompnts.1
datasets/tpacf/large/input/Randompnts.10
datasets/tpacf/large/input/Randompnts.100
datasets/tpacf/large/input/Randompnts.11
datasets/tpacf/large/input/Randompnts.12
datasets/tpacf/large/input/Randompnts.13
datasets/tpacf/large/input/Randompnts.14
datasets/tpacf/large/input/Randompnts.15
datasets/tpacf/large/input/Randompnts.16
datasets/tpacf/large/input/Randompnts.17
datasets/tpacf/large/input/Randompnts.18
datasets/tpacf/large/input/Randompnts.19
datasets/tpacf/large/input/Randompnts.2
datasets/tpacf/large/input/Randompnts.20
datasets/tpacf/large/input/Randompnts.21
datasets/tpacf/large/input/Randompnts.22
datasets/tpacf/large/input/Randompnts.23
datasets/tpacf/large/input/Randompnts.24
datasets/tpacf/large/input/Randompnts.25
datasets/tpacf/large/input/Randompnts.26
datasets/tpacf/large/input/Randompnts.27
datasets/tpacf/large/input/Randompnts.28
datasets/tpacf/large/input/Randompnts.29
datasets/tpacf/large/input/Randompnts.3
datasets/tpacf/large/input/Randompnts.30
datasets/tpacf/large/input/Randompnts.31
datasets/tpacf/large/input/Randompnts.32
datasets/tpacf/large/input/Randompnts.33
datasets/tpacf/large/input/Randompnts.34
datasets/tpacf/large/input/Randompnts.35
datasets/tpacf/large/input/Randompnts.36
datasets/tpacf/large/input/Randompnts.37
datasets/tpacf/large/input/Randompnts.38
datasets/tpacf/large/input/Randompnts.39
datasets/tpacf/large/input/Randompnts.4
datasets/tpacf/large/input/Randompnts.40
datasets/tpacf/large/input/Randompnts.41
datasets/tpacf/large/input/Randompnts.42
datasets/tpacf/large/input/Randompnts.43
datasets/tpacf/large/input/Randompnts.44
datasets/tpacf/large/input/Randompnts.45
datasets/tpacf/large/input/Randompnts.46
datasets/tpacf/large/input/Randompnts.47
datasets/tpacf/large/input/Randompnts.48
datasets/tpacf/large/input/Randompnts.49
datasets/tpacf/large/input/Randompnts.5
datasets/tpacf/large/input/Randompnts.50
datasets/tpacf/large/input/Randompnts.51
datasets/tpacf/large/input/Randompnts.52
datasets/tpacf/large/input/Randompnts.53
datasets/tpacf/large/input/Randompnts.54
datasets/tpacf/large/input/Randompnts.55
datasets/tpacf/large/input/Randompnts.56
datasets/tpacf/large/input/Randompnts.57
datasets/tpacf/large/input/Randompnts.58
datasets/tpacf/large/input/Randompnts.59
datasets/tpacf/large/input/Randompnts.6
datasets/tpacf/large/input/Randompnts.60
datasets/tpacf/large/input/Randompnts.61
datasets/tpacf/large/input/Randompnts.62
datasets/tpacf/large/input/Randompnts.63
datasets/tpacf/large/input/Randompnts.64
datasets/tpacf/large/input/Randompnts.65
datasets/tpacf/large/input/Randompnts.66
datasets/tpacf/large/input/Randompnts.67
datasets/tpacf/large/input/Randompnts.68
datasets/tpacf/large/input/Randompnts.69
datasets/tpacf/large/input/Randompnts.7
datasets/tpacf/large/input/Randompnts.70
datasets/tpacf/large/input/Randompnts.71
datasets/tpacf/large/input/Randompnts.72
datasets/tpacf/large/input/Randompnts.73
datasets/tpacf/large/input/Randompnts.74
datasets/tpacf/large/input/Randompnts.75
datasets/tpacf/large/input/Randompnts.76
datasets/tpacf/large/input/Randompnts.77
datasets/tpacf/large/input/Randompnts.78
datasets/tpacf/large/input/Randompnts.79
datasets/tpacf/large/input/Randompnts.8
datasets/tpacf/large/input/Randompnts.80
datasets/tpacf/large/input/Randompnts.81
datasets/tpacf/large/input/Randompnts.82
datasets/tpacf/large/input/Randompnts.83
datasets/tpacf/large/input/Randompnts.84
datasets/tpacf/large/input/Randompnts.85
datasets/tpacf/large/input/Randompnts.86
datasets/tpacf/large/input/Randompnts.87
datasets/tpacf/large/input/Randompnts.88
datasets/tpacf/large/input/Randompnts.89
datasets/tpacf/large/input/Randompnts.9
datasets/tpacf/large/input/Randompnts.90
datasets/tpacf/large/input/Randompnts.91
datasets/tpacf/large/input/Randompnts.92
datasets/tpacf/large/input/Randompnts.93
datasets/tpacf/large/input/Randompnts.94
datasets/tpacf/large/input/Randompnts.95
datasets/tpacf/large/input/Randompnts.96
datasets/tpacf/large/input/Randompnts.97
datasets/tpacf/large/input/Randompnts.98
datasets/tpacf/large/input/Randompnts.99
datasets/tpacf/large/output/tpacf.out
datasets/tpacf/medium/input/Datapnts.1
datasets/tpacf/medium/input/DESCRIPTION
datasets/tpacf/medium/input/Randompnts.1
datasets/tpacf/medium/input/Randompnts.10
datasets/tpacf/medium/input/Randompnts.100
datasets/tpacf/medium/input/Randompnts.11
datasets/tpacf/medium/input/Randompnts.12
datasets/tpacf/medium/input/Randompnts.13
datasets/tpacf/medium/input/Randompnts.14
datasets/tpacf/medium/input/Randompnts.15
datasets/tpacf/medium/input/Randompnts.16
datasets/tpacf/medium/input/Randompnts.17
datasets/tpacf/medium/input/Randompnts.18
datasets/tpacf/medium/input/Randompnts.19
datasets/tpacf/medium/input/Randompnts.2
datasets/tpacf/medium/input/Randompnts.20
datasets/tpacf/medium/input/Randompnts.21
datasets/tpacf/medium/input/Randompnts.22
datasets/tpacf/medium/input/Randompnts.23
datasets/tpacf/medium/input/Randompnts.24
datasets/tpacf/medium/input/Randompnts.25
datasets/tpacf/medium/input/Randompnts.26
datasets/tpacf/medium/input/Randompnts.27
datasets/tpacf/medium/input/Randompnts.28
datasets/tpacf/medium/input/Randompnts.29
datasets/tpacf/medium/input/Randompnts.3
datasets/tpacf/medium/input/Randompnts.30
datasets/tpacf/medium/input/Randompnts.31
datasets/tpacf/medium/input/Randompnts.32
datasets/tpacf/medium/input/Randompnts.33
datasets/tpacf/medium/input/Randompnts.34
datasets/tpacf/medium/input/Randompnts.35
datasets/tpacf/medium/input/Randompnts.36
datasets/tpacf/medium/input/Randompnts.37
datasets/tpacf/medium/input/Randompnts.38
datasets/tpacf/medium/input/Randompnts.39
datasets/tpacf/medium/input/Randompnts.4
datasets/tpacf/medium/input/Randompnts.40
datasets/tpacf/medium/input/Randompnts.41
datasets/tpacf/medium/input/Randompnts.42
datasets/tpacf/medium/input/Randompnts.43
datasets/tpacf/medium/input/Randompnts.44
datasets/tpacf/medium/input/Randompnts.45
datasets/tpacf/medium/input/Randompnts.46
datasets/tpacf/medium/input/Randompnts.47
datasets/tpacf/medium/input/Randompnts.48
datasets/tpacf/medium/input/Randompnts.49
datasets/tpacf/medium/input/Randompnts.5
datasets/tpacf/medium/input/Randompnts.50
datasets/tpacf/medium/input/Randompnts.51
datasets/tpacf/medium/input/Randompnts.52
datasets/tpacf/medium/input/Randompnts.53
datasets/tpacf/medium/input/Randompnts.54
datasets/tpacf/medium/input/Randompnts.55
datasets/tpacf/medium/input/Randompnts.56
datasets/tpacf/medium/input/Randompnts.57
datasets/tpacf/medium/input/Randompnts.58
datasets/tpacf/medium/input/Randompnts.59
datasets/tpacf/medium/input/Randompnts.6
datasets/tpacf/medium/input/Randompnts.60
datasets/tpacf/medium/input/Randompnts.61
datasets/tpacf/medium/input/Randompnts.62
datasets/tpacf/medium/input/Randompnts.63
datasets/tpacf/medium/input/Randompnts.64
datasets/tpacf/medium/input/Randompnts.65
datasets/tpacf/medium/input/Randompnts.66
datasets/tpacf/medium/input/Randompnts.67
datasets/tpacf/medium/input/Randompnts.68
datasets/tpacf/medium/input/Randompnts.69
datasets/tpacf/medium/input/Randompnts.7
datasets/tpacf/medium/input/Randompnts.70
datasets/tpacf/medium/input/Randompnts.71
datasets/tpacf/medium/input/Randompnts.72
datasets/tpacf/medium/input/Randompnts.73
datasets/tpacf/medium/input/Randompnts.74
datasets/tpacf/medium/input/Randompnts.75
datasets/tpacf/medium/input/Randompnts.76
datasets/tpacf/medium/input/Randompnts.77
datasets/tpacf/medium/input/Randompnts.78
datasets/tpacf/medium/input/Randompnts.79
datasets/tpacf/medium/input/Randompnts.8
datasets/tpacf/medium/input/Randompnts.80
datasets/tpacf/medium/input/Randompnts.81
datasets/tpacf/medium/input/Randompnts.82
datasets/tpacf/medium/input/Randompnts.83
datasets/tpacf/medium/input/Randompnts.84
datasets/tpacf/medium/input/Randompnts.85
datasets/tpacf/medium/input/Randompnts.86
datasets/tpacf/medium/input/Randompnts.87
datasets/tpacf/medium/input/Randompnts.88
datasets/tpacf/medium/input/Randompnts.89
datasets/tpacf/medium/input/Randompnts.9
datasets/tpacf/medium/input/Randompnts.90
datasets/tpacf/medium/input/Randompnts.91
datasets/tpacf/medium/input/Randompnts.92
datasets/tpacf/medium/input/Randompnts.93
datasets/tpacf/medium/input/Randompnts.94
datasets/tpacf/medium/input/Randompnts.95
datasets/tpacf/medium/input/Randompnts.96
datasets/tpacf/medium/input/Randompnts.97
datasets/tpacf/medium/input/Randompnts.98
datasets/tpacf/medium/input/Randompnts.99
datasets/tpacf/medium/output/tpacf.out
datasets/tpacf/small/input/Datapnts.1
datasets/tpacf/small/input/DESCRIPTION
datasets/tpacf/small/input/Randompnts.1
datasets/tpacf/small/input/Randompnts.10
datasets/tpacf/small/input/Randompnts.100
datasets/tpacf/small/input/Randompnts.11
datasets/tpacf/small/input/Randompnts.12
datasets/tpacf/small/input/Randompnts.13
datasets/tpacf/small/input/Randompnts.14
datasets/tpacf/small/input/Randompnts.15
datasets/tpacf/small/input/Randompnts.16
datasets/tpacf/small/input/Randompnts.17
datasets/tpacf/small/input/Randompnts.18
datasets/tpacf/small/input/Randompnts.19
datasets/tpacf/small/input/Randompnts.2
datasets/tpacf/small/input/Randompnts.20
datasets/tpacf/small/input/Randompnts.21
datasets/tpacf/small/input/Randompnts.22
datasets/tpacf/small/input/Randompnts.23
datasets/tpacf/small/input/Randompnts.24
datasets/tpacf/small/input/Randompnts.25
datasets/tpacf/small/input/Randompnts.26
datasets/tpacf/small/input/Randompnts.27
datasets/tpacf/small/input/Randompnts.28
datasets/tpacf/small/input/Randompnts.29
datasets/tpacf/small/input/Randompnts.3
datasets/tpacf/small/input/Randompnts.30
datasets/tpacf/small/input/Randompnts.31
datasets/tpacf/small/input/Randompnts.32
datasets/tpacf/small/input/Randompnts.33
datasets/tpacf/small/input/Randompnts.34
datasets/tpacf/small/input/Randompnts.35
datasets/tpacf/small/input/Randompnts.36
datasets/tpacf/small/input/Randompnts.37
datasets/tpacf/small/input/Randompnts.38
datasets/tpacf/small/input/Randompnts.39
datasets/tpacf/small/input/Randompnts.4
datasets/tpacf/small/input/Randompnts.40
datasets/tpacf/small/input/Randompnts.41
datasets/tpacf/small/input/Randompnts.42
datasets/tpacf/small/input/Randompnts.43
datasets/tpacf/small/input/Randompnts.44
datasets/tpacf/small/input/Randompnts.45
datasets/tpacf/small/input/Randompnts.46
datasets/tpacf/small/input/Randompnts.47
datasets/tpacf/small/input/Randompnts.48
datasets/tpacf/small/input/Randompnts.49
datasets/tpacf/small/input/Randompnts.5
datasets/tpacf/small/input/Randompnts.50
datasets/tpacf/small/input/Randompnts.51
datasets/tpacf/small/input/Randompnts.52
datasets/tpacf/small/input/Randompnts.53
datasets/tpacf/small/input/Randompnts.54
datasets/tpacf/small/input/Randompnts.55
datasets/tpacf/small/input/Randompnts.56
datasets/tpacf/small/input/Randompnts.57
datasets/tpacf/small/input/Randompnts.58
datasets/tpacf/small/input/Randompnts.59
datasets/tpacf/small/input/Randompnts.6
datasets/tpacf/small/input/Randompnts.60
datasets/tpacf/small/input/Randompnts.61
datasets/tpacf/small/input/Randompnts.62
datasets/tpacf/small/input/Randompnts.63
datasets/tpacf/small/input/Randompnts.64
datasets/tpacf/small/input/Randompnts.65
datasets/tpacf/small/input/Randompnts.66
datasets/tpacf/small/input/Randompnts.67
datasets/tpacf/small/input/Randompnts.68
datasets/tpacf/small/input/Randompnts.69
datasets/tpacf/small/input/Randompnts.7
datasets/tpacf/small/input/Randompnts.70
datasets/tpacf/small/input/Randompnts.71
datasets/tpacf/small/input/Randompnts.72
datasets/tpacf/small/input/Randompnts.73
datasets/tpacf/small/input/Randompnts.74
datasets/tpacf/small/input/Randompnts.75
datasets/tpacf/small/input/Randompnts.76
datasets/tpacf/small/input/Randompnts.77
datasets/tpacf/small/input/Randompnts.78
datasets/tpacf/small/input/Randompnts.79
datasets/tpacf/small/input/Randompnts.8
datasets/tpacf/small/input/Randompnts.80
datasets/tpacf/small/input/Randompnts.81
datasets/tpacf/small/input/Randompnts.82
datasets/tpacf/small/input/Randompnts.83
datasets/tpacf/small/input/Randompnts.84
datasets/tpacf/small/input/Randompnts.85
datasets/tpacf/small/input/Randompnts.86
datasets/tpacf/small/input/Randompnts.87
datasets/tpacf/small/input/Randompnts.88
datasets/tpacf/small/input/Randompnts.89
datasets/tpacf/small/input/Randompnts.9
datasets/tpacf/small/input/Randompnts.90
datasets/tpacf/small/input/Randompnts.91
datasets/tpacf/small/input/Randompnts.92
datasets/tpacf/small/input/Randompnts.93
datasets/tpacf/small/input/Randompnts.94
datasets/tpacf/small/input/Randompnts.95
datasets/tpacf/small/input/Randompnts.96
datasets/tpacf/small/input/Randompnts.97
datasets/tpacf/small/input/Randompnts.98
datasets/tpacf/small/input/Randompnts.99
datasets/tpacf/small/output/tpacf.out
datasets/sgemm/medium/input/DESCRIPTION
datasets/sgemm/medium/input/matrix1t.txt
datasets/sgemm/medium/input/matrix1.txt
datasets/sgemm/medium/input/matrix2t.txt
datasets/sgemm/medium/input/matrix2.txt
datasets/sgemm/medium/output/matrix3.txt
datasets/sgemm/small/input/DESCRIPTION
datasets/sgemm/small/input/matrix1.txt
datasets/sgemm/small/input/matrix2t.txt
datasets/sgemm/small/input/matrix2.txt
datasets/sgemm/small/output/matrix3.txt
benchmarks/bfs/DESCRIPTION
benchmarks/bfs/src/omp_base/Makefile
benchmarks/bfs/src/omp_base/main.cc
benchmarks/bfs/src/cuda/Makefile
benchmarks/bfs/src/cuda/kernel.cu
benchmarks/bfs/src/cuda/main.cu
benchmarks/bfs/src/cuda/config.h
benchmarks/bfs/src/cuda/.__afs3805
benchmarks/bfs/src/cuda_base/Makefile
benchmarks/bfs/src/cuda_base/kernel.cu
benchmarks/bfs/src/cuda_base/main.cu
benchmarks/bfs/src/cuda_base/config.h
benchmarks/bfs/src/cuda_base/.__afs809D
benchmarks/bfs/src/opencl_base/OpenCL_common.h
benchmarks/bfs/src/opencl_base/Makefile
benchmarks/bfs/src/opencl_base/config.h
benchmarks/bfs/src/opencl_base/OpenCL_common.cpp
benchmarks/bfs/src/opencl_base/kernel.cl
benchmarks/bfs/src/opencl_base/main.cpp
benchmarks/bfs/src/opencl_nvidia/OpenCL_common.h
benchmarks/bfs/src/opencl_nvidia/Makefile
benchmarks/bfs/src/opencl_nvidia/config.h
benchmarks/bfs/src/opencl_nvidia/OpenCL_common.cpp
benchmarks/bfs/src/opencl_nvidia/kernel.cl
benchmarks/bfs/src/opencl_nvidia/main.cpp
benchmarks/bfs/src/base/Makefile
benchmarks/bfs/src/base/main.cc
benchmarks/bfs/tools/compare-output
benchmarks/cutcp/DESCRIPTION
benchmarks/cutcp/src/base/Makefile
benchmarks/cutcp/src/base/atom.h
benchmarks/cutcp/src/base/cutcpu.c
benchmarks/cutcp/src/base/cutoff.h
benchmarks/cutcp/src/base/excl.c
benchmarks/cutcp/src/base/main.c
benchmarks/cutcp/src/base/output.c
benchmarks/cutcp/src/base/output.h
benchmarks/cutcp/src/base/readatom.c
benchmarks/cutcp/src/cuda/Makefile
benchmarks/cutcp/src/cuda/atom.h
benchmarks/cutcp/src/cuda/cutcpu.c
benchmarks/cutcp/src/cuda/cutoff.h
benchmarks/cutcp/src/cuda/cutoff6overlap.cu
benchmarks/cutcp/src/cuda/excl.c
benchmarks/cutcp/src/cuda/main.c
benchmarks/cutcp/src/cuda/output.c
benchmarks/cutcp/src/cuda/output.h
benchmarks/cutcp/src/cuda/readatom.c
benchmarks/cutcp/src/cuda_base/Makefile
benchmarks/cutcp/src/cuda_base/atom.h
benchmarks/cutcp/src/cuda_base/cutcpu.c
benchmarks/cutcp/src/cuda_base/cutoff.cu
benchmarks/cutcp/src/cuda_base/cutoff.h
benchmarks/cutcp/src/cuda_base/excl.c
benchmarks/cutcp/src/cuda_base/main.c
benchmarks/cutcp/src/cuda_base/output.c
benchmarks/cutcp/src/cuda_base/output.h
benchmarks/cutcp/src/cuda_base/readatom.c
benchmarks/cutcp/src/opencl_base/Makefile
benchmarks/cutcp/src/opencl_base/atom.h
benchmarks/cutcp/src/opencl_base/cutcpu.c
benchmarks/cutcp/src/opencl_base/cutoff.c
benchmarks/cutcp/src/opencl_base/cutoff.h
benchmarks/cutcp/src/opencl_base/excl.c
benchmarks/cutcp/src/opencl_base/kernel.cl
benchmarks/cutcp/src/opencl_base/macros.h
benchmarks/cutcp/src/opencl_base/main.c
benchmarks/cutcp/src/opencl_base/ocl.c
benchmarks/cutcp/src/opencl_base/ocl.h
benchmarks/cutcp/src/opencl_base/output.c
benchmarks/cutcp/src/opencl_base/output.h
benchmarks/cutcp/src/opencl_base/readatom.c
benchmarks/cutcp/src/opencl_nvidia/Makefile
benchmarks/cutcp/src/opencl_nvidia/atom.h
benchmarks/cutcp/src/opencl_nvidia/cutcpu.c
benchmarks/cutcp/src/opencl_nvidia/cutoff.h
benchmarks/cutcp/src/opencl_nvidia/excl.c
benchmarks/cutcp/src/opencl_nvidia/kernel.cl
benchmarks/cutcp/src/opencl_nvidia/cutoff6overlap.c
benchmarks/cutcp/src/opencl_nvidia/macros.h
benchmarks/cutcp/src/opencl_nvidia/main.c
benchmarks/cutcp/src/opencl_nvidia/ocl.c
benchmarks/cutcp/src/opencl_nvidia/ocl.h
benchmarks/cutcp/src/opencl_nvidia/output.c
benchmarks/cutcp/src/opencl_nvidia/output.h
benchmarks/cutcp/src/opencl_nvidia/readatom.c
benchmarks/cutcp/src/omp_base/Makefile
benchmarks/cutcp/src/omp_base/atom.h
benchmarks/cutcp/src/omp_base/cutcpu.c
benchmarks/cutcp/src/omp_base/cutoff.h
benchmarks/cutcp/src/omp_base/excl.c
benchmarks/cutcp/src/omp_base/main.c
benchmarks/cutcp/src/omp_base/output.c
benchmarks/cutcp/src/omp_base/output.h
benchmarks/cutcp/src/omp_base/readatom.c
benchmarks/cutcp/tools/compare-output
benchmarks/histo/DESCRIPTION
benchmarks/histo/src/base/Makefile
benchmarks/histo/src/base/bmp.h
benchmarks/histo/src/base/main.c
benchmarks/histo/src/base/util.c
benchmarks/histo/src/base/util.h
benchmarks/histo/src/cuda/Makefile
benchmarks/histo/src/cuda/bmp.h
benchmarks/histo/src/cuda/histo_final.cu
benchmarks/histo/src/cuda/histo_intermediates.cu
benchmarks/histo/src/cuda/histo_main.cu
benchmarks/histo/src/cuda/histo_prescan.cu
benchmarks/histo/src/cuda/main.cu
benchmarks/histo/src/cuda/util.cu
benchmarks/histo/src/cuda/util.h
benchmarks/histo/src/threaded/FauxBlock.c
benchmarks/histo/src/threaded/FauxBlock.h
benchmarks/histo/src/threaded/Makefile
benchmarks/histo/src/threaded/bmp.h
benchmarks/histo/src/threaded/main.c
benchmarks/histo/src/threaded/util.c
benchmarks/histo/src/threaded/util.h
benchmarks/histo/src/cuda-base/.histo_final.cu.swp
benchmarks/histo/src/cuda-base/.histo_main.cu.swp
benchmarks/histo/src/cuda_base/histo_final.cu
benchmarks/histo/src/cuda_base/Makefile
benchmarks/histo/src/cuda_base/bmp.h
benchmarks/histo/src/cuda_base/histo_main.cu
benchmarks/histo/src/cuda_base/histo_intermediates.cu
benchmarks/histo/src/cuda_base/main.cu
benchmarks/histo/src/cuda_base/util.cu
benchmarks/histo/src/cuda_base/histo_prescan.cu
benchmarks/histo/src/cuda_base/util.h
benchmarks/histo/src/opencl_base/histo_final.cl
benchmarks/histo/src/opencl_base/Makefile
benchmarks/histo/src/opencl_base/bmp.h
benchmarks/histo/src/opencl_base/OpenCL_common.h
benchmarks/histo/src/opencl_base/histo_main.cl
benchmarks/histo/src/opencl_base/histo_intermediates.cl
benchmarks/histo/src/opencl_base/main.cpp
benchmarks/histo/src/opencl_base/util.cpp
benchmarks/histo/src/opencl_base/histo_prescan.cl
benchmarks/histo/src/opencl_base/util.h
benchmarks/histo/src/opencl_base/OpenCL_common.cpp
benchmarks/histo/src/opencl_nvidia/histo_final.cl
benchmarks/histo/src/opencl_nvidia/Makefile
benchmarks/histo/src/opencl_nvidia/bmp.h
benchmarks/histo/src/opencl_nvidia/OpenCL_common.h
benchmarks/histo/src/opencl_nvidia/histo_main.cl
benchmarks/histo/src/opencl_nvidia/histo_intermediates.cl
benchmarks/histo/src/opencl_nvidia/main.cpp
benchmarks/histo/src/opencl_nvidia/util.cpp
benchmarks/histo/src/opencl_nvidia/histo_prescan.cl
benchmarks/histo/src/opencl_nvidia/util.h
benchmarks/histo/src/opencl_nvidia/OpenCL_common.cpp
benchmarks/histo/src/omp_base/Makefile
benchmarks/histo/src/omp_base/bmp.h
benchmarks/histo/src/omp_base/main.c
benchmarks/histo/src/omp_base/util.c
benchmarks/histo/src/omp_base/util.h
benchmarks/histo/tools/compare-output
benchmarks/lbm/DESCRIPTION
benchmarks/lbm/src/cpu/Makefile
benchmarks/lbm/src/cpu/config.h
benchmarks/lbm/src/cpu/lbm.c
benchmarks/lbm/src/cpu/lbm.h
benchmarks/lbm/src/cpu/lbm_1d_array.h
benchmarks/lbm/src/cpu/main.c
benchmarks/lbm/src/cpu/main.h
benchmarks/lbm/src/cuda/Makefile
benchmarks/lbm/src/cuda/layout_config.h
benchmarks/lbm/src/cuda/lbm.cu
benchmarks/lbm/src/cuda/lbm.h
benchmarks/lbm/src/cuda/lbm_kernel.cu
benchmarks/lbm/src/cuda/lbm_macros.h
benchmarks/lbm/src/cuda/main.h
benchmarks/lbm/src/cuda/main.cc
benchmarks/lbm/src/cuda_base/Makefile
benchmarks/lbm/src/cuda_base/layout_config.h
benchmarks/lbm/src/cuda_base/lbm.cu
benchmarks/lbm/src/cuda_base/lbm.h
benchmarks/lbm/src/cuda_base/lbm_kernel.cu
benchmarks/lbm/src/cuda_base/lbm_macros.h
benchmarks/lbm/src/cuda_base/main.h
benchmarks/lbm/src/cuda_base/main.cc
benchmarks/lbm/src/opencl_base/layout_config.h
benchmarks/lbm/src/opencl_base/Makefile
benchmarks/lbm/src/opencl_base/kernel.cl
benchmarks/lbm/src/opencl_base/lbm.c
benchmarks/lbm/src/opencl_base/lbm.h
benchmarks/lbm/src/opencl_base/lbm_macros.h
benchmarks/lbm/src/opencl_base/main.c
benchmarks/lbm/src/opencl_base/main.h
benchmarks/lbm/src/opencl_base/ocl.c
benchmarks/lbm/src/opencl_base/ocl.h
benchmarks/lbm/src/opencl_nvidia/layout_config.h
benchmarks/lbm/src/opencl_nvidia/Makefile
benchmarks/lbm/src/opencl_nvidia/kernel.cl
benchmarks/lbm/src/opencl_nvidia/lbm.c
benchmarks/lbm/src/opencl_nvidia/lbm.h
benchmarks/lbm/src/opencl_nvidia/lbm_macros.h
benchmarks/lbm/src/opencl_nvidia/main.c
benchmarks/lbm/src/opencl_nvidia/main.h
benchmarks/lbm/src/opencl_nvidia/ocl.c
benchmarks/lbm/src/opencl_nvidia/ocl.h
benchmarks/lbm/src/omp_cpu/lbm_1d_array.h
benchmarks/lbm/src/omp_cpu/Makefile
benchmarks/lbm/src/omp_cpu/config.h
benchmarks/lbm/src/omp_cpu/lbm.c
benchmarks/lbm/src/omp_cpu/lbm.h
benchmarks/lbm/src/omp_cpu/main.c
benchmarks/lbm/src/omp_cpu/main.h
benchmarks/lbm/tools/compare-output
benchmarks/mri-gridding/DESCRIPTION
benchmarks/mri-gridding/src/cuda/CPU_kernels.c
benchmarks/mri-gridding/src/cuda/CPU_kernels.h
benchmarks/mri-gridding/src/cuda/CUDA_interface.cu
benchmarks/mri-gridding/src/cuda/CUDA_interface.h
benchmarks/mri-gridding/src/cuda/GPU_kernels.cu
benchmarks/mri-gridding/src/cuda/Makefile
benchmarks/mri-gridding/src/cuda/UDTypes.h
benchmarks/mri-gridding/src/cuda/scanLargeArray.cu
benchmarks/mri-gridding/src/cuda/scanLargeArray.h
benchmarks/mri-gridding/src/cuda/sort.cu
benchmarks/mri-gridding/src/cuda/sort.h
benchmarks/mri-gridding/src/cuda/main.cu
benchmarks/mri-gridding/src/base/CPU_kernels.c
benchmarks/mri-gridding/src/base/CPU_kernels.h
benchmarks/mri-gridding/src/base/Makefile
benchmarks/mri-gridding/src/base/UDTypes.h
benchmarks/mri-gridding/src/base/main.c
benchmarks/mri-gridding/src/cuda-base/CPU_kernels.c
benchmarks/mri-gridding/src/cuda-base/CPU_kernels.h
benchmarks/mri-gridding/src/cuda-base/CUDA_interface.cu
benchmarks/mri-gridding/src/cuda-base/CUDA_interface.h
benchmarks/mri-gridding/src/cuda-base/GPU_kernels.cu
benchmarks/mri-gridding/src/cuda-base/Makefile
benchmarks/mri-gridding/src/cuda-base/UDTypes.h
benchmarks/mri-gridding/src/cuda-base/main.cu
benchmarks/mri-gridding/src/cuda-base/scanLargeArray.cu
benchmarks/mri-gridding/src/cuda-base/scanLargeArray.h
benchmarks/mri-gridding/src/cuda-base/sort.cu
benchmarks/mri-gridding/src/cuda-base/sort.h
benchmarks/mri-gridding/src/opencl_base/GPU_kernels.cl
benchmarks/mri-gridding/src/opencl_base/CPU_kernels.c
benchmarks/mri-gridding/src/opencl_base/CPU_kernels.h
benchmarks/mri-gridding/src/opencl_base/OpenCL_common.h
benchmarks/mri-gridding/src/opencl_base/Makefile
benchmarks/mri-gridding/src/opencl_base/UDTypes.h
benchmarks/mri-gridding/src/opencl_base/OpenCL_common.cpp
benchmarks/mri-gridding/src/opencl_base/OpenCL_interface.cpp
benchmarks/mri-gridding/src/opencl_base/OpenCL_interface.h
benchmarks/mri-gridding/src/opencl_base/main.cpp
benchmarks/mri-gridding/src/opencl_base/sort.cl
benchmarks/mri-gridding/src/opencl_base/sort.cpp
benchmarks/mri-gridding/src/opencl_base/scanLargeArray.cl
benchmarks/mri-gridding/src/opencl_base/scanLargeArray.cpp
benchmarks/mri-gridding/src/opencl_base/scanLargeArray.h
benchmarks/mri-gridding/src/opencl_base/sort.h
benchmarks/mri-gridding/src/opencl_nvidia/GPU_kernels.cl
benchmarks/mri-gridding/src/opencl_nvidia/CPU_kernels.c
benchmarks/mri-gridding/src/opencl_nvidia/CPU_kernels.h
benchmarks/mri-gridding/src/opencl_nvidia/Makefile
benchmarks/mri-gridding/src/opencl_nvidia/sort.h
benchmarks/mri-gridding/src/opencl_nvidia/OpenCL_common.h
benchmarks/mri-gridding/src/opencl_nvidia/scanLargeArray.h
benchmarks/mri-gridding/src/opencl_nvidia/UDTypes.h
benchmarks/mri-gridding/src/opencl_nvidia/main.cpp
benchmarks/mri-gridding/src/opencl_nvidia/sort.cl
benchmarks/mri-gridding/src/opencl_nvidia/OpenCL_common.cpp
benchmarks/mri-gridding/src/opencl_nvidia/OpenCL_interface.cpp
benchmarks/mri-gridding/src/opencl_nvidia/OpenCL_interface.h
benchmarks/mri-gridding/src/opencl_nvidia/sort.cpp
benchmarks/mri-gridding/src/opencl_nvidia/scanLargeArray.cl
benchmarks/mri-gridding/src/opencl_nvidia/scanLargeArray.cpp
benchmarks/mri-gridding/src/omp_base/CPU_kernels.c
benchmarks/mri-gridding/src/omp_base/CPU_kernels.h
benchmarks/mri-gridding/src/omp_base/Makefile
benchmarks/mri-gridding/src/omp_base/UDTypes.h
benchmarks/mri-gridding/src/omp_base/main.c
benchmarks/mri-gridding/tools/compare-output
benchmarks/mri-q/DESCRIPTION
benchmarks/mri-q/src/omp_base/Makefile
benchmarks/mri-q/src/omp_base/computeQ.cc
benchmarks/mri-q/src/omp_base/file.cc
benchmarks/mri-q/src/omp_base/file.h
benchmarks/mri-q/src/omp_base/main.c
benchmarks/mri-q/src/cpu/Makefile
benchmarks/mri-q/src/cpu/computeQ.cc
benchmarks/mri-q/src/cpu/file.cc
benchmarks/mri-q/src/cpu/file.h
benchmarks/mri-q/src/cpu/main.c
benchmarks/mri-q/src/cuda/Makefile
benchmarks/mri-q/src/cuda/computeQ.cu
benchmarks/mri-q/src/cuda/file.cc
benchmarks/mri-q/src/cuda/file.h
benchmarks/mri-q/src/cuda/main.cu
benchmarks/mri-q/src/opencl_nvidia/Makefile
benchmarks/mri-q/src/opencl_nvidia/computeQ.c
benchmarks/mri-q/src/opencl_nvidia/computeQ.h
benchmarks/mri-q/src/opencl_nvidia/file.cc
benchmarks/mri-q/src/opencl_nvidia/file.h
benchmarks/mri-q/src/opencl_nvidia/kernels.cl
benchmarks/mri-q/src/opencl_nvidia/macros.h
benchmarks/mri-q/src/opencl_nvidia/main.c
benchmarks/mri-q/src/opencl_nvidia/ocl.c
benchmarks/mri-q/src/opencl_nvidia/ocl.h
benchmarks/mri-q/src/opencl/Makefile
benchmarks/mri-q/src/opencl/computeQ.c
benchmarks/mri-q/src/opencl/computeQ.h
benchmarks/mri-q/src/opencl/file.cc
benchmarks/mri-q/src/opencl/file.h
benchmarks/mri-q/src/opencl/kernels.cl
benchmarks/mri-q/src/opencl/macros.h
benchmarks/mri-q/src/opencl/main.c
benchmarks/mri-q/src/opencl/ocl.c
benchmarks/mri-q/src/opencl/ocl.h
benchmarks/mri-q/tools/compare-output
benchmarks/mri-q/recycle/base/Makefile
benchmarks/mri-q/recycle/base/computeQ.cc
benchmarks/mri-q/recycle/base/file.cc
benchmarks/mri-q/recycle/base/file.h
benchmarks/mri-q/recycle/base/main.c
benchmarks/sad/DESCRIPTION
benchmarks/sad/src/base/Makefile
benchmarks/sad/src/base/file.c
benchmarks/sad/src/base/file.h
benchmarks/sad/src/base/image.c
benchmarks/sad/src/base/image.h
benchmarks/sad/src/base/main.c
benchmarks/sad/src/base/sad.h
benchmarks/sad/src/base/sad_cpu.c
benchmarks/sad/src/cpu/Makefile
benchmarks/sad/src/cpu/file.c
benchmarks/sad/src/cpu/file.h
benchmarks/sad/src/cpu/image.c
benchmarks/sad/src/cpu/image.h
benchmarks/sad/src/cpu/main.c
benchmarks/sad/src/cpu/sad.h
benchmarks/sad/src/cpu/sad_cpu.c
benchmarks/sad/src/cuda/Makefile
benchmarks/sad/src/cuda/file.c
benchmarks/sad/src/cuda/file.h
benchmarks/sad/src/cuda/image.c
benchmarks/sad/src/cuda/image.h
benchmarks/sad/src/cuda/largerBlocks.cu
benchmarks/sad/src/cuda/largerBlocks.h
benchmarks/sad/src/cuda/main.cu
benchmarks/sad/src/cuda/sad.h
benchmarks/sad/src/cuda/sad4.cu
benchmarks/sad/src/cuda/sad4.h
benchmarks/sad/src/cuda_base/Makefile
benchmarks/sad/src/cuda_base/file.c
benchmarks/sad/src/cuda_base/file.h
benchmarks/sad/src/cuda_base/image.c
benchmarks/sad/src/cuda_base/image.h
benchmarks/sad/src/cuda_base/largerBlocks.cu
benchmarks/sad/src/cuda_base/largerBlocks.h
benchmarks/sad/src/cuda_base/main.cu
benchmarks/sad/src/cuda_base/sad.h
benchmarks/sad/src/cuda_base/sad4.cu
benchmarks/sad/src/cuda_base/sad4.h
benchmarks/sad/src/opencl_base/OpenCL_common.h
benchmarks/sad/src/opencl_base/Makefile
benchmarks/sad/src/opencl_base/file.c
benchmarks/sad/src/opencl_base/file.h
benchmarks/sad/src/opencl_base/image.c
benchmarks/sad/src/opencl_base/image.h
benchmarks/sad/src/opencl_base/main.cpp
benchmarks/sad/src/opencl_base/sad.h
benchmarks/sad/src/opencl_base/sad_kernel.cl
benchmarks/sad/src/opencl_base/sad_kernel.h
benchmarks/sad/src/opencl_base/OpenCL_common.cpp
benchmarks/sad/src/opencl_nvidia/main_debug.cpp
benchmarks/sad/src/opencl_nvidia/Makefile
benchmarks/sad/src/opencl_nvidia/file.c
benchmarks/sad/src/opencl_nvidia/file.h
benchmarks/sad/src/opencl_nvidia/image.c
benchmarks/sad/src/opencl_nvidia/image.h
benchmarks/sad/src/opencl_nvidia/main.cpp
benchmarks/sad/src/opencl_nvidia/OpenCL_common.h
benchmarks/sad/src/opencl_nvidia/sad.h
benchmarks/sad/src/opencl_nvidia/sad_kernel.cl
benchmarks/sad/src/opencl_nvidia/sad_kernel.h
benchmarks/sad/src/opencl_nvidia/OpenCL_common.cpp
benchmarks/sad/tools/compare-output
benchmarks/sad/tools/compute-one-sad.py
benchmarks/spmv/DESCRIPTION
benchmarks/spmv/src/cuda/Makefile
benchmarks/spmv/src/cuda/file.cc
benchmarks/spmv/src/cuda/file.h
benchmarks/spmv/src/cuda/gpu_info.cc
benchmarks/spmv/src/cuda/gpu_info.h
benchmarks/spmv/src/cuda/jds_kernels.cu
benchmarks/spmv/src/cuda/main.cu
benchmarks/spmv/src/cuda/spmv_jds.h
benchmarks/spmv/src/cpu/Makefile
benchmarks/spmv/src/cpu/file.c
benchmarks/spmv/src/cpu/file.h
benchmarks/spmv/src/cpu/main.c
benchmarks/spmv/src/cuda_base/Makefile
benchmarks/spmv/src/cuda_base/file.cc
benchmarks/spmv/src/cuda_base/file.h
benchmarks/spmv/src/cuda_base/gpu_info.cc
benchmarks/spmv/src/cuda_base/gpu_info.h
benchmarks/spmv/src/cuda_base/jds_kernels.cu
benchmarks/spmv/src/cuda_base/main.cu
benchmarks/spmv/src/cuda_base/spmv_jds.h
benchmarks/spmv/src/cuda_base_tex/Makefile
benchmarks/spmv/src/cuda_base_tex/file.cc
benchmarks/spmv/src/cuda_base_tex/file.h
benchmarks/spmv/src/cuda_base_tex/gpu_info.cc
benchmarks/spmv/src/cuda_base_tex/gpu_info.h
benchmarks/spmv/src/cuda_base_tex/jds_kernels.cu
benchmarks/spmv/src/cuda_base_tex/main.cu
benchmarks/spmv/src/cuda_base_tex/spmv_jds.h
benchmarks/spmv/src/cuda_tex/Makefile
benchmarks/spmv/src/cuda_tex/file.h
benchmarks/spmv/src/cuda_tex/gpu_info.cc
benchmarks/spmv/src/cuda_tex/gpu_info.h
benchmarks/spmv/src/cuda_tex/jds_kernels.cu
benchmarks/spmv/src/cuda_tex/main.cu
benchmarks/spmv/src/cuda_tex/spmv_jds.h
benchmarks/spmv/src/cuda_tex/file.cc
benchmarks/spmv/src/opencl_base/Makefile
benchmarks/spmv/src/opencl_base/file.h
benchmarks/spmv/src/opencl_base/gpu_info.c
benchmarks/spmv/src/opencl_base/gpu_info.h
benchmarks/spmv/src/opencl_base/kernel.cl
benchmarks/spmv/src/opencl_base/main.c
benchmarks/spmv/src/opencl_base/ocl.c
benchmarks/spmv/src/opencl_base/ocl.h
benchmarks/spmv/src/opencl_base/file.c
benchmarks/spmv/src/opencl_nvidia/Makefile
benchmarks/spmv/src/opencl_nvidia/file.h
benchmarks/spmv/src/opencl_nvidia/gpu_info.c
benchmarks/spmv/src/opencl_nvidia/gpu_info.h
benchmarks/spmv/src/opencl_nvidia/kernel.cl
benchmarks/spmv/src/opencl_nvidia/main.c
benchmarks/spmv/src/opencl_nvidia/ocl.c
benchmarks/spmv/src/opencl_nvidia/ocl.h
benchmarks/spmv/src/opencl_nvidia/file.c
benchmarks/spmv/src/opencl_tex/Makefile
benchmarks/spmv/src/opencl_tex/file.h
benchmarks/spmv/src/opencl_tex/gpu_info.c
benchmarks/spmv/src/opencl_tex/gpu_info.h
benchmarks/spmv/src/opencl_tex/kernel.cl
benchmarks/spmv/src/opencl_tex/main.c
benchmarks/spmv/src/opencl_tex/ocl.c
benchmarks/spmv/src/opencl_tex/ocl.h
benchmarks/spmv/src/opencl_tex/file.c
benchmarks/spmv/src/opencl_tex_nvidia/Makefile
benchmarks/spmv/src/opencl_tex_nvidia/file.h
benchmarks/spmv/src/opencl_tex_nvidia/gpu_info.c
benchmarks/spmv/src/opencl_tex_nvidia/gpu_info.h
benchmarks/spmv/src/opencl_tex_nvidia/kernel.cl
benchmarks/spmv/src/opencl_tex_nvidia/main.c
benchmarks/spmv/src/opencl_tex_nvidia/ocl.c
benchmarks/spmv/src/opencl_tex_nvidia/ocl.h
benchmarks/spmv/src/opencl_tex_nvidia/file.c
benchmarks/spmv/src/opencl_tex_nvidia/opencl_base/Makefile
benchmarks/spmv/src/opencl_tex_nvidia/opencl_base/file.cc
benchmarks/spmv/src/opencl_tex_nvidia/opencl_base/file.h
benchmarks/spmv/src/opencl_tex_nvidia/opencl_base/gpu_info.c
benchmarks/spmv/src/opencl_tex_nvidia/opencl_base/gpu_info.h
benchmarks/spmv/src/opencl_tex_nvidia/opencl_base/kernel.cl
benchmarks/spmv/src/opencl_tex_nvidia/opencl_base/main.c
benchmarks/spmv/src/opencl_tex_nvidia/opencl_base/ocl.c
benchmarks/spmv/src/opencl_tex_nvidia/opencl_base/ocl.h
benchmarks/spmv/src/opencl_tex_nvidia/opencl_nvidia/Makefile
benchmarks/spmv/src/opencl_tex_nvidia/opencl_nvidia/file.cc
benchmarks/spmv/src/opencl_tex_nvidia/opencl_nvidia/file.h
benchmarks/spmv/src/opencl_tex_nvidia/opencl_nvidia/gpu_info.c
benchmarks/spmv/src/opencl_tex_nvidia/opencl_nvidia/gpu_info.h
benchmarks/spmv/src/opencl_tex_nvidia/opencl_nvidia/kernel.cl
benchmarks/spmv/src/opencl_tex_nvidia/opencl_nvidia/main.c
benchmarks/spmv/src/opencl_tex_nvidia/opencl_nvidia/ocl.c
benchmarks/spmv/src/opencl_tex_nvidia/opencl_nvidia/ocl.h
benchmarks/spmv/src/opencl_tex_nvidia/opencl_tex/Makefile
benchmarks/spmv/src/opencl_tex_nvidia/opencl_tex/file.cc
benchmarks/spmv/src/opencl_tex_nvidia/opencl_tex/file.h
benchmarks/spmv/src/opencl_tex_nvidia/opencl_tex/gpu_info.c
benchmarks/spmv/src/opencl_tex_nvidia/opencl_tex/gpu_info.h
benchmarks/spmv/src/opencl_tex_nvidia/opencl_tex/kernel.cl
benchmarks/spmv/src/opencl_tex_nvidia/opencl_tex/main.c
benchmarks/spmv/src/opencl_tex_nvidia/opencl_tex/ocl.c
benchmarks/spmv/src/opencl_tex_nvidia/opencl_tex/ocl.h
benchmarks/spmv/src/opencl_ati/Makefile
benchmarks/spmv/src/opencl_ati/file.h
benchmarks/spmv/src/opencl_ati/gpu_info.c
benchmarks/spmv/src/opencl_ati/gpu_info.h
benchmarks/spmv/src/opencl_ati/kernel.cl
benchmarks/spmv/src/opencl_ati/main.c
benchmarks/spmv/src/opencl_ati/ocl.c
benchmarks/spmv/src/opencl_ati/ocl.h
benchmarks/spmv/src/opencl_ati/readme.txt
benchmarks/spmv/src/opencl_ati/file.c
benchmarks/spmv/src/opencl_ati_vec/Makefile
benchmarks/spmv/src/opencl_ati_vec/file.h
benchmarks/spmv/src/opencl_ati_vec/gpu_info.c
benchmarks/spmv/src/opencl_ati_vec/gpu_info.h
benchmarks/spmv/src/opencl_ati_vec/kernel.cl
benchmarks/spmv/src/opencl_ati_vec/main.c
benchmarks/spmv/src/opencl_ati_vec/ocl.c
benchmarks/spmv/src/opencl_ati_vec/ocl.h
benchmarks/spmv/src/opencl_ati_vec/readme.txt
benchmarks/spmv/src/opencl_ati_vec/file.c
benchmarks/spmv/src/omp_base/Makefile
benchmarks/spmv/src/omp_base/file.c
benchmarks/spmv/src/omp_base/file.h
benchmarks/spmv/src/omp_base/main.c
benchmarks/spmv/tools/compare-output
benchmarks/spmv/common_src/convert-dataset/commontools.mk
benchmarks/spmv/common_src/convert-dataset/Makefile
benchmarks/spmv/common_src/convert-dataset/bcsstk32.mtx
benchmarks/spmv/common_src/convert-dataset/fidapm05.mtx
benchmarks/spmv/common_src/convert-dataset/jgl009.mtx
benchmarks/spmv/common_src/convert-dataset/convert_dataset.c
benchmarks/spmv/common_src/convert-dataset/convert_dataset.h
benchmarks/spmv/common_src/convert-dataset/mmio.c
benchmarks/spmv/common_src/convert-dataset/mmio.h
benchmarks/spmv/common_src/convert-dataset/fidapm05_rhs1.mtx
benchmarks/spmv/common_src/convert-dataset/test.c
benchmarks/stencil/DESCRIPTION
benchmarks/stencil/src/cuda/Makefile
benchmarks/stencil/src/cuda/common.h
benchmarks/stencil/src/cuda/file.cc
benchmarks/stencil/src/cuda/file.h
benchmarks/stencil/src/cuda/kernels.cu
benchmarks/stencil/src/cuda/kernels.h
benchmarks/stencil/src/cuda/main.cu
benchmarks/stencil/src/cuda/cuerr.h
benchmarks/stencil/src/cpu/Makefile
benchmarks/stencil/src/cpu/common.h
benchmarks/stencil/src/cpu/file.c
benchmarks/stencil/src/cpu/file.h
benchmarks/stencil/src/cpu/kernels.c
benchmarks/stencil/src/cpu/kernels.h
benchmarks/stencil/src/cpu/main.c
benchmarks/stencil/src/cuda_base/Makefile
benchmarks/stencil/src/cuda_base/common.h
benchmarks/stencil/src/cuda_base/cuerr.h
benchmarks/stencil/src/cuda_base/file.cc
benchmarks/stencil/src/cuda_base/file.h
benchmarks/stencil/src/cuda_base/kernels.cu
benchmarks/stencil/src/cuda_base/main.cu
benchmarks/stencil/src/cuda_fermi/Makefile
benchmarks/stencil/src/cuda_fermi/common.h
benchmarks/stencil/src/cuda_fermi/cuerr.h
benchmarks/stencil/src/cuda_fermi/file.cc
benchmarks/stencil/src/cuda_fermi/file.h
benchmarks/stencil/src/cuda_fermi/kernels.cu
benchmarks/stencil/src/cuda_fermi/main.cu
benchmarks/stencil/src/opencl_base/Makefile
benchmarks/stencil/src/opencl_base/common.h
benchmarks/stencil/src/opencl_base/file.cc
benchmarks/stencil/src/opencl_base/file.h
benchmarks/stencil/src/opencl_base/kernel.cl
benchmarks/stencil/src/opencl_base/main.c
benchmarks/stencil/src/opencl_fermi/Makefile
benchmarks/stencil/src/opencl_fermi/common.h
benchmarks/stencil/src/opencl_fermi/file.cc
benchmarks/stencil/src/opencl_fermi/file.h
benchmarks/stencil/src/opencl_fermi/kernel.cl
benchmarks/stencil/src/opencl_fermi/main.c
benchmarks/stencil/src/opencl_nvidia/Makefile
benchmarks/stencil/src/opencl_nvidia/common.h
benchmarks/stencil/src/opencl_nvidia/file.cc
benchmarks/stencil/src/opencl_nvidia/file.h
benchmarks/stencil/src/opencl_nvidia/kernel.cl
benchmarks/stencil/src/opencl_nvidia/main.c
benchmarks/stencil/src/omp_base/Makefile
benchmarks/stencil/src/omp_base/common.h
benchmarks/stencil/src/omp_base/file.c
benchmarks/stencil/src/omp_base/file.h
benchmarks/stencil/src/omp_base/kernels.c
benchmarks/stencil/src/omp_base/kernels.h
benchmarks/stencil/src/omp_base/main.c
benchmarks/stencil/tools/compare-output
benchmarks/tpacf/DESCRIPTION
benchmarks/tpacf/src/base/Makefile
benchmarks/tpacf/src/base/args.c
benchmarks/tpacf/src/base/args.h
benchmarks/tpacf/src/base/main.c
benchmarks/tpacf/src/base/model.h
benchmarks/tpacf/src/base/model_compute_cpu.c
benchmarks/tpacf/src/base/model_io.c
benchmarks/tpacf/src/cuda/Makefile
benchmarks/tpacf/src/cuda/args.cc
benchmarks/tpacf/src/cuda/args.h
benchmarks/tpacf/src/cuda/main.cu
benchmarks/tpacf/src/cuda/model.h
benchmarks/tpacf/src/cuda/model_io.cc
benchmarks/tpacf/src/cuda/tpacf_kernel.cu
benchmarks/tpacf/src/cuda_base/Makefile
benchmarks/tpacf/src/cuda_base/args.cc
benchmarks/tpacf/src/cuda_base/args.h
benchmarks/tpacf/src/cuda_base/main.cu
benchmarks/tpacf/src/cuda_base/model.h
benchmarks/tpacf/src/cuda_base/model_io.cc
benchmarks/tpacf/src/cuda_base/tpacf_kernel.cu
benchmarks/tpacf/src/opencl_base/Makefile
benchmarks/tpacf/src/opencl_base/args.cc
benchmarks/tpacf/src/opencl_base/args.h
benchmarks/tpacf/src/opencl_base/kernel.cl
benchmarks/tpacf/src/opencl_base/main.cc
benchmarks/tpacf/src/opencl_base/model.cc
benchmarks/tpacf/src/opencl_base/model.h
benchmarks/tpacf/src/opencl_nvidia/Makefile
benchmarks/tpacf/src/opencl_nvidia/args.cc
benchmarks/tpacf/src/opencl_nvidia/args.h
benchmarks/tpacf/src/opencl_nvidia/kernel.cl
benchmarks/tpacf/src/opencl_nvidia/main.cc
benchmarks/tpacf/src/opencl_nvidia/model.cc
benchmarks/tpacf/src/opencl_nvidia/model.h
benchmarks/tpacf/src/omp_base/Makefile
benchmarks/tpacf/src/omp_base/args.c
benchmarks/tpacf/src/omp_base/args.h
benchmarks/tpacf/src/omp_base/main.c
benchmarks/tpacf/src/omp_base/model.h
benchmarks/tpacf/src/omp_base/model_io.c
benchmarks/tpacf/src/omp_base/model_compute_cpu.c
benchmarks/tpacf/tools/compare-output
benchmarks/sgemm/DESCRIPTION
benchmarks/sgemm/src/cuda/Makefile
benchmarks/sgemm/src/cuda/io.cc
benchmarks/sgemm/src/cuda/main.cu
benchmarks/sgemm/src/cuda/sgemm_kernel.cu
benchmarks/sgemm/src/base/Makefile
benchmarks/sgemm/src/base/io.cc
benchmarks/sgemm/src/base/main.cc
benchmarks/sgemm/src/base/sgemm_kernel.cc
benchmarks/sgemm/src/cuda_base/Makefile
benchmarks/sgemm/src/cuda_base/io.cc
benchmarks/sgemm/src/cuda_base/main.cu
benchmarks/sgemm/src/cuda_base/sgemm_kernel.cu
benchmarks/sgemm/src/opencl_nvidia/Makefile
benchmarks/sgemm/src/opencl_nvidia/io.cc
benchmarks/sgemm/src/opencl_nvidia/kernel.cl
benchmarks/sgemm/src/opencl_nvidia/main.cc
benchmarks/sgemm/src/opencl_base/Makefile
benchmarks/sgemm/src/opencl_base/io.cc
benchmarks/sgemm/src/opencl_base/kernel.cl
benchmarks/sgemm/src/opencl_base/main.cc
benchmarks/sgemm/src/omp_base/sgemm_kernel.cc
benchmarks/sgemm/src/omp_base/Makefile
benchmarks/sgemm/src/omp_base/io.cc
benchmarks/sgemm/src/omp_base/main.cc
benchmarks/sgemm/tools/compare-output
ERROR: Cannot find Python
/home/ubuntu/.phoronix-test-suite/test-profiles/pts/parboil-1.2.1/install.sh: line 64: [: =: unary operator expected
/usr/bin/env: ‘python’: No such file or directory
/usr/bin/env: ‘python’: No such file or directory
/usr/bin/env: ‘python’: No such file or directory
/usr/bin/env: ‘python’: No such file or directory
/usr/bin/env: ‘python’: No such file or directory
/usr/bin/env: ‘python’: No such file or directory
