
X.Org X Server 1.21.1.7
X Protocol Version 11, Revision 0
Current Operating System: Linux fp 6.5.0-9-generic #9-Ubuntu SMP PREEMPT_DYNAMIC Wed Jan 31 04:44:51 UTC 2024 x86_64
Kernel command line: BOOT_IMAGE=/vmlinuz-6.5.0-9-generic root=/dev/mapper/ubuntu--vg-ubuntu--lv ro
xorg-server 2:21.1.7-3ubuntu2 (For technical support please see http://www.ubuntu.com/support) 
Current version of pixman: 0.42.2
	Before reporting problems, check http://wiki.x.org
	to make sure that you have the latest version.
Markers: (--) probed, (**) from config file, (==) default setting,
	(++) from command line, (!!) notice, (II) informational,
	(WW) warning, (EE) error, (NI) not implemented, (??) unknown.
(==) Log file: "/var/log/Xorg.0.log", Time: Sun Feb 18 07:20:50 2024
(==) Using system config directory "/usr/share/X11/xorg.conf.d"
(==) No Layout section.  Using the first Screen section.
(==) No screen section available. Using defaults.
(**) |-->Screen "Default Screen Section" (0)
(**) |   |-->Monitor "<default monitor>"
(==) No monitor specified for screen "Default Screen Section".
	Using a default monitor configuration.
(==) Automatically adding devices
(==) Automatically enabling devices
(==) Automatically adding GPU devices
(==) Automatically binding GPU devices
(==) Max clients allowed: 256, resource mask: 0x1fffff
(WW) The directory "/usr/share/fonts/X11/cyrillic" does not exist.
	Entry deleted from font path.
(WW) The directory "/usr/share/fonts/X11/100dpi/" does not exist.
	Entry deleted from font path.
(WW) The directory "/usr/share/fonts/X11/75dpi/" does not exist.
	Entry deleted from font path.
(WW) The directory "/usr/share/fonts/X11/100dpi" does not exist.
	Entry deleted from font path.
(WW) The directory "/usr/share/fonts/X11/75dpi" does not exist.
	Entry deleted from font path.
(==) FontPath set to:
	/usr/share/fonts/X11/misc,
	/usr/share/fonts/X11/Type1,
	built-ins
(==) ModulePath set to "/usr/lib/xorg/modules"
(II) The server relies on udev to provide the list of input devices.
	If no devices become available, reconfigure udev or disable AutoAddDevices.
(II) Loader magic: 0x555d11785020
(II) Module ABI versions:
	X.Org ANSI C Emulation: 0.4
	X.Org Video Driver: 25.2
	X.Org XInput driver : 24.4
	X.Org Server Extension : 10.0
(++) using VT number 7

(II) systemd-logind: logind integration requires -keeptty and -keeptty was not provided, disabling logind integration
(II) xfree86: Adding drm device (/dev/dri/card0)
(II) Platform probe for /sys/devices/pci0000:00/0000:00:01.0/drm/card0
(--) PCI:*(0@0:1:0) 1af4:1050:1af4:1100 rev 1, Mem @ 0x80000000/8388608, 0x70a000300000/16384, 0x82093000/4096, BIOS @ 0x????????/131072
(II) LoadModule: "glx"
(II) Loading /usr/lib/xorg/modules/extensions/libglx.so
(II) Module glx: vendor="X.Org Foundation"
	compiled for 1.21.1.7, module version = 1.0.0
	ABI class: X.Org Server Extension, version 10.0
(==) Matched modesetting as autoconfigured driver 0
(==) Matched fbdev as autoconfigured driver 1
(==) Matched vesa as autoconfigured driver 2
(==) Assigned the driver to the xf86ConfigLayout
(II) LoadModule: "modesetting"
(II) Loading /usr/lib/xorg/modules/drivers/modesetting_drv.so
(II) Module modesetting: vendor="X.Org Foundation"
	compiled for 1.21.1.7, module version = 1.21.1
	Module class: X.Org Video Driver
	ABI class: X.Org Video Driver, version 25.2
(II) LoadModule: "fbdev"
(II) Loading /usr/lib/xorg/modules/drivers/fbdev_drv.so
(II) Module fbdev: vendor="X.Org Foundation"
	compiled for 1.21.1.7, module version = 0.5.0
	Module class: X.Org Video Driver
	ABI class: X.Org Video Driver, version 25.2
(II) LoadModule: "vesa"
(II) Loading /usr/lib/xorg/modules/drivers/vesa_drv.so
(II) Module vesa: vendor="X.Org Foundation"
	compiled for 1.21.1.7, module version = 2.5.0
	Module class: X.Org Video Driver
	ABI class: X.Org Video Driver, version 25.2
(II) modesetting: Driver for Modesetting Kernel Drivers: kms
(II) FBDEV: driver for framebuffer: fbdev
(II) VESA: driver for VESA chipsets: vesa
(II) modeset(0): using drv /dev/dri/card0
(WW) Falling back to old probe method for fbdev
(II) Loading sub module "fbdevhw"
(II) LoadModule: "fbdevhw"
(II) Loading /usr/lib/xorg/modules/libfbdevhw.so
(II) Module fbdevhw: vendor="X.Org Foundation"
	compiled for 1.21.1.7, module version = 0.0.2
	ABI class: X.Org Video Driver, version 25.2
(II) modeset(0): Creating default Display subsection in Screen section
	"Default Screen Section" for depth/fbbpp 24/32
(==) modeset(0): Depth 24, (==) framebuffer bpp 32
(==) modeset(0): RGB weight 888
(==) modeset(0): Default visual is TrueColor
(II) Loading sub module "glamoregl"
(II) LoadModule: "glamoregl"
(II) Loading /usr/lib/xorg/modules/libglamoregl.so
(II) Module glamoregl: vendor="X.Org Foundation"
	compiled for 1.21.1.7, module version = 1.0.1
	ABI class: X.Org ANSI C Emulation, version 0.4
(II) modeset(0): Refusing to try glamor on llvmpipe
(II) modeset(0): glamor initialization failed
(II) modeset(0): ShadowFB: preferred NO, enabled NO
(II) modeset(0): Output Virtual-1 has no monitor section
(II) modeset(0): EDID for output Virtual-1
(II) modeset(0): Manufacturer: RHT  Model: 1234  Serial#: 0
(II) modeset(0): Year: 2014  Week: 42
(II) modeset(0): EDID Version: 1.4
(II) modeset(0): Digital Display Input
(II) modeset(0): 8 bits per channel
(II) modeset(0): Digital interface is DisplayPort
(II) modeset(0): Max Image Size [cm]: horiz.: 32  vert.: 20
(II) modeset(0): Gamma: 2.20
(II) modeset(0): No DPMS capabilities specified
(II) modeset(0): Supported color encodings: RGB 4:4:4 
(II) modeset(0): Default color space is primary color space
(II) modeset(0): First detailed timing is preferred mode
(II) modeset(0): Preferred mode is native pixel format and refresh rate
(II) modeset(0): redX: 0.640 redY: 0.330   greenX: 0.300 greenY: 0.600
(II) modeset(0): blueX: 0.150 blueY: 0.060   whiteX: 0.312 whiteY: 0.329
(II) modeset(0): Supported established timings:
(II) modeset(0): 640x480@60Hz
(II) modeset(0): 800x600@60Hz
(II) modeset(0): 1024x768@60Hz
(II) modeset(0): Manufacturer's mask: 0
(II) modeset(0): Supported standard timings:
(II) modeset(0): #0: hsize: 2048  vsize 1152  refresh: 60  vid: 49377
(II) modeset(0): #1: hsize: 1920  vsize 1080  refresh: 60  vid: 49361
(II) modeset(0): #2: hsize: 1920  vsize 1200  refresh: 60  vid: 209
(II) modeset(0): #3: hsize: 1600  vsize 1200  refresh: 60  vid: 16553
(II) modeset(0): #4: hsize: 1680  vsize 1050  refresh: 60  vid: 179
(II) modeset(0): #5: hsize: 1440  vsize 900  refresh: 60  vid: 149
(II) modeset(0): #6: hsize: 1280  vsize 1024  refresh: 60  vid: 32897
(II) modeset(0): #7: hsize: 1280  vsize 960  refresh: 60  vid: 16513
(II) modeset(0): Supported detailed timing:
(II) modeset(0): clock: 107.3 MHz   Image Size:  325 x 203 mm
(II) modeset(0): h_active: 1280  h_sync: 1600  h_sync_end 1638 h_blank_end 1728 h_border: 0
(II) modeset(0): v_active: 800  v_sync: 804  v_sync_end 808 v_blanking: 828 v_border: 0
(II) modeset(0): Established timings III: (not decoded)
(II) modeset(0): Ranges: V min: 50 V max: 125 Hz, H min: 30 H max: 160 kHz,
(II) modeset(0): Monitor name: QEMU Monitor
(II) modeset(0): Number of EDID sections to follow: 1
(II) modeset(0): EDID (in hex):
(II) modeset(0): 	00ffffffffffff004914341200000000
(II) modeset(0): 	2a180104a520147806ee91a3544c9926
(II) modeset(0): 	0f5054210800e1c0d1c0d100a940b300
(II) modeset(0): 	950081808140ea2900c051201c304026
(II) modeset(0): 	444045cb10000018000000f7000a0040
(II) modeset(0): 	82002820000000000000000000fd0032
(II) modeset(0): 	7d1ea0ff010a202020202020000000fc
(II) modeset(0): 	0051454d55204d6f6e69746f720a013a
(II) modeset(0): 	02030b00467d6560591f610000001000
(II) modeset(0): 	00000000000000000000000000000000
(II) modeset(0): 	10000000000000000000000000000000
(II) modeset(0): 	00001000000000000000000000000000
(II) modeset(0): 	00000000100000000000000000000000
(II) modeset(0): 	00000000000010000000000000000000
(II) modeset(0): 	00000000000000001000000000000000
(II) modeset(0): 	0000000000000000000000000000002f
(II) modeset(0): Printing probed modes for output Virtual-1
(II) modeset(0): Modeline "1280x800"x75.0  107.30  1280 1600 1638 1728  800 804 808 828 -hsync -vsync (62.1 kHz eP)
(II) modeset(0): Modeline "5120x2160"x50.0  742.50  5120 6216 6304 6600  2160 2168 2178 2250 +hsync +vsync (112.5 kHz e)
(II) modeset(0): Modeline "4096x2160"x50.0  594.00  4096 5064 5152 5280  2160 2168 2178 2250 +hsync +vsync (112.5 kHz e)
(II) modeset(0): Modeline "3840x2160"x60.0  594.00  3840 4016 4104 4400  2160 2168 2178 2250 +hsync +vsync (135.0 kHz e)
(II) modeset(0): Modeline "3840x2160"x50.0  594.00  3840 4896 4984 5280  2160 2168 2178 2250 +hsync +vsync (112.5 kHz e)
(II) modeset(0): Modeline "3840x2160"x59.9  593.41  3840 4016 4104 4400  2160 2168 2178 2250 +hsync +vsync (134.9 kHz e)
(II) modeset(0): Modeline "1920x1440"x60.0  234.00  1920 2048 2256 2600  1440 1441 1444 1500 -hsync +vsync (90.0 kHz e)
(II) modeset(0): Modeline "2560x1080"x50.0  185.62  2560 3108 3152 3300  1080 1084 1089 1125 +hsync +vsync (56.2 kHz e)
(II) modeset(0): Modeline "1856x1392"x60.0  218.25  1856 1952 2176 2528  1392 1393 1396 1439 -hsync +vsync (86.3 kHz e)
(II) modeset(0): Modeline "1792x1344"x60.0  204.75  1792 1920 2120 2448  1344 1345 1348 1394 -hsync +vsync (83.6 kHz e)
(II) modeset(0): Modeline "2048x1152"x60.0  162.00  2048 2074 2154 2250  1152 1153 1156 1200 +hsync +vsync (72.0 kHz e)
(II) modeset(0): Modeline "1920x1200"x59.9  193.25  1920 2056 2256 2592  1200 1203 1209 1245 -hsync +vsync (74.6 kHz e)
(II) modeset(0): Modeline "1920x1080"x60.0  148.50  1920 2008 2052 2200  1080 1084 1089 1125 -hsync -vsync (67.5 kHz e)
(II) modeset(0): Modeline "1920x1080"x50.0  148.50  1920 2448 2492 2640  1080 1084 1089 1125 +hsync +vsync (56.2 kHz e)
(II) modeset(0): Modeline "1600x1200"x60.0  162.00  1600 1664 1856 2160  1200 1201 1204 1250 +hsync +vsync (75.0 kHz e)
(II) modeset(0): Modeline "1680x1050"x60.0  146.25  1680 1784 1960 2240  1050 1053 1059 1089 -hsync +vsync (65.3 kHz e)
(II) modeset(0): Modeline "1400x1050"x60.0  121.75  1400 1488 1632 1864  1050 1053 1057 1089 -hsync +vsync (65.3 kHz e)
(II) modeset(0): Modeline "1280x1024"x60.0  108.00  1280 1328 1440 1688  1024 1025 1028 1066 +hsync +vsync (64.0 kHz e)
(II) modeset(0): Modeline "1440x900"x59.9  106.50  1440 1520 1672 1904  900 903 909 934 -hsync +vsync (55.9 kHz e)
(II) modeset(0): Modeline "1280x960"x60.0  108.00  1280 1376 1488 1800  960 961 964 1000 +hsync +vsync (60.0 kHz e)
(II) modeset(0): Modeline "1360x768"x60.0   85.50  1360 1424 1536 1792  768 771 777 795 +hsync +vsync (47.7 kHz e)
(II) modeset(0): Modeline "1280x768"x59.9   79.50  1280 1344 1472 1664  768 771 778 798 -hsync +vsync (47.8 kHz e)
(II) modeset(0): Modeline "1024x768"x60.0   65.00  1024 1048 1184 1344  768 771 777 806 -hsync -vsync (48.4 kHz e)
(II) modeset(0): Modeline "800x600"x60.3   40.00  800 840 968 1056  600 601 605 628 +hsync +vsync (37.9 kHz e)
(II) modeset(0): Modeline "640x480"x60.0   25.20  640 656 752 800  480 490 492 525 -hsync -vsync (31.5 kHz e)
(II) modeset(0): Modeline "640x480"x59.9   25.18  640 656 752 800  480 490 492 525 -hsync -vsync (31.5 kHz e)
(II) modeset(0): Output Virtual-1 connected
(II) modeset(0): Using exact sizes for initial modes
(II) modeset(0): Output Virtual-1 using initial mode 1280x800 +0+0
(==) modeset(0): Using gamma correction (1.0, 1.0, 1.0)
(==) modeset(0): DPI set to (96, 96)
(II) Loading sub module "fb"
(II) LoadModule: "fb"
(II) Module "fb" already built-in
(II) UnloadModule: "fbdev"
(II) Unloading fbdev
(II) UnloadSubModule: "fbdevhw"
(II) Unloading fbdevhw
(II) UnloadModule: "vesa"
(II) Unloading vesa
(==) modeset(0): Backing store enabled
(==) modeset(0): Silken mouse enabled
(II) modeset(0): Initializing kms color map for depth 24, 8 bpc.
(==) modeset(0): DPMS enabled
(II) Initializing extension Generic Event Extension
(II) Initializing extension SHAPE
(II) Initializing extension MIT-SHM
(II) Initializing extension XInputExtension
(II) Initializing extension XTEST
(II) Initializing extension BIG-REQUESTS
(II) Initializing extension SYNC
(II) Initializing extension XKEYBOARD
(II) Initializing extension XC-MISC
(II) Initializing extension SECURITY
(II) Initializing extension XFIXES
(II) Initializing extension RENDER
(II) Initializing extension RANDR
(II) Initializing extension COMPOSITE
(II) Initializing extension DAMAGE
(II) Initializing extension MIT-SCREEN-SAVER
(II) Initializing extension DOUBLE-BUFFER
(II) Initializing extension RECORD
(II) Initializing extension DPMS
(II) Initializing extension Present
(II) Initializing extension DRI3
(II) Initializing extension X-Resource
(II) Initializing extension XVideo
(II) Initializing extension XVideo-MotionCompensation
(II) Initializing extension SELinux
(II) SELinux: Disabled on system
(II) Initializing extension GLX
(II) AIGLX: Screen 0 is not DRI2 capable
(II) IGLX: Loaded and initialized swrast
(II) GLX: Initialized DRISWRAST GL provider for screen 0
(II) Initializing extension XFree86-VidModeExtension
(II) Initializing extension XFree86-DGA
(II) Initializing extension XFree86-DRI
(II) Initializing extension DRI2
(II) modeset(0): Damage tracking initialized
(II) modeset(0): Setting screen physical size to 338 x 211
(II) config/udev: Adding input device Power Button (/dev/input/event0)
(**) Power Button: Applying InputClass "libinput keyboard catchall"
(II) LoadModule: "libinput"
(II) Loading /usr/lib/xorg/modules/input/libinput_drv.so
(II) Module libinput: vendor="X.Org Foundation"
	compiled for 1.21.1.7, module version = 1.3.0
	Module class: X.Org XInput Driver
	ABI class: X.Org XInput driver, version 24.4
(II) Using input driver 'libinput' for 'Power Button'
(**) Power Button: always reports core events
(**) Option "Device" "/dev/input/event0"
(II) event0  - Power Button: is tagged by udev as: Keyboard
(II) event0  - Power Button: device is a keyboard
(II) event0  - Power Button: device removed
(**) Option "config_info" "udev:/sys/devices/LNXSYSTM:00/LNXPWRBN:00/input/input0/event0"
(II) XINPUT: Adding extended input device "Power Button" (type: KEYBOARD, id 6)
(**) Option "xkb_model" "pc105"
(**) Option "xkb_layout" "us"
(II) event0  - Power Button: is tagged by udev as: Keyboard
(II) event0  - Power Button: device is a keyboard
(II) config/udev: Adding input device QEMU QEMU USB Tablet (/dev/input/event2)
(**) QEMU QEMU USB Tablet: Applying InputClass "libinput pointer catchall"
(II) Using input driver 'libinput' for 'QEMU QEMU USB Tablet'
(**) QEMU QEMU USB Tablet: always reports core events
(**) Option "Device" "/dev/input/event2"
(II) event2  - QEMU QEMU USB Tablet: is tagged by udev as: Mouse
(II) event2  - QEMU QEMU USB Tablet: device is a pointer
(II) event2  - QEMU QEMU USB Tablet: device removed
(**) Option "config_info" "udev:/sys/devices/pci0000:00/0000:00:02.1/0000:02:00.0/usb1/1-1/1-1:1.0/0003:0627:0001.0001/input/input4/event2"
(II) XINPUT: Adding extended input device "QEMU QEMU USB Tablet" (type: MOUSE, id 7)
(**) Option "AccelerationScheme" "none"
(**) QEMU QEMU USB Tablet: (accel) selected scheme none/0
(**) QEMU QEMU USB Tablet: (accel) acceleration factor: 2.000
(**) QEMU QEMU USB Tablet: (accel) acceleration threshold: 4
(II) event2  - QEMU QEMU USB Tablet: is tagged by udev as: Mouse
(II) event2  - QEMU QEMU USB Tablet: device is a pointer
(II) config/udev: Adding input device QEMU QEMU USB Tablet (/dev/input/mouse0)
(II) No input driver specified, ignoring this device.
(II) This device may have been added with another device file.
(II) config/udev: Adding input device AT Translated Set 2 keyboard (/dev/input/event1)
(**) AT Translated Set 2 keyboard: Applying InputClass "libinput keyboard catchall"
(II) Using input driver 'libinput' for 'AT Translated Set 2 keyboard'
(**) AT Translated Set 2 keyboard: always reports core events
(**) Option "Device" "/dev/input/event1"
(II) event1  - AT Translated Set 2 keyboard: is tagged by udev as: Keyboard
(II) event1  - AT Translated Set 2 keyboard: device is a keyboard
(II) event1  - AT Translated Set 2 keyboard: device removed
(**) Option "config_info" "udev:/sys/devices/platform/i8042/serio0/input/input1/event1"
(II) XINPUT: Adding extended input device "AT Translated Set 2 keyboard" (type: KEYBOARD, id 8)
(**) Option "xkb_model" "pc105"
(**) Option "xkb_layout" "us"
(II) event1  - AT Translated Set 2 keyboard: is tagged by udev as: Keyboard
(II) event1  - AT Translated Set 2 keyboard: device is a keyboard
(II) config/udev: Adding input device ImExPS/2 Generic Explorer Mouse (/dev/input/event3)
(**) ImExPS/2 Generic Explorer Mouse: Applying InputClass "libinput pointer catchall"
(II) Using input driver 'libinput' for 'ImExPS/2 Generic Explorer Mouse'
(**) ImExPS/2 Generic Explorer Mouse: always reports core events
(**) Option "Device" "/dev/input/event3"
(II) event3  - ImExPS/2 Generic Explorer Mouse: is tagged by udev as: Mouse
(II) event3  - ImExPS/2 Generic Explorer Mouse: device is a pointer
(II) event3  - ImExPS/2 Generic Explorer Mouse: device removed
(II) libinput: ImExPS/2 Generic Explorer Mouse: Step value 0 was provided, libinput Fallback acceleration function is used.
(II) libinput: ImExPS/2 Generic Explorer Mouse: Step value 0 was provided, libinput Fallback acceleration function is used.
(II) libinput: ImExPS/2 Generic Explorer Mouse: Step value 0 was provided, libinput Fallback acceleration function is used.
(**) Option "config_info" "udev:/sys/devices/platform/i8042/serio1/input/input3/event3"
(II) XINPUT: Adding extended input device "ImExPS/2 Generic Explorer Mouse" (type: MOUSE, id 9)
(**) Option "AccelerationScheme" "none"
(**) ImExPS/2 Generic Explorer Mouse: (accel) selected scheme none/0
(**) ImExPS/2 Generic Explorer Mouse: (accel) acceleration factor: 2.000
(**) ImExPS/2 Generic Explorer Mouse: (accel) acceleration threshold: 4
(II) event3  - ImExPS/2 Generic Explorer Mouse: is tagged by udev as: Mouse
(II) event3  - ImExPS/2 Generic Explorer Mouse: device is a pointer
(II) config/udev: Adding input device ImExPS/2 Generic Explorer Mouse (/dev/input/mouse1)
(II) No input driver specified, ignoring this device.
(II) This device may have been added with another device file.
(II) event0  - Power Button: device removed
(II) event2  - QEMU QEMU USB Tablet: device removed
(II) event1  - AT Translated Set 2 keyboard: device removed
(II) event3  - ImExPS/2 Generic Explorer Mouse: device removed
(II) UnloadModule: "libinput"
(II) UnloadModule: "libinput"
(II) UnloadModule: "libinput"
(II) UnloadModule: "libinput"
(II) Server terminated successfully (0). Closing log file.
